3 1,start_time,1681479835.9053023
2 1,start_time,1681479835.9053175
1 1,start_time,1681479835.9128647
3 1,node2_end_time,1681479835.9219437
3 1,node3_end_time,1681479835.9222796
3 1,node1_end_time,1681479835.9223387
2 1,node3_end_time,1681479835.9226673
2 1,node2_end_time,1681479835.922678
2 1,node1_end_time,1681479835.9229484
1 1,node2_end_time,1681479835.9232345
1 1,node3_end_time,1681479835.9232445
1 1,node1_end_time,1681479835.9235005
1 2,start_time,1681479836.5602705
1 2,node3_end_time,1681479836.564778
1 2,node1_end_time,1681479836.5647404
1 2,node2_end_time,1681479836.5652654
1 3,start_time,1681479837.3574154
1 3,node1_end_time,1681479837.3777964
1 3,node3_end_time,1681479837.3799918
1 3,node2_end_time,1681479837.38166
2 2,start_time,1681479837.7152894
2 2,node2_end_time,1681479837.7188845
2 2,node3_end_time,1681479837.7200344
2 2,node1_end_time,1681479837.7201607
1 4,start_time,1681479838.3500307
1 4,node1_end_time,1681479838.3619637
1 4,node2_end_time,1681479838.3650453
1 4,node3_end_time,1681479838.3651597
2 3,start_time,1681479838.83834
2 3,node2_end_time,1681479838.8443387
2 3,node1_end_time,1681479838.84687
2 3,node3_end_time,1681479838.846891
1 5,start_time,1681479839.1972916
1 5,node1_end_time,1681479839.2003722
1 5,node2_end_time,1681479839.2022023
1 5,node3_end_time,1681479839.2022185
1 6,start_time,1681479839.3847358
1 6,node1_end_time,1681479839.388648
1 6,node3_end_time,1681479839.3910437
1 6,node2_end_time,1681479839.3910735
1 7,start_time,1681479839.6794996
1 7,node1_end_time,1681479839.6915057
1 7,node3_end_time,1681479839.6949818
1 7,node2_end_time,1681479839.695142
2 4,start_time,1681479840.7629209
2 4,node2_end_time,1681479840.7746916
2 4,node1_end_time,1681479840.7773485
2 4,node3_end_time,1681479840.7774434
3 2,start_time,1681479840.9657984
3 2,node3_end_time,1681479840.9737039
3 2,node2_end_time,1681479840.975986
3 2,node1_end_time,1681479840.9760516
2 5,start_time,1681479841.429865
2 5,node2_end_time,1681479841.4401903
2 5,node3_end_time,1681479841.4436347
2 5,node1_end_time,1681479841.4437
2 6,start_time,1681479842.3703825
2 6,node2_end_time,1681479842.3818095
2 6,node1_end_time,1681479842.3848276
2 6,node3_end_time,1681479842.384896
1 8,start_time,1681479842.9573874
1 8,node1_end_time,1681479842.9683108
1 8,node2_end_time,1681479842.9731498
1 8,node3_end_time,1681479842.973197
3 3,start_time,1681479845.05849
3 3,node3_end_time,1681479845.067839
3 3,node2_end_time,1681479845.0704618
3 3,node1_end_time,1681479845.0705361
1 9,start_time,1681479846.1041083
1 9,node1_end_time,1681479846.1079776
1 9,node2_end_time,1681479846.1100173
1 9,node3_end_time,1681479846.1100287
1 10,start_time,1681479847.1740577
1 10,node1_end_time,1681479847.1758919
1 10,node2_end_time,1681479847.1767213
1 10,node3_end_time,1681479847.1767778
3 4,start_time,1681479847.392966
3 4,node3_end_time,1681479847.3952823
3 4,node1_end_time,1681479847.3959088
3 4,node2_end_time,1681479847.396031
3 5,start_time,1681479847.426345
3 5,node3_end_time,1681479847.430592
3 5,node1_end_time,1681479847.4310644
3 5,node2_end_time,1681479847.4310925
1 11,start_time,1681479848.6911407
1 11,node1_end_time,1681479848.6935022
1 11,node2_end_time,1681479848.6943429
1 11,node3_end_time,1681479848.69436
3 6,start_time,1681479849.3811686
3 6,node3_end_time,1681479849.3921235
3 6,node1_end_time,1681479849.3942072
3 6,node2_end_time,1681479849.394317
1 12,start_time,1681479849.46256
1 12,node1_end_time,1681479849.4661882
1 12,node2_end_time,1681479849.4680116
1 12,node3_end_time,1681479849.4681485
2 7,start_time,1681479850.1651206
2 7,node2_end_time,1681479850.1756988
2 7,node3_end_time,1681479850.1780028
2 7,node1_end_time,1681479850.1780536
1 13,start_time,1681479851.3040667
1 13,node1_end_time,1681479851.3108099
1 13,node3_end_time,1681479851.3114154
1 13,node2_end_time,1681479851.3127027
2 8,start_time,1681479852.0292106
2 8,node2_end_time,1681479852.0406792
2 8,node3_end_time,1681479852.0424147
2 8,node1_end_time,1681479852.0427635
2 9,start_time,1681479852.1323514
2 9,node2_end_time,1681479852.1424134
2 9,node1_end_time,1681479852.144119
2 9,node3_end_time,1681479852.1441562
2 10,start_time,1681479852.4789817
2 10,node2_end_time,1681479852.4816291
2 10,node3_end_time,1681479852.4823987
2 10,node1_end_time,1681479852.482523
3 7,start_time,1681479852.5034873
3 7,node3_end_time,1681479852.5067816
3 7,node2_end_time,1681479852.5072823
3 7,node1_end_time,1681479852.5077806
1 14,start_time,1681479852.8108783
1 14,node1_end_time,1681479852.8230026
1 14,node2_end_time,1681479852.8262684
1 14,node3_end_time,1681479852.8263521
2 11,start_time,1681479853.4105167
2 11,node2_end_time,1681479853.420473
2 11,node1_end_time,1681479853.4238262
2 11,node3_end_time,1681479853.423885
2 12,start_time,1681479855.0749428
2 12,node2_end_time,1681479855.0855181
2 12,node1_end_time,1681479855.0892184
2 12,node3_end_time,1681479855.0892992
1 15,start_time,1681479855.972833
1 15,node1_end_time,1681479855.9834812
1 15,node2_end_time,1681479855.9868255
1 15,node3_end_time,1681479855.9877763
2 13,start_time,1681479860.87968
2 13,node2_end_time,1681479860.8912013
2 13,node1_end_time,1681479860.8928287
2 13,node3_end_time,1681479860.893281
2 14,start_time,1681479862.6354551
2 14,node2_end_time,1681479862.6462438
2 14,node1_end_time,1681479862.6488838
2 14,node3_end_time,1681479862.649361
2 15,start_time,1681479864.813844
2 15,node2_end_time,1681479864.8260896
2 15,node1_end_time,1681479864.8289502
2 15,node3_end_time,1681479864.8293142
2 16,start_time,1681479864.9940643
2 16,node2_end_time,1681479865.0043147
2 16,node1_end_time,1681479865.0043507
2 16,node3_end_time,1681479865.0043712
2 17,start_time,1681479865.1566472
2 17,node2_end_time,1681479865.1672983
2 17,node1_end_time,1681479865.1711516
2 17,node3_end_time,1681479865.1712053
2 18,start_time,1681479865.228796
2 18,node2_end_time,1681479865.2327619
2 18,node1_end_time,1681479865.2330427
2 18,node3_end_time,1681479865.233216
1 16,start_time,1681479865.5720131
1 16,node1_end_time,1681479865.5829008
1 16,node3_end_time,1681479865.5846124
1 16,node2_end_time,1681479865.584657
2 19,start_time,1681479866.2359915
2 19,node2_end_time,1681479866.2485476
2 19,node3_end_time,1681479866.2502077
2 19,node1_end_time,1681479866.2502966
1 17,start_time,1681479867.359418
1 17,node1_end_time,1681479867.371371
1 17,node3_end_time,1681479867.3729796
1 17,node2_end_time,1681479867.3730397
2 20,start_time,1681479867.815284
2 20,node2_end_time,1681479867.8268209
2 20,node3_end_time,1681479867.829656
2 20,node1_end_time,1681479867.8297293
3 8,start_time,1681479868.3114736
3 8,node3_end_time,1681479868.3224669
3 8,node2_end_time,1681479868.3239963
3 8,node1_end_time,1681479868.3243995
3 9,start_time,1681479869.756785
3 9,node3_end_time,1681479869.7691317
3 9,node2_end_time,1681479869.7709076
3 9,node1_end_time,1681479869.7712476
3 10,start_time,1681479870.5358472
3 10,node3_end_time,1681479870.5473099
3 10,node2_end_time,1681479870.549928
3 10,node1_end_time,1681479870.5505397
3 11,start_time,1681479870.649472
3 11,node3_end_time,1681479870.6600094
3 11,node2_end_time,1681479870.6630483
3 11,node1_end_time,1681479870.6631112
3 12,start_time,1681479871.2034302
3 13,start_time,1681479871.211924
3 12,node1_end_time,1681479871.2177968
3 12,node2_end_time,1681479871.2178683
3 12,node3_end_time,1681479871.2255893
3 13,node2_end_time,1681479871.2266006
3 13,node3_end_time,1681479871.2265394
3 13,node1_end_time,1681479871.2264314
1 18,start_time,1681479871.4214973
1 18,node1_end_time,1681479871.4244561
1 18,node2_end_time,1681479871.4256146
1 18,node3_end_time,1681479871.4256237
2 21,start_time,1681479872.4209175
2 21,node2_end_time,1681479872.4319735
2 21,node1_end_time,1681479872.4363048
2 21,node3_end_time,1681479872.4363916
2 22,start_time,1681479872.7920434
2 22,node1_end_time,1681479872.8087656
2 22,node3_end_time,1681479872.809587
2 22,node2_end_time,1681479872.8102107
3 14,start_time,1681479872.96197
3 14,node3_end_time,1681479872.9674873
3 14,node1_end_time,1681479872.9692404
3 14,node2_end_time,1681479872.9694538
1 19,start_time,1681479874.1488292
1 19,node1_end_time,1681479874.1599338
1 19,node2_end_time,1681479874.1626015
1 19,node3_end_time,1681479874.1626618
2 23,start_time,1681479874.336976
2 23,node2_end_time,1681479874.3473947
2 23,node1_end_time,1681479874.350091
2 23,node3_end_time,1681479874.3501713
2 24,start_time,1681479876.231783
2 24,node2_end_time,1681479876.2404401
2 24,node1_end_time,1681479876.2438293
2 24,node3_end_time,1681479876.243874
2 25,start_time,1681479876.407336
2 25,node2_end_time,1681479876.4173422
2 25,node3_end_time,1681479876.419887
2 25,node1_end_time,1681479876.4199305
1 20,start_time,1681479877.1784434
1 20,node1_end_time,1681479877.1886566
1 20,node2_end_time,1681479877.1925867
1 20,node3_end_time,1681479877.1926498
3 15,start_time,1681479878.8779967
3 15,node3_end_time,1681479878.8871193
3 15,node1_end_time,1681479878.8893063
3 15,node2_end_time,1681479878.8893306
2 26,start_time,1681479879.0880952
2 26,node2_end_time,1681479879.0982895
2 26,node1_end_time,1681479879.1013274
2 26,node3_end_time,1681479879.101393
1 21,start_time,1681479879.2924929
1 21,node1_end_time,1681479879.3002913
1 21,node2_end_time,1681479879.3038568
1 21,node3_end_time,1681479879.3042753
3 16,start_time,1681479879.55335
3 16,node3_end_time,1681479879.5666392
3 16,node2_end_time,1681479879.5681975
3 16,node1_end_time,1681479879.5682836
2 27,start_time,1681479879.7068906
2 27,node2_end_time,1681479879.711534
2 27,node3_end_time,1681479879.7129872
2 27,node1_end_time,1681479879.7131822
1 22,start_time,1681479880.010455
1 22,node1_end_time,1681479880.013506
1 22,node3_end_time,1681479880.0150018
1 22,node2_end_time,1681479880.0151417
3 17,start_time,1681479882.9335353
3 17,node3_end_time,1681479882.945067
3 17,node2_end_time,1681479882.9461179
3 17,node1_end_time,1681479882.9467745
3 18,start_time,1681479883.5803697
3 18,node3_end_time,1681479883.583091
3 18,node1_end_time,1681479883.5840054
3 18,node2_end_time,1681479883.5840492
2 28,start_time,1681479883.6925676
2 28,node2_end_time,1681479883.6990283
2 28,node3_end_time,1681479883.6997168
2 28,node1_end_time,1681479883.6997702
1 23,start_time,1681479884.387187
2 29,start_time,1681479884.3949783
1 23,node1_end_time,1681479884.3980334
1 23,node3_end_time,1681479884.4002397
1 23,node2_end_time,1681479884.4072952
2 29,node3_end_time,1681479884.408828
2 29,node2_end_time,1681479884.408865
2 29,node1_end_time,1681479884.4108098
1 24,start_time,1681479884.5548532
1 24,node1_end_time,1681479884.5598638
1 24,node2_end_time,1681479884.5598931
1 24,node3_end_time,1681479884.5635996
2 30,start_time,1681479885.0790014
2 30,node2_end_time,1681479885.0811014
2 30,node1_end_time,1681479885.0824294
2 30,node3_end_time,1681479885.0824358
3 19,start_time,1681479885.367916
3 19,node3_end_time,1681479885.3781586
3 19,node1_end_time,1681479885.3800962
3 19,node2_end_time,1681479885.3801496
2 31,start_time,1681479885.4301353
2 31,node2_end_time,1681479885.4370735
2 31,node3_end_time,1681479885.4385493
2 31,node1_end_time,1681479885.438595
3 20,start_time,1681479886.1488352
3 20,node3_end_time,1681479886.157634
3 20,node1_end_time,1681479886.159107
3 20,node2_end_time,1681479886.1591673
3 21,start_time,1681479887.942247
3 21,node2_end_time,1681479887.9555917
3 21,node1_end_time,1681479887.9556618
3 21,node3_end_time,1681479887.9552295
1 25,start_time,1681479888.0834038
1 25,node1_end_time,1681479888.092191
1 25,node3_end_time,1681479888.094256
1 25,node2_end_time,1681479888.0943162
2 32,start_time,1681479888.4351907
2 32,node2_end_time,1681479888.446995
2 32,node1_end_time,1681479888.4477785
2 32,node3_end_time,1681479888.448498
3 22,start_time,1681479889.8908753
3 22,node3_end_time,1681479889.9019551
3 22,node1_end_time,1681479889.9050121
3 22,node2_end_time,1681479889.9076488
3 23,start_time,1681479891.3031104
3 23,node3_end_time,1681479891.3133945
3 23,node2_end_time,1681479891.3167186
3 23,node1_end_time,1681479891.3169255
2 33,start_time,1681479891.5680501
2 33,node2_end_time,1681479891.5732906
2 33,node1_end_time,1681479891.5749226
2 33,node3_end_time,1681479891.5749798
3 24,start_time,1681479891.7836385
3 24,node3_end_time,1681479891.794743
3 24,node1_end_time,1681479891.798273
3 24,node2_end_time,1681479891.7983446
1 26,start_time,1681479892.566255
1 26,node1_end_time,1681479892.5778196
1 26,node2_end_time,1681479892.5795643
1 26,node3_end_time,1681479892.5796309
3 25,start_time,1681479894.0349462
3 25,node3_end_time,1681479894.0448074
3 25,node1_end_time,1681479894.0481493
3 25,node2_end_time,1681479894.0481954
2 34,start_time,1681479894.8523226
2 34,node2_end_time,1681479894.8642557
2 34,node1_end_time,1681479894.866373
2 34,node3_end_time,1681479894.866459
3 26,start_time,1681479896.008744
3 26,node3_end_time,1681479896.011887
3 26,node1_end_time,1681479896.0126085
3 26,node2_end_time,1681479896.0126936
2 35,start_time,1681479896.8006558
2 35,node2_end_time,1681479896.8102694
2 35,node1_end_time,1681479896.8124454
2 35,node3_end_time,1681479896.8139007
1 27,start_time,1681479897.063205
1 27,node1_end_time,1681479897.0737076
1 27,node2_end_time,1681479897.0770664
1 27,node3_end_time,1681479897.0771265
1 28,start_time,1681479897.2469614
1 28,node1_end_time,1681479897.2576244
1 28,node2_end_time,1681479897.2606733
1 28,node3_end_time,1681479897.2607484
3 27,start_time,1681479897.480019
3 27,node3_end_time,1681479897.4856198
3 27,node1_end_time,1681479897.4869912
3 27,node2_end_time,1681479897.4870384
1 29,start_time,1681479897.7361655
1 29,node1_end_time,1681479897.7469
1 29,node3_end_time,1681479897.748697
1 29,node2_end_time,1681479897.7498407
2 36,start_time,1681479897.9247596
2 36,node2_end_time,1681479897.9368584
2 36,node3_end_time,1681479897.9392092
2 36,node1_end_time,1681479897.9392488
1 30,start_time,1681479898.2231953
1 30,node1_end_time,1681479898.2278976
1 30,node3_end_time,1681479898.229006
1 30,node2_end_time,1681479898.2290163
2 37,start_time,1681479901.6930573
2 37,node2_end_time,1681479901.7046382
2 37,node3_end_time,1681479901.7082088
2 37,node1_end_time,1681479901.7082675
1 31,start_time,1681479901.9570944
1 31,node1_end_time,1681479901.9670074
1 31,node2_end_time,1681479901.969365
1 31,node3_end_time,1681479901.969429
1 32,start_time,1681479902.3523955
1 32,node1_end_time,1681479902.3639853
1 32,node3_end_time,1681479902.3640385
1 32,node2_end_time,1681479902.364688
3 28,start_time,1681479903.0983
3 28,node3_end_time,1681479903.1092885
3 28,node2_end_time,1681479903.113014
3 28,node1_end_time,1681479903.1130967
3 29,start_time,1681479903.3726964
3 29,node3_end_time,1681479903.376035
3 29,node2_end_time,1681479903.377902
3 29,node1_end_time,1681479903.3779497
2 38,start_time,1681479904.8591044
2 38,node2_end_time,1681479904.8707256
2 38,node1_end_time,1681479904.873481
2 38,node3_end_time,1681479904.8734982
1 33,start_time,1681479905.0360017
1 33,node1_end_time,1681479905.046619
1 33,node3_end_time,1681479905.0520651
1 33,node2_end_time,1681479905.052292
1 34,start_time,1681479905.0530355
1 34,node1_end_time,1681479905.0615888
1 34,node2_end_time,1681479905.0644157
1 34,node3_end_time,1681479905.0645285
2 39,start_time,1681479905.3601332
2 39,node2_end_time,1681479905.3717656
2 39,node1_end_time,1681479905.37512
2 39,node3_end_time,1681479905.3751652
1 35,start_time,1681479905.6526077
1 35,node1_end_time,1681479905.6640444
1 35,node2_end_time,1681479905.6659234
1 35,node3_end_time,1681479905.6659715
1 36,start_time,1681479906.7827048
1 36,node1_end_time,1681479906.7938502
1 36,node3_end_time,1681479906.796681
1 36,node2_end_time,1681479906.7968893
3 30,start_time,1681479908.812441
3 30,node3_end_time,1681479908.8248675
3 30,node1_end_time,1681479908.8268552
3 30,node2_end_time,1681479908.827375
2 40,start_time,1681479911.6321118
2 40,node2_end_time,1681479911.6471179
2 40,node1_end_time,1681479911.649633
2 40,node3_end_time,1681479911.6496744
1 37,start_time,1681479912.8213377
1 37,node1_end_time,1681479912.8244727
1 37,node2_end_time,1681479912.8253279
1 37,node3_end_time,1681479912.8255877
3 31,start_time,1681479913.243848
3 31,node3_end_time,1681479913.2513516
3 31,node2_end_time,1681479913.2532756
3 31,node1_end_time,1681479913.253329
1 38,start_time,1681479914.4105043
1 38,node1_end_time,1681479914.4211195
1 38,node2_end_time,1681479914.4248693
1 38,node3_end_time,1681479914.4249005
1 39,start_time,1681479914.6573048
1 39,node1_end_time,1681479914.6678808
1 39,node3_end_time,1681479914.671401
1 39,node2_end_time,1681479914.6714725
1 40,start_time,1681479915.1733239
1 40,node1_end_time,1681479915.182673
1 40,node3_end_time,1681479915.1860037
1 40,node2_end_time,1681479915.186049
1 41,start_time,1681479916.03423
1 41,node1_end_time,1681479916.045529
1 41,node2_end_time,1681479916.0500076
1 41,node3_end_time,1681479916.050075
2 41,start_time,1681479916.1302772
2 41,node2_end_time,1681479916.1392365
2 41,node1_end_time,1681479916.142684
2 41,node3_end_time,1681479916.1426976
1 42,start_time,1681479916.5181453
1 42,node1_end_time,1681479916.5304158
1 42,node3_end_time,1681479916.5345726
1 42,node2_end_time,1681479916.534625
3 32,start_time,1681479917.5665367
3 32,node3_end_time,1681479917.577929
3 32,node1_end_time,1681479917.5801308
3 32,node2_end_time,1681479917.5808842
1 43,start_time,1681479918.1421523
1 43,node1_end_time,1681479918.1484764
1 43,node2_end_time,1681479918.150035
1 43,node3_end_time,1681479918.1500676
2 42,start_time,1681479918.382743
2 42,node2_end_time,1681479918.393166
2 42,node3_end_time,1681479918.3966
2 42,node1_end_time,1681479918.3966675
3 33,start_time,1681479918.9474716
3 33,node3_end_time,1681479918.9590836
3 33,node1_end_time,1681479918.96116
3 33,node2_end_time,1681479918.9615242
3 34,start_time,1681479919.8204768
2 43,start_time,1681479919.8205607
3 34,node2_end_time,1681479919.8393738
2 43,node2_end_time,1681479919.8414903
3 34,node3_end_time,1681479919.8438091
3 34,node1_end_time,1681479919.844387
2 43,node3_end_time,1681479919.8448799
2 43,node1_end_time,1681479919.8458793
1 44,start_time,1681479920.4624197
1 44,node1_end_time,1681479920.4749417
1 44,node3_end_time,1681479920.4778152
1 44,node2_end_time,1681479920.4785712
3 35,start_time,1681479920.762132
3 35,node3_end_time,1681479920.773975
3 35,node1_end_time,1681479920.776778
3 35,node2_end_time,1681479920.7771378
2 44,start_time,1681479921.254337
2 44,node2_end_time,1681479921.2664607
2 44,node1_end_time,1681479921.2670903
2 44,node3_end_time,1681479921.2676542
2 45,start_time,1681479922.262113
2 45,node2_end_time,1681479922.2730753
2 45,node3_end_time,1681479922.2770245
2 45,node1_end_time,1681479922.2770958
2 46,start_time,1681479922.7525766
2 46,node2_end_time,1681479922.7644758
2 46,node1_end_time,1681479922.7645328
2 46,node3_end_time,1681479922.7649574
3 36,start_time,1681479922.8605914
3 36,node3_end_time,1681479922.8664918
3 36,node1_end_time,1681479922.8690565
3 36,node2_end_time,1681479922.8690963
3 37,start_time,1681479923.6184528
3 37,node3_end_time,1681479923.6245255
3 37,node1_end_time,1681479923.626314
3 37,node2_end_time,1681479923.626334
3 38,start_time,1681479924.0772228
3 38,node3_end_time,1681479924.08939
3 38,node2_end_time,1681479924.0929425
3 38,node1_end_time,1681479924.0930045
3 39,start_time,1681479924.9035132
3 39,node3_end_time,1681479924.9175975
3 39,node1_end_time,1681479924.9204845
3 39,node2_end_time,1681479924.9204986
2 47,start_time,1681479924.9560175
2 47,node2_end_time,1681479924.9609187
2 47,node3_end_time,1681479924.9629939
2 47,node1_end_time,1681479924.9630132
2 48,start_time,1681479925.4501352
2 48,node2_end_time,1681479925.4582784
2 48,node3_end_time,1681479925.460123
2 48,node1_end_time,1681479925.4601822
2 49,start_time,1681479925.5287347
2 49,node2_end_time,1681479925.5326433
2 49,node3_end_time,1681479925.534601
2 49,node1_end_time,1681479925.5346327
1 45,start_time,1681479926.005273
1 45,node1_end_time,1681479926.0087528
1 45,node3_end_time,1681479926.0096767
1 45,node2_end_time,1681479926.0096993
2 50,start_time,1681479927.3070166
2 50,node2_end_time,1681479927.3115282
2 50,node3_end_time,1681479927.3125706
2 50,node1_end_time,1681479927.312704
3 40,start_time,1681479927.4052324
3 40,node3_end_time,1681479927.409364
3 40,node2_end_time,1681479927.4101694
3 40,node1_end_time,1681479927.4102287
3 41,start_time,1681479929.4229307
3 41,node3_end_time,1681479929.4335878
3 41,node2_end_time,1681479929.4356968
3 41,node1_end_time,1681479929.4357417
2 51,start_time,1681479929.7529984
2 51,node2_end_time,1681479929.763249
2 51,node3_end_time,1681479929.7667203
2 51,node1_end_time,1681479929.7667794
2 52,start_time,1681479930.1612296
2 52,node2_end_time,1681479930.2352645
2 52,node1_end_time,1681479930.235544
2 53,start_time,1681479930.5585234
2 53,node2_end_time,1681479930.560557
2 53,node1_end_time,1681479930.561153
1 46,start_time,1681479930.9728365
1 46,node1_end_time,1681479930.9761376
1 46,node2_end_time,1681479930.9768438
1 47,start_time,1681479932.0786202
1 47,node1_end_time,1681479932.0861633
1 47,node2_end_time,1681479932.0879414
1 48,start_time,1681479932.9742038
1 48,node1_end_time,1681479932.9842536
1 48,node2_end_time,1681479932.9864495
1 49,start_time,1681479933.261121
1 49,node1_end_time,1681479933.2650108
1 49,node2_end_time,1681479933.266385
2 54,start_time,1681479934.3692482
2 54,node2_end_time,1681479934.376298
2 54,node1_end_time,1681479934.377527
2 55,start_time,1681479934.8492637
2 55,node2_end_time,1681479934.8575895
2 55,node1_end_time,1681479934.8598118
1 50,start_time,1681479935.1534562
1 50,node1_end_time,1681479935.1602411
1 50,node2_end_time,1681479935.1624124
1 51,start_time,1681479935.2471604
1 51,node1_end_time,1681479935.2525077
1 51,node2_end_time,1681479935.2540638
1 52,start_time,1681479935.8000789
1 52,node1_end_time,1681479935.8075545
1 52,node2_end_time,1681479935.810608
1 53,start_time,1681479936.2734272
1 53,node1_end_time,1681479936.2817335
1 53,node2_end_time,1681479936.2836561
1 54,start_time,1681479937.509656
1 54,node1_end_time,1681479937.5172942
1 54,node2_end_time,1681479937.519786
2 56,start_time,1681479938.985653
2 56,node2_end_time,1681479938.994629
2 56,node1_end_time,1681479938.996044
2 57,start_time,1681479939.332492
2 57,node2_end_time,1681479939.3404233
2 57,node1_end_time,1681479939.3416548
2 58,start_time,1681479939.817093
2 58,node2_end_time,1681479939.8252487
2 58,node1_end_time,1681479939.827438
2 59,start_time,1681479941.5725522
2 59,node2_end_time,1681479941.5772676
2 59,node1_end_time,1681479941.5789943
1 55,start_time,1681479942.0117707
1 55,node1_end_time,1681479942.0210483
1 55,node2_end_time,1681479942.023712
1 56,start_time,1681479943.240039
1 56,node1_end_time,1681479943.2427316
1 56,node2_end_time,1681479943.2432573
2 60,start_time,1681479943.2722628
2 60,node2_end_time,1681479943.2751427
2 60,node1_end_time,1681479943.2758474
2 61,start_time,1681479943.6769788
2 61,node2_end_time,1681479943.6843019
2 61,node1_end_time,1681479943.6861708
2 62,start_time,1681479943.7999363
2 62,node2_end_time,1681479943.807302
2 62,node1_end_time,1681479943.8085518
2 63,start_time,1681479946.3845084
2 63,node2_end_time,1681479946.3912055
2 63,node1_end_time,1681479946.3932803
2 64,start_time,1681479946.8853848
2 64,node2_end_time,1681479946.8904607
2 64,node1_end_time,1681479946.8922584
2 65,start_time,1681479947.4426246
2 65,node2_end_time,1681479947.4452558
2 65,node1_end_time,1681479947.446076
2 66,start_time,1681479948.117053
2 66,node2_end_time,1681479948.1196175
2 66,node1_end_time,1681479948.1202652
1 57,start_time,1681479949.199686
1 57,node1_end_time,1681479949.2034903
1 57,node2_end_time,1681479949.2050784
2 67,start_time,1681479952.6342084
2 67,node2_end_time,1681479952.6424356
2 67,node1_end_time,1681479952.6449
1 58,start_time,1681479953.5632324
1 58,node1_end_time,1681479953.5650578
1 58,node2_end_time,1681479953.565685
2 68,start_time,1681479953.7136426
2 68,node2_end_time,1681479953.7155838
2 68,node1_end_time,1681479953.715834
2 69,start_time,1681479953.7266362
2 69,node2_end_time,1681479953.728689
2 69,node1_end_time,1681479953.7296019
1 59,start_time,1681479955.0156782
1 59,node1_end_time,1681479955.0232825
1 59,node2_end_time,1681479955.0248837
2 70,start_time,1681479956.379902
2 70,node2_end_time,1681479956.386768
2 70,node1_end_time,1681479956.3890326
1 60,start_time,1681479959.0102756
1 60,node1_end_time,1681479959.017483
1 60,node2_end_time,1681479959.0190835
2 71,start_time,1681479959.3362935
2 71,node2_end_time,1681479959.343105
2 71,node1_end_time,1681479959.3446743
2 72,start_time,1681479959.6383667
2 72,node2_end_time,1681479959.6442666
2 72,node1_end_time,1681479959.646496
2 73,start_time,1681479961.3080206
2 73,node2_end_time,1681479961.3155758
2 73,node1_end_time,1681479961.3173716
1 61,start_time,1681479962.3132002
1 61,node1_end_time,1681479962.3203676
1 61,node2_end_time,1681479962.3217275
2 74,start_time,1681479962.488281
2 74,node2_end_time,1681479962.490442
2 74,node1_end_time,1681479962.4909267
2 75,start_time,1681479962.8210745
2 75,node2_end_time,1681479962.8301558
2 75,node1_end_time,1681479962.8336825
2 76,start_time,1681479962.834073
2 76,node2_end_time,1681479962.8391259
2 76,node1_end_time,1681479962.840094
2 77,start_time,1681479963.424555
2 77,node2_end_time,1681479963.4294016
2 77,node1_end_time,1681479963.431133
1 62,start_time,1681479963.5155225
1 62,node1_end_time,1681479963.5174766
1 62,node2_end_time,1681479963.5179229
2 78,start_time,1681479964.5943756
2 78,node2_end_time,1681479964.6030145
2 78,node1_end_time,1681479964.6048017
2 79,start_time,1681479965.1711247
2 79,node2_end_time,1681479965.1783135
2 79,node1_end_time,1681479965.1802878
2 80,start_time,1681479965.4438646
2 80,node2_end_time,1681479965.4505384
2 80,node1_end_time,1681479965.4527593
1 63,start_time,1681479966.8657932
1 63,node1_end_time,1681479966.8720229
1 63,node2_end_time,1681479966.8733346
1 64,start_time,1681479967.4943702
1 64,node1_end_time,1681479967.5007837
1 64,node2_end_time,1681479967.5032086
2 81,start_time,1681479969.4089413
2 81,node2_end_time,1681479969.415731
2 81,node1_end_time,1681479969.418394
1 65,start_time,1681479971.4695342
1 65,node1_end_time,1681479971.4765353
1 65,node2_end_time,1681479971.4783583
1 66,start_time,1681479972.4789562
1 66,node1_end_time,1681479972.485334
1 66,node2_end_time,1681479972.486508
2 82,start_time,1681479974.3732588
2 82,node2_end_time,1681479974.3811054
2 82,node1_end_time,1681479974.3826816
1 67,start_time,1681479975.707672
1 67,node1_end_time,1681479975.7149875
1 67,node2_end_time,1681479975.716461
1 68,start_time,1681479975.9094453
1 68,node1_end_time,1681479975.9125516
1 68,node2_end_time,1681479975.9137056
1 69,start_time,1681479975.947981
1 69,node1_end_time,1681479975.9503143
1 69,node2_end_time,1681479975.9506075
2 83,start_time,1681479977.5927324
2 83,node2_end_time,1681479977.5980036
2 83,node1_end_time,1681479977.599796
2 84,start_time,1681479977.8243318
2 84,node2_end_time,1681479977.8322263
2 84,node1_end_time,1681479977.8335733
2 85,start_time,1681479978.6765466
2 85,node2_end_time,1681479978.6836011
2 85,node1_end_time,1681479978.6867483
1 70,start_time,1681479978.8044002
1 70,node1_end_time,1681479978.8068764
1 70,node2_end_time,1681479978.8073432
1 71,start_time,1681479979.1025307
1 71,node1_end_time,1681479979.1144457
1 71,node2_end_time,1681479979.1166573
2 86,start_time,1681479979.4663908
2 86,node2_end_time,1681479979.4743128
2 86,node1_end_time,1681479979.475459
1 72,start_time,1681479979.563007
1 72,node1_end_time,1681479979.566227
1 72,node2_end_time,1681479979.5671134
1 73,start_time,1681479980.4019322
1 73,node1_end_time,1681479980.408845
1 73,node2_end_time,1681479980.4108036
1 74,start_time,1681479981.4048116
1 74,node1_end_time,1681479981.4097688
1 74,node2_end_time,1681479981.4109614
1 75,start_time,1681479985.1283436
1 75,node1_end_time,1681479985.1368046
1 75,node2_end_time,1681479985.1390097
2 87,start_time,1681479985.2993143
2 87,node2_end_time,1681479985.3060086
2 87,node1_end_time,1681479985.3076553
2 88,start_time,1681479985.8573964
2 88,node2_end_time,1681479985.8643827
2 88,node1_end_time,1681479985.8666825
2 89,start_time,1681479987.027807
2 89,node2_end_time,1681479987.0359414
2 89,node1_end_time,1681479987.0373783
1 76,start_time,1681479987.2153378
1 76,node1_end_time,1681479987.2231426
1 76,node2_end_time,1681479987.2241952
2 90,start_time,1681479989.5411599
2 90,node2_end_time,1681479989.545984
2 90,node1_end_time,1681479989.5469885
1 77,start_time,1681479989.6546576
1 77,node1_end_time,1681479989.66156
1 77,node2_end_time,1681479989.6635654
1 78,start_time,1681479990.0482516
1 78,node1_end_time,1681479990.055536
1 78,node2_end_time,1681479990.057324
1 79,start_time,1681479991.2348504
1 79,node1_end_time,1681479991.2420766
1 79,node2_end_time,1681479991.2446668
2 91,start_time,1681479991.3056939
2 91,node2_end_time,1681479991.310973
2 91,node1_end_time,1681479991.3119638
1 80,start_time,1681479992.995717
1 80,node1_end_time,1681479992.9999766
1 80,node2_end_time,1681479993.001301
1 81,start_time,1681479993.510962
1 81,node1_end_time,1681479993.5172648
1 81,node2_end_time,1681479993.519027
2 92,start_time,1681479995.249088
2 92,node2_end_time,1681479995.2577221
2 92,node1_end_time,1681479995.259417
2 93,start_time,1681479996.5093865
2 93,node2_end_time,1681479996.5167232
2 93,node1_end_time,1681479996.5185442
2 94,start_time,1681479998.853386
2 94,node2_end_time,1681479998.861234
2 94,node1_end_time,1681479998.8641033
1 82,start_time,1681480000.259663
1 82,node1_end_time,1681480000.2665477
1 82,node2_end_time,1681480000.2690294
1 83,start_time,1681480003.3548698
1 83,node1_end_time,1681480003.3621547
1 83,node2_end_time,1681480003.3638737
1 84,start_time,1681480004.6121187
1 84,node1_end_time,1681480004.61949
1 84,node2_end_time,1681480004.62129
2 95,start_time,1681480004.914622
2 95,node2_end_time,1681480004.9177048
2 95,node1_end_time,1681480004.9183128
2 96,start_time,1681480005.9226432
2 96,node2_end_time,1681480005.9305193
2 96,node1_end_time,1681480005.9326398
1 85,start_time,1681480006.1799421
1 85,node1_end_time,1681480006.186319
1 85,node2_end_time,1681480006.1886942
1 86,start_time,1681480006.6983466
1 86,node1_end_time,1681480006.7052882
1 86,node2_end_time,1681480006.7074893
1 87,start_time,1681480006.7892804
1 87,node1_end_time,1681480006.792458
1 87,node2_end_time,1681480006.7932928
2 97,start_time,1681480008.4785087
2 97,node2_end_time,1681480008.4853542
2 97,node1_end_time,1681480008.4874847
1 88,start_time,1681480009.6207197
1 88,node1_end_time,1681480009.6228201
1 88,node2_end_time,1681480009.6232493
2 98,start_time,1681480010.7968566
2 98,node2_end_time,1681480010.8036177
2 98,node1_end_time,1681480010.8052897
2 99,start_time,1681480011.992957
2 99,node2_end_time,1681480011.994933
2 99,node1_end_time,1681480011.9953897
2 100,start_time,1681480012.3824103
2 100,node2_end_time,1681480012.3848202
2 100,node1_end_time,1681480012.3853133
2 101,start_time,1681480012.452041
2 101,node2_end_time,1681480012.4538436
2 101,node1_end_time,1681480012.454314
1 89,start_time,1681480014.3145316
1 89,node1_end_time,1681480014.3233047
1 89,node2_end_time,1681480014.3244057
2 102,start_time,1681480015.2171884
2 102,node2_end_time,1681480015.2241838
2 102,node1_end_time,1681480015.2258048
1 90,start_time,1681480015.5779052
1 90,node1_end_time,1681480015.5798614
1 90,node2_end_time,1681480015.5806217
1 91,start_time,1681480018.8357077
1 91,node1_end_time,1681480018.8432088
1 91,node2_end_time,1681480018.8444314
1 92,start_time,1681480019.770823
1 92,node1_end_time,1681480019.7794044
1 92,node2_end_time,1681480019.7819812
2 103,start_time,1681480021.4117498
2 103,node2_end_time,1681480021.4201365
2 103,node1_end_time,1681480021.4218285
1 93,start_time,1681480022.3920262
1 93,node1_end_time,1681480022.3999505
1 93,node2_end_time,1681480022.4022648
1 94,start_time,1681480022.8445928
1 94,node1_end_time,1681480022.845792
1 94,node2_end_time,1681480022.846147
1 95,start_time,1681480023.2765195
1 95,node1_end_time,1681480023.2778256
1 95,node2_end_time,1681480023.2779596
1 96,start_time,1681480024.3134475
1 96,node1_end_time,1681480024.3150594
1 96,node2_end_time,1681480024.3155057
2 104,start_time,1681480024.7356124
2 104,node2_end_time,1681480024.7385519
2 104,node1_end_time,1681480024.7391336
2 105,start_time,1681480026.077517
2 105,node2_end_time,1681480026.0792482
2 105,node1_end_time,1681480026.079757
2 106,start_time,1681480026.2815912
2 106,node2_end_time,1681480026.286284
2 106,node1_end_time,1681480026.2875004
2 107,start_time,1681480027.2057593
2 107,node2_end_time,1681480027.2078855
2 107,node1_end_time,1681480027.2083707
2 108,start_time,1681480028.9456182
2 108,node2_end_time,1681480028.9544287
2 108,node1_end_time,1681480028.9566703
1 97,start_time,1681480029.163896
1 97,node1_end_time,1681480029.1686172
1 97,node2_end_time,1681480029.17066
