1678101512.912535 - A connected
1678101512.9150891 - B connected
1678101512.915551 - C connected
1678101512.914999 A
8c8574ab6aabe9db471cc39c53aa9d42eabf8b0185fb8244130acf74e7503e29
1678101512.91637 B
04279652749567ff384ab4592239ea4895fb7683de47aa11d01d455306ab785c
1678101512.916765 C
28406e5f3a4b65706abfbd35abbe7b594c0fba23c461c8d4f5c0fa413d576b8a
1678101513.4329581 C
89b45853c05c000186eb93598c5860df65bf4bb64086e767a18e3b1f15da118a
1678101514.1427948 A
12841fbe80fed730f1dc563eae1f063e805efe78c35bd8266957664ecca04c48
1678101514.3759933 C
d76901a38f4a18d4a54f0233ba1177a656b85f631e64d50525d93dac937fbf70
1678101514.4319627 C
625c6a88c25363128e92bc8aaa868230cae600b79916212171bb67fe7ca9f5c4
1678101514.9521039 C
1ff9a32a309129e07ce3cc52d6e8b2be243aa15ebc3aec103f4929016a23b45b
1678101515.0039916 C
6b91a6b7b0292003a3af8fa7892b0847462f42020a9117f79e2fddad161f21d5
1678101515.038952 C
656aaffa471dedeeec342828bf4aa8df5a2993003192a6a16f7288241833ef6d
1678101515.242812 C
e8d404cd66fd0635e53413ed3c9c1aaff4d04d79c78651b1fb66b88b7faf1b73
1678101515.721268 A
bdec421e9400dea39d43696bbc87542261a1301f775fa9ea1c48898e9c70484f
1678101515.819033 B
e278cf669a17d55e379310950693fff03b110ba3132011cc42ffa9b2ebf1213d
1678101516.015331 C
f28bc9dd2591d5da0e83f97286425225da17201dff5fd8ccb041a2c4debf087c
1678101516.589106 C
fd5d16e9a1c7c9c4b7dd06f6589e9541b8c27c1849ca20619bc162fd35160419
1678101516.6125102 A
5985fce08a38a59aba2d50a7da35d8b28d78801bb1b071fd83c7d240787feb8c
1678101516.6234999 C
2cd88feac74f4188880d78eb1d3d3d8d405bc66689aa9e02bb126a95e34c0a56
1678101517.0955625 C
0b5b7f1a9677e105b511c8050fe2423c8671f1fce4cc7251d0625dc9fae0d11f
1678101517.228992 B
cc2b8814c1ad4d83af4d64acf899b68ec670004b80158d5b7b6c24ddea9490de
1678101517.3728266 A
6f738a5851f0d1f074b7caf732d2a372780848c41c2bd5d110911628bd3c7fab
1678101517.4935803 C
86e924b4c26891f03d639640b60c10b2ab361cba5be33b8a5a1c97341888e9b2
1678101517.7574286 C
6967c4dbcbb3325b363eb49fe91d5dc33417ba0b05816c60d7409ba35f93e02a
1678101517.8520615 C
4de8918c409c4aac9238c028769a30d6caa5bcf465f223598e683ff3a00331dd
1678101517.8739972 A
b78c08f5fc3ca6d6c81ba6b5987c3544ad36004cb781b8198e7697a1029bf110
1678101518.2922785 C
109a40d50d22f7ed29f38ef6c06d893a6865051a89b433654b0262519ae38f46
1678101518.47137 A
b327605f01b59285719c9916d8e61735fe48986f6f04ddb47fc4548d81862eff
1678101519.4885879 C
a660827a63521e15da6be5b50080f7a1b93b6004234820d266156989a3dd52d8
1678101519.542356 C
4d169a4d253365bcd8b1e864214c06d348cabca5ad2393779215ae7bf7b0ce61
1678101519.610299 C
6016bcf4b2dbe85ebec2b835bc786b070b1e254039fa1ab1d9c1b41414dd44b9
1678101520.2766707 B
3ef7842230dbeec95058b5769df87f44589ab7708c7c9923dae4193dba678b16
1678101520.5562346 C
7b14e21a4d96ea276ac41d8837470658c672311b0b5b4d73fd9d43b82d1ff7f2
1678101520.597472 C
ce113c16c20046e33b831a0f0aabb1c60864e3902936631a685b3c0b73cedfe7
1678101520.9014435 B
a641ed31e4b8226001a819e6f666ced32b169c501490e16e25c921ab5962c400
1678101521.1061943 A
dd9399517af6db2242bd26aa55904163181cbb17c0e6318187e6774975fd0317
1678101522.0324032 B
a78fb8fcaeb674c1f3c2a59da742ca07678ed95c7085e9bf09203c74dc52d199
1678101522.113256 C
14881255cec658c64eb8ebed50ee4e4b117ad61c3f31da7053335d0b92aeaa1c
1678101522.338994 C
3ccb3b9530706276851870e581dd99121fdd589909bd51ef2326db7496ae6d64
1678101522.5207667 C
30235602087d3b251eb2ac0e48f932f0329b91be758a3666ff4c6ce9937d3eae
1678101522.6414278 B
2d0f7ec3015ae10aca0bcb0202a2023550dab2311721372d95e24ea9bec7c9b1
1678101522.706431 C
6667bfa23952e63d809bdd0a004dc5801479258447109b523bd1cd01b8420e17
1678101522.9149613 B
1c0f103a55a51c2598563b9759b3ac04ced577c9244073a5ad4146d388e6bd45
1678101522.9356928 B
048f032519cda6c782164f6caa4277f291cc28d9d23079a9d0f4f7af03f7851c
1678101523.535003 C
a6bd5309100790855cef5e07a74adcf7e86a48d01874b6a63b263f7e662ae4a9
1678101523.5570095 C
83648316428235265e3d84a83858f8ffc3b63860a4fae6021e6e1829c0aefb56
1678101523.7352083 C
17ddb62bc486e8a639cc0fc5254ae6e347a2518a1349464e6abad4be1f5dde8d
1678101523.8673096 B
872e1ab4a8e6728993ea258a64174a3c28f3aa2665f7a86c2af8a17d26d79f08
1678101524.106908 B
7f3e9baf461f6049a7d3139af305a335e8960e2635b0e774e6b3b1ea9a20fc71
1678101524.1354597 C
714fb34fb1caa71817972461a17f5670d383b8403db3fe41028687b51ac3d148
1678101524.1425226 B
663db040b4f3105e3d9c4320d50b317da5225032d78f787fb5cb891a3d227c4e
1678101524.2361429 B
58afbea93ca68af45e23868eda26cf4788d0052916ba09dbea290235f67f6762
1678101524.258784 C
1acfe5df938a3e34537a2a5821a31c2df357e9f5b7c207e12ff4744f5e8b4b27
1678101524.3243766 C
6c6581028d1615aa5bcf6fb1d52d885f580a662e465c6fcce458e37ca815ce93
1678101524.373617 C
3f0fbcca71710ff66fe0f4484ada19be30d79cc5e869dfcb81bf7944128f5041
1678101524.5223727 C
e968de9bc8c1bb0c5a2b3b2d30daa8f8c342dc5ca5d7f284bdb8a04b7bf95bc5
1678101524.7451446 B
bcc5aa6b8496fedbda86a1b4fa330ba1afdeb809797693b0cbef15ddf1b9397b
1678101524.8408763 C
2241bec648eb256fb72dbb8793417400c80a51afd08df8393b952a0ff6c3e59d
1678101524.8609226 C
83d78d4ae706a25066c4c2c903c0b9edfd8de40788874a13ff804e78b3258ce6
1678101525.3725374 B
29d73f2ec23da6a0de5a6b8db2d9f1facc57358cf3c795f0a4e1c8857ed1679d
1678101525.4796846 B
2ad6e474c54c4e5df3cdad413fdbea97d1b692728b9b65d5a742f2dd023adfed
1678101525.4932435 C
731f243d10feffd42e4768836d8039843a6dd1a156bf3ebbaecc65f941c43b27
1678101525.8560712 C
3ab8299ccbefa1a1fc6e510e162d3d9a91695bcb7e64bace5539e95aa641f70e
1678101525.9480703 A
c0b8606581b7a838a803b4b17b3c70c12c84c32156b0d6d6be82a60a79d453de
1678101526.3436959 B
867eb677185526443ad4383960b7aac2f593320a0082e35b099508d38f400c67
1678101526.6425824 C
3465b13300b2569eb8d33378fe20e725f785a4a80cd8f0ca5b0403c672c4517b
1678101526.7720852 A
fc8549144f15bf4a5369d6e1fd4694066fcbc0cb5a6ac8813d94e4afc1302385
1678101527.3420062 B
308ca92143d15334d43c1e16a934e71f31cecc27803b34f004b4cf623245dc78
1678101527.3852625 C
acd44a00cde928b0676acd6de987438e0785deac0e7aa2ec8114129dcaaf1789
1678101527.641254 B
bd7d6df9f08465e500ac483d204bd1e8668da4bf50e7587d4d7c5778418ad9da
1678101527.6974576 C
fccc0bb3b99a76dca56af7fdad99cbd09d4995489fcee1cf36a2b238d01a68ad
1678101527.7900257 A
fb27b36fe94a0b453923a4d107e1df96c28cd412ce69622d9afd050f83588ac5
1678101528.291264 A
ffe015a182435a24c8779cc839a9be0c9f0f7ab2ff53f05ced12ac56af0551c9
1678101528.335215 A
4226631b824525c0fd94114b6b187214a2f668ddba2d2b30a208c5b5db660fb7
1678101528.5829554 A
de72332a5ca5d7171226c6099a3144d5ebb7174120b7ef3336a34c369e8e1a4f
1678101528.5833304 C
0088e84ab76ca77bfa911c7c8bbc7f23468028eda4641f9da35901535662deff
1678101528.6623147 C
6cd4a46a5c5f4dc9f86cedfc51fa725aab429b00b893ab4c0c5b66c8d74d992a
1678101528.912562 C
65f53dcdd7ce83c4bad8946f266e6a223dd7a8fdecdff8363ca76cd40e8ebfeb
1678101529.277588 C
fdbabb7ba5be761fed9d3036c72f6370f6c97db4eac530c74fe636660c87fd21
1678101529.3742838 C
989e053cccddf9242a461954b3fd1be1bb9fb2dc52792649ec4f558b4eda43d1
1678101529.746308 B
7295cbfb07aaa2c090511a0c7efb01209831e1e4c074c207f342a3698ff4f7a2
1678101529.908095 B
b8c575ce2dd322a37d8f20336e8ac7f76116f72d6b8aff2a7408db5a4fd8f064
1678101529.929319 B
8747ce9db356b23380d0bff9c9333709718e3f200a28260221ac1b2b8d9e4dd4
1678101530.3340573 C
10e31ab4ff51e6ce7706dea47bd8a9baab63f4686ee9cd827433deb9dd014c8f
1678101530.5394282 B
d10a1dbfd623fd1434088cdad6b84eb113ae236c4093a0b820800860f35bc56a
1678101531.7693102 C
67ac9fa694b0e9213a968633b094f8c4bcc3653b8d284282aad3cccd72b64d04
1678101532.187747 B
3a960039c037affce044c0e64bce30f08dcc115f7464d4b7b1dcd1510e2eb4c3
1678101532.2427855 B
f26c90560b498b42705b7cbc00ad70ee561de41f59b3230046245adcd2dab5c8
1678101532.3584855 A
7f9c9798843dc5103638b39c76b2d3f6bfb569c8108a15d7e863fec8b9b69cdc
1678101532.3766196 B
76737d3c277f17b0964ebb58bc68def8f2bfc721b458a7bb56ec93b178cd3e57
1678101533.0700474 C
b95e2fca909ab2f558df59d0ba1c515b11315dfdcb33f5246b6b7f2254acafd2
1678101533.3148046 C
74d9ecddbd661329a83f1ee4b19615ddd714956d4b91b949c407c8e63d91ebe0
1678101533.3235807 C
fd879700367fe69227f7c8491ff19a4e9859ab837adfe1ec145889786a1cde17
1678101533.6756055 C
48ffa5fd4156962aa47aac29ccffd0724b887aa9257ddb0164946173ca869ea7
1678101533.7405808 A
d922e454fac4a86c0c3443672db1912d9eeab4429b7da553a17d3b53ea1e1597
1678101533.7761083 C
73b9d6c23216c05e556d5e3d80074dfa1b3d1cc1742f35edd745d7f911578507
1678101533.899468 C
05c4d31616ac7abdd9fe9e6338f4af45339eb4905c82526c4f619965ea68960a
1678101534.006179 C
26a18ce311147d228429e0c700a424bfcae88715cedb30ece3259b8ef0e9ca95
1678101534.1304445 B
e9f8d86d900b65e3772498db45a2fb2515f53b4c4f43f95233503ccff64467a9
1678101534.1912286 A
892705a26f7fbbf3789f6ea52257f3ed42a564ebae36db82b0bc5a7cef648287
1678101534.3654137 B
0d36e5c57775ce6a09442ec76a31d98b6dce795049a861a9450002d3c4e6065f
1678101534.6826441 C
6b50015224be8ae2c3eda8b8c80954a52fd01bd3a8a05898beaa36228e6f44b4
1678101534.8879478 C
4f9c99fbe4a46d91d59df16fbb4c90b117ed1d7314bee3081344389d565ce31a
1678101535.0219038 C
12b411b57f989c9481cb7830b6eec07647a1ee890fe1212d7cd263c073742c09
1678101535.2763789 C
e3696b74ef3393e7ef774399c73d47f2d8b39d1aca2c1d36e3013ce6c12c07f2
1678101535.4153228 C
7f37e2643df16e4ba43a86ffa3187fa4df9ba96c7e4867b9fc237bd338f19200
1678101535.77641 B
a0f88a7a9707b4760273e512c3f9f238c0ad0f7cd4f0b58a68165306a4380b86
1678101535.8462238 B
0595d9dbb601364fbf73609cb6b1daab2ddba20c7a14bb778fc95b8c7fd8bdc5
1678101535.908057 A
697f0c8ef1344ae2a440db4dcc33fb051a9357fef05c9cc83a38a52a25e50a2e
1678101536.3624215 B
b9db20eb199121c2b14664023d7a2c043f0f59a0385be81f6e890ab5f333095e
1678101536.5033708 B
8c21aa995b93f3a4ba7880e114df4031b598e9fc092d8f75c60b4e60c6d449bc
1678101536.845112 B
a33caa7e94453a07ab61298fdcfaa59d417a873d366871ef6d82d4aeb6921c0a
1678101536.9309025 C
2c0db3af26bdaa6182b9fff9146493ac25c42c20cb0b35bf0fcdb7763ead0897
1678101537.2250829 A
bb8f93bf593b29856cef0a0eb9db2f9b0678999394c1e0f4f73b7389ca0a1eeb
1678101538.4695485 A
7c8e39fcb0aa35d472920c3532c28ec4cf8d51c949eab932fa867ea9027d6a1b
1678101538.5698833 C
034b0d7c853f922ce824ec35cd6600a70f5ec3d57810a350883d0d4fb767dbcb
1678101538.880991 C
4059660d006a2d978508fbdfdb123aa073cc0d9a7733f8486a65f0612e4f2713
1678101538.9011014 C
0905950f076b68e2fe146553311d572ba11e5214dd15505599ba628f0743f6fc
1678101538.958037 B
c172d82cb19cae98f949b945f652eeb8292261d21a55e237d3ab6aa61d8e29fb
1678101538.9623802 C
baadfda02abdfba483df506669ec9832804318abdfca88ce9d221decd608bcb9
1678101539.5633304 C
439c75f418dadcbbc00b6663967c8aa0da633a7441f53a4f2a260da130bc29a3
1678101539.6739008 C
b34b41f3c7bbb0541175bf884867fcdb7e3256682a64663fa356f9a31b49b087
1678101539.8648055 C
8a33b7b555478072eb3aab283c3a1c65cca309595bc021b8dd11046952e2a52a
1678101540.0893874 C
47dfa98cfd47d0afd3848cba554adb1b157ec4032fb1f81b2992d9a5acb281f0
1678101541.292453 A
5a0e79abd2421d48ee95d0ff51b9a685e166061c86fc2753afe5f0ed0915675a
1678101541.3408523 B
225762dafa0d8d04ac3231e62f87bd4240c67bf0ab7178dc359614103a2d7935
1678101541.4886682 C
99984b58107c8b4d9bf5a1e2d3f527912c3299687421375918d755a84e94b0db
1678101542.4557295 C
cd52687d8e337693ccfe557edbac0693ba33efe9457093dd39504fc7b09bdbdb
1678101542.6233993 C
42674a75e36700df1213f1881d4d183087316d045a4c1d409cec319898491675
1678101542.6739209 B
aa379fd107e25493e46d3d16d03f7acbdc91a92cd96e9f3eaa47e0d37bd2d50b
1678101542.7358744 C
c19125a8fe8c4e398f173136c74517a077d01632b78033171847f8d9451650b4
1678101542.8671603 C
89111335b5342c5427b6808d46ba9b22adf22b82eff21a048991b14fc86295e3
1678101542.992022 C
e61d399acae3c24dc0873f0efb547534d52a78ebba8afb5e120c8f16befcd51c
1678101544.375891 A
3f38f936f5734010e93fee70f7a8a9a785e2c7952ec5b6cb64ccf24560a3db72
1678101544.5866745 C
ce3075149b951a4ee78a99f0f9826862d1dcf020d077bb36db3de903c56b0dd3
1678101545.1974633 C
2bc4290e6dbfed4117ff41a70e2494a3e9050f675c7a004a2c695d071f0ed624
1678101545.6007419 C
8ba1778c2cadaa7e44f126051d2af84acc265c4ff04f4078cead231a02b4b79f
1678101546.0278957 A
83560318bc95c3f452156ed07ecd76454b9981d7a3ec83923836dbfde92fd21b
1678101546.1079912 C
779750999a083ca3a443d19ab1b47a29ca229871703f53d41ef0993f2cf76b64
1678101546.2968411 C
f72259f64e3b89b97e4f287f143542dbe4ffc25cc19c941a6c8104f6bc40df02
1678101546.7610493 C
485f8c7145d7e5bc6ffad85780c47f5c7d894367ccef224ca21e56db3ddb01b2
1678101546.9864457 C
b30aec43567d03204d81286258f1b019e521da80ad4bd89544fe09c44e67303f
1678101547.6012812 C
224f263d921e7f72da72feac5ba3cebe43f30fc952b79a53f46b0f95a96a673a
1678101547.9710832 C
8949fd04915640f115911c44ecc5c7656af411d1280e49c35ad61e35fc690858
1678101549.3061109 B
01871607a7c18b41484bb8377da99d4e529238b9ba9333981b69a8c7750ad180
1678101549.9632936 C
af1113c6ae4fb47edfc43af1e30619ece5bcc6948aa6674cb672a445c72c40fa
1678101550.2087796 C
579a0aa21bf702bad50b59bf2789c35e4c1e79efe51ca0deff8bb55e25f40d44
1678101550.4142165 A
30952efc856025073c33f5a9bf875d514b1fb7a832eb0a27ef711285178b0e52
1678101550.5714648 C
ef43cc028e0724129a7f748227f49a44f728f5f79ec52af8aa2d759e66cc4527
1678101550.6135833 C
2718678118a0d81cc6896917ee4fce08eaefe8c9cd38723ba8856056d2a0973a
1678101550.992218 C
b7a5cfcb0dae7590622fca6386b7c900a9a1fe1d52cc1ad860a0843c031e86eb
1678101551.0404196 B
b12ca0e83653f2262a920474c1c1eb973abd08067bdc85c399d98079475c9878
1678101551.3951037 B
fa46c60fd63f260f21988493c6c479e11930d413172b225751a5e54f9c614190
1678101552.1391177 A
266ae19a6805c535506c8925250300a75815381d6ed1459e93567f6e49856052
1678101552.5431128 B
9c0388eee22327535b1a40ae84f06724a59e277f5df33701dce8524f2b33eea6
1678101552.775701 C
c00eea26d7b0427a09e2efa202141a893411e076d52b0a947e760de60f3003c6
1678101553.0530164 B
3b9788ec78448825ca4c0d48599df0715ff70c499b915f9420467c8400bccef5
1678101553.2151794 C
951232f4ce7e119f05ebf797c884ac715ffbe5fa9ffbf082c3250b67ea3e8f7e
1678101554.0089543 B
607cf3b6a317c61d00ddcdce914b42831387bcddc20abae8d67776d03c4eead6
1678101554.0360901 A
3db8a36f6080f759f9e0191d9e7c70e4f349122fae41c5caaf4b0e9bfbf2cde5
1678101554.1063476 C
b743afb7fce2ddca2e0ee604993fc9ab421f7ea7913536508c27d257c4f33f9f
1678101554.1570723 A
5f611812d153493bcaf0c5471a343ec9ae855b99ec8322a1490240d2b3b7ae56
1678101554.234394 B
a561d57508a254a6e6483118bf5279502bc900dbebb80f982165a94ab58f1b49
1678101554.9770532 B
ec66656f2821475847c57123aece5fd364e51b12bfa3e815736a28ec267f2b1b
1678101555.3002012 C
fbab49df3bd20fc16711175be7692b91776e4dfc14d58628ab8f51587c25278d
1678101555.3755758 C
1d0a76b96430ad15d432360b7ea7404abdd6b03be1acdb6fdd125a2207899cf1
1678101556.0352595 C
0979bdacc4afddaf0505ab751439fbab7acfb8ed33c806b51e512b3ac5eb83d4
1678101556.2268858 C
8603c4229975033d68b7660b43ba330cf37b9b9e58b10a37a1df52ec735ccf58
1678101556.2501307 C
83a189fa3f7119c84a446738b166ab42f3de7c65dc0cffc8802c4aa474ad4760
1678101556.299834 C
d4d9121d01bc817ae443b629835c4ae34393cb4772170629377ee15ef16c0b83
1678101556.405086 C
3289ee5d6d5350f5c128225aa5b87fd561da3b220663d90a90484b54e9012580
1678101556.4098165 C
b376e29d7b6b58e8f0ae7d8b08c45dcfff811dc40a89408c109503c7fb9259e8
1678101556.8423047 C
82e7b7a9b4a305191e7db7750a41e8cb09f9d82988d2dfb9c8bb554e6e524cd4
1678101556.845621 A
53cb8ee0b1cedb3d7b4ebbb47930998a9ea634f02174dc4873d00e1cca7c9e1f
1678101557.2138028 - C disconected
1678101557.6394637 A
8281dbb3b086161efbf99d3e2bb3237d776e311d676444347ea39a6f072deda8
1678101558.0287023 B
756a4566353ef4927bc3a84d466a968b3e4c4f79079111c5fb65dacf36a2a3f8
1678101558.392104 A
9325ce6925fc37a190352bf9378f198162ec7b33071789cfc3d50322e43842a5
1678101559.6116934 B
662a786dddbdfe3483ba17b895aebf035c6a1bc937cede215977bac3f6113a7a
1678101559.6327121 B
1952197402b547323366a0a0a770f9f0b0d8dc59a34c3e35f226734ccfbec587
1678101559.7828488 A
e6ff0eac8851eef516aede1e6893e980f2b74aeb0efc4b6fb4eb25ad59d013ca
1678101560.7382598 B
0b80643a56026461aea4649958f60ae4563ac6e1ea2dc18f67446358a9856da3
1678101560.9081848 B
819213dbf38488e1b05e04a66c361c459986718bfa74417f562f6d6947bd6dae
1678101561.5814931 B
99cde17da09bd4ffb2ac2a9e52156a47a6d96cc73f6bbdc28a8a035d128d8b7b
1678101562.4453979 B
1cdde46d498e5701c95824477231c0323be165aa1a3784bef5d47bd1057b7a91
1678101563.5730352 B
f312d5b9a2380ede2e4cbfba8faa9f449d5577172a7a7e4f1e64563cd28d20fa
1678101564.4686375 A
f82a09e418f086e359c95219f4e931dbe6b6d534f3e8e79b4a612cfbb565a247
1678101565.0270336 A
74b7a526b30ec93473ab1e0e4113e989648ef363418256473f85b93869483958
1678101565.3868158 B
47183930f37e3fd2b8381bdd87d95538b1accfdb5eaae431550bd7862405173b
1678101565.9482195 B
feda44d770f491d4d18cb3caec0dab70665456bf2241165dad4fe903dced8533
1678101566.762196 B
4ee0dd63ece804f910126e3bfc8702b1f899ca60cf7ca28761198d1feb0e1d3a
1678101568.1530764 B
bd2b3fa5d02ac515b747fdb80e08affb5aac3d7b4c59bf8a8d22e3c8adccd245
1678101568.8187973 A
b6283188da62872d20665b84853731e5f8eff840b18cdfea0a818c265f54b4da
1678101569.8607497 A
026b66cd71c38213f07aec2d36bfc888abd4e84d257daec45aa6710c54b7084a
1678101571.0144804 B
9a2c04e75a3d5936262b49551322cbc5ee9470f9438aa4339f7cfaad6ae57b74
1678101571.072487 B
a99cc3db3522f51a3d06f0422a90fa7eaf9af578cad7c630e94f397081c465da
1678101573.4905715 B
827f2d39241624fed814a91d8c20df02bf71ccfa8a1a4f92877e3838d0b40619
1678101574.1893833 B
a758ad929eef083f0838548fcec3bcfa9c2cba617ca253821419548d13d936c0
1678101574.2215793 B
8c6f012358fb309f9b5846c8e195218b630718e780f9aeddcfa68596a983061f
1678101575.443743 A
25dfc3dfa43844a9523ad5a9ec0ed0447db58a230fe5f4b361a18c2a2d62bd1e
1678101575.477007 B
65505c1819a1e6770a60a4dc0b950718db778518476a2ff55ec891a1cb0218b7
1678101575.6176746 B
61607ef05577002054363648f603255af581365900b451b6efa2842ca07a3b0f
1678101575.6241395 B
00633b6199de51e2f4edd33d84093eeec53af21deb7128d02efae3afbe56c020
1678101576.6095765 B
4d1279d9d2431d10e5840611d700237d81f3b5020eb3da07577d50a3120a7249
1678101577.2085423 A
c16dd7742a203520daad68e574eb1a1c0310ba8ac983abb3f9bd523345763371
1678101577.8305047 B
9167db7973ab11147af405382e7cce3478eed5774f0e82e0855aef1c695cba72
1678101578.026504 B
ba19d4b4c08c31ba54615b13fd214f5076e0f8cccbcc7effc703e4a7839a4117
1678101578.2011294 B
51c0328bfdd238435498920cfa93e1ed138e1857dd8c7675a1784f17dbae7183
1678101578.9551787 A
a34d624e523f49bd07fd32a6cc814f644ba454b0496fe42865bf7e5c039df65b
1678101578.9768035 A
9bee68cdb12b0fd6dffdfe081b5e0e262edf7d433e2200ff15ebf73de1bf34d2
1678101579.443034 B
78415d7b1f67e19c77b625194ef628d96c5ca12c8c48450cd56cea4cd5fb5bd9
1678101580.1306014 A
e7e701c5723346f06884ac5354862399eb0aa9347304dd9578033d4de1c146a3
1678101581.1471503 B
ae42618f0c22c2edea9b8c72795e4b2530d0f965068c17d34a51bc212cf178e0
1678101582.6733527 B
0c1de93f7c417c97bc29f3c020b30c030176d4dc0529d2fb1705f714320093fb
1678101584.439237 B
1d06e499e9725a98534c0b492df4d11927cb5980befb0b77a18096ae65381eac
1678101585.0009375 A
701f4e688536d1b41e2d33f8d10855e03bdd0ef8cd24139583e909aec01029b4
1678101585.3523252 B
0be35ab3d6a2977fa984c69673da7fed03e1c1b32b3f351a9c290c370bf3cfbf
1678101587.023226 B
c49bc5f9566c8b6ecb8172d3038d862c98b461ca551f76ebe762c3cf62c14dea
1678101587.4669747 B
7e695a596c0181f9a1cde28f26400f15675301cac4d401f4a92cf6171b6bc31e
1678101589.0822775 A
4e443dfe6b88afaadf1e886de8fe8ed464f4c5283389fa668071357236ed304e
1678101589.2941496 B
8d0a63054a7fc5e71b70263e5e8601a207c12afa12cf0ad46f29a270aab58358
1678101589.8875234 B
aa34cb2a2577a5b9b6bdad1eb790cdb0066ef8f989b129f0f2121f4f30ea3c8f
1678101590.7314699 A
40641e5c89cde9960c60637befac6b1ae0f4dc5804ce93d06b21065cf29fe8c6
1678101591.0052664 B
6901500a3b938893e5c487169c8d3621f446f52fdd4bade086a318d0ccf52862
1678101591.0727036 B
9611edbb754f4a9653fda1cf4e0b6de440453f01c6b449466a8bf4cb2c518e3e
1678101591.2141466 B
0bf6931e89046663c85461161d0b80cd43daf0c7c5c1796edd7f306e1b6ecedc
1678101592.4416413 B
0828209d68f68ec04b44ca7f25af591ffd070ac063d518ae8e2b1bce5f36da2c
1678101592.478313 B
af679b0ecfe2900978bd9e73f2af6c3a7af6620fb2dd7fa4ed5bc694c5ae0c70
1678101593.0554 A
529021f13eb376ed42ebc5a31115c9f69f1ce72aaab50c61b14e4c0eb1ecf61d
1678101593.2023313 B
cb30c70594327423bfe6f1e070821deea567c0564d75e4043aed72c348f90656
1678101593.981046 B
c31c888eafdf1410d834a2a31d1e2c74721a62dcef2f20d623d412c41700ebf9
1678101594.5404377 A
a8f8f81d9d85bdc9f904dcb1768d8cfea78edfb1bde3e1a3f1417b88993f1538
1678101594.6139903 B
679d157968ecf051e933ef1cc8b32170ad3fcd2d8fbce04be3c2d24ff77adfcf
1678101596.185599 A
436b4f96d3c4858b06b3b04dc0b51dbe3b5d671561d90529cdf895ad110de164
1678101597.3988984 A
a2cdf83d6f7c89352bbed45952d44188ca94ff97ba00d932ee7a7dc406d1edad
1678101597.7628849 B
e76f8d11d47875dc96d6cc5c7178cfb77e40df0b8b6e01ddc821a5b0fd5c2aa1
1678101598.1923141 B
78aef41e6b4d842e8df20bd7b91df6694a255da5a3fbcefd5ca53564fbd179c5
1678101599.7586346 B
4ec63471824b5b94abfdc94fb44a0ca8ecb38b3a7e2fd22ae309d65be0e3cd82
1678101600.534768 B
7a9a4d5d6c5d549d11bda12da5c1b4d2366f42a2509d683ad656ca3cc4286f05
1678101601.5609412 B
a78f500fd8665dbe16ccb205a7fc349afd05dda4cdcd4521ef531ffb8cfbb8ef
1678101604.1375892 A
d3b8bf13e46f241fc702fde21dacbe12a9ad3ca41746aa62ace6a3e0f93aa500
1678101604.200845 B
81ba060f75cc4f97e4f5f3fe19b1ca09e8dd3e5a5ca03e94e24e40aa4c783df6
1678101604.608182 B
89ca235b7f0780528dedbfc54da27aca96944709ff838cec505162187d8964b6
1678101604.6211455 A
78b24f20feca3af495647909b9a84e06d893654d95eac0b763f07bac34e38d62
1678101605.1946206 B
5b36054cf57aa25988d48897c8a75188a3e09524ee186b24221cf9aac4244d19
1678101605.27068 B
3213cf21b1c1d06449c30a409e9089e9dfc4e61b7f6bd1762909df1ada26d78a
1678101606.2171156 A
29f6830fa30f36a816a5da6eeabbf74ce1ae1d9584b115ee7f8d5344c21f5917
1678101608.1558938 B
2c4449d4de51620a2e24e730b4154069a1963d4e96cfa2d083869727b8b28f5c
1678101610.373806 A
59933f70f413dba474124ac576b59e030b33e0f9747e75be98f55f1f0c4cb0a7
1678101611.7737927 A
03b2ea277fe2a2d7e4376a1cbb3ce2ceded2bc674ff6cfd868e82a14f37ddd34
1678101612.8686943 B
dffa41c9a0cc6065ad7209a18b2775ac61483326df816bb1c78f0afa48aba860
1678101613.2010074 A
eb8daba22edd4f2ddb2362bc9cfe357f0dad99e841521291722620dbb9265ff6
1678101613.8187447 B
295480d1eb60e2247ddd0cfa289153f6531dd2d0b6fdce89d4bbe9d2d0546b7d
1678101615.2857478 B
5519cabf6ec5f175375488ba4d1302ee576c2169fb2811feb50ebaa10e45bf67
1678101615.3611524 B
de79d4902e966d876a1b8b971f95e88e9ee4bfbdc2ce799c4bd3538265258bec
1678101615.6815853 B
f54d679a3f7c505313d0e3af739a508db3d2f106557facb13a1a29612eeb2b6c
1678101617.0596344 A
fac8bda59d2228851bdeee47a7839a33d85f3815da3fd8b5a7ca101ec3b24c3e
1678101618.9699354 A
0c80676ebd8215fd36b11cc293257ae514061250d40589ecb5280c8fba4fad9a
1678101619.5070312 A
ddee9f95697907fa7cb3a554016cc75701a88024838883d56fadddb46f980301
1678101620.4190419 - B disconected
1678101621.6244607 A
41fa0db118368c67c3252b97fdd5228b1c1b636fea95c4cf67f24d3ac5fbff59
1678101624.593045 A
85dff38b8d83cece28771db5b2acb8b08b7f61885a7f35742392dc8ddde5e824
1678101629.0162263 A
c403561b00a7e5632003667fbf5fe9a2bf9e199f75015466faf4ca536a5fafa1
1678101629.4664912 A
b32d309c78e68cba6be3271321e115b6c128718f3366f3124890935a60ad871e
1678101630.2498465 A
ac5ce42d6d04262a413e2db121b5ec2218fd10efa2603e8b0ab4cfca383f7239
1678101635.481985 A
63c419839bb6239cd600f431731c0a7d3d51559db05efbb9f9537c037ccc88b8
1678101636.3353357 A
41c8cdf84519dcaeb528a0ca5004af88950859c254ed4a2accc67d913954c26e
1678101637.5324998 A
8bcaa56652ac6268d7ad0142b3ead5f734808ce3ad53037ad88d3be375e38cb9
1678101641.9660816 A
4134550be79799c76e5acc4f1b4bd73cf9c6539bb7c9512233f8319490e8d7c8
1678101641.9930637 A
8ddd622e153c03705d24c2477db151515fbc4ea5f8e77ac40bebe6504dfa5a80
1678101642.3399494 A
14655a23621bff66f8749434cbf1f00c14eacb00e6be3f3d00b3c230586653b1
1678101646.793984 A
1326b77d644f95369c35a6d1c6a46f1f16d786a153a0b5111064b8c2dd168ebd
1678101647.2885027 A
ef8dc0f64ff05c061b00bf27f78daab66c5caec55ca8ae3cb2bcfd919a765efc
1678101647.4740243 A
71ce2c310c5eb25414c41ce6daaf34f83f9c84d1e838e64644181cfad2d27ca9
1678101647.4799178 A
10fb4efe85eb3a9be07f48bf4e37c5b1ce8ba8568a2669c467b3b1a553b030eb
1678101647.8007565 A
16c2a184165f1cedac5f8e0a3f99edc9967f31eca0dd5070bbcd8f79b93e1c21
1678101651.2336118 A
73d38aff4cb779adafdba70e50802e8d3b0b824e39b5f192090f74c3c6ecba5c
1678101654.434302 A
bfc1155a5dca942dd4d01dcdae21098216ad70664768da820c6599f7c0d05fb3
1678101661.1052983 A
275e38359bfa9db069bf41eed991ac5f905db272c5956efbe221f8f3d7bc0eb9
1678101661.7107072 A
06617c2f07cab5f0698c81822a7837c99a06d26e339375017f6b7e1ecf13d5ba
1678101662.5667381 A
6fbfcd591b023ea44b27e4625b6f7fdef074fd5df5915918b3b02a6a1c77c188
1678101664.9791162 A
92d5a97325b209707a838cb325a9c3f372d27fcaa676cffed6ef17ab5e584ca6
1678101668.342874 A
79fc81c30ae8d3bde7d1ea578c669f173d3174b54ebc872d4eacbc686fc35df0
1678101669.4267225 A
64c2cfd83734185c5f962d210cbc357dad073d2984f3c34eeba6ee22b75d0a5f
1678101669.5685813 A
71d929f8611c2eea47ffc2735423487a76bf27402f92212d970e2a1c05b8a4f9
1678101669.6297178 A
6f41013409750191b21b8e4208376cfedf5dc1b440d7690ac03762dc802252e0
1678101670.459845 A
9295ce89855dac850eac7f4a3b50132452df39da14541daffad6d58911d8184e
1678101672.157848 A
295a86f4b7c5bb73ab283cc04ef466ad77d9735dc26d0740747392b194d2764a
1678101673.1841667 A
16029402bb1b2169f00127bb978d7b94ef298df7ca6f4c9010dd8f22f5139793
1678101677.0302527 A
f69e7409bca4de6968a8fe495b8fab6faa0efe8078d96bb04c5c499a13bd70cb
1678101678.4420767 A
52a8909ec6e3ea089ed7eb37312af19fb58d4d6efcd8c146a5ea606750fc1ce5
1678101678.851747 A
e4102a4106b2cd2a1abb32dfd221a49dac3d1d6e65079b2e0060ad92c80e64ce
1678101680.8979738 A
a9463377b9144d009650dc83a6dcd0ba322b1de734ab96a2f4c34901214b99b9
1678101681.7240667 A
749616c4abd1f83fc88b981632165d612f948c0e4acd053ba93afc067ff64cea
1678101682.4191747 A
6d1a86418095bfc1c12233fc761bd56457dfa300aa7564a999ce7881d7a3f880
1678101684.901209 A
7e723f2dace2cef39680e678d98e64d6c5fb258898aca5679cde736f6666d081
1678101684.9480517 A
d11a36ed1dd43f4e4cc8f3d261e31e7a1a23f17ca8c19d148ec2c7bd33f00e14
1678101684.9602737 A
b9ed58ca2fc7847d782f6bcc5ad18dcbebfc5ace8f81e4bbc67f96742ac6eae9
1678101687.0337217 A
718a3d954b4bda981bf5684ae5e87a8e7b9b2373ca182618c8bdf22380e45411
1678101687.440014 A
47df29bc173300064672ce032fcb55fdc42a5f80685eb2f50e954a584c76a1c5
1678101689.7667904 A
8629a53e5b09f0d07fa73dda253937eef9d4029a6f7fd73764ee1047f53e9994
1678101692.5520666 A
5c3091c5bd39c53257febbcde7420ef16e47cab3ac97e0a35c31d07a1e430eda
1678101694.9606264 A
0b52f8de678ff516a327e9ebafa1d43c1a1a3d6c014af8c258a0cca169646cc8
1678101695.095641 A
9c831b95f5ae9a5acf5745fcaebb97af844de803577411dac497669370a4415d
1678101697.1288714 - A disconected
