1678098638.4627995 - A connected
1678098638.466264 - B connected
1678098638.466342 - C connected
1678098638.4766562 C
ba4e226152dc3523a48aa31815352a42f0a0363301dcb6af0833f154f1ff419c
1678098638.476758 A
e6bda54a7483cfaadd3b5376ab05279f798982b17e7285133a555174b6e7e5f2
1678098638.4768088 B
32700fc7fdd6419c6aff6e8a4cc13f66ba1297a248a7a44f2bd8f4ea481cf81d
1678098638.4906874 C
011568996f6444e898b0297a1ea38ac3f98d6af47901fefa9d5cad6f00332c4d
1678098638.6647396 B
bd4d70b3df4e6cc884f421e2146beb8d4b820b2123184a5ab87baf23650a859d
1678098639.5408485 B
73164fede4d87feed22854ae3abc1ebefa4051d656f77539811c6fe35a62bc74
1678098639.679135 B
475120be1754ca42cb03c4956b04ee411293f6256587daff46676ef044656a05
1678098639.7227294 B
7a2da3991eef41749884f046b4068828709af4d4eddf2e78d56112fae8c2e21e
1678098639.8458939 C
c8aa5186ac1b3c01afcc428e13799d261c02d2a78b6cf460643b759cf32e4987
1678098640.2451339 B
572cd1dc637638b8a76503b5f837fba54c5db3bec021b53d2d7c024c20fa729b
1678098640.94757 C
1732cdbeebe727a94c6355ead179b317087ec3ff9947d5818fffe5a11124f53c
1678098641.1020494 B
dd711ab02f139a8c3076655994cc3944cdaab2cfc61aa99eec54abf59f5095a0
1678098642.1113093 C
9601fdb65cbba2caea182b51388e231cc5b1b32b85fb5d4f4e39345e84bae71f
1678098642.5392191 C
7cfac2a2f59f6846abfe11ad9723d28033e00ff6a1fa8b4fcdae24c4ed33205b
1678098643.1076922 C
435c8679b39a86f3ac348571307cdf77dcf5cf402ae72baf34f33a6f377385a1
1678098643.7383149 C
ae5254f566badacaf56973a695bca26928fc68fe24b6d5d1e554f01d94ad3bab
1678098644.5087492 B
bb4e5adee95de579e098437e031f9a892611e0e889dbfb96852076ee758c0911
1678098644.9227195 C
df13aba8a8b469839bafcbdfcdddcdcca016e552e075117e0cf0c3fec4d7594d
1678098645.1697166 C
80f558e8d9589b58306e4b38eae8b4f8d20d89679f091832a40ac35198035413
1678098645.3593585 C
5f85b23a7b08e1147f9ffe5ba7901993950e2d4e8bcaa4eda7bf9bf81f15aabe
1678098645.7076025 C
c6fde23f03f9f6c51d24931c686327672a2f2d52cd22a1684b02cb422ba15e57
1678098645.7654343 C
6c39141ed3daef46825e159644b9063857c36a8116735d54681f0682f4968ce5
1678098645.9106095 C
f9e5f97f774e2ca62ff9dcbd5d2b9acde293f2bc50362837703590ced12794d1
1678098646.0555978 C
fdb095878db93fecff3b65b849838b6f102bbb6ba29e1ced5dfd0b8b54deec77
1678098646.1514034 C
84ff3ede9638736d4225aa7d8a5ebdee2976514a929a607fe989ff08a3a90192
1678098646.1561387 C
f81049d9e6c8acb08065349a0aa6f4d8c79262e12593ecad5ee0d434c8e983d2
1678098647.3538995 C
61df945ab940492d136d71f813f16d9d0274bc360d5622c5d21266dec314090a
1678098648.135858 C
865ad1ce532d94b07c061a74d1daee133ec4a49003c7beffb9e5b9f2f8bcffa1
1678098648.3861969 C
1457d9b7efda9994a8c85797aebc8d8fbcba43e029e3fde7284f30d7b5545ec2
1678098648.572331 C
d41328f9b0698fb3cbc05d5e7d21a8f95c92f24d7b6a7b0111e6f63c94853095
1678098648.7233868 C
6af99841aeda3bb6129497710aa100fc437b38bbb07bb2357999ad760ab212e1
1678098648.9693983 C
d8109299e230eb95a7af6639d186e82780512d4f1cd5b4b736d70196a107e387
1678098649.121995 B
95f47542f730dfd75dd75cab294f69d72194223b9403448aa000b919b74a743f
1678098649.4489613 C
d4629c5830c53db74464d176ffe92bd96cfdb732fb101e86df84780d5f1e4b42
1678098649.6278338 C
ec00c1d5f9e5b3f8d20ad33519096a311a868991c051b8b3804242e25d25b6d2
1678098649.7275014 B
057ab9a0b465bce5461392f41fc1311d596bcfddae555dc126a1cdaa71b4934c
1678098649.7761357 C
3c67e89f14ea8930030b5a82d7a21297c3963406f2a0008801f9ce1685f723a5
1678098650.2681093 C
d58f28906e9bd4bf05e8d3f052c624cd35db568b17c8486104b711b2a69f8757
1678098650.398117 C
6d5ca8c5dc00783606b838e18b43a46685c29c47c0d91820e61925697af1aed8
1678098650.6871817 B
74c400c6dcd503471c42f2844070629e956da362800cc1ee4f49f4c365943926
1678098650.902898 C
bdea1874968463c602fa2cbac2d1028ee1b41bd6f6a6c1668a7b011f89a372ca
1678098651.0812306 C
d86ce3df98ee72daffc3bae714526e5c9a831c5cc70b0bdc2cee55fe869730a3
1678098651.1653728 C
7e47567e0e4a8352d380e0e50a89c1aa46f94888b4f782083383882c791aee6f
1678098651.206399 C
0cc054ad5fa8c7cf0281397592dd5f759d9684c443fd5caba07679e8f34927ab
1678098651.904597 A
74f6b1851deec86770b8048315c22ed3f8fad2f1da4c42129e46db3a3caa9857
1678098652.1920302 C
4e6fc8328a13c63160243c49f0e1f3a31924ea17963eb0433aaf16d9b13b2cc8
1678098652.5168889 A
64be4e5e7e6bac6c6316cf1e6e84811cc86cb9314c44c01125f0726833a247ff
1678098653.4373376 B
cf7a9c700ac372755d3fa461b1ba547284c4db21c533241e82a091f797c58feb
1678098653.7425747 C
8efe578a0d7d659db0acac42738027c5925b92b42fe641ea3373851e826c548a
1678098654.13022 A
c69ea077ab3eb12dc001401b0c8a2c68f4671b74bb126bd2d8084cca1c19b8d7
1678098654.2092721 B
ee95340bb2e46d9a805f035ed42f39b7720317de5495ec0c3562023ef74f244d
1678098655.8946633 C
b79f6499ba11fab5293e8f5081d5c5261712ba965752e36d7d146ae708696d0d
1678098657.5071325 C
70a7acaf0cab3b57cbd268f2c73684c07fdb8ec5ef6a3d8a4a01dad3bef6ec9d
1678098658.0244648 C
e338e03e9a3c5a75848c199d47aa608ef67b17a7e433707e85d7fcb3fb88fcbb
1678098658.642726 C
bb3237b81cc21023e88ec66f9881d350b61dfbc1692e730cc8e7224acb2b2672
1678098659.2881184 B
842e1b6cb4d12c2115317a892f0b4be07be126a2776aab5f16617d5706d39d62
1678098659.4806638 C
04547f00083e1bb0acb39be5914cb6f5b5b3907823356c63ef927b586de836b2
1678098659.6268187 C
f662397c64099ff6d2042517aa26b9ee78d3464a584d37e3216e3298314d5f70
1678098659.8917706 C
b10f1473327446db8f173b55e8f8cea96e77efc01f6a9e3d06198445c74f4c82
1678098660.3109448 C
2a93b7765a167b3d6bdaa4aec01894e29982c8f40643ae17d2956d3ae14168cb
1678098660.4689856 C
41db7f1da0dddc6a6da44bdb94d4eca6d516580563001ba2672fb2563040bb3b
1678098660.661885 C
466fb7916986e09dcae9ab850c4d74c76784f7be23c68c8a672bdbd169ff760a
1678098660.674655 B
e52fc3496cc1372b8d9afaff44a7cb1d26f0d607b65a8a23f04eb23ce3b4fefc
1678098661.4591305 B
507c082316bd91c720bb1cc1343d8781d5ac3a0ad803bce8900487f2218dcdc7
1678098661.6905148 C
35df24e38f3c77278cd1745a471e3550bc4cdc3dd00bc6cb3b8016d123e34a4c
1678098662.6121309 C
c22606cef8ebe15e9eca6cd74c85907f213a0ab41a665a2112aaec5fe0d2373d
1678098663.3337321 C
34f0ce11999ad087e6f4963cfd1f19262a8dceabdb5760dc95e5af8759af8902
1678098663.54016 C
12ae515979b4d1729fcb66bb2e5bfbc6d2f860c565e426482aa9898b7d018f82
1678098664.4370077 A
5ec42edafac2376fdb4fd0cf9470a0673e2d57938a8954e2a505b61562c55525
1678098666.5594075 C
96ab5bcf21cf1149161f2b45bf7eaf8fc1de25611ae158b69c17bf1aa9891377
1678098666.6974797 C
c042e1788c03bd96b246a9131563d2c41264bc29f49826e2ea0e5659d1f63220
1678098666.7190518 C
3734bb9116fd360ad4a096323b63bfee9cbbf025a9c6d91b8c56b1b3d90586cd
1678098666.967874 C
024751b0a43e61ffb5508b27ccda23193b5731ba3031309473dd40f85ccdb6c7
1678098667.0011437 C
2860b639dccd3b6df8ee466d716a091c516fa68d205fa21346b5d555b2ccb0e1
1678098667.0008686 B
4f33eff660e33a104f9b332637109ae03cd090bb54cf30d97768c1d8d48e8c06
1678098667.204565 B
90372089c9693020a06168655a01e52d93272034bfd0b7565322f580495a0432
1678098667.4481945 C
2ced575d5018fe711e8b689b066a6a74b3ed0795ec4d5ebff578a2514b8853ec
1678098667.7156768 C
0d1ab5a74130731e8f0f58fa8f25b0bda7006eb574e98072c6e9149840d412b7
1678098667.8895822 B
ce90819896d9a18e62c7fb546586273406acb98bad68692ad046c1d8f93071b5
1678098667.9708147 B
79a8764a5aa8858b3709fe5022b454cc46a2661dff0b753e1cff418056c4160d
1678098668.233302 B
1c07fcceb6059ce8ce18a8476408a42d1b26f7241c12f7d7aa35a524a8c4a160
1678098668.5023332 C
8d245ba2201afcc75cbe33c766d8f6213ae60b22968227eec815e0ffcbb8142a
1678098668.501286 B
14b9af6ded91cd9ebe35979f7f46b12d391a9b775517faf56ed19ae292491bd8
1678098669.1169038 C
fad7f6cfaf2750ca13c431df7d8b027f16408ab9e02ebcbab192b4358b67ac7c
1678098669.2724516 A
116cc17a2e40c3762843210aa46a70d67435e6335b6a20619f74593fc957b6f8
1678098669.3935065 B
762075e92e9dff3de376486b51b54b3ecff19edd0cb9af0e385a0e72a78a5db5
1678098669.49588 C
dcfef715017cf994a4984bd490c6f8d52a28db81c3a1913fc479960e4fdf4ed9
1678098669.8718846 C
2c8ad9932f37fdfc26e676811ae10ba54f5be640bac9e72d97dc744b135bbb69
1678098670.4448302 B
95aea93f0a9339db547df8d4f4c293cd6fcc7a198853d65860a2c3baf999ac52
1678098671.3536234 C
b6fa8fd985da37d08e3f7eadf3d3df0ca9b0f1d8d9cba31672d2fff51e2ec048
1678098672.3161077 C
e508dd6a72443e310ed0ac0d7c0d241f207ef7c730a074ccda592db4a9e7b08c
1678098672.5995667 A
14cb06130a9e548715e4cdf1d1fa6c82e1e75e906ddfdf0b9df966d1ee46bef6
1678098672.7924693 B
dc1eb0f1222fee52102435942cb19da585a27bafb7d3e71629a5992708434811
1678098672.8059797 C
ecaab4b2315bafcd4e435809a955a3d085fda11231bdd0b2f74eaa7314a271f0
1678098672.918094 B
fa8c18d18afdbd97fdcfc2b6963822b13f7315fb784059df812666d767ae9f82
1678098673.0081139 C
f34c1fd7870826f8c7a848449844ec3c20ad94309443bbb86232a8ca1b3e96e7
1678098673.3561957 B
df6ff50e2dab654aeea7ed0afbe960dd79cfa3e9d320bc525503d2a62fa34046
1678098673.6102953 B
db3dcc61c14c7e68fb493aa5c6c585bf83f3c0c5e05f95fe954e1965b198f734
1678098673.6446314 C
b38fa0b4ff98fbde489c0b3ebc6259f7c87ab18d0cc48467b21f627a0287ab99
1678098674.3450327 C
1a5828f79c9c22a6ce9b6d8562584210bf9d9ad3960f770fd74e69564a8a369a
1678098674.6072607 C
8c24494a56433a0d50dd4d4a9e8ac55ba4c4c7c291d671fb9326cf71e715c709
1678098674.679703 C
00aea9f1b56367326a97f7b021113f52bcb4d98495087cfc0c5097b7b3bc4aa7
1678098674.9134603 C
baceb5127219ab1b3dd427893621e9349f987544b7aaa614ffb25e0bd2fb9a18
1678098674.9418714 C
f69005a23162abe8f34c941573bb6e6a2424e30369294dd9a68eaafe8f4b18be
1678098675.2191463 C
8b8cfcefcee5ddb0c29f0fc704134cc78a594c909147ae5b6bb653861a255454
1678098675.2629774 C
20f79da01e67954bb91c011c2eb858bce033d673fb8b414b21e46d49439efd83
1678098675.4413261 B
5d9f65958e94a7fb2c33fd7848994787553d64863539bef8a9ea69c66bf8c671
1678098676.0415297 A
cd39e832a4919913c5470e82c3ad0371ab37958856fb002d2b92a55b7336623b
1678098676.7467546 B
62aecdf143379b994a799321bf5c55e3f643da1c5717fd205f22891a98d7cba6
1678098676.8772538 C
3dbad4b32c8707ca9351f5b10c155c962dd1f5c807c944e44aa4c7c8816005fc
1678098677.077313 C
79dde93c00ea55df11e92f3aad0ddfcc98db32e901e25448a56734249c1621a2
1678098677.3100655 C
6eb7503ac2abe16d65e77c5f3424a272e8f5440930e22b8e375aa5a8b28844d0
1678098677.5883234 C
01cf6dd90075567f597458f73da5c2aad34080de00900a3566c15fc68a3c11bd
1678098677.9194562 B
8ce143d6e2b5976eb8d597b1b16b010997c38ad1297082b6104bdd4d221a905d
1678098678.0717814 C
f4fb6e75b04de4dfc7d46a989bb745cb0209dc8dd813d988fc452374b4f1b2b8
1678098678.278504 C
3cf11034a0983bc6f0a1532e1a11f7574da7ce4582f0581746053a0f34dab0ce
1678098678.3800335 B
a8160604074e56ad985c5971f2fc866812b3f39014a2bdfd545a421c196b8f1a
1678098679.2657735 C
66262fa60dbd2f5184ddafa8b7205c814dc2f31e0aa1f0aa44d04268ba053df7
1678098679.3028324 C
d18f77ebc59d8c148f6f6889c1f2c31e13e992228b181809a9a2bcd826fad61f
1678098679.405909 A
acbe0ab209c0a7b4bf8ef947625bcad1484327b54b4e81215c35c32f2b70afb1
1678098679.4350832 C
dc541b1747e078ad723641315e0ca803c3e551babfe416318722b7f6fda21a27
1678098679.5020072 B
c2571e0969f81a3f2bad0629577e39a66be5df0088e73fd442116d74ae507ab8
1678098679.806356 C
3dcc9fb6e7a6f071c4f5341fbee61102a86afa3cd688c8a3d6b4df04ce894fe4
1678098680.307605 C
734d948e7c4faf21e22f01168485161936e11bc648ae1b799054cc8a09007f5f
1678098680.3418431 B
35949600de4c0676ff87d45c325464ed95ab629b8ef45e70c08b4676cbfc2232
1678098680.362721 C
9c849ea280864b1703984347bbe3cc859f44af572ca2ce412089961c045ea33a
1678098680.4418664 C
6d9dbc6026c7a75eb2331392b60fae0a13091321601b8a7b68ccdbcf166a5f51
1678098680.527811 B
00941cd58dd3e1a0a755c8879d6e5ebd8b3e93b0e4b7fca0862dd366b1179a47
1678098681.1088958 A
6c440277736212d6427b98e7a31bc8378f6930d3e2047e7bd2a1618b7b82da00
1678098681.156095 C
6b13adb17f3c9e26b71231dd0160bde011be3741708d067dfd5ee4e72fa6574d
1678098681.3311725 B
abde2b115b7ed2d24911a220ce7d1383475fb96afe572a80561768e096229a8b
1678098681.4979992 C
ad275a763159a98c6d2dea3d151cde8ecd151258a1cf5bd8a359d5527ce6a263
1678098682.197472 C
3fa4d9253339e5b6cda10ac33714b9f2773ba08ef2c0b98de66cb1a2e8a54096
1678098683.1425397 C
db0d6bcc1c32f269adbf8bf2775f6abbcfa22c17e9d72bfe98d9d2870140caf9
1678098683.3992167 C
444ed6d296ef96977c8db2563449cbfe58089271132a7e7ac700044f532bf062
1678098683.7982135 C
67c6274d91af9f57996eea114d64146869ea9ed0e7c657d71fa4b7de2ecd0acc
1678098684.066842 C
f931a2e5a593de227d827a49c05f823d401e1b9aab34ffc8daec0432b18b6dfd
1678098684.6055412 C
64a20a8ebc9b0dc62b8de9fe91ea6248118c7c2f630a364248d4a1ae59b54f8a
1678098685.1842394 B
16772b210f7a21163e86db857d01aeb9c54ae9498c4902e8d3e580a0ed144593
1678098685.3109014 C
3e7032f7cd1bd5b5391945122a0bb8fc29d2973d357e75d78092c94388358062
1678098685.7355585 C
8f357cec63b036cbeb0ed7cb8daae751554bdceb6ba76bce510e99347976a7a9
1678098685.7412531 B
a4638113bea88852cc79baebf94743cc5cd811e96c3e2c0287ebf05084a52bbc
1678098685.7638085 C
22851e291e6adbd4b5d8036a6cdc19adf9c9a42b09c915e5f5c0861af256531c
1678098685.9388072 C
49cf347a0c282cd39233dbd62bf89fc3df5765644e71e86cc87f5da898d6f03f
1678098686.214778 B
d75f9a2f756a1e6f33c159c6f35f7dafa8c63f7a0967712589737d4141c23b06
1678098686.4293234 B
e9da869091dfabef61ae2fe1297abb26a78fb4ea721de4528bac4178e3f08bd1
1678098686.5937958 B
8344b87a3e3be43699ca0d0880372c2b0ca82d03fe2dc6ad95cf2da9db5a4d86
1678098687.1858773 B
bb22e205f9ac4e2e713fd864042e8947c367d254a5c093f7b2d23917bd42b912
1678098687.3679056 A
f77ab7a83b20e7f084dc85cf4b838c9129c4c4265b86da1c479b34761de04978
1678098687.8670938 B
06fc6204efeb33bd5c6d1759f417c812728fbd618b9c9105982ffac17939cb61
1678098687.9954374 B
dcfd010d6f242e9faa0357827b1377bc2145c2f62983591226b92a16ce4be1ae
1678098688.329829 C
4126a0d82113e8caa3e5412d49aa14374b522152fd59127d3b9a49bada61b92d
1678098688.535053 B
5a3ae6852863264ff4e89ae5675142a2c9329c7e9d51e4a3616874f97ba6af17
1678098688.9606893 C
000f856d8ca7bc10685f2c3f879dcabbf5689c31b524fec6e547b51149fc4314
1678098689.069158 A
52a61442fa808cdb3965163dc3c0babc3b30abb75710be15503990654d64a4df
1678098689.1266942 C
3cb2c86e3f03e1166d3d6127d6101e6b8295a2da8413dbc18d91880c3f7e80a8
1678098689.155632 C
5fa9ec51eb9ab484b4b9fe95fafc0d97f41590d93582bed9d9a79ab726db6f6e
1678098689.3134003 - C disconected
1678098691.2525258 B
9a4392a9050d0d0e24f377721f82798167f13d1313fa85f0a6296b00e4cfa145
1678098691.3802109 B
f110417c9b4bdc14bc1ee7623b24c38ac65f97831044985665263e901d9b4ff5
1678098691.8825493 B
638aa534de1d17e325434e87f3276317aa52830426509a3d6e23c6a5c3a5addf
1678098694.362653 B
61ee3c4cf143a723f1ff2b0809959ef0c2ea4bec740bc65f2684bf96ba945f68
1678098694.8696218 B
a6f4c741c188361ed3b1ea4cc9291e7471af30c95bc68a8b1d7a0122d765790e
1678098694.9747512 B
b02b5f75312edfa61fc547eb9a2a25e443e1bcb03e7f54380dd8a2c85d05daa2
1678098697.0903177 B
eac85a8ba04560072091564ef7469c5d55166df31b9e2343d24bc443fabc74db
1678098697.4443462 B
abe984f26d68ccc103cf1512c20c64d5259b5b6ed117c368af14a30e52b46ad2
1678098698.016066 B
523110dcae17b6461dff9c59f695fd1760e78fb4ebff46f77241c98ab439941f
1678098700.4795885 B
0dbc29dae5089a354f005a1a2dfaee36c28a0f1e88d49c3427d3d0a83b969938
1678098701.0853148 B
f407a907adeec4b98deedd0318370f187d614ee8f134e49c34fd59cf898e73c6
1678098701.5690622 B
b1d79d6354bf4df64e17e754f95aacf56b9950b9dd86cbeb8884f81e37dc64f9
1678098701.6874254 B
8c670fe0e29e0d9b50c6bda96c458c1fc7e3c938d0b2ce44e328b6377b8e0c26
1678098702.9085708 B
d78b9e6bcbf24ed175db50dcf84f10848cb7ab4a29c59784c02f01c184cb613b
1678098702.9271436 B
ae1280ecf623bb01ba772cefe0da1de2ef1e44ceff4ed142a766aea2dcf881fd
1678098703.6878746 B
7f788af77aaf82f917977930e238f26dab49da94c97c31c64e3b8b170aeeb0f1
1678098704.3428826 B
8d47a01e42eed246c5ed0d11446eda21a2bce525651ee5e2fdbdffb346e42aaa
1678098707.6147537 B
c48639e9db431abb2ad0ad1beafd6e4c6b863b379d80b5d034416d7235291c2f
1678098708.1745844 B
6c45452e44ec0fe617e1fd5d6b5e66eb5c2cd90ba239bd4561b184b4f5206c09
1678098709.139189 B
c50534e915f9ee46c51be0aa33ea6fe738abd0caf81735936da1ccf1e7fb6aab
1678098710.3363407 B
cd0d6b12e4367f75b4f092c31f9a1c1d3f7371ff04753dfbfe003ee18a50439e
1678098710.7015948 B
6b05d9618c9112e41aa8029f8713b3c7895daf28c8f235fd611035e145121882
1678098710.7222664 B
b6c5d49313bda626bb2b4677ac564bcfdb1c28d9a19b588b30e2c59dec9eaea9
1678098711.443579 B
3cb604c246d2f34ce356c7ba9bdeac450c29d81d60e12fdf76384123e52cdddb
1678098711.4781623 B
764d60ed9bcfe2c6410aac99dfbd4792e69d6ac0d9651eccdff2e1b032e776a5
1678098714.7169828 B
52d6f9db3753eddfb7c778bc4164137494b1de1a7b41b90dc699c0c14dd783ee
1678098717.8654935 B
d33aa3f9d1a94cb3dc456eb3bda69c9bf34163c292967423c39e5d156d90eaed
1678098719.156193 B
75cacf714ef20854d214db80c65c7a0766203a9c2162848022ff41aded0599db
1678098719.28598 B
0d01663c625bfb031d3a0c87c1e9fce121f21140881234c0fedf12560c6fab1e
1678098719.4016466 B
08b5aab09f2d4967c3f79be42ea7e0562f63c8ea47586f852b6b1f25e7096703
1678098722.4899049 B
340af3ac884c114ca897506f723e952fea27f80f9cef2fb3a62ac05ad0373689
1678098722.7314246 B
7638097c4021a1da0f8bb4bb120020f77c28772945c8f2c7b33063f1881c2b5c
1678098722.7534866 B
83a4066e202f25051b0562ed3884edf871b6b9a0eca9079ae881a49c7de664f8
1678098724.095882 B
dd9b084e170c8c081c48bb0ffb2e2917d0a58e5e902a0ea01e077a27bace76db
1678098724.8425891 B
9c6ced34f54363d66c417548e1a1276a83776c2e629249552a42c01b99cd571d
1678098725.5239599 B
7056b699da1124819b8c199f531b2df1c474e9575d0254a9edc4821b04223290
1678098727.7052314 B
1de05184b3fa30902e140bef0d9666769d007cd05d5ada27a9a20185202c9098
1678098728.6319451 B
9f4b0cd64cd3368a36917a3b45c8b173dcd3b1d05e923ae8c9343a6bddaeb06c
1678098729.3280284 B
61133519881fc1cad2b00ef70ca0ce177f0e20a4bff3e293cda1a2b7e262ffcf
1678098731.4473605 B
d5d6d341e038f28543d358c9922f774c91c363464c153f8728de9f9fea9d7343
1678098731.8517394 B
4ef9ae22c19c650d1889fd8cabede2729e9d261714231c002710b80f1492b936
1678098731.8824966 B
637207ebf7224ec381e6b5454b9c27c666c3181dda234f5e66d6b9ad80d2470f
1678098732.1861215 B
399806df55a90a18c4c3a2446d422d30b57291b495e5ee40079715356acde1a1
1678098733.293788 B
94cf2fd0cdf96109c691874e1cee4d2974895676815001a70f36e2f7eec20562
1678098735.2848158 B
1b503d05ecc4cef8bf0e5f0f2b6f8d8cba229f5ba509851796926d5da728b4b7
1678098737.3976786 B
1aefd457b645826253ed6ce58dde42c83ff98e5b6c7e7e8e16dbe8757ab97219
1678098738.7198935 A
06fe4e7cd586d9d0a131771dc9993d81a4a41a08af3b680fef1d2fd2d564fb23
1678098740.1445465 B
a0e75f3800206b1cf16088eab671a262666015a14c376f019bf4ea40482724fb
1678098740.4083624 B
1f2b94de562d78c0e5cf5f934dd8faae01f5ec6c1322ef603f6b964249db41da
1678098745.6519928 B
ccdf038addd201d0e479640e435a1794061e324aa91758057e6bc5fd8cf84391
1678098746.995299 B
52a1ae70874e8e58624fb3083328e506492fd71ca4de6f099acd76e5e31a718d
1678098747.9740646 B
3d171871b873de9eff0ce6610424001f8874623b4848804865be7e06632db439
1678098748.711606 A
6e6c2b8c9518bf6bdd2e1ed92691ff797881bd458c419d3b6747b97921f2dc4c
1678098748.7935627 B
d3059e17fa40149c139a73d124a77bb629f8263bcc44370a7b9d75a0fd453e27
1678098749.3726745 A
441ee37e7a024af07462124eb2856974537acb7bf7fe6c2f747e606a347ecaff
1678098749.57085 B
377c41681bad73f26750ccdfb925748fcf61326fa0906ae188b0c577bb5dbaab
1678098751.5846832 B
0493317be2167bbc6cb30e4bc46f5097ff420561764c45fdcd1899810b8a621c
1678098751.69457 B
cd727e0dbd63512faeff3925d87aa95e9003c2cb9441d0c8dd2440d2f4375fc3
1678098751.9071605 - B disconected
1678098773.2536922 A
9aed1871708dec3999de08a4f5a675eae1da59aac6a20ebb7f9dd99934738505
1678098790.8620603 A
707eb1883d22247db3dabaf5296393919083a515f0a0ab38af099b1083324bc7
1678098796.0251157 A
5b5cb776014c92ef9d99ce4f582f9aacc0332e5e11e62ee92aed372632b4c21a
1678098802.1514935 A
2594852842dc23e3e910e36ebf69d6b1ad777bc229af0c1a394e0ad0f36e8ee5
1678098815.4237227 A
db8f707755a43fc5b1b4cd9de8b0c7802219011f58c295c96bdcf0ae4f50762e
1678098847.0330358 A
906ae91bdac6f1b30db4b2fddc5d4f7881316dd8e199d6d331301ed1249e1517
1678098854.8783586 A
8709f80b49d6f3158e9fe4a15425455fe204095b0f1e69e12a568193563359b0
1678098866.7855854 A
95aa228a8ad6e0bed84dd14d3bbde124cabc30f56b53ad87ed9fa083b2d3e354
1678098907.989096 A
e0bcd3b94d26d93da4639d86ee5bcdfd27f6b4a42d69c430e98bacf35c40a8a8
1678098923.960053 A
610a2ae2785dff56c54bd6e9a81de91654217995e5d5e9ee569a182fc2adec0b
1678098935.948535 A
4c3ce6ba85ee84b77940e9de037623fc5cc78195be6a71e97cffe53628ef5523
1678098941.2159479 A
6e659ff6ff5b5c3679a7752a26d1457002c136766ba0a0907e88200d91587211
1678098947.0068643 A
a96758b1cf240ccebf0bfe0e8784da6a2a15c82bc3bbb6739b956894b189ee00
1678098953.0034811 A
43ee8d1f1870e775efb45471a419087c7f3af27709c368c10697210b9b1a32f5
1678098961.739391 A
c4298de669b86a4509b77013e8738afc8197b5ca149793eae2c8232e63fd0e32
1678098961.9534836 A
b5cc902410dc21afef60ef5984415db402089d8a9bfff92710f7eaff1baaaaed
1678098965.0629282 A
3fe64f2c2bfe3ac8e9f1ffed20f103f68c5b680c0cb31cb1e1330e2dc4f7d24c
1678098968.533698 A
57e9194e786c380b45d4bb25911b6920c96f489f62491a1873b7e8e5f2c8e9c0
1678098994.1914647 A
a43ee65398143e04ee1dfaea773f61e507f4d25de66e1e01fec07366018127a1
1678098998.5307956 A
48f1ae11c7a509ffcc12175aa5ceb19d23dfea3f8dad2c8f9919463735dece0e
1678098999.380875 A
568d759429e499460d2ea0f0a772282a67ecd505b4f047ba49ba7d8dabea4c48
1678099013.816177 A
12e1205e057f7ce30228d1bc14bfa44927c8e752acada03f4be18aca9ae807e6
1678099027.0284343 A
28ac0001ba326cd0278254a69a88d7e167b2fffcd5e1aa161653189bc5e1b5b4
1678099037.4989412 A
44af7df16ec79233748b19e67ca0b811990b296ee3fa189ef02f8a430bb6719c
1678099038.3080068 A
72e5f483bfcca9022bfed6d95e1a814e42289b7a4ba3f94b629193e56d3649e0
1678099043.3039706 A
c1c7a1813a42ec38d18909e1020148ef7d8eb98b84e3b59bad5db320ce0375e2
1678099049.278502 A
30432d7c8ea7a9a317713657f5fb0a24af5fab1e69ad9358511056206b61d99a
1678099051.4784808 A
6e9dfc6618dedcaa72992fb62aaea37fac1f2b54c2961d40b2878518d7ca6dbd
1678099060.026845 A
c862880637917ee7afe5395871c791d6f7db2efc0fd6ced07fe88803cf4b08f0
1678099062.7265353 A
183bf6310db8fe9607795d6f5f25c9c45c1d39a40d65e0bcc00810eb169dac32
1678099062.921207 A
3510e0013b4aeafe29d6fff59094d338b365ddb39e2d3b84c68047324acde282
1678099078.2924898 A
3ecf2eab0938a3f8258ece9873ceae7fcd25892209b546b0521f7dd3df947a4e
1678099083.5294924 A
78335b85ca5ae5dc9e917b2c507bdb775a3032189ee53ec3a6a25513eed59bd9
1678099091.6369843 A
abd3c9b3fba5a93fbc6d39e66f66ec35b62421dc4cc6a3983b950f501ad1be8b
1678099094.593842 A
fadb1d5f0f0ee33e1761095100fbcc3ddf5ebab6325683da741f78761b4d405a
1678099099.4111485 A
09976c25010c9e68a7b99043d85a22ba0b51fd4c5ccefcead4dd241873cb68d5
1678099099.6518703 A
2fad85137699f09b1848b97e5fab8ab79b57d8672e8f46d834d97017bfdecc72
1678099100.292979 A
65a1d50d182eb3fe3cbfaefa3b5c98a82088092efac0a9f91c20e91847208913
1678099106.6645377 A
0b7623cae1ad53f16c4208b6d0d494c1a2301e3e66528608228e6b112d8603bb
1678099107.7893417 A
3bea260183ddca06389fabcb9e31f11d0b0bf276226bc15153a71804289ac2f0
1678099110.5731995 A
1a348c97574d78d31f545db94cea331ef25ebc9cffe804eb1e5b4291f4c824e2
1678099128.4707737 A
8bee2df7b104a20dd04fbf18ddbb211f47081b079b7c0ac794542ad8a7bf311d
1678099149.2145455 A
94cd4990e52880bd7c780dc12208fe0440fa92d930a60fc522c4e6ae1224030b
1678099150.6880493 A
28081afcb3bb33a2f97d4193aadf46b5e31f32249b8cc3c2088022e8cfaa6b99
1678099167.1375344 A
911796ff86ac40c2d8bbe3b7257b228b4539c54384464098be7e64a90665d198
1678099190.1501565 A
ac62110b82e3ae92eb7008e3c08daa84af62a345ddbb1f4008db79e66be3e92d
1678099190.8792398 A
d05c6104465160dbb212544f91efafa0bb5e36826af95b53e94c3cff7fc41c8e
1678099195.878156 A
e0cc7e8a5dcbdd0b065dd2b4b1d28f7950e9cdf25dbc21dd54aa747bfdf39185
1678099202.9316068 A
41399429da4bed4824a18b5e9fccc5429c90879a2ecef4c53537f5fe8ab706f0
1678099209.9989433 A
a91d33c41f7b1c5b6c7c83a6753acf9942f6499822581dc01e9d3d2dedeeaaf3
1678099245.7659075 A
58027ce1bda14f63646f1413751b37f2becba6258ce708ee76037b1bac17f304
1678099252.5525575 A
12756746e9bad6dfcbd3d57a306aa2c4fec955062e86c53ed86e19e84785bd35
1678099260.978834 A
62c8e3c72c2956abb1337691f4b74a552ab6dbe9bf193ec4680637e75af2bd17
1678099271.2677026 A
bc9fd1657e56409e1f14f4e0e089e114e8e469ca28f73c9676490482a554cae9
1678099283.6239812 A
93e138c8d4060802be2f88a5f0b965c4bcde38d473b9a4a7534148b9aa2a0342
1678099285.8194082 A
ff3ace2caa27e9c4186eb4d568e22a7872350f59f1c88bba44447208cc75e351
1678099287.171596 A
61017b180fb26c43e58fb182bb988c6a89c40c6f8b875cd39255a56a8bb9ac99
1678099290.6064608 A
03f9e9af7e1171ef057eb5074229c39a2bf4ba37eec99ff1ebb6f42e77a6a40d
1678099291.3017743 A
8c8bfb50624dd50a13d42de011f75d8f9c2ac1e9d72c6d9029ab40d015caea59
1678099293.41489 A
858b9704f5336f50092e185c2a9dbcc848f2add8b5343c2377dffdadf04e8dc7
1678099299.7140524 A
939e019d11a6cee8ccfc9032be1e5e5e15b8da12880d15dfe88da7fbf5a73910
1678099303.5354426 A
e923550c61175512f8c7de24479e449c7dc35c9316fba85fd7f26a3e9c48e490
1678099317.0749085 A
bd1642b7087fd3d231e6b285528c7300c7dfeb7095cc28667b5f35e7c91dc85d
1678099336.5919063 A
079589ec1d5f97f71f9dcfcf6e3d66d962a6b06e6d5742b9d8ef35073f4a3d67
1678099345.1208053 A
ccac2cdcc54f7446ec3899f25ca371d5dc540eecaa26f92d1ddfa88f2d57de67
1678099349.534362 A
06e90c01f670958856abc24045fd9e89fce6b405993b4ebc9722df22804ce282
1678099350.3923793 A
258670e31fb6f13216a2e158cda7ad33ec9525413f6adc5368f4994142e09448
1678099355.2973108 A
00767abba7e6693e887d4c1f33a08d58f8885558aec9b72ada4c7434a3e42bf4
1678099356.309727 A
73bd843e387bdd58c2df5a5baab9d43a95b02a251364fc778bea7220cddc042a
1678099361.1894784 A
2893938834baf7d397a02931909a80916292346a7cf38374424157bfc95d9d28
1678099376.7972896 A
51cca071e6d55b77503108c3716064fee771249057c96b12bab4c4d4b640f62e
1678099382.8546007 A
8ad180b420c3be3b0cc8699566d2803a0204e8a21a583b38c9e886d01319fbc0
1678099390.428302 A
0c1e2b059ede90d83bacdb4df16bbe8167b5d30a6d441c5415536ab8a5872be3
1678099396.4676254 A
03785efcbeaf8b0aa225d18cd5df44d0892e1381ca5b75110d676e1609514666
1678099407.387818 A
64766d4102a086fc884264ef1d3aeebd843d33653e482f6599c1c4a7e2351b4b
1678099412.820539 A
8853a37176f255a197f1cf92cf7738883b0c7247bc1c60ed5b2b4a6637c1ddd2
1678099416.6621354 A
68d7aaa11e1d71c89ee0b485171b64f6e3091465e44494bd10d78595480a6a40
1678099447.1915019 A
6696ceeb1169fbe27ac19b4869fc704cb6a1a096585b50f7b006207ca0338657
1678099458.7932289 A
fb41beb55e6ccfdef299b4fce510a35e546dbd2c15b6940f5fc453a4f9969d76
1678099470.4241183 A
27d352287f8f7b7ba1e2ba654f1b6bb8834d86fee8e9153f2b7fe6761bfe959b
1678099473.4205115 A
c8fecd1c906e7802285e857457ece7d57782eeeaa0aedc02b7594d0777e2cd55
1678099479.96184 A
6cdd656266a75246ac4226cb55b28b6bc109da00e1fde4aac7cc9f0cbdee26e7
1678099495.4658637 A
9a2055112eb1ae79eae6bd73077a25eba144c6990a6ae4701cf2eebd7fa3a200
1678099510.259452 A
d898dfb2f7d80fd3df56d47e972f8265380f0f2c511422769a2fff3a33786cd7
1678099514.900409 A
c3bb0f9f0ad30f49b26901665d30ae569ae3cae6ff90efec7479848b0575b63b
1678099523.57822 - A disconected
