1678102197.2290993 - A connected
1678102197.2309544 - B connected
1678102197.2313256 - C connected
1678102197.2346723 A
48237533fe00e23be111ffbbb6f52fc5280305fd801bc2a99bda0965cabfbaf9
1678102197.2364533 B
768fd8cdc06aaaaadf9b2982121ccaa7660cde12c37f51b8dcaa8faa618dd914
1678102197.2366965 C
7f2d470df87bc356390ad85ba0cd9733735e6cb2ac0d66bf621c1cb97b6d9f50
1678102197.5997393 C
7bc71c7f87b6853ca892691939aabec921a3669b13cb8f3eb9a1c85c1a551e41
1678102198.447578 B
acf2fd2936cb616d8a9b62ac06073a0b2980892050ba057b7376457ee68f1d05
1678102198.4783654 A
40e83057c21ad49dacf7c7620dcb4af6868d08ec069b9e2075e8d0548cc6bc41
1678102198.5491066 C
14e9f60c088da2daec15a1a54b484b7af183d54076e5963368ce5cad95e5b055
1678102199.0219202 C
0f1936acb4994f4442a3c5b81c0a63e64ceeaf4724c8b432fe6078ca7797ddf8
1678102199.3147643 A
7923deb245f41f811825fbe5cb050d07166f9a0c92a6f3d642917dab35c92ce7
1678102199.3809688 B
17c1cf0a38eedf6538ff13faa438160af8c94ea5a9d44ca66bffbcd39ab700e0
1678102199.380513 C
2c1b8829e49f6449d5b791a0f7a4a1e754403b5f573a2e74d404674533c11d30
1678102199.8002486 B
69f444cc01e1dbf6d330e2c46c8b05d2f7d4e7995ce27b0f6d15458336e6e61e
1678102200.5236053 B
49fcc8f940dd817b95980f1a2df1023065553b069bb32774dac5c437d447c0b2
1678102200.557608 B
956417f92feda7f4537895387b86c9af014f83b437f8cc9c758acb9a47e798a6
1678102200.5874882 B
77963cce288e992b4f9885c8530560116ced5fe86d2d91447572beea8c5a13d4
1678102200.753643 A
8227242360f61044fe2e3ec9dccd96cca8cf64d4d139067e6d2239930e78df36
1678102200.9112978 B
745a37374bcf79c8afd17de9f24928f0875fe3c81920c435edf7c06bdaba72e0
1678102200.9647114 B
afdd2f829cce20a3199ee2ca94437741ddd914efe2a4c0c54c0e9096df8d6988
1678102201.2085512 A
78efeb428985a34c6cf33ae4692fbb141f169a23e6abed2864cae295e7d90d22
1678102201.2592247 B
c417fab36563300b2854578465fd8c120db09579c2d53826321f96ca620e29a6
1678102201.320956 A
dd3031b3c5192eb3c12b6d6c843ef0abec6b5365915eeb8e2854a7b8db06d3b4
1678102201.6891959 C
cd64b0bcf37e415b6d3e49d98e79e45fa0ec01ece37ea5942d13f339b6e0acff
1678102202.0054898 A
55688752938ec8673043b3866c8c8a0c55a2d42873c86f3de8fe4212abee5c60
1678102202.0170596 C
6b225fec9a5998d9bb634e6628d4a91b6c58c7f54aa658c823a159f5187414be
1678102202.2309766 C
964b2935f424e40f6163f3d016bc44dc1f30884c15ae9ad2a52c44a2a94ec953
1678102202.3423436 C
ff4e6805f5e538c44e6b01e731fcc47cf8fb0da13b8107d343e0c1fa6fbb4bc5
1678102202.3827708 C
77dcca74dad9b195b8331ef5461eafe2cbd5d1afe94942ae277889d350365d0e
1678102202.5468419 B
22c1f7adbec37931188807540a3e1ad0d2b9fc31bc556086b6e129581a868d94
1678102203.051474 A
bc1be6cc7e36c4fbdbdefb4e1ab44adb717f8d2676bde497b3cb5e2829ba9e83
1678102203.13384 C
23ad542af572899e4672cd5a64cb30e28938ae89b0a6704b400759db50e1f488
1678102204.1146786 B
06126391d5c26151383ed45e1f32bb30ec5138fcc30b349d84e7995aaa2d1673
1678102204.2916803 B
8b537b3e1476f10dc8e5a563f94bd0238dcb1ae1832530acae3e70643b401346
1678102204.4567904 C
11880452d83c0f8cddbba7c12885c5916b28b28a0d284cbf767ee4b3f838c813
1678102204.8329659 B
e3aa1c41be58c1eb40984ee7e98d2f6b9ff267c5b20df2312a374fef0d12b58e
1678102205.1092415 A
7ca35df8e611887110b29f04dd14c5568ba0834f6f05a7861ceafe0929528efa
1678102205.1895258 B
8d96ce466f536fe1187135fd8ae4c94f35ce7b16c4a3f33421826f992d2c8874
1678102205.2411194 C
fb24689df864db2910f7d04df3c5cf30579043e471805633adb21b618f040ef5
1678102205.5059764 C
373fbff4f9ffad7c2d895ec907f87d9e9e9b34a27812cac36fa10c3668b28d5a
1678102205.6128604 A
a01842c1a982fbc58c6fb0556ac4aa3794b86095664b9012d3539e4683f60487
1678102205.701373 A
f8f6740096e943476fbc4119fdc98553d15fbbfc71eb4b3fd23047c6ce5e4b0d
1678102206.018444 C
d99eb9cbd41bee53ff396636ea5b6b7980cec309a482e4e8e7ecddc83167df63
1678102206.1531138 C
16768979ed2178cc4520f113fadbbbd7bb10657a5e29874c3fd171e484bf907c
1678102206.3582025 C
49e76707bff5e30ffa2ad536a61ba7774d81117138d99df39c05a6611cbadd84
1678102206.3584096 A
4622b140346383cbea4da35ff2902da4fa4faacd3e36919028964452ded6266a
1678102206.389316 B
efe75490b904715351d721c205ce16ed90434ce6b89e6b120f230963066438da
1678102206.4297001 B
379316ff92a3044ec4d1a7ed0dc339d99ed24ba4c5890ea884831f1f1f72d9a4
1678102206.7525594 A
900ff002571185594d8d67039d52e906c8cb0468236ce4f5a25d2634ebd09218
1678102206.9193497 A
0f3cb44f6e52e13cbd68478e8c9b439777643428510aa87c0d3d0d7ecfa897b2
1678102207.2160254 C
dc1c7d91faa233065a3024d07cddce7f37ae659ef6edb3dc6f47329aa9b6065c
1678102207.57381 B
3060c33e8712312e1ec477607ad54db38ad1dace3bf2d69806a48ff68f63e035
1678102207.769741 A
e64fe7a5fedb707b623aedfcf73cc87999f2f48896d66bae485395366d75d5c3
1678102208.1691847 B
83a290686a92f0580578f81049e19a1a2ccd8cd2b2094268b8738d2743bf33c8
1678102208.6209786 A
9628167c73f1fd5e4708f90a66570728865ff8c2f9584660f1cc9008d8786570
1678102208.6612809 C
4a774a8b88ccf4bd30aac4e762e80945ebe52d9616b6761dfa67badfd94671e2
1678102208.733489 C
c6f46a871c0a65e04c8618f67588e6a73bd850658cd4037f821531b5a697eead
1678102208.8328319 A
604b76f843a124a5202bfa968bd2667e18ebacfd24f88408427a2e745e2b43cd
1678102208.9881704 C
c8f582fac74de927cf46b1f6dff1dbd8a719e24aafdc3b2513fc107464ad186e
1678102209.3676865 C
c2fd48b2afdc476270ddae2992da74fed1d3d51c476346014f971388a7859fd2
1678102209.6301932 A
fa25aa70472f0ffae187896e507759c1058581e3f64bf2915d27b9093c11434c
1678102209.6531417 C
694d7ccee6291e196ec22e9abb945751145ed7da5ac363f28043d8698ff97cf2
1678102209.698877 A
0fdde06832dc03875130506f9e2e8b994dff7d1b3a43a365e79206790e30bbca
1678102209.8211129 C
f6770ac3958b8e21941a821c974c058e046f33af6d3db8aad3be1362bfe9f35a
1678102209.9232652 B
869987578e7f7f90159c60b7df565ca81c58e5e3659ad229de3af7f088bb42d8
1678102209.9772928 C
9e9a3d0f0d2765d029a6db9b5676a6346429fe87304c4b1278272e22bf970054
1678102209.9978647 C
d1f219f8a1010fa9f223701498977d6302dddc4a51246fc18f26fd7caee6cffe
1678102210.0501642 A
a2af0474b6020f5297b09c6d07a98c927946a6c906e4231c2a535e402074236b
1678102210.1497467 B
27a2815246d47b9ca0fade023b4c189237c18c8eb3a021a1ee4ac8b10dee60ab
1678102210.564825 C
fd068b7469eedc219313c84d93dea49bee9ad2034cca558ca795046b1ed7b838
1678102211.0783858 B
c5bc6332455af3b196ac6273fca0d7aa133aae01dc18ba13b56efee6a7a0b239
1678102211.576183 C
70765c417f3209f1b20d86462fea76cd3de47ed3545500463c7510b1f88804a4
1678102211.6042616 C
db6f5c856a022c8b86c808d9e20b652ea1f8f900de1cf7c4726651699b4867e5
1678102212.2258456 A
9fceeb878930bec2febc8887fb63e87a47bcc6cde5f2d246362f61dc873e1c59
1678102212.2884746 C
406fde61bb6cd4fc962c9f3ab96cb3b2a056d97b79810f765fb6afcd86040393
1678102212.6280594 A
9237799fc9697138480ee846a25937e9824d66598ef605f972148121e71567c9
1678102213.1201828 C
6c1c63d63432a35e0d220248f45d61ae7353e4f2a3533ce8454584b92ebff2f1
1678102213.2250159 C
6f3c98693dadd95a97ef896d0593c128ba5a09bc9e0a2ebe547990b57418e180
1678102213.4636512 C
92797e78513a3a8cc08f2f5b4d5363d2567ed845e0cce90c099d7cc9ff257050
1678102213.7092412 C
6e21ba8eeaeb437f1939d3ed44377cbf4a72ccf58788315b7e485a30a9080993
1678102213.8979578 C
dd1051f789cbcaedca68f13b066e03df76b704fc788acc7202f1d03ce4923ab8
1678102213.9956906 A
501d8de7fbd5d9b0ff67f9e378f09ceef50420a5876bd5f7c0ea5ceea624f889
1678102214.1279864 A
ef50f560cad4f67f07389ad4d0f559ed1db588da34f06ef2cbe70ac2749b5e18
1678102214.2214103 A
43a1e22a68d36ecb4e527e5cf1d17c1fea2c785e375fa05b8aee82c16250a846
1678102214.5043337 C
d556de429f04ac9c87ef7aec08d91b186b831708239c179ac473ca9db413882b
1678102214.6200182 C
f30cccb69af8e40ee3a0dd2be048ee2392c6f5e0fe659d7564e4d9a600f34253
1678102214.8728676 A
55e033f04face550b7a8fbce4520e0c9e1d3d76aa8893f90fbf8e41a1c836eff
1678102214.9310622 C
fea3a4bbacf2d51a25d0b793ce446102abe824976bb70b355b6e0aaab681d6d6
1678102215.0160427 B
cd9dc142cfbf80c1a436668aac28db1079935149f6e65773f390a324c174b1d0
1678102215.4034898 C
81bf39f0d5cb546c5a407374595b5c3dc6a572631f903d5b9c191967310bec3c
1678102216.1449423 C
37adab40900020116e2a5b5115d377e406f04bbc8b9a1fc2aa58aadc2e898e27
1678102216.352371 B
8f63bb207e7f8dc6c4a22aacc327ebb42dcd91282234ce1383ab7ba3381610a9
1678102216.3743472 B
68fbcbda293928b92714a768447e5581c2c152cf4e9a58834e80907d2413a3c1
1678102216.3817818 A
8db3c038006724c37f322fb7442649bef67e75af75e3245675c13f9fdfa00ec0
1678102216.9441974 C
841a272332c657144878eb440828e4dea4a033f605e68e6eed8ea1502549d7d1
1678102217.2306676 B
d3d560ee41bda14071d326a5f0d128c58210e4cbe55793f4f462917aa3dc2893
1678102217.3021293 C
eaa2f68522fdd73ec1b98d7f4b115df1ab8f9e486c43f31a6731479667ae8662
1678102217.3722157 C
beffc3b8b41eb1e99b8775ac260ee4339c6f3b11b8a634c88a3e13846a26b92d
1678102217.6327941 C
0921407004280131367e5aee8c4b0044b4f1734446d512df1be3c9eba852b609
1678102218.147295 A
ccb74df1742f4ce5479b048e666de696c7ec1a4f0454037430057c4436afcc2d
1678102218.976983 C
01f6bf207f415ab0ee02799fe2da4a5e860344dd44c4a2dd72f1ba9860c916a4
1678102219.5669951 C
b4d39c5b5e3dc1988a461736ef22e8d48bf3daec203451deb02b21b3d0f77b68
1678102219.8838232 C
42e5faa5d8801dacf6e1ac39122d50d29f4616052877fd6fa99b32a0881d427f
1678102219.9015884 C
d6eb220a42045a12949493791d0d534e057f900b8a7086b736abcdde83a352af
1678102220.122834 B
990fb75086b3f6cd36b67c709bbd02ada8239a39ecc78b2be7e56c53bb3d5475
1678102220.1464229 C
3f538f8f11e3e730685bc975e191e5eac6771be03ba9c301de674a3bc9cfeb4a
1678102220.7418423 C
0febbeaabb36863ad9d7ff8ffc093761259921f3c6315b007acdb91137e64140
1678102221.44042 A
d2323239d822d04960577e297292d1e9fad6f475ea831bc65617c3c5826e24af
1678102221.587654 C
4a14e4936c0343ee1df2bfeed06018c9aa2af3605caf54272bfe01c289b20531
1678102221.6651692 C
493080f4db61b620d3661a61c1e9f79883966cc86df2d734b5c33e9ef9027d5a
1678102222.063895 C
1c0c828c3dba56fd3d194eeb6b5c04c31bf6cd5ed27eb38615015e1f525fe172
1678102222.1691651 A
1020e013b3d07d246e72d193d27cb112ca54aea8aa4edaff45330b9a87176671
1678102222.170369 C
5d09fc38ea3c3f6b734a0ecedb76c1aae81d4228874fdc333fb430ebaa6770ea
1678102222.2333667 B
b7a9b10105087b0b2f657789238678df1022f9158b709214da735422cc9a5d37
1678102222.584795 C
28a2b3c07e3567877470c820496f6c2d51c6a549fa9a6e6b560bd95ffa68bca8
1678102223.3850322 C
77b139b6142c02dfd14caceb74defb198d4b6b98ddc5a617b21863da63ddc137
1678102223.5561035 C
c4bff3e3d4b2ccb29b9a1ae6e6eaa8407bafbddfb535810d9c61c4ab584f7d8e
1678102223.55632 B
370b0cd71f75507796d57f5038bd4a96bb4df32da37187bda8990b25c22dbac3
1678102223.6959443 B
32de6370bc25c0d39ce7590238c653174562dc996bf3454c6aeaed827da9cf19
1678102223.7850194 C
6d66c187d9ef7d6b3c3a2d5e967c032dee0a8c572b421865e42fd4d39eb76184
1678102224.7881904 C
b9c541de0d8283db42e8dbb25439c0622c34cf831ad81fd1335678a7268175f4
1678102224.8178732 C
c867ebd794280a18d255f12b91ea13e40878bad2e6f901b1a683605d788a1d79
1678102224.9926064 B
c29c8582fa803bffe8345e2b8645b92b90c7b85663b2d3055e55d2bbfdaabb93
1678102225.1104283 B
ff39b8ab11541316177a1c021ef6093e966e1edb0ba9e4a9408b2c3c2d664d50
1678102225.3086975 A
c501476a98e4f10247222745c6c58e02ef407ed539ea97e000750fc1953fcc6b
1678102225.3300645 C
496a73938d548ad08865ff7eaf7e7b774f00c9e67ea6aaedb63106bd9c7e7879
1678102225.6443746 C
6c7d5fb7dbb456542ae0cf6e28c20b8e9393312be13a6d2cdf1e1ef6bbbc54b9
1678102226.9072096 B
f8f8fa7702482abe02d9ecfed9c4189c9e5098c042ca3f6590226d7c2ba577b4
1678102227.0798593 A
059f28492b09a4e0cf9606397e6ebf19ee8b832b51406f8e28ac4e4bc90e843f
1678102227.2397878 A
1855e4a72f5e48645f41f12ade623fb24f06c81122794afebbedb5fe41497744
1678102227.348274 B
e7f661328140a476122bafd710cdde075e79e592dbf285361a373d0ef80d6c6e
1678102227.7279499 A
d92af8ef19f024e82cc3dc3f736c82e353c2472cfc547271ecb218c4cb457e20
1678102228.096737 A
de527c35ba2bd45dd1712f350ccc064f4f620d2dbc58489cebcc0f5489df4ad4
1678102228.2528665 A
389c8be42e9678811b1652dcf08fd0567937364c127c6e17fc811e746a6157b1
1678102228.5854173 A
e037259b3359c9c7e79a8d5d7eddd289c452693932813161e2261fa1d066d577
1678102228.6679041 C
2748801d017cf408b6ed9e8a85f69bf49f6b3a028164d94e6ecdee35ac7a28c9
1678102228.9570253 C
6fa50371b12b85e3a481fe2e256d8d37295eb7ff99612515c76726fc8407335f
1678102229.6463594 C
44fbfe0ee3734cade3566018e773573bf65bad3d60d996c25976b77e861efae1
1678102229.6969914 C
5dee428eed783512e9e53869e0b9bca5c0efdebc3f63672954895a126e1079d1
1678102229.8221095 B
bbb4b32f83d9bb1722306fa01cb9c44a4897d157de6db8e849f1e2dd114bc08a
1678102230.086431 C
ca7732e6f55f904d40cea376e8c4454ebc56f73b3bd6648772f02f3d8f5a6359
1678102230.200613 A
b83fd90d5a89aa66bde452059941ff79098ba53dc834d75ab6593148c9208324
1678102230.2922537 C
5e8ebc0a8440848c0aabb45c3548f8d7219dcde3032415c40464a7434657b6d2
1678102230.4560056 C
e0d002ba28b34d715882dd95bfcc8b5764d558e9692392c50ef3b71a12f91fdc
1678102230.8395355 C
cf683379d4cf44ca4622c0c00914ab3146e5407e794291cb6200451ac580dd2f
1678102231.1848333 B
db3c84020b3a0fe5c2e64160b5e071494cbcff4ec8771b8f6dba1a835bb34e66
1678102231.3093495 B
d56618ba982ef6bd7d5a915afb92004c53a0d77320265a1b73e441b7a2fa3264
1678102232.3839881 B
fac05969b0b7d067a4ede1b9e276659e9f1184f13488f708475ff3cf7a4aea27
1678102232.6444416 A
10bb64031da6589793e44dc1cdc3308d756f3b86e1d29679a923287e0a1427b4
1678102232.717539 B
4f0aeb6c3bae798135bc8f06e87c6b5ba128ad955c5c2b591d831b71e55e931b
1678102233.013372 A
2948e0530484e5ba6f449a27a8062f0c547840fb4b0a32d426207645f7f46aea
1678102233.1062305 C
4f65a5cf2ebeec3d9206cea0dc776473173424f327da456921f5b6f384656947
1678102233.5608983 C
8dbf987116decab9bee4277aabcbc50877746b11706c1581e3a3377299cd2a38
1678102233.6512332 C
d3a43f40f8e04abce1ffe93db52fce5f82e4169eb5d0ff1c5c89aedcecd5f72c
1678102233.7302947 C
f50cf783cb0f2ee84d923e809f843617187170eac2a2427678bd7cba709fbf43
1678102234.2016716 B
6b4b16ebb1372eaf75f6303a13f0d8044db02fec339b5b70d4bb31caf8b80525
1678102234.368005 B
810a50ae9d61c4c846e34585eb102ec2060cbf4e9e43484b409f47e136a501be
1678102234.8880143 C
67d1d5d44e140bec2188d8a50b08dcecd3ee9bd3765e4fdcbe9c9d2b286ccdc0
1678102235.3944776 C
0e6c561ee55f4ef03276d39b5fff1ddf39cfbf14faf589faeecc64658c4aa1b4
1678102235.5689907 A
dcf53139a2fd413835990a4579c0a8b0cef427440da5d11c93439f3f1662296a
1678102235.684307 A
c09ae75aec72b6379d5a6191e5a28a80df26338160ca157bb47dc570009e6c50
1678102236.1133108 A
4947c0a0632b6db2a8909a9b4950a6f27f44c23418b5d728b2aa183a59d36e92
1678102236.2482688 C
484f7a86d61859cd69ba4f2b72b0ee3658022a7eea2572a569433df3103c6f09
1678102236.3072867 C
4579a2328afc80eddde5ec3fed646e193372ba0283a5cfcd55e4cab7992aec44
1678102236.620017 B
864967058d31e7c84a0fe48d975acd28e1a646c5fc4fbde91d7cd40c79ebbf34
1678102236.914148 B
f20bcef457ac1eec8d417671ebb60f37f2de8a68fcb8a4b1a760f9a397eddb9c
1678102236.9550035 C
00fa69c3d310c887cc9474ca737ae3275329f5a24b9b9ba5fb8ddd3ef80f4589
1678102236.958266 A
a854d39ec651e4c6dab294a4caa5517f515a2640af59dd416b252f3df48091b2
1678102237.1785555 C
25371994e6441d2c92d14b3e4cf70b2f821d23b7927abfaf1a44d8aefb415a93
1678102237.2199836 C
88a844dbe918dc1ca396f2934e8466fa36c99e7d0cf9504fae38615705ac14fa
1678102237.3340316 B
3530e803ea3ec7387f41071c4b9cbcf61577d8d6f937fe171a2c546646a2e776
1678102237.3654954 B
e9950b977aad1f2dd8029155b63d0298040ac3b51652e830ef729876dd73896d
1678102237.4338615 B
d25e857524c4114e4f2840244f6e72a9ac9150b9f040e1f77ffd65bf4c6ae4c5
1678102237.5175352 B
97383ae4f7ef9f1e59e9ef3c2f6584e6f584f7265b244eafb3355a54c8a33b2d
1678102237.6537669 B
e2b4f21b02c26ad20ccd276ff6d6a9deb60f724073f58548c25ff3b5fa00be6e
1678102238.8451533 B
1b4fdfb76c6795868e24dcccc98eda7d44b615dc357b678020e18270d6fa0a8c
1678102239.6110423 C
e21801ff8d13504a29b344b5f192637772710ab7cf1528e81fb2a0b2cdb8c625
1678102239.7651918 A
11d3185120a1863e42ce398039d150844d61c77319f2271cfb5b360f421fac14
1678102240.698674 C
d9c6cba2ff27ac655ed2a2d4b20f347d4be47428ac78eb2065ed228108dedeef
1678102241.1215732 C
d0eae403f8865c229e036b9c28768ae8b51bb991994ba0f109e1399df7bb2cb0
1678102241.36323 B
195286071c127c72ebcb7a95b465a607fdfb6ded3bf056355fa20c7da2df46ee
1678102241.565784 B
5e123be88872f4e567bbece65dda6e6bc2d3a37f013cd3ed6c781c211eb49652
1678102241.706358 C
7cf81e42809288c2fbc3934cb942421a1b5c538a89ce9230ee2c1ca88bf82839
1678102241.8632932 C
f955fd15e45497ed89ff3f356f9d8fe0fb0f058c11c22b6dcc37631f7931c7af
1678102241.9855652 A
c04cff67347b5ee782ffe89391f9a2ebaa53d7889dc117cceae46b0ee4cca71d
1678102242.0154495 C
da0a7580e28d5959a5cadc3f036705bd78fa8b6bf6ca9a36155634d21001e170
1678102242.0897295 B
5d180aa5652b24da00def2ae33b70b40f351eb604a0ce5edf8d80dc933ceb3ad
1678102242.2565482 A
9885e6c2613ede18ecdec7ce8fee7450be6ba7c7be3cb04930d1ece8e86aa759
1678102242.38329 B
3b87d3e3f8a24d652d4c3998b4515a71452c27474902fbf168db9c24e79f461c
1678102242.45193 B
a41d8b9de76ff9ad4d9d495994cf8069ad980f42f49075586d62879a6fd0d120
1678102243.7654543 B
9825c417471e07b0b7685c19ab3381d40c6419f0eb3861d2573072c72b563941
1678102243.8753343 C
f798ce8ca93d015784ee40259d54e3b955c7f4d30c0c64fe9f195c4249b958a1
1678102244.0098712 B
8f9ef985719d35e058d1ba1b491fbd4ff56e379bd967b48c18e1fbebbe26a34c
1678102244.2942612 B
b073d809462209bcd0eebcecdb41fa02f134631c56787a6d4163b4b9a4163559
1678102244.6143398 B
94423a85b13bef8ff6fdf1ac5e6f166d4021e34b41dd50c8a4121d233497e77f
1678102245.117105 A
0ea29848681ff269e62c2c0878bb47209ea4bec9e4228147ef0ebb5ca9bdf7e1
1678102245.1223679 C
95eeedcac2df4b77279066e6dfdf374023f7d86a96c9089355e49d47f02acd46
1678102245.6241267 B
c170ba41b059e6c4e9afd3b0740dc93f29dd03f9fbf8e49c0706695280100873
1678102245.663288 C
a792b2c93182dc786c6ed637e3e3829f2a7a43fe90ab90786add3bf00fe95878
1678102246.970506 C
0a15da2e2e3d910a9a85184933381674482e0328ef7091db117590801298eee6
1678102247.1601567 C
d64adb0a208f696c4ee859c0650e19f609d465a509d02c2cc1724deef448bdd3
1678102247.2062278 A
72352acaebd851e98becc0e6dbe48aaf6b96413c5256180bf8a0d39cae51d8a7
1678102247.5155795 C
ce1a562115bde1e0fdc53febbaf075d2258077bfe3e1c7bd73ff3cb71951d902
1678102247.6158214 A
178da2f7ad9efee22afc5ea3eaa52bb48a1db18c3812af940831a1488293e35a
1678102248.6131008 A
f8126c098f5d24e948e2b8d69c5217ffeb59f0a2ce408db8b990a3afa8323a91
1678102248.6484363 A
ec154cca5d8f9024807341fa6eb2b126881b59aa3d181f0cecce543c4e0b7fc9
1678102249.0215223 A
c0bf983a8dc295e910d8fdf895e8b09a683b53bc5ba4b77c50b31becd5370d03
1678102249.251798 A
7076f4c2f8a5bf97db62efb556744748a6e3429778e88b51cb4991e0f3a0c29d
1678102250.3513985 B
8e8ca39304f2b6d27ce44f8af25cc4a502a255949f80cbe488a176d014ee9223
1678102250.9104376 A
5b4287b6864293f0837d6419b5b72be2d7b6e59a49b0fefb0d4024ab77998f8e
1678102251.4890082 C
282334f94e4ac166c3244d39733cd9032885529efabe0422d024aad93d06681f
1678102251.7768383 C
ac3fd9427cdb64def393df55d7e4ede831c0a2fcc103aec1505137c753c06f8a
1678102251.8368466 A
cf486a13d287f64bbf9ed76d5c176c852333458fcaa11d3db90a24812fa63872
1678102252.117877 A
147d5b52675c7989989fa4d3f8b2f31d209dd44d0f2967b310c5158bd9e76ba4
1678102252.3687677 C
8989f3edf31b9b9e7e90e0d09c2e514850589e8c4f634cc899fefb5babdd3f7b
1678102252.685189 A
3881e1c248c699ba0209e8744d612af5dca0a1facb1671502245a8c59c1596c3
1678102252.767143 C
7a7fa1fdcbeb3303f217a8d5c7f31107ecd3cae6bf801d8ab98c7caa27c7c3e5
1678102252.809614 C
2f51fc369afe9d75d93a83b638d4e49d6fc194dcd55a0f48ebd9f96b6f12087d
1678102253.1133897 C
f12d9c93c86351df9bcc9f5182c08522d881c4ee256a8fbb7419f26183573b04
1678102253.541564 B
c48aa4c2f541d7c76c9b89927fe9e8af6c5a689d9d0f647f573c98cefc25fe4e
1678102253.6285024 C
46076fd6a61854292049bc43334b7ff383a05b4d5dbbdd8780fa9a6c1d272a35
1678102253.914255 A
be2ce708455074a1fa203344a0b1894fe74b15b783bfdc1fedfcf1f43715d394
1678102254.125154 A
c83d979a00e93a133ac8e365943f6e8dd33e0422268148d7da304462c9f0e408
1678102254.5588946 - C disconected
1678102254.558736 A
790b4d7433e65098676d49704261251e50b6ef96bf6fa796134ed30b9d395370
1678102254.7460856 B
edf29c3ecd42d538565825fa04fb5396e89747feb2244176d2664e3db5a0215f
1678102255.6111536 B
da290fe915afc9c9ad03a120038a04134b91330c14c7cddb1913c14728e6fd3e
1678102256.0430884 A
3c2f42ad74df31610c307ec73e7bd73fd942799b7d791e3d067160f0ca406193
1678102257.0045023 B
ff59a958625c0462ff978fd2f207251451f02a207aa89bcfa7badfe5a69ee77d
1678102257.6542394 B
7439a1e4b72b5675b770ae7622075e600e264e60193ea17a5385993dc0bb7314
1678102257.905483 B
faa0a5396c1eab99014b07bb9b30ddb9798c0ff633f203e9e25e5fd786940178
1678102258.2336347 B
3bf65f22dae374f36d676a2f166856f226f30b6bcc7558b4ae02d51e3473e4a8
1678102258.2875407 B
3ac55f5c5e3c6a3dece1a54373463ae09f6796ab0a56e9304659052296b47957
1678102258.9039748 A
63545dc0b4a21dd17a39e683a201e3700bf9d697cce205c3c7b20faa3b25a548
1678102259.4189148 A
af5ddadeb1157d85e9c606f54a79a845f4672664f261456ded5ba1ecaa8fc5f2
1678102259.7542927 A
96072641e5f52ea48978cafaa848d92cb8718a85243f90c2fb6336033d327abb
1678102261.4135506 B
701cae12c8ceb0c6c383eab4fe1115bf7a575ca8f0e8c560f87809087ffa076a
1678102262.3057618 B
9daedbea697b3328d4fb25b4f3789742a1e3e275d3d2d4fb17a65b42653ccc7c
1678102263.492344 B
fb5f27bfd20a98c90679947301300e3e29fd1999c8973cf6e679cb53e69b8a6f
1678102264.0664582 A
96dc5fbfb40b4b9d42c6aba1ecc897978aa82a51911ea4ba3c452659a272f3a6
1678102264.4191833 A
a88af84996f3ff4f3bd506497058578ee92df2cf631409436b048a713282d07f
1678102264.624219 A
caee6af3e8486c92f6aa9c06e9f02890d7e7e3f48a3cee8d7bf698daf4830ea1
1678102264.8734128 A
212954088b3bf40dddffdcfcb15a9fe789bd097dd10d4102d5bf7f04a50171dc
1678102266.338134 B
9dae7928d0805859956f3c443977aab3606d87c40c13d8cf18d7c3c0a180d538
1678102267.74915 B
923049f5b10bd4e9fcb6428bbb0a7f27c589d97c589d1bea08efd02bad09c609
1678102268.3766975 B
8120511b9c88454a3e54a8c685518dd0fc7a6aa9ad569294fda965e8084cffc2
1678102268.4172072 B
258a7252ddb13663e6b237eab56d085cbb984214426dedb0deab9d18d7246460
1678102268.980345 B
5e85e14e7b94877eb481121fa5d2c12d4209c43babaecc9018955bdbcda62531
1678102270.2267272 A
9b135a38f7b67d5e12c2ac77c2a57ac9c934f71fa5ca5af689e672d354ba2104
1678102270.7853107 B
f3e7f7f0b207576aa6f21a519a6cb298b2adfef9ebb0554edf6cc0001459b20d
1678102270.8510754 A
6fffac758f1c4f75ab5a1f3457c7f245613857e6d05270c9a1318d3f0b52b500
1678102271.3593733 A
02edde2c5f6190eec6e71cda9e26d6991728e551a680bfd811a4c7b007e04bd8
1678102271.3957422 A
8108fe5b1d6845bd2234a8ff91d7237f7b89ddd57391d74031403b362ade5b61
1678102272.9751878 B
748dc8c669a325b63647479d21399005400a6d414e5302495d5ffcf14fe047bd
1678102273.332123 B
07372a2a062c4ebb1fd85c0b7d5156e6d175f37444d5cb9836db2ef5e67f4a89
1678102274.286056 A
eb9de5851a063d583d97a06c98fe15c43c260f1ebf0f691d9349c1a9279b429e
1678102274.6183243 A
e6c6cde9471e67809b13e3d02da5ce4e6402e5cdd10726e978078c3b44b98ae7
1678102275.8134239 B
524035392be113f1c1a8cfd1b44ae9019432eb36fbe1f4ac09a326938acb270c
1678102276.2298245 B
a5f5ab578e2847cc5985770d8f525a50b5a5291f0a10449e2d5a332503957a46
1678102276.9765694 B
7d4c4f90dd3162c9bc5de8729a5c89fd4f55796daa623d04b44d87bf1806a3da
1678102277.6837697 A
ac5c53767acaada8d789e2918ead7687c5c67abfae31b358ef4ad5904b388ef7
1678102278.3780673 A
e8dfb7036f607e51d51055b88ebaf150b05bb968cb4b1d63616725901afa73a3
1678102279.691722 B
b2c45bbc5a827816d22650ae33ef6a6aff3d79ef8e367726c6c515cb1943e755
1678102279.7980826 B
6d23deeacc403502fa9fc3666a1729084ec0b7815f1fdd54fa063318a3fb99d7
1678102280.6428406 B
942afb9b908d96c7d3ec250efc0a43e95dbee67c78a33891296d915bd3068850
1678102281.13066 B
66e31ab482ca390e053641dc9f5db0b910e770f6236d3d7d100b4b9c6ee57f2c
1678102281.2695618 A
8ecb47ac7634b7efafd34c48495cfb8974f9f4b68bc4e6f4d3bae0fcde24dcff
1678102281.3649738 B
be7ae154a73b9a657a366fe660f7dc03a8d0d8ac8b4948f355b97a7e6c5cef64
1678102282.0917594 B
e515b5ace759d11e77186d1893c0dbb9ab7e2f1439709988c5234ec290b46e10
1678102282.3310492 B
957c50085486514369ba49c552f191363bb48cd82a100b68d96b1902f1991cfb
1678102282.4520378 A
5021679dbd4f485ec36c32faecb306c572bc5328df4df4e8eb5102aee2bc1023
1678102283.3782704 A
c126034ea49c178c628a50d97cec4e9033f92573141941d874bf1aace4817f9c
1678102283.510321 B
ed7be0b924fa21b6b26f738b3cb47f8eb519412a57444fc2620ddd10b9092131
1678102283.5828085 B
b34e1e968260bf2759cbde1370377463e21799eb4474e7f9a40927ad186b15c2
1678102284.3568604 A
00cde600134beface523ef439343ec40940cf1b675c48881707dc15810687ae4
1678102284.6868887 B
c5282aa55589d38102b8cc497c910b2562d8c4201f088e48e1bb967674cb4ef3
1678102285.6680655 B
2b200cb2e09840136d5be3957394e7ab5834137bb7418441c9c2aca09df0ec06
1678102286.0336797 A
95bfd2c94bc19bdfb54dc2d3b0501ee9f0e56f50032bb7a039dab9fa1bd2d932
1678102286.5584698 B
63b7180072f211dd3098875e83b16d6992e2589210063cd2ea082bcb7215ff72
1678102288.21239 B
56aef3648317baedefbe588d593fc784ef3eac22308e4b5bbfafd6d8d90e0e02
1678102288.3474958 A
e86ea861d9bac788ac10127032a512488768e85c9476d93478062a3f0e160713
1678102288.6210787 B
1fdd015bfaf452de801e86313e6558ff105b2375572302af8343ac2583b421bc
1678102289.303863 B
998b4cabb267683979f57af8ef390569bcea929fd970f7e9b72600719c51f034
1678102290.3215346 A
8f0a8c58029fde7b888870d2f21583c3a9745747fb5f86b2e9d37fae0e4b5aa6
1678102290.8423584 A
0c76a2ed289100a427235fb7de38298cc886b5f0ee1c89c07b1fd35784da76de
1678102292.1118224 A
21e76ecb7a9fd6887d20a0c7133dbc175cc09fd8e4624f5f79e7654bcf254bd5
1678102292.3292685 A
85700a4ac2dfb40fbe05f6fd456ce4bf0e28577a58c19cac32a81b14b4bd1473
1678102293.3608074 A
e8d089485be09e263da7a3d0c81cf4e6990588de147b66001d22e1b7f2e315e9
1678102293.4540617 B
b14b5541c174d9d2729565576d2c54395c81df224fcbaf5d89ce969d94468745
1678102294.1539097 A
c9a41a14177b2e87a8666dca5fbe2720157dd943ad2e85bb473741a80fbd5201
1678102294.8447134 B
04607c4288489f761bb2ed386203034a336a013a886ad8ac90dcf6a01346c483
1678102294.9584699 A
1e5878ca0bc32a33f91a6c6cb0109b3b663405ae2933998feacf0c7f53ec5514
1678102295.0726275 A
a7a2b33fff54fca3186ea115a9d5a64594de2133d9aecefdbfe216803c1a7df1
1678102295.2929628 B
09e6b9317b521c9b7ab0236e12a6c6bca0c92a5793ff4a15a680915c5f597a04
1678102295.7803063 - B disconected
1678102295.946913 A
0d018c54bed0086914a953cbbfb04e0a3c5b60eab557a741376db251eec139e7
1678102296.280263 A
2724174c4a581828aac18620b5c2d4f55baa2d4c8248d3af56bcf9b7fdb784fc
1678102298.1771796 A
6ba5c558dbfe00ca1dfe964bada3f104ddb00694d57356585e479fb6e54b8f5f
1678102298.2162433 A
fe713278c801e3f37b799eac16c050d9a22da636d8a790a1ffe8029c36eea5f6
1678102300.916561 A
69793dbfe04d6b45370c977c97b81b4b4dec6c6630e1782bb2970b0362c6e287
1678102300.9927015 A
0ef228c692c302d91df0144487d8de71152947620c5fd352e9855664a552cdbe
1678102302.1756172 A
73455908d1dc2bcb1a3999c4773fd097edd2532d29aab9c13eb4c8cf78d1b4db
1678102302.8709717 A
c1a88002820583b71a072db887fafd11d317535a512dd1d041f354180d811d60
1678102303.4443424 A
f7f91be05cf5ecc108a16ad9d479e16a3ea31ca9974fb5fb0eea6e51babbf134
1678102306.297281 - A disconected
