1678100317.3632925 - B connected
1678100317.3646474 - C connected
1678100317.365219 - A connected
1678100317.3684573 B
a52182d07fcc578647037ca14ac7fac9dbc5edc86d3e047305afbc6ef6c14f49
1678100317.3699162 A
f8f32d28249c808a3c3abb2ed8176bdc223b3edc50290707a2b82dc5b5feef05
1678100317.3689983 C
a2c1f3ba7457d5fa7a003baa9665dcef3e1ac3e6e7854b4ff75895026804ac6e
1678100317.4403908 B
da74ae19bf98fe523d843c7bdf5f3af935615e3e7bd2cc7f93e977e11fbffef4
1678100317.6211002 C
033226c7a0da19d738e072a3fc948b1d097d03fae372eee953f950d2419a4cd8
1678100317.6774364 C
7047fd1d751beb2e9d3077f71d2e2e35ccad872a82e949bb9c204603167c4a33
1678100317.9782465 C
e174d93be1ab289b13396f3aa37eccf3a3d96b74c6f66c0ceae9eb56c79151ad
1678100318.4985025 B
f025ea38750f1f320978386de5d007d96916201970b0ac28e7205d50b2ee3108
1678100318.5551736 B
e6ac752d4a68c007b0a99929aed120cbd2a7c8f960484fc691459f24ef9310c1
1678100318.9176471 C
c61ee46a049dcd1ac85c40fc5e015d2195bd89cf0e916a3fde80c62432689759
1678100320.78522 C
de68c1c74650b4c0cb82f151622d5a7d75ac2a0ee2eaf1576714fa83287a6d3b
1678100321.261778 C
107ab37aacc77156c981587e1037577e2ee9112ec53b74bea74cd7e8e4ccc170
1678100321.6615045 B
045cb97d6c860d9a468894527a7fb3521e08437d2b4cd8dfbc0643f8869b9a97
1678100321.6895657 B
2ec2ecdf29fcc1d9648bce15a96dd1446c59c6e38567f0ab31ca0001d3d7e5aa
1678100321.8109248 C
1b641c6741264dafb48f585b2ca23798f1d2426059bf550b0f94deaa937414a5
1678100322.2737398 A
f3cfd6c8746f26ca941da4c8e08f637ac46221d568ba6650f41e65478afd1d42
1678100322.4218757 C
823abf35c05eaac7127edb390c9ce91bae7ee68d1ecc1b7bd4ab777ea26a7bec
1678100322.9128544 B
489e7a597290680ae872af282bdec70fa76fc3462952a03ea5d5d0e42116d69e
1678100322.9855118 C
b045216c4b2eb6f6206790a8bb68c645c57f9f00e315199e20c42bdf39ee9dbe
1678100323.1469078 C
386950a29c6ab499a0b67598e40cc892225ac07932bd479f8d18168e361ced53
1678100323.734841 C
001ecf61b83a231cf819704f167cb7e1337ad805d7a71eeefbca70d7b957700d
1678100323.76863 C
461dcd4e18dc77d4cc50e7c5c1e75c813b5b55298b6875a709695cc4f4daa26e
1678100324.5152566 C
bc7098c11d77e4233a5b2e6e3a09d37132cbfc9b56b3f7023e9bc049f24d8f91
1678100324.6592562 C
9dce721597ea0c1752877e7b16e1b4350344375042a4491d10ea6635015fbce1
1678100325.3371332 C
7b7d9e16d563e342522c6a7fe05f48504424d203a71cf8f863124c15ec223a8e
1678100325.3819778 B
7686a267a755943c061904299ebbf3ebd9ef93c620c5401df08e141c25a304a3
1678100325.8996341 C
4ee2e2741671e247a703616271f07aba19f80f684e1a12535efd30a88bf24d52
1678100326.4035904 B
662ae5721c1c6a421c4820e8380c0b5e76b1c7c65e6e2aa8aa61bd3c453c2bf4
1678100326.4485898 B
88b1cc9c7082a7bbe3b41b795ee63c2987125e89014244017ae2729fcd5a8361
1678100327.0045898 B
1af530b1f4897253bf38adaee54a00e1a342e52d7db0dc0c8f64c366e9bbf91b
1678100327.2012994 B
ba524b034d2457982b5b5b817e8d9d5ac8c29e967ef5dd28ae9da3977397a333
1678100327.9610803 B
9fec74441aaca5b7691eff90793c687330430840cb75a64472e08ba27b28f56c
1678100328.1928034 B
81baaee68acf29e22eaa866bd749401d010d3cf1c650038d6dfefb3159871495
1678100328.9512682 C
fc6c365c45e0c101ba9f121f535aec283b8a21dae91fa0d19c3acd064dda3353
1678100329.1166494 C
4abfb9f5a0ff0bdc10eab63bd84bbb0582bf8a70652c9f91bbda136a0aef23f8
1678100329.2933898 B
e0ba9b0117e5add10b32d23cbce60025e3c81cfad63c96aaa2598d9a74970b74
1678100329.381542 C
7789c23bf98b9f5463ad1a6083f899e892af434b62a1f56a5860f00f8dc917cc
1678100329.5209181 A
d04d4b8ae977de00e00331681a4c321447ba485a5f30c1fc9e56e97101ceab31
1678100329.829147 C
368a1b23c7aad03f63eaa0d92e7eeaa5a97e9db94ca2bb0755ea3bab77e2ec00
1678100330.1961846 A
e5233bc4f300f3d909157329cada9a4239e0a4364ae8120ef290dde1ee122382
1678100330.210251 C
5c0e52475aa1550e990e26200f7fe2ca487f344a108bd5d13fa8a5ce0c1f6fc1
1678100330.3883092 C
c7deb20be6c07be70393ba586750618403d9d431d2154e4b566bd55e965f48bb
1678100330.5339212 C
aec67e29d048f37dd55393e5537d9e298b5ed9c96fb738191fa516428647fe46
1678100331.196872 C
25865c5e9bf740fcf3d52372afdf48f3f0a53809b4c814eab80c88977e4f8420
1678100331.2790298 C
00e32a5f1a5d0909e1a6a28824aee9052783fdc9b92204e3273c7bdb71e30f55
1678100331.585713 C
e02256e8ac35b433534b9cbff724a14dd211bcbbed82484608a20b9cfc6f08ae
1678100331.7182806 C
83c7d5c664a9dd98e0987ba04eb6d20aca986fb64cf9cb57c253bd8e519ed0e7
1678100332.2670584 C
66f02515f9389d528532696a77204628bed8781820d329fc7b5837b39a335c59
1678100332.4811845 B
f98e796f298ccf2647c8f0110f2b6c27181ca254eb9ecb8c0be89d6f3b79ac6f
1678100333.5542815 B
a4d019b40f0b7a854a1a5dd6d2499c64ca1f6d591949e2bfaad3e8e6595b6e9e
1678100333.7790358 C
4f4ae3a6ad325d52f7bc590d3478aae62f56a162c4b8802b454b5aaedcc774c3
1678100333.975373 C
73a4e0d1b7435dc8c57e9cc5374a8586b329514e753c1267c77e7edc2fbfdefd
1678100334.1355321 C
1164615c3118090950cc33c324976f5af32cd305b73e7bbb98b4dcc8c712d4cd
1678100334.158775 B
8baa58ad3f554b6104a898fe572a153ccdc41427db49510d071a0506d25cb857
1678100334.2589614 C
bf080e9cfc4c6bba91b1324b64e131033d6265a96562c0ea8f73e18f5fdaa5f1
1678100334.3741755 C
1f2869684f691c436e842c64162539eda62012f29fc7062f1200d07597b38031
1678100334.5850635 B
5cac4c96ba4059b290248190f21e3591efbff5eb7dbd1a1ba6e6450a9636af0f
1678100334.5903766 C
ca51a90fa8652ef047355674f8a24e721c6ddb30b74edd85a15fec129f0becba
1678100334.6181371 C
9408af968f70bd1db7f027691df70ed84537e24877070786fcd9ddc76ae8f929
1678100335.5874267 B
be2ade26a10bf113adc9cd6252c9928b53473a427bd7dcc2b7b177e21aabcf0e
1678100335.689173 C
4587e1ca5a5741380ad88319373fe176ebfcce5339307e2c9c71c11864964c4c
1678100336.071926 B
40c8a7b1e8cbf20696366506a1f70c292f4500f52186827f42f2e24913ea32d9
1678100336.2064407 C
9ed006b4bc066383121b253566a0b2e549dea6866bde47cb627d0f4048206912
1678100336.3796363 C
0c8279b58816ab72db41c6de9ac78ebbd631fde854ccc5e07a12d771c41b7fa4
1678100336.3996415 C
3676617a98fd3f2c2d33aa03c469a4c1091036584b8368a7e173944e98f12085
1678100336.6046271 C
d5a1f0bf92f8928544e574e41fc4b145b621c2f89ae85603562b03e0640cb4c4
1678100337.041424 C
795e0fc39e922b3d8117c9e7b2a4dcdd313e7034bf59e22b0c32b6eacd999603
1678100337.335309 B
c0b367b12fd05178ee01dba9873e28469c9641a63bbf0e5fd67610e487805c19
1678100337.3589768 C
4424fd33eea8e7140bf01af9af29234f9bd861606ccad36ee335de10bce81a75
1678100337.6656733 C
c5cac6ced3b8cde59f233b4ea075961146d8f84ba0cd6396ed9d5ed6570731c1
1678100339.008622 C
f42401a1f5fbba483e5bb5319544a695b1a9022912a45eacccc9009333bc0bfd
1678100339.0701697 C
38f1f5c9dc55f38612c26e2674860e703aea0ca7fe399daffdcf6b093b8133cb
1678100339.2066982 C
53a4cb349ede7f00bd0ba4df25b50aae5d1bc78fe4c17ae6745a5462fe0c77ae
1678100339.2280912 C
83aaca213e050ddb08f0d8f00f808fd382507ce9717946aa3140cd0d5c9a1ce8
1678100339.4747417 C
430e0713e66ae405aaa7e92be2f888dbb15314a15969dbdbea9cd88734d7cf04
1678100339.5062516 A
2a7888e0b310f2122eeeac0805b6efe716e9217eae20aae97817fb85941ca0cb
1678100339.8088322 C
1c56bf5541f42f9e1faaa37b5118622a431da6668368483e62c95b6d3b18cace
1678100339.9234123 C
8474dbae76c3ddd48b9b7f18c950bc6df9ad6e80e301bd6c8f9ff747d673f6ae
1678100340.285561 B
e50640e2e5d677dea06585182e20c8aa20e70ce1889bac1936baf9720576dc17
1678100340.6105444 B
9156849b0324dc6464d1638d6561ec83aab2183be63a9b71db1c31d3d5e840a7
1678100340.692872 C
c0eadf9ea312c9368a9ae556e13c311cb930dde3e9cb77475f82c7d7ba093c40
1678100340.9471095 C
4eb14bf68ff8d39817ffeae0b77d9b778f19370df968c8bd6557c3301f412b6b
1678100341.3808649 B
5479a78d1cc0c5a1139122f341b4ca8e5268dc774cb67cf750594594a6e4cf1a
1678100341.4543822 C
be4dcc07a6a5b71b11ecae426cf54e542d5b8031a8754ed0b07310ad49a1bd51
1678100341.5667696 C
cea4159ed132a7b24de901224f75a0871ac391a17bf829632865faef9c715db1
1678100341.8465168 B
340228b445c1f8bdac9bd9d87be70861c24e7dc8e520edcdedcd6eb46fcd99ec
1678100342.1731122 C
f3d01f0bbe1cb65d2daa99e89237e6264e28e1763106c8a162a4400683f719c2
1678100342.4803162 B
2d167c980c3ddec61f9500ea3c923ca413e4631e36653b0a4f7a96b56cef1e4a
1678100342.942192 C
ef5f6159627844001241ded61ce9c03276ac6c7196d531e00407a00333fdb9ee
1678100342.984726 B
dba967fa5afc9b1ac9e40ef147de4c86b410e02d3abe291a0da66c53d2360821
1678100343.0103173 C
38c90cac8eb5261093d0ef311dca16e2cc1e819e51095d986aeb85feffcd354b
1678100343.1418126 B
62149bc8b37a44d4c052c323eda1cf4849fa2327462dfc4f3e2e76ac815c91f4
1678100343.3000617 C
ff815a6d1f45d5fb13647869f5ad2e790212b4838e2fd029f4f8c9eef28b0f34
1678100344.6415331 B
ac317dbe5df9e209f1777f9e54384b2b420f5a75bf0085298c9e357ce5f284c6
1678100344.8007846 C
4535dcd8462e2f0de8ce7b8d450ec8286c1996040dc4d883ff4238aadda70787
1678100344.952001 C
a7ad46ea63e890da5962e9306665b7102520957967b89b5795058ed2b36d09b1
1678100345.001863 A
9a36891dd916f0a48d1725aa328b95e9f2a733b1a2d4dac68a122a129a332269
1678100345.5099585 C
bcaf2da1802f82760ca5198f530e4dc5b1779ca2717ee347b741854a0dae9230
1678100346.2446623 C
c45c200f0dcc9a74d050e1dbfc94608e827c303796b3372522a41a49f9b61f26
1678100346.5366714 C
53717a5a07aecc66f23b057e09690d296717742bb26fdcd8c43a8f35610c38bf
1678100346.7185867 B
1d93feeb2d8948d6bd7a13aedfa2db5021f939122b422dda890c0aaa637e8bb8
1678100346.7901537 C
454d983c02f33dd13a0ee65ce7f6eb02160f1b0b5ec40537cdf46428f5d4c326
1678100347.2123327 C
218e087354380590e053d75584fbfa2f54e7628090c2901dc39e37f596250b0e
1678100347.3137128 C
4e29096e7f9767e3524c191455a43b3e526b706e7d6156cf694262dc210b31a6
1678100347.5931566 C
14b9b94cd56e85fd1d649b0d9c11e83d1a3f9d5d4a075ee3ba83e67497aa1830
1678100347.6288416 C
678a808618765d1921dd67895d474e3070fa245c901e7f48bdb87f0bdfe2b82b
1678100347.6536562 C
cfd9fbd76ae2d95756343be0e568243f2c9cda6b54211159018493f37b5f2f67
1678100347.8827004 C
65e93e71e5ac23c121e191398f3a85fa98890347ceb4b29bc505d38c589874a3
1678100348.0879426 C
ae729dab9674b7db7c9635ddc95097c5c41a15556c388ff7fac5275ff2ef0610
1678100348.1803699 C
accb87dd4b43ff2d39d0ff56f71ce9c8e0c186cb8a9184fc4e14c1edd8f9a1a6
1678100348.3515491 C
23d35108ef09351723b53390c918b8ddaff2eed86eec05ada407a0fe58dee334
1678100348.9271626 C
660826692f2e75d1121e8346f05849ae8d4bb0f983326d3a7bc86e546949ed12
1678100349.4300754 C
0223058ef0e8781f09271188763234137244538577c5b4dc62c4970ae99088a2
1678100349.9249377 C
30689ff77235df53965fd019ad80bf42c3e88bbaf9376a4ca904e5873227ec85
1678100351.262573 C
57c6ba3a34a9fda07360f133852fe9c309adaeb796f1ecb0dd04192cd437af79
1678100351.287859 B
b2a5b6ace8f2c69d1b529c1d32f2c428f6713d0efb0876cba5d7155daea1a974
1678100351.3028069 B
fc3409d68f9b22e4677d77ca9fc095c7e32c73fd41e9cf594f1d36059e2bd8d9
1678100351.6606665 B
10ef7ad2cdcbe354da3c743c13f7bb300199c69b8170b3c244b9d7f7568b8fc6
1678100352.3275428 C
732f3d6d8fc1a7471233fd576f9d65822626c178b63a84727466fc3d82b2145a
1678100352.578099 C
b9ab9fc1c0733746a41527a272f2837f0eb5c8970228096c8981b5cbe75e7e7b
1678100352.838997 C
492c1d27395bd089d3e8d7d923489b5f7aa11a9514c491c3533e6894717df8c8
1678100353.0729065 B
9cfc8f47735ffc9a5d1e8e23c8a1cbf49480cf8c0051f26cd9b7c5d47a07ac7d
1678100353.2058463 C
634fb7ce951141afab9a93637e9a10cf0e21ef4c30d9525462e3b5efb8829963
1678100353.2955704 C
8ef411e36aff606f0c063feed0a11a230432e44c81340f1b157dc0c61e426cfc
1678100353.4654746 C
a172d889dfb7b60904d9d1c8c2a05be64fe0fec425f7361413bf8fcd2c70e59e
1678100353.6688871 B
5aafb29a2b4e38c71aaf4557b69a889d21f5ec6f0efe00d946f59176ece12c80
1678100353.9529417 B
916a7e85137a63aead24b7140ffec4fd838ac947299e48d4bba17853f44ee09e
1678100354.0900488 C
d4a37235371e8974ab429f37e25da6dfda591babfe0facb2561f8a67f93e4684
1678100354.4257877 C
ff9b3cbf8670c883a03b03d27c36dfdfc72f43c0944a17419ce7ec2a6b6a6d60
1678100354.9630027 C
0b7b3cb35a66cc4dc683b97a793987b2119bdf29506ca1953f23a1464de41589
1678100355.446943 B
6af2298ba118fe7e666a7adcb5c05bad9df968c4bf92da5718cf5e91f2405215
1678100355.6704948 C
2daa005018f072414002c09cde743b74371e2743cd5aeed31733201165eb8ea1
1678100356.069279 C
b760186733493b473454e5aa1789c20f2b82574bf4466ea8478cf04faf7f38ed
1678100356.2203379 C
bb08d8b770f07fbfe692a7ba9053ef6eb6ec9bfac28471a76c14ab29d59f569f
1678100356.3919897 C
f58f15c4baa2a098edccee3cbbfa3732859bcac09dec4455f5eefe6eaf44625a
1678100356.553451 C
713df2985a8fa154f4a436f72466533c5521f982348e22cad1955e7c281c28ab
1678100356.5861351 C
40c63f58bfb234f048c61697ef3203b7cbced3fd089e1940a03944116e890b34
1678100356.9633083 B
55c8a9e08064420e783f524b442dc1ec0a70247b1dfc6d05a90c3dbed00acc4c
1678100357.0073862 B
cf061cdc9e63ac04b2e9cb2c5a358a6a347363e8743f0265f29f8768c4d4f249
1678100357.5412912 C
f1acc95adc276e521c206ff4fdb53ae5b3ce66564cf2dc31bc88d7b17c588e0d
1678100357.593095 C
fa160e6a73c46583bb5494df704fab3eca563a1c977bb618502c81a762b3790a
1678100357.7000973 C
5c3489a43e5624070759eca5d9fea3de262bc643390fb6f3d11d0742d506c4cd
1678100357.8059087 C
090c9344f0611739db687df79bc590265622c52b03460bd7296881eab1c9e142
1678100358.0096226 C
e8428b1689e09b40172d66bf0c8e4fd79fd4d60d3037b9a6b033f59b2a6afb7c
1678100358.1070414 C
7f1f23969056f2c3d0408753365266933038c289e0edecbe4c5e0ff7c550674c
1678100358.5422287 C
649084722ba4587dbbaa1145c258bbfbf9ed15f17aad2898f6bb4b6bf1c2f948
1678100358.8873255 - C disconected
1678100358.944483 B
5950bc28654f5a3a28526252ea2debc9ab322893b4c6f87a29bb2b2f0d29e4fa
1678100358.9624872 B
731e7cd8c1286eae6797214f5ce141442554abeed8448843d59fc9a00f1ac4ee
1678100360.2399435 B
34d99a9be5baa2609ea6ced4e9c9bdfd077131de5e7000488972b8fcabd6739a
1678100360.469461 B
1c8167061f4bc641182b790525f4b26e183f5fa11cf9ca7cf3bf9620b5b2ae4d
1678100361.5736203 B
aaa58db9be450f7e265bf8612e409999a6048d5cec4847109b9e58f98696e241
1678100361.5691714 A
d55eb2743a4f36fe26f59874236aa923a1b081e1678e306a34cab40b2985e01c
1678100361.6481812 B
caea5580866513797ccb903581e318adf2605c995994ea9a0c88e03595620eae
1678100363.6285343 B
91f7634f4d11a832452c9733576be727bb6b47047defcd36d309a0611f1d6967
1678100363.8194354 B
744d3a7d89473e02fe81361065baa05514d5b5daaa1c92c74a3ec80cb3eb7c1a
1678100364.9230702 B
cf012bcd2919308a4347ea575a12182ccd85a0ebee6e7a082581d46fd3f2f2d5
1678100365.3864956 B
09feab9cc4857d1db0fab6afb4770e839b1a25639a41de2fff88bd2e59df969a
1678100366.0070922 B
7d94d8275e03c544bdd31ca6f301f9d499eaf75380e32154760be9097e79eb97
1678100366.669196 A
84017e5a4c6bca7f7a3251c60958f77051789c2c29fb2e2ce3f81a576e445332
1678100367.5136101 B
02f1a8290700a12b3911eaf34a46c9c82bed73e8070fbf79934e70f270f63e0f
1678100367.5665548 A
fcb81db078169aef519e1bf5cc3a9edf709743d3949550b20ac89e12dbce66d4
1678100367.6339452 B
6a516c80432c320d1304df4564daf739fe7675b9b9ec1a220e1943e2886e08a0
1678100367.8773375 B
28b3cd911a99cddee50d1013d23d474b9a2049ab0dea498165c052a08ff7d0b8
1678100368.130683 B
d2ba961e07a6f287ab5212ad255647c415ff40fd0fa05a699222303996781a7d
1678100368.1512644 B
66a2f5572dbc79cbeabb26270aa43d76572da2830daaf4114597e30272a36836
1678100368.3015337 A
01a169469b176f68617d61054a47c14245515d4707d0f8cd074b3b233a8138cf
1678100368.3824902 B
f3b36b66a9a6252905abacb9ee91e8129faf38f6bb6cb05d47ce84b660e2eef0
1678100369.4460764 B
12ccb87c84ee00ae1be7eaeb284c5b289f9dddc3d847f5ee776b6f7896f7d375
1678100370.7725928 B
f9f7a7a71217b25d442a84ec653b8a18fc940e31f5af70f31b119a220cd9dd28
1678100373.2160769 B
38a32169013603303d4a4325ef2f6cc8b8b15d12a6157b91c3dfc0f40846b61c
1678100374.0337949 B
bf6731bbf2fef306b8595ec5f1e5084bea9eae855a8b199a990d4bbcb3c65d05
1678100375.5703685 A
4898adfd572c18126a815039ddd7adc903f7df3a06a667c93f8eef7f61e5eece
1678100375.624243 B
17817f2a77cfed8d329086f4f886a025ceef99290117699456c129430de28e71
1678100377.0253747 B
c811c3d3c55144cd5efa798e14a6bcaa039f9f695d096ca5b9325f296a96f4ef
1678100378.6281393 B
63cefa8b8f5c9ae7a36506886128f647f25170d200367a19ed6b00f1bbb4f915
1678100380.196815 B
8fbdaf3039aba8d08e6088cf67e071492cef6c9d814fcc50ccd0a60b388985c5
1678100380.3263762 B
11d4eb474ac14aefdc82fc13a43ea167bdc58f51821d16c6f78401e69f5c46e3
1678100380.7718492 B
bf79fc072e671547c61a627d4ffdd8faa57ee43819e00347485b698184c446e1
1678100381.6375947 A
b8c5ed6ac16767f4a43981fa56170c679b8b0c1e48fba85fb26dca2863ba8b14
1678100381.6590674 A
1ebe5a5073fab02f8d5418fb535b988d83a2dcedce44af9f5f2383d5f7e25377
1678100381.7670631 B
74ab15cc7207e872239bdbf573a298a88fcf14dbebbe2e0d09859ee1446d6430
1678100382.5924003 B
14ab72030dae13b55ff30683409fedf4380a21fdd40ab2fe04117eb0f5234282
1678100382.6895492 B
ce49932c93b0f34d03abf4e920abfe88ffa2174c4ac1394d7f5baf47fab56b0b
1678100384.5216522 B
4d4d11eb778b1241450a5953d56f8d7c7399fe9e157e2df27db371b8c3a4ffef
1678100385.0909286 A
7f84e64a5f4a1a4595657451a48a74e3ef229bc7ca14d5311703839c7aab0330
1678100385.3611648 B
e0965fa92cf715734dd36a266de3a4ed3ea41a65b3581ffb3cf4fd001522b763
1678100386.0237708 B
a73757206808afa951518aeffe0bfde3a48ec05e10e15d1e1b61e21c01724a03
1678100387.1592402 B
b77660e5230acc39e5acb249016f7c9b6c414cd03dba57f9875c565a1a7a007b
1678100387.3049033 B
b612162faf7a56b248038fa927010a22fadf58cb571eecd0153d328f57f50d45
1678100387.769661 B
f4c60f711a9753897313a3f4b099147e26ada9f267939f29f03a29c646cce2f5
1678100389.0028853 B
9ba2f5864e84ac82a49f88898ca2d5619077e4cb58bd34a76f0b864c45cfbe9e
1678100390.6205614 B
4ac0331e2ceb7878334d1abf0e37273a8c7110151585c939427f75ffff4656f4
1678100391.3793955 B
389f6c964f348ed662f24ebc2999393404391b92bf445f4377e1e8d966305206
1678100391.762493 B
c30845e4d615fc1c2576d3641fe783d5deb22405a4e556670c062ee313dbd2f2
1678100392.1359625 A
20ec6b11580be5c87d627703bdb41427cc930e1c712f4cb587a712b4e9fb793e
1678100392.5374157 B
f4acd83b54d1a9504d210a2fead1f54b31e9789da8904df3566a1c442285407d
1678100394.5887265 A
d86f89a2a26631c56d3af32754c008c3f12bfafc5b56fb68ceb6d6b4fcf4b2f9
1678100394.806179 B
7fa06338c6ad68eddff325953f4d587f3d4e7624d88e46974d2b2535ab7ff8b9
1678100395.22965 B
86d478409f2ce687e73aa495cccc92d28d1ac46e5ef133d1100ab72e9ad8a85a
1678100396.591986 B
ee8cb3b2702aad874efe3cda81368ee389efc2c7b8052611dc1488b0b958517c
1678100397.4791963 B
4decf6b533150ffc9bd2cb33ac78b0a6e536c1025f28709bc05a609effc413ed
1678100401.4843643 A
0aa4f4f4e714637740e61d671ae8485eaad310b2dca6907be70d79314ecb00e5
1678100404.217518 A
72469de887a5927dae2105c3b3adb5e553e925a9d7bb5f87216d218a78f5dd58
1678100404.880022 B
f35d7c43d0a7e1719267ae6e8ced02b4b3ac8fd87891e24615dffaf9d98286a2
1678100406.5123026 B
d7a233a7810efaab737bd63c389c9d60b3e26c711bf3acb5983b4ff185c969e9
1678100406.59548 B
55443c4d063750fe497ae3f4c34713412eb005ab372b6818f810163278d6d4e7
1678100406.9112296 B
9ad85a6b0bae1a7b3b6e1bd07ee6ed86e8b400ef6d1eba2b6b39ed7c9417d528
1678100408.7282083 A
82d6cf15c860de1cbc8bc4ed7b31e52f684474ddac9cd4e672db4caf78c92753
1678100410.6906884 A
400c13608cae92e3c0ebc1be541e2420b8132723508cc428572987e6057c25c7
1678100411.3635652 B
97747bb5d04d0fa393645a8dada72c47eb1d2b10f3524041fdae979423b2dd65
1678100412.7655618 B
991f76e1105f2a3437ab84e8ed6ab33f3f887757325350ccbffbd64d0efca604
1678100414.3745847 B
72c805a566256844ec5883cd48b5840a7d5d81c08322e843f5a371e1798407f1
1678100416.0966854 B
a967e0b73af6011e97813b857463b78e3d66b2f861f8d69b902d461c0f6223e3
1678100416.3734338 B
be608e9ef69ade0f0f9376a716821f68bf534168630f704ac37a10b630b1529b
1678100416.399285 B
e7cc205291eb1ec203ec78e33a4832b1fa2eab9f57768611fcf8d57fd453614b
1678100420.860029 B
c260edf66aa7689df83ff8121c6476c6c6d2d3448818323721c9b0b3d287e40e
1678100421.5027258 B
bd45a927aba1a5de5e15a0b958011367657de92416d251b096a1b392c6017dae
1678100422.236228 B
b0d56259fbcff484dab061929d516da579f7c424bf2faa54dc0e761fdb611776
1678100422.8728373 B
44a57e5480a010430e2dd2bc07c4ee7100294d75ea2e44536807f811cd2a10e2
1678100423.334769 A
cb9a3fe005f2e15cf0eaef6c027e9fe2af49debf215df656a326a56aab07ea86
1678100425.8385537 B
3b60ca4c2c27b2fb126b3f75e80d562ad6a26e2a04c625190d616def0e799941
1678100426.1854942 - B disconected
1678100428.2085373 A
1d4988cee9224a9e2c907ab9a5e02a07e6dae41c728198a33bfadada410f5895
1678100436.708971 A
62ddb0566c8b5c53305f987f1d127ce54b3e38201ce83c67f9d21758d02c6dd3
1678100437.11846 A
62bdf22ab89cb1b41f8fd114ce0131ff438345f260adbe8cb67fead22e12879d
1678100441.2990227 A
92addf761b7f351e0e12eee555b2e47f19739a034c630542c47adacb232cd445
1678100444.3226943 A
72313e60053c95fe97d22e2c8c2ee8cfcd27f7584334d4b9f6d9a5f1c909dc6f
1678100447.3853493 A
c86eb428dc06264a59917c60d24e835779b844a3110001cda21f1440970a6a03
1678100449.2670617 A
1ef8d2cc6120dbbedb20cc70b7f8346e180e6c5bd0f16f8cb53377a2bdf4e2fe
1678100451.6355166 A
f74972d17a2d69e6c239ce438d07b139b1bf37350cf0659cef71b372e25a9032
1678100466.766453 A
8b08882792ed6c1aa4288b6d1c8e30c5b627a817970ec9cfbf6f03b1586ee0a7
1678100476.4974508 A
fc5d23a151449f85dd76aa8177b8e8daae0d4c1181f1076c761a39a801af7093
1678100477.358787 A
0108b7a35feb3fa3e80c381e8b2563043493f86e619f3c300e308749e019f3d7
1678100479.815594 A
ed9b187800828a18130406adf7a6d1f536badbebebe642164d82877f47462469
1678100485.425338 A
54c8f540bef1c6f19c7e13dc6c14df869e562045c1579a9811c1c794637e0387
1678100486.5375037 A
d47392a6c705f9d8df07d4fc5a0c177fab7e767130cba5f76113a81eee144c4e
1678100489.3786373 A
964d30b71a8b8309b2eb4499c71b0a9c6c9e03c1f821b8610e1b600b16867e20
1678100489.8564117 A
2f041bddc70c33ad10f0c549d7063ab12f22bf3fd22e79dca88a72676217a798
1678100497.8648844 A
d15132c4616eee6be86c3466fcc177a5346e144b831f6dbab4e0595741d430b9
1678100502.154493 A
161429becf796e70887c08d2b777bbc10af8947a4314d82d2a1f026b2e51eb3c
1678100507.360485 A
f3dfbea7fd0c287123d38dd5b5c309518a0123f3b0c1f6ca188ea0d99da4041c
1678100508.0033026 A
f81bf8d025122e002ef74d6f9a49bd4476215a6be5e21d0e87027cb812359659
1678100514.5054736 A
571e96bcb15bf9f483fb45b80cfe81451bb06ce01648b7f78a1279660fb2a7bc
1678100515.917887 A
2498d75834d43d6e2871fce1dd7b421284cbad65e99b4e161d0538d78869aa42
1678100524.197147 A
fd6fcf01aa2b351cc3d30bf05c864d6d83e35b83f4f2a8d09cfc3454d552171a
1678100525.1656747 A
ea50916f40efa939b840bf03028ced58b73a9a959a49c3fad57f39fb0f47a0df
1678100526.1780686 A
2ed53eae61a4e6644c29a0ffde3d27041772423cd26472e7f8eff89fb2d90109
1678100532.2965772 A
bd2195c71402b378d4954a5bce7b101f11062ccbdb58bc6287dd8daa3ef71433
1678100537.5396724 A
f89adb6705095743fcb2589c00c95257121b1fd497af158bae7ebec5184b58c9
1678100544.5061042 A
0d166b8e547f36bf9a6b5e05c767606bf111d35968dc0f711e12d70091ca700b
1678100547.6703165 A
a0dc758f3d3e737c1719cc2acfa06780b6437192f93990fb16d07d4b4858ce05
1678100551.2284186 A
f2d55991721d365d7ca662b45821462b3efbb9b6bef4abea6007f186c03b27a4
1678100557.7648993 A
691ed7efbff0d02cb662460d8cff35093e2123de2f096584d44d4d5ce8dcb6f3
1678100560.5075219 A
88576db1ff50f9b582aa43d99bc22a8e810ed070960dcae1f3bc38f35aab2854
1678100561.2093058 A
e6ed3e7f8456b861f8c5bf39e82d3d68431a88db5e42e9449825561e506a1473
1678100564.7380106 A
2bed3a7dcac03ffd90bcc8a66575942de5a832a6cc6368766284ece6c1def33d
1678100566.6689925 A
2c46cfaa2553f867cb3195e6f76772339b8b5d368971dad2ea39ebba5344ee90
1678100567.4710572 A
27f6b100913af69dfc961ce8a1e658f4acc0c17d0564f123622b8ffb66bde7dc
1678100568.5351055 A
2974a3a9e3b969683111f112aabb351fd2c4dac0701bda8c07cc9b1826c7b8a3
1678100574.0183232 A
cdfdf8d17a90fbe8ef384c6c7025d57e4327970ac1085139ed592af75efcdfa2
1678100579.5104706 A
ca46da58a0d313e3de87ced0737c7824e3667642d102b7804d1064f54ba426d8
1678100581.6914108 A
00594695435c489935ca0dcf8ac514f19b9dc95d1b585d9604fbc9ec8a89387e
1678100584.4392269 A
248db95392c1b7dd3cc985563974bffefad74a58e8cf6d7806f0f13040f35913
1678100585.3050275 A
dac79f8d5da6040f37da04ded14e5b1527855258c920315e2e768fa6d5d703fb
1678100585.7353468 A
9eaacd3d35d5afd2b545128f78b8b1faf892b3c86105247b78e2b33209dd83bb
1678100593.349654 A
9163e0f169a68471daec8b8c38bfe24b7e0ba4e12e6f5bc4f1dd7a9cf5b3a742
1678100607.694476 A
6fb9769dd5f55d37016e55963b79293e18a36f7ed33077e1fe4a35d420ba94c7
1678100614.7707891 A
e1ebc0ff9f7ceef62896a445d5bd4e760866fb9417a90729af939f5af5c8c223
1678100615.928862 A
bd0bc11bd8ad438755866a146be4da826b685c3d6e793b5373ea55e6d34f8ad9
1678100620.1296453 A
e35cc77a114b23d388db432da0e87c66a9e8226d5553fd3d986f35a8915f78b2
1678100630.393915 A
fed7d2a097d3aefcd22edf8525e0a67a14c07d72bfe7abadf44330945951b896
1678100635.9901555 A
1c2ab8c73ba39a1a425e594f4ce557bd24fa6b53856a4729c09e812622e01214
1678100653.9156165 A
0ab17f698bb3ab6259c436554e73b809d9413321aa162bf7a346e3b6405715aa
1678100656.7265527 A
7f8b541b46508a52c80f767f91dd4baa11bd676c97ef1dfb071b9faeecdc2d3c
1678100658.889051 A
91ea7da187bf2b5ebc6ec7c8af42bab4526b98a1041dc0dc85ba4307ee2584d1
1678100659.0875587 A
1b6c8a434473444c25f5df6ca97fdcdb6fb6e4615605abbe7acca8b25abab845
1678100659.4505053 A
73b756a8282c29c40125cfd89cc896a4fc2a26791a7853d90dea3b5b1b30308a
1678100671.219097 A
c0b5cc6e045473a30ccae13d8e2d23950dda051e37b67055cca70fece98b1f0f
1678100673.1892383 A
b929d0bc8238125e22439f26fe00826af5aae9bb0a4a3ab22aca11b43d877439
1678100676.0630574 A
1686925717e7fbaa2f7f931be2f284c358a0124b880b133fec2fe7ad2ad88a1f
1678100676.2033432 A
8fe50cbc832d3d11629f9e7d8f485dd7634fbe59aab11ef8fc33b9b76e1522bd
1678100678.8061306 A
145e1a7d119627b68741e4b52d3d7dd4f1d290362d34d0de8a710d29b1366720
1678100690.0700781 A
62ca711102eab461f14eab421e4e4dcd682207d6664c25c83653ac2f3f016d67
1678100690.7901614 A
d3d9333f366850e2b7ffab54c1d2f2a53f8ece8817cbcac4a03db078b725e62f
1678100698.7033327 A
492a5029b6510a6f3183ec945502829c54b5954db7b8de4a3cc257aeaf442932
1678100702.3550262 A
7f543032664e013a6877e28f4187007db9fde2386c3b3c0676e51ddc8b272c8a
1678100709.0675302 A
6243351ea20362be6f0b5f64afe46c3d0b086d7a09aa2223e54dc0b23dff062b
1678100714.049203 A
59b22612c5157ca50851774da54a46301fb8c34173cb4b4c6c02f587acaaf313
1678100715.7232552 A
8f568abf0728b4af596d08d3fc9908e3978268d5cdb217ca8159583cf88c2ebe
1678100732.6835613 A
78ea9e9c57dc70e5931abb8ef0960d47862882e1623fd1dfc2c1d6862008e619
1678100738.7421315 A
d4fc8029f61732e326c2404418d8cff1b65aa055ab3d307f8bf0cfb528ce7f2a
1678100739.6099968 A
c20feed9950a2235268f22bd8bda84eaddff52e417e19bd06d6dbefa3e066d2f
1678100757.350305 A
04c355142a3671265d229675ca38e4c28a1e50bd293c2d87fb71a52484953e0e
1678100769.9457781 A
36b91bd266abd6ee95fa8162130bec7e52693b9df44fea2526312bbbde960658
1678100771.7813375 A
0881726e3491df11d3cfef44fee88e6a7a75913ae3df05609c744dfef46a9e75
1678100777.5003066 A
8c2527106e3c35865810bc51486beaaef9216e3c6d166168c72885b6fd958eff
1678100777.98879 A
e2574daabcc03dce1a4ba2bd4593d66bebb31946342ccd65e1de16163956370a
1678100799.1352308 A
99976bd05fc5c05547a53f382391c82b0e3e0d28a0373d73dec13490fb407fce
1678100799.3982437 A
f382dc3161fefaac1765a40b270cbc4c1ae237dc9d5fb7c705927657d8202ad8
1678100799.562361 A
dfddd82afee97123149c81bcc6d7869eeb8f325195a0bf364b9510d99cfe3a6d
1678100803.236226 A
513dc35f13d760d4f37395ad32ee6c2a2f476eb992dd880a851ddaf4424dcaba
1678100807.44399 - A disconected
