1678101871.760629 - B connected
1678101871.7636042 - C connected
1678101871.763776 - A connected
1678101871.763541 B
b50eeacfdf1da1ee657632fe2bf2e8e1ff1f3b0a48175d90e97bb6d1b99d60b4
1678101871.764941 A
12768c45050c0044361ecc02d6d440a018187e9048cbd7c0c2602244dbfb1f73
1678101871.7648146 C
7d01e850182a41791a7557bfb62e85ef02401ae40debdc7431dc75ffff22752a
1678101872.0789604 C
da48b0cee9fd901f0cdd0fdfb0c9f39baaa7f400d76a7fa973509c57eca5fc81
1678101872.3682356 B
14dc1995b50b0dc1f446faa0d42e1daf31a7251637ca98dd8d712e8a1ca114e1
1678101872.4405186 A
2be4d001f10a99cc0f335b05b164e4ef76553e1d79848928a0015ed0e685ce35
1678101872.5764554 B
d0fc3c810e361cc1d633b7d3383191c20ca507903e1e0ebe46731d11df08bd7e
1678101872.647616 C
ba72b6d67a0af3b240d78c510bc1f6897fb2cc827f1af36bb1e1c5a7d033f752
1678101872.796065 C
21cf466e969da051c7f6383d89b273837fada6d91acea781b5d773f7a9000433
1678101872.9697087 C
4ecbfe913bbe20a16a3b32be708e78fa7f10cae69ceaf73c522a9b66e33abca1
1678101873.6088827 C
6ea72367fa0b69c7fec5596daa1b1bce64c6f77190ff5bae17a0b2c058df7e7b
1678101873.739139 C
56695e82f7ceced016959ac2245a554050bd69f59c6a15866721c025b9540dc9
1678101873.8162396 B
408505b4bbe728bc421bf26d505180ad5edc75290e4a3227eb5f5085027f093b
1678101874.229294 C
2f7d107980535d71ce903bce23716ecd6ea7336e99177e6ff23286c117231a50
1678101874.3809528 B
47a9ea8ac98b7c6b5c708b60d787cf45a1d12b122a0bd0b1ddb48a13a7a440a4
1678101874.6167884 C
d41f8d710b34b839d2351bb8397a534feb449a87415201220f2c9b5dc024e8f8
1678101874.6190817 A
7e9530f1a93aea2cfa9c47a1c71ecda0e1645286bb913a926ec279532e3c1bba
1678101874.7591484 B
29d5e5b043878b85d891d48e2550620da7397a5a53ffc3cef365d39c8fd88684
1678101875.1326494 B
62b133798bdc09c739580d101afd0d1b08e7a6f0e32a1d0a04c2805746ec4e2d
1678101875.6437795 C
b621c8e3ff491d23d3038cb556f03c652a6fdbac04d46d6caf6a2f78020c188f
1678101875.902369 B
b147469a545095af3dbb5857fdcafff18aa194d045b75c0446a3c4080f608596
1678101876.1070282 C
b82a74bfe3aac9f746785a0469d5de294921289ab70fc24dfcf6650368441951
1678101876.7528179 C
603b1adbc62e303e431d131e0ff0c62060a60bf224109a1f547b33757cc0c289
1678101877.0815573 C
6a5c8deba29a8f84da27bbc64586a0c41c9de355ee2b4a5133308ef6a23056ef
1678101877.3722239 C
c7a94fc42e5188d7ff6eb38b3b2befd2eb7916fc7736f9ab2b729b42b156259c
1678101877.9104474 B
b4f0e9cc3fc8f6837b92db3b9175ca7eb58d938070edef5893d631af16055d13
1678101878.7597334 C
af3c094fcdc6a605745b43b8672233b2504eed469c3a7769d03d9e37d3b8d72d
1678101878.8844943 B
3164e78e86875415a1b7d1f67ad9907010c0fe4418c9db3b8e8528fd66484de0
1678101879.261473 B
401d96efacc559a6fac0ea990ec73f058a41eb171e3a87782b32ac1586310a39
1678101879.7657893 C
27ef20d1a7ec16aa93241156754f1cda562bdbb141e347b23810ab02520d59b1
1678101879.8570266 B
d565a1f81594f8ad4b529486d109676262d1be5699632d422950855eb348331c
1678101880.077968 B
8280fb5612b72a116055d6a9ef92205724fab4d47983435626f3b30759f8f698
1678101880.3150249 C
56e9151c348c591ba8f5c1de85b38d2d15f0265e78b0b667e38cdcecce64c4db
1678101880.389078 C
35d5c954755c6634d147ffe48c19a524aca6412441f278d3202e015e4e4dfc99
1678101881.2188654 C
ef6db7511a531ccc4badf8d52fcb66789acfcbdebec591aee7dabcf0f0c59840
1678101881.868577 C
63b2a488e26a69f898567af7b5306fb0002eb1e54f4092b80e9b04ed38404d8e
1678101882.0871525 C
c9567d241db75b4abc5a03bf92177b5e35411bca6c66c01ae4880dde755c1a3f
1678101882.096901 A
8445dcee8f414adb208ac76616b0a251a716aaf54f28109cab353db006010183
1678101882.2374604 B
8e1432477e146b51ab82b880ca3293ea7915d7b59cd0d24dcfb4b80381031bf7
1678101882.426985 A
f05e26221eb13eadfcf0f3cce2ff5009dafdad1fab8a48143b84d63007008fc0
1678101882.4959185 C
f6782aa2ac0a7d34e4343bb0c0cace6003204e5956be2005a4f641b69d34b8e0
1678101882.637866 C
21b1e440c23f3262f0d4036edea364a14039b4f431058974ddaee4257350be1e
1678101882.6451013 C
95d2ff58edb311705a85fda4d04acb7d117a25b5a9f4790ef57e37815f10a65d
1678101882.6707091 C
099b6b0b7acd8b649c6c951c32d7c21e572c22e6a3bb8985f94cc00ce164072e
1678101882.828591 A
990fe9239cb3558aae3c4cf18656bc230963aa84b90c9eb7ea68a097ed6b0e38
1678101883.3365197 B
91488219f3285f2242812a3cb0a08c04be5ebda467f7ccf85bd5da5ac008570e
1678101885.172166 B
63bf73f8005fe7a7d94b54282845e37c3bf9985e0b4b3a39e4d814d2d3461fe6
1678101885.2606094 B
eef31801fa48dc6c6b0f6b5122080d6f2ebb7eb888bfd1e3c5eb7714921191dc
1678101885.3532665 C
862bc9d4d8cc5b7d5abedfed4a7943c3ff8972c708c157e4db7956f62bdf3722
1678101885.5376086 C
4195815b441e620b42d63d97ce3cdd196b96f7223f87c9d5f39b2f49e8864c41
1678101887.3156598 B
4b296c1921b34245a3105b11d58e1851a4bcf03b6f5d2f7d2033e237ed4270d1
1678101887.4202363 B
bfa52e7d2eb3b10682ac1694b67a234429ab60f1510c0b975f2eb76e64f2fe02
1678101887.5828433 C
f8aa3df3be292eb602bb5037c358b9bdb6aab778f58a89523b8e399e713da67c
1678101888.0463107 C
81566fc5a80d05e6566905af08db7356a5fb7e1612a4ef09b1d63d398557423b
1678101888.0878153 B
f197ea12f6d46d504b23819203701a206f727f200807462c661ecdcebd58c813
1678101888.3335729 C
620513b4ca69d5a7347c30bcf4d979bc7541c0ec5871e008fff638586be96f66
1678101888.5952604 B
3b77e25d9e772d371f8ef061e603eed2870aa63687cdfe783572d74b2278bf16
1678101888.6309962 C
400e4e3f7108262fc9826e58c57a9ffd04cb8bffb98b67174a29905e6ff863ce
1678101888.6864822 A
d6cfb219df9bf2633b0fc29a88bfc7b0288598262ed13b0792bae543a1974b63
1678101888.777489 C
c9baee9f1429c0c3507b231bbc807b92bdee060c11a761a6aa67bfedca2b941b
1678101889.71533 C
cc6c2622024e1f419c3b55ade0d250a45041df870b8ff084ff7c80a56b007185
1678101890.1031756 C
b3015c3a15be2d7c2857c4466914aef8ef06282d33c39a955c5c26a6dd788334
1678101890.762622 B
43bac8b24c35b082a3dd9e83607c1f811a769deb00070f05a838907029823f41
1678101890.8256435 B
cf05a1f380daa59eca2883425b7bccba24477e064636e6ee625a72de9075f23b
1678101891.166309 B
8f1ef2874bc5b30b09142be7b9ba66f587e299b5387eb839161e2f54c2c0703f
1678101891.4322999 B
dbaacb1122e68782c0bff2bbfb4b822d3ef3c9463911e4bbbcc9c2243465e7b1
1678101892.1081538 C
4ed66e66b41574850eb3f1608eb9d6ba013a84488d22273ca23faf976896fa10
1678101892.3994374 B
fb08bfa8c18cb9116db47db0e367c26da0623ba42af50a13569443b833bac5cd
1678101893.5053368 C
95881d0e0e3b70f7de90d7ff6057f72aa726a5e9bf0487cf62229b48e6efa173
1678101893.7743795 C
948b2628ff627d7acfb64437933bc29365fc088cf0dafd421e0fe31699d9a127
1678101893.9399333 C
d1a4734b0031c0fbd6768254e8c8464435f2fcc75ec78c5d64c9a19e9bcd2a44
1678101894.0258021 B
7bd8383d4fd3c49bc44f94358bdd735f246960c6aa88a00280e3566e40d80026
1678101894.0738442 A
dc876dd86e6f1f53bc4a97c112e44e1960d530af686360ba39a2bc081f47ac30
1678101894.2349408 B
d71ab585ecde43b8e3af3ad9105dd6b0a71910eed4bbce13f74aace959773101
1678101894.3607042 A
1ba160207df029e7c400e2ff97c5ac9e6f1262cdd9548fffba9bc739b5f8e58d
1678101894.3644397 C
48531ea42d592da529302691a1920b8ba3e315e010d1485e190774a2c44fd3df
1678101894.3709464 C
a623ce25b46ff116cf9a8b89234018562ed89eff0234f6521387651efb6693a6
1678101894.41969 C
234a4221e021cb89c5549dd666bbf9e69344d611b1d1828612ae5694f21492a9
1678101895.079021 B
e5d99423abf6d4ba3fddefc5f27d3b578613d0d655bb15555ed3b47df1927639
1678101895.4593158 B
65d705ffbc51aacd72b4487ac1aba605f5382e622312cc9f7ccc690efe610894
1678101895.485649 C
2d11403c9a7f91286d9432335fd076ed700e7148f2f9eaad62db005360680f15
1678101895.9823635 C
a7fbbb21e6f5db513f95a7f794c6ed8adf4ba7d24d0c19aa777d0bc0a2db59fc
1678101896.2501373 C
42b21a70a527496795a0310bfb3bec93645af4215b90f0fb225fd7e575a14e5e
1678101896.4802945 C
5dab389fa8a22cbba907c2c3cb44615577e23a8f8dd88bad2ef7b54aa6f803f6
1678101896.5577996 A
c2570140e4db4e6c31451b41d772c8c98677c2ccd6c246b0a60ee23f442fe335
1678101896.9830182 C
d83f51931e12bb2a46c4bb7a1ae8f8ad9ce7d42ab8017009eea1f70271d98cec
1678101897.1083038 C
ab12d01f0235935e1cc6e7ac8441bc4ba8d6ada731af39f349e7bf44d4db3aa1
1678101897.2818458 C
24653e925b3636ac1ad1efbbba881b2da6c39fb4de4f0dbe89e3d7f07999cba1
1678101897.4941943 B
18917cb592b4108c3a0dc8f40514e23ffbeddfbea32f4c9f7c87659207aaab11
1678101898.3756142 C
1a483ee57ae3247075a21e63dfc18468f5b6a84a5b957a77f72b6ac65cdf2ebd
1678101898.7098258 B
79add2209307402c24368ca242065fe24c748d444a0d5de0f3b24fb59dfbf105
1678101898.7606156 B
fc5299f214d0e62fb64e623db9edd277e864f4ed38e8149f9e1c77b1e19cb50d
1678101899.0400977 C
25ad71a026b6d2c23ff1c6bc2bdc25a6acc78c0715daba7327b621949e9b0f05
1678101899.1133246 C
d0f1f00d90d0f13e969b46c79d2efe90853186122f77f93f2e556574c9ae4c7c
1678101899.185535 C
1065578f8d8278168c2053da7cfd67c143dbcdeae56325e7ad6d0137b2bc73b1
1678101899.196004 C
d3391732191182bca7da21356bded8f9bf7e93fc0ed90cebf62dbf04754db347
1678101899.2296896 B
f070248fca8c6bedf6bd672c48bcdd672c9c1443169b275b34c505354f02c7d4
1678101899.4280064 C
759c633d50f31f63515bb7ffc94200412b6dc25678348e43f653d7f5426510df
1678101899.5603216 C
581cab833477731df40e3f1dfbe67c6b6756b7cb221ed26c4d357e78fb15ec03
1678101899.6539207 C
19f4a1a9f80c1bfbea2144bd96410424787373abe0bd35aed303b382b5448c22
1678101900.0080209 B
48f4a8cc8bc63495d4479449f35097cb10f0460504860bb22df30ce48d9984d2
1678101900.0072205 C
ab6af6710e1ca38f25bf3e3f213d7f8bd5da2ed223eb8a82836ce01868c913fc
1678101900.1525006 C
30613130e7480652748d28fa4f7833c3a32f802b2f43a302e90a30610b64c11b
1678101900.2734225 B
cf2462d00f55ff0dc2e0be6b4d63cb5df710b9369c3c74258ba5adad47a70853
1678101900.5125194 A
b851345919219f86352b85769bbb72012a9a243f6b014a00c9daa767c3b2c5f1
1678101900.73253 C
b1097fcde4e407562808c400f0272ee25f1ad951ea372faf41cba37b3d972756
1678101901.0103848 A
943bf1395ac67ec8d5e187dbd7491c799d2652a08ebcbe0eec590b4bd2940988
1678101901.379084 B
f962c5696dd9d735ff8a693fcb0d2958c49686135546c88f43d8c64485da5941
1678101902.606248 B
cf8ae04ed49537add8d0c057b3d24420e7d92d9e3ef471edbfeb1774712a6184
1678101902.6633954 A
30552faad0bf4ff39c024ad6552d5d85afb610bbd13bd6218de197b568ffc176
1678101903.1588001 C
adad9a278979f928dc760bb24681f07fbcb1f9d19de1c131a02d1a9d5331ad5b
1678101903.9448936 A
4b75396d1a11517c02ad0541e8a30b7311199458bd327321f6a3e1587b8b7c00
1678101903.9618323 C
389c824b4e7f15d9a19e20cea3781693e941095ecd4ba4ab942c586f9e12b56e
1678101904.0122304 C
657a50144697c65e82c8ef171316eeb6e265edd6add487bf59994617dfab764e
1678101904.2202659 C
5179a37771e52865526834aed4e1c85579c65090cff244cfeb24b749257c5e11
1678101904.2251146 C
a51e9ffc83194aa61ff1e060167f9c07005c2ae31cf8cd8dc776ffbca14f4074
1678101904.2933662 C
cbdbe7f0fd010670f3ecc9cb1f58f7a9864fdd5809596f23efb672a2b8ea9a1d
1678101904.738147 C
bf697f94f67f3fa4e8ddd80ceea26353d568f303b5115268e761b1e3c5a42159
1678101904.9052248 A
376ba5852c7f03458dc725475ea7cd92a82c9d9b91f0ceb7787c74d2c3d84f1d
1678101905.0607285 C
e04522101591ad430dfaf54cf820a96227f7f8d1e8d5b3bb368677e23207cf8b
1678101905.2798018 A
c9114c0d492498ef71bab276c6a1d61d8ef5b9b91a0799a4fc12ff44382baf7d
1678101906.306717 B
d2d0130a6c2fa6331f935367dff56b35b135b1c92a214d8bd400f0ff3291b992
1678101906.3452122 A
fd94d82d689970a9680ad77f11bea8f8438fab30cec33e15dcd567c58449d918
1678101906.4149985 C
566beb0c1a03f44552b53ab14280af852fde1935ebc5e114ffd715e98423837d
1678101906.4545166 C
60ecbb08a6832b73cf363ea21ea842680bb980463a4e881248e4897a46311350
1678101906.8466635 A
f83b18a16871ecdc0280327454930d65ce5207746ea9b539c704138b22768549
1678101907.2644773 C
da82094c7bd96f8c5518d1fa1f652003aed008bf8bc7d9b7a58b2f135d5bd7c0
1678101907.3955147 C
3c88d222e33dbb93de63e8bba60b8aa06bc9ff0233cb42a94426a72a178ad8c4
1678101907.661774 C
a7b445748072267e492856b3c8296cd189b7dff445391b12060435c393f5d9c5
1678101908.0412807 A
5f72ec2c94492ab6e6f3068c067d4f5c40118fda305a735b6919385bf162b071
1678101908.68268 C
c947dcb3c8f72a6073c027a6bafc91c76e821425abe4255f8b7e8e975867513d
1678101909.1624167 C
88364a6b2157c8e2e3cdc363373589ac7e20382d316bd8134a0abdaad04c77f2
1678101909.3580425 C
26adbd2056e5257647e86c85f180dceb44f27c520a0564e98f9d3daa3a41c508
1678101909.817064 A
e33aad34a74bd4113eee8007ca13a1e3415fdb7532e4acd942e9fd8ee9a7e7a5
1678101909.9795165 C
c48c9074d4b06166f61723b2835c21aa6af657fd575a76c476b12de77073ec71
1678101910.0181773 B
51e83fb8b74769d0bfda18fe449bbef8d22a24a34d6a5aa3fa82197d6da7e49d
1678101910.169037 B
e7477916bbb6582755f736740b3c805b3ad12dae5742a4f47f55298ddd9b51c0
1678101910.1911588 A
b53a0b02a8a1ec59210bb6d671f1c78f9f7d5bac064e013ade1985d61fc99bd0
1678101910.2958624 C
70c637f9e719e3b02ffab06fe8227d95a5a90eae0d5436865ac67a59d68bd85c
1678101910.7764645 C
819051a97eb54dfd3f6819097c89803318a42f8c645af5cc94cbae8f026ca9d1
1678101910.7813368 A
5bf19e8fae455255901fc1850aedba17577c98ef803bdfc3b649565c16b5cf00
1678101910.9055004 B
be05563eaa4e21d5827279cf82f79fd308e0d4c6bf53d569d011c4eb4d3198be
1678101910.9829628 A
e097ea07fe94c5353ea91e44ba03faf09add86769eee51647b342ea0ae336e7a
1678101911.1067445 B
2f8422476e9f12a06bc3cd98cb681e610943d2ce0031b8272295eb29d48e4458
1678101911.3704834 C
483ca156372fe807b83dbe0fe13919a5939f69af6d9f1e92a4b8223b337a0d14
1678101911.756147 A
b974382c02b385ef465e61bb4c9f3f92437392724425f7b7abfaea25dd73651f
1678101911.93302 C
c928870d5c944c2f85d04fde587ed0618f307d0dce3bf42ae36a77ba00341216
1678101911.9929876 C
35a0411b6950277ab9b7c5387b89e48207aeae9b6d73577cc9bc1eabf4d55031
1678101912.7299278 A
aab371b81044a851ba0d961872c149a26d05deabf951ccfcc2f5de929c98eed1
1678101912.9046922 C
b8e0da71c5bb2221376d9e97f50799890b7fd71ac24484acdc535cce43041073
1678101912.9597092 B
27aa28e53e315f159782062b74184f514da94e130ba96763916e785581115405
1678101913.6458573 C
6aaf366f864bd27eb3f4f30c03070531e144b1afe72062cf93e8ad3c57ea28f7
1678101913.6626163 B
a4db39d4e9435b2fca1da5287e270f95480af55b3ad7734f98b1e9d6707817d3
1678101913.7733452 B
62e9e535ffeba26d2a0159d97aebe8a77d8186478655c05b9557125b75a57296
1678101914.0851429 A
5bdbc36f24c3bc0f1e2fa495d2b3bfb992b401f5c94b86f6161cfd50abca3e78
1678101914.2973003 C
0aad321f3e39146c55740295cf6e655274e83e9c029b59738340537fcabdeffe
1678101914.3044887 A
5be0ee917cf2fe76eb91379b4bc1a2b573330f715d6744f92553605350aca84d
1678101914.3954523 B
9bd70841d623f845b1c66dcdacf147b3ee2c6ad32e1e81177a2a1f18af3786eb
1678101914.6058512 C
9c74f46f80d8be2df3858f060ec98fe672e2d9246ffa41261cba8a9b63766c3c
1678101914.6532385 A
0023bdad67f696fbc0053cf960c5f6d93e514cc5e93e48f18de404df658cac42
1678101914.7436523 B
6ac3ec51a577897db267bdf054e5563665e74bdc035ed8faaf6a418b9693ec32
1678101915.1262615 C
1bf0f0626dfbfe63f4043e714702bb26928a58fc57a99a3b17cdea59a51af34a
1678101915.5721192 B
dd422f594575967dd184d6346ed463378e4d4c535e3a391f23316fe579632a1a
1678101915.5733504 C
6306606c5580dcff4aca74c1d57ec4ca2433d2f22ce54b226e8fdefa7708fdbc
1678101915.832358 C
cb352fb157a337f4d46dde3db5edb8d27f98d6f48c2fb5834e7f2d2629548928
1678101915.932132 A
17375a6a2fdb3cd3f4db8c0a8b9f9512c4991a38cfccaac42c89a952121d53b9
1678101916.106649 A
c96f8342da7ebdc513138382c4917d5a300b61dcff5f70168a09066d74985c52
1678101916.4434159 A
e415784a2e0e3038a948fc46c7add66f3b90a20bd8c46f80c3f58372b9efc282
1678101916.4692118 C
8a92b84a330b8bec69671477611b9ea5da0b2c57baf1bfbac3cb361d28cad643
1678101916.7503378 C
c9371f20b3e99a83e5c4d573be2028f163dec94b278b41a0d8cd11ccdcf410cc
1678101917.0007048 B
176ba4235890a54553a5dfeb55042fed9ee5613d35a2603b68f9a10257157a3a
1678101917.3339732 C
96a509c0cd05e31840138d54bc3d81d6561d5e85c15dd362589de513b84a12f9
1678101917.4172769 B
bdc2979468cd87b720b6107fa03d37501361b9a74b9c4bac3a45e25ff8ddd62a
1678101918.2339737 C
ce5dd49bcdb48f38ff5ccdfc77ed41cd39d2039726d1e09116a7c05fd93f4643
1678101918.328256 A
c300ac8013dbc473a9f33211aad1175514b6bd5f5c9a7fde784871435e722168
1678101918.3758893 C
d8111c17a9ccc5ad4726145572eca08a0f1790557dfb9d405e5c9b6099067539
1678101918.4081824 B
84b475f1b701a582405044776cf404f2150d2c4522026591e157db174bec8ccd
1678101918.4115307 C
d88caa322c2c4c87002353bcae7b0337cd69b20a3b4a2adb178a73e133491aef
1678101918.4275687 C
4f14fc50b9682396c95a3730331dd459e2ff4e456b0031a735c0df67a5c156d6
1678101918.8287919 A
7732d84b4b51e0e702e783a4883e7fa87616f64134acb5e728a06164b8268f34
1678101918.9407704 C
8337937e5dc690fa86fb68accb59eb69df9e484f1d671e11f8925c4542d5e3d8
1678101918.9467466 C
6be7763f8e97662eb8c3fc89b33718d1149b3a0a8ebb289c9184c0a30b4c57fb
1678101919.179903 C
6542a552a41242981668813b32861c743ad6e259c06bf128e558c6c837cb9b89
1678101919.773174 C
b91906656849d2b29fc6a6769ed4369efaf7dfd8621826f756726195ef91ad93
1678101919.8258762 C
6046ac90453af94d0938ff6a8c6b7423d5ab94cc9af0e117cbac824718153f3f
1678101919.9066968 A
837e799f356cc94c595ef07a8cb4f2c861f26f4455a2075096ed2ebafb49354c
1678101920.3483906 - C disconected
1678101920.6122615 B
1e9ba7c553c98b4a269c85e35cb3d059d67ab85ed6327e953cce9658d6c83059
1678101921.6235647 A
c2d5bcb32e4922792f59c082a93ea2ce0b47d739cb54f871d89ea6243a07836a
1678101922.745059 B
854ae6125224dd817834ad26849ec82fffa44c074838abf89c0518c16f9c8405
1678101923.1768413 B
863cab142a90bfe7a67fa439e148d4bbcf30a5cb5a732d799afc152ca36f078d
1678101923.724726 A
13d331234892634f5e5212370c60e9b0b809b39466dcf1f2f79feb7b4a3b929d
1678101927.1867247 B
ff60f402640af282442c891f3546ac95ec62ec499d1268de462fbdba55c9aa7e
1678101927.7174766 B
fcac080234cbb325726fa46f3c41e251933279ab85af09a16a4430c6c506c572
1678101928.0399654 B
127cd469f3b17f1ab6a89224f46a1d09e04c806a295cda523dc9446bb5d5c0a7
1678101928.968954 A
3ee6603265682c60f12ec39252caff16d360e4e90d8c088aeddd190e09b6841f
1678101929.435953 B
877bfe405f8241294bdf0811423962013013bdcdcfa2c5af732b8648d71add5d
1678101929.816934 A
1b43f1cae43969d7ccd72220b2d9336b3d1cef7e991eb922a6ec99a382fcd810
1678101930.0464277 B
03d8733abe10949aec7607a30f696abf68215649b9712137be53bfd9c6407947
1678101930.084751 B
9436501f920f3cdf77e00e066a137fa4ccbdf691dd395125204757740c401fba
1678101930.091133 B
9320be0a172bc8949a8bdb451755b8f7a044e898f0a86ea9999ac4baf146fd6d
1678101930.4872658 B
4595bdc2ac715e055c51aaed3c0f28f534e38742fc023bd0591153bdfde777e8
1678101931.512309 B
b7003e323f9741062f1941545ad6bbd62a61e8fdef303fe53a2def0e69cc5adc
1678101932.7891612 B
39f46939614731b490c90e0c3aceec6bcc50d46a225c7dae7a48b8991beefc58
1678101933.3179195 B
e37a67337d42053f63fa1486b4606e271c86c9ba9bf9064a729d7be17eb918fa
1678101933.3350515 B
cbad849aed86894d436a9739cd63aed1dc1fabfac283788b668ce52ffc6685ff
1678101933.364344 B
fbe48cc426c2c3c841e95a8635243e845ea45f12381fec25665067fa402b3954
1678101933.4406514 B
3c183acc71d6a5974eb9bfe9dfbe1c975041c09042f6e350d2fdc9bf8fb8b1c3
1678101934.8354418 B
ece37d7466cf9d4858185398b416ebeaa26acd9b8a4bdf111065ea8139be76d2
1678101935.0928926 B
8d80619be9c800dd627f7edde9284732f3757eecdaa28ae3c9ba8841b935479f
1678101935.3785484 B
e9691687d6e61386fe7aab5d035ddd4dbf306632e88a97400ecf758ad21dc67c
1678101935.7598712 A
515d24288bb451311a16dbf1f9196fdcf2dcccf9e954f18c5d1ddc215b077763
1678101937.2634344 B
08782824c89e743aac4fb9fb78e15ca5ac18edbc4d292bf353a93d34e8f5dcee
1678101938.8060663 A
64518f3d6ba198a8caadf2978ff44618b16004d7edebe29bfdbe0c8e07fc2866
1678101939.0801504 A
f1a07fae300e86c393eecdb1dd01809ec06551bff3c8fd8bc245cca14431bb30
1678101939.254141 B
75cf17e706b4b47a8d891b9e60159da67f29f11763af626c853e6a2c404651ec
1678101939.4056814 B
8dfbe29f1dc7ccabf824311dad5139d72bbfe24e6e4085b49957eab0d3a7f80a
1678101940.0096297 B
e3c3ab4e94b83f036d3ef93c300a3095654f99b0e033813636a367f4125f2323
1678101940.890598 B
3b419e54173bd71b0f57e7304cec72abb3b9167f32733c93af968de7323c2f3d
1678101941.1877983 B
4384d78eb1e124aa711800f82e13b2f95ba2f444d901b0bd3975c577edc6d67c
1678101941.8986473 B
5cdaa2721610f7814e3f6673c7d64b3f11cd4323b500c6e1f8da2f9d1409860f
1678101942.054004 A
589da8c38244635006db42f56349e9e3833fef73230e286b6fd46681c2e162dc
1678101944.345479 B
518c2f806b0925edfec7079b7f856094af63de78308f0c3e079e5f0c84ec3a08
1678101944.3906543 B
cf89d4e09e4dae0bffb3a2fb041b8faff74bb7b2483c73af29a8da0d52a6a9cf
1678101944.4925568 A
316a90fc4154aa6a85410da32aa18fa4e420faa7e11f512b61934b51f574525d
1678101944.901636 A
79999ed69e45058fb3203a104c3be882af4f6470c51a80914608d8b4f9e5f5b8
1678101945.0047698 A
724923243db1bec5c5eaeb8321068018337e70dec403287b1d65846bcf45bd70
1678101945.1991081 B
3086b106f983781e1e14aedd6d8e1dfbefa0af4e45678b77e520a1f3fb52712a
1678101945.3116186 B
904ebb9f22af25c4bd9aea8c72dc701c905c27933bdc3cf6f7bbe40f3d6f869d
1678101946.626633 B
abdcff4225dd28a7bc1623caa2bc529313cb179ce4e75af5d8d23e3e3a02a5c9
1678101946.6426904 A
45b2f3f551a36068f74870ce582f93fa84b895a5caeec150f25ae899eecc3330
1678101946.6706557 B
902aefde4e187c5b92fe9e51cbf7e319c25f02c64a139f1426c17aca94f139e7
1678101947.9368055 B
d7c93748adf30066a88dd8533c4f1b63b2b9def51dac7945458e6b6d5fba885f
1678101948.020029 B
3007d2102927df455af782fd3d5684acd1efce4306de1932b12c3a9f657fb98d
1678101948.3320823 A
f7afaca66e0a124ca137b5de6c00ff8f8143215aa3e756c1bffa0677efc4c10a
1678101948.6973834 B
66940d1f199914a11be00db84cda13f68aa0c7915c12461d8ef2a08ec778e2b9
1678101948.7465308 A
c4cbb1e88b1ba238070374b2c44c635f942627ddd3d537a74e0efd33c22b387c
1678101948.814016 B
41187565c87f0967b636223a7414d63fead4c2350b975d0758c6893b373ae019
1678101949.490138 A
e73faf7c9b530df03df12bc6c097c249aa3ff5b153540d43a1c31c106e632983
1678101950.1691265 A
8a52ae35cf08f64d06c6613dc03ff4510a9addab754995042959c2731a5b193f
1678101950.8231685 B
1f32344a1ab215fb52a645afbce40f0883c3a499c69d93b1454007a390dbacc6
1678101951.2717884 A
e08a21aa3021d5d71c3a682408e9236d5b74d1ec420eea1db2f9ae395811cc33
1678101952.467451 A
8a9566020f93cbb250d9b9408b4d052447a4bf2ea637deac5e376d9e7af59906
1678101956.3051155 B
d9d1f17021f042821e991ab70f2a206de4adcb696a8d570932749cd7090a0ef9
1678101956.503382 A
bfca4be1755181b3a96bd56b75a91b4e7d1e81da8b326fe922d9a809e8c59b94
1678101958.1280932 B
a74d7a4a47e5ee15c2490ed81017f2fe13f678a7c6f600f879e564ede1d7d4a9
1678101958.1287677 A
787fbb07e4c3138e4ceb992e8ffc05b6b796f66bf22f11ef6325bb79bc5904b0
1678101960.4831276 A
cc5497e806112987d98a636b3e366e4911eebf827f8e6977757c38ab8f78985b
1678101960.7377982 A
97c7254f3b2aa7abab9450319d71664e46a58f14d9929e796a6d83ae7fd12887
1678101962.7339754 A
ec654272ec01d2b39baefd4075bbef260ff0effd670dc917bcdbc41d94974e06
1678101963.068242 B
f3684ff1adce549f894451991398c81caf2c5b725a95fd981f5ffc09256a7d3b
1678101963.556317 A
dd050d237b0dd92a7c709c8033e0627545ba2af15bb6c90e77f31039a4dbc6d8
1678101964.2612557 A
88622ff89aebfa6ab320f933035c74252133134dcea8a1aaa230b9a26301d0fc
1678101964.8186278 B
4f357f3dc8d59d5a2bbee8cc1d57cf6e3a9c4333c831501c787c20c5696e800b
1678101966.0029447 B
1450c565c9e273f32546e88b61583e9a4f82d0c53875542d93e1838a2601e834
1678101967.4742715 B
1f18c6cb932724487c41a2521505b687c0f28f6288481a9353699ce52baa8b07
1678101967.9069905 A
970e9a9087569c5cdb79a88370ca0b450513e05f401b8f9a16f352f506fd0a71
1678101971.1606438 B
0e55af329c3708cd63afd7477b0b1bcdd627483c37063d479399630287660c58
1678101971.2324078 A
2fee08333daf2bcfc1f227eb01b10551949a2d273e2d9ba1d6b9eff38566ec73
1678101971.3535786 B
970cf21122483db47ec9547b8c7c19b00efcf857f64b0d74f6a840aa730be19f
1678101971.4335608 A
68353b53e100e6962fe5438f85a7f1dadf67049c9f1a1fea31b79e92bb409904
1678101972.092369 B
4125499a9975797fd92cd79fe41004a1b4c177d714e19294a0fb1fb0ea367bd8
1678101972.2052538 B
ce8ade9ed41e6ed96764436012b40a3be0ca49398e36ca9dd4135b9aec948426
1678101972.2693408 - B disconected
1678101973.935314 A
87361595e773a6cd208c8e9564f25dde3ccf00849c5700ac73db102da94a80f2
1678101974.6413107 A
806678b7b40aa89e1fd9ac6977a489954f5a0e41c911cd16600ba51303d52887
1678101975.3326294 A
ab9389576e521c4393ff72b2987f31851048d9540ff077d66c7c75381cd4aa9c
1678101975.7782226 A
a4093d4d99223ac573fe147720cbe83c63690f40266c631e6e717659e163142f
1678101981.8609338 A
e6c1bc5b4dbdb86ec0f54be81faec13eadc8ae2d32521f6a5a450caa1317d94a
1678101981.884621 A
ae9086ede2bcfacacf71795c701a65bf486d00aee3223626d31eaf743ae7d1f3
1678101983.7921836 A
47b52a0e1fd3bb41ab5c4a577f26d8a332a7aff8e2938dab31875242e979823d
1678101985.832895 A
46bd85ee635317760cc6d2df7a64e07c3c08b2918214dc44b4a750a0d23c3594
1678101986.5778112 A
647ed7ae6d5be643c91da34e93860b15086630846a16a1cf7fa2f937703b724f
1678101986.7457283 A
dcd7c1d60c568b3fdd79f8883dc61a7cfc47d6a1034816105c8850c287d52233
1678101989.767963 A
f5b776ac57e4a9fa2bf20abb5eec7d1c87de7aeec26e67ad9ddddc5d6f0468ab
1678101991.0601835 A
4b29058dda363d2c46beb629df44f32c4f5469553a74304377f7a653fcf27e4a
1678101991.1306274 A
173c86302c3c497f553ad4966d928b2d28f24297adce3ebc3bb0654ce445a0da
1678101994.348341 A
0a8567201cd293942f070283aaf00f9a5e732658dbae592f8af8ba7f7824a422
1678101998.9665658 A
a6f40c39fccba058bc879ff671111c8908a5a6d9d95ce36d14739271ff83bcb3
1678102000.1282675 A
a26b5f1cdac750deac9e022ebe68bf14a62bb7e331c9794b106c31c0a535dbd8
1678102003.171626 A
e8a6cffa065fdb88c37d63f657afa589eab823158c8db794637009aa872a626f
1678102004.6032581 A
3023a4c59513403982bc44c083d2e2ba6ec6dc91e5f31ae7db8dd06e92f3ece9
1678102006.9975295 A
123a94b5ba3a1b0ee2af076b33aba56ee7d77e63b92718807d93720f1f527b95
1678102011.4654949 A
3aff2a283f2470b3d6666bcefd1910e368203c60fad00a9a0d0887cbdcbe6d6f
1678102014.5123444 A
47617129a88325824be043b48762c496acee134541097015e93d2ab061f01f64
1678102019.0735977 A
b1f186b6278684f2adcd61899d369cbe2d4fb09e9766db880a8855dc3cb1c482
1678102019.1358387 A
ca7229c92a959a31856388093cb9c41937e82d52070ce41a9c841f6d9b786529
1678102019.6561117 A
f3f6303c221a607625f3002299bb753bd36ffcd6cc058cd2e574251ed00e8080
1678102020.1008844 A
08548e92a060a374f2b40f73f8e987cd495837bad6294304d42da8c519845d55
1678102022.3745995 A
8a687b2ccf16d42a0c91fb9884309436e41109f2a46191b6d2f5975905cf803e
1678102022.9084826 A
2958b14894b9e25d3d81830a3da04ff60eaff02f36da1096cfc552e6da47b535
1678102023.547633 A
db723a64562c96bfee6863674a07a32f834f1f2653a9e4c686adaecff9bde8e8
1678102025.4970186 A
c3648470ccbce9cf3ee75ab06a8df42a8f5ec600b615e8d3e2ed8067ab8eccee
1678102026.2643979 A
ba3d259b30b171fecb7a9bf223384fc94d66af649bb5b67b6d334f54fafc574d
1678102026.2758467 A
c3c922bf7476045b00ab15660f9975df5807b684aa4b1f6016987aa19f8ef74f
1678102028.5956254 A
1a8f379c5dd4561ed839690e4af9c95fd24631951a7c8142a8ed0639819cad8d
1678102028.6678934 A
828df73557d25e747a21c1403603c04664a1b76cbcd06f8e11c15f5c23109943
1678102031.2946625 A
a05543b6fb3ce3b632890470dbf04b069697381ca98bb2d4726c9bcf64f03895
1678102032.3300772 A
c3b708948533d3e0bfc277759efdabd1a291c10c383dc4acd5f51031a7ba8130
1678102032.8564525 A
13f907c180ccc42005a8860a251bf817fded06107474cb9283d58393fcbec806
1678102036.3692296 A
a4af206f7073beb02884198167a5b253754dd1440b07088d262620d4da774500
1678102038.1856105 A
04557c989ca05e1a41b1951b97adb0b6a29945c447364760290c3bf82efa62f9
1678102039.1366932 - A disconected
