1678102572.006296 - B connected
1678102572.0083084 - C connected
1678102572.0087476 - A connected
1678102572.012089 B
16ad04442610bcbfa5023bad84581e6cd5af41021598a66d8cb798824395751d
1678102572.0144105 A
f9ac9274c9c3e64a6a71d0f85e06db37e2f441fa04eee0aafdd6f6411aafe3de
1678102572.0139496 C
1953029855f44e3bd53d6514f781e982354a6b3a256c5884bbe52fb1031da485
1678102572.238934 B
9e056931654638de37f505f1ff23224267e4bc75a52a350f8543a0503deeb755
1678102572.6272566 C
449c6a0c15642648ddb53001b1e682d7d6ece94d1d7d654166e148a3caf59e71
1678102573.0662873 C
fc4a12a94da6afe4e64009c24aa3213ec771431240ec879ae1463e40e33c7c5b
1678102573.1435423 A
a39373453f13f83505e7a5bc80f4efc0a6e1b199c0f614a62885a0bc5f31d156
1678102573.3682427 A
5f61b7501bce71c9a7e6a619d0f1e1ee20126d682dd1307aead1104f4427a059
1678102573.4991238 A
2064bc635fc5de5faeb93cb80f38cab52b5ca5f216268046bd94c2662db4733d
1678102573.5208557 B
24d180d0128afe9dd549bec4466ef2aec7e38d90770daa5c15929136dfa82856
1678102573.5433714 C
0332e562fca99411bc2e3293de7c59f101bddb5670c176702c5e0726e7fb7da9
1678102573.6034431 A
1372237da729a127f94cb259d8b1b71315bb1d5c83474d905be9615c00dd63c2
1678102573.8111758 C
ea5014b773eaef22c1ca557db95dd8e9c916d7152535219ec5c86dc3a2e57fea
1678102573.8408382 B
fd7cdcf797cb9ae030e175fe81973daf52305f1d0a2efef4710a335346cacd33
1678102574.4306295 C
afd7406ca4c661e3b27878358baddc6d920a724bbbd15948deffebd79f01918c
1678102574.5233886 A
94442e92c72654cbed9335b9e2ae8b575fb710df8debd687799eda94c864bbdd
1678102574.6589272 C
3127039657d36d4e6b16fe4a701d99be288171c3dc12c1d6b3e24e789aac87ca
1678102574.7028222 A
7cb177b806d2fd0bcb30305d483755ba60303971812d2be450ab68627d81a46e
1678102575.314219 B
12b77531efaf0cae18ef3e776108421e72a2cdf0e4a03f6ce63c497ae8df1ad0
1678102575.36034 B
9c7eb850be0121b700ed46a8d859e1f5aed8bd7d6d840a65939a40672a8990c6
1678102575.3811498 B
ea1c77b6d76b5a20f4bf429fe6b37213bd97c84e7273feea3ffdea83f28c632d
1678102575.6344094 A
5758b0f9dbbb6c45356d53e503ee9b1f631213b1f9b3aa999995c92eabe5fcbc
1678102575.6983821 C
97108993134db2ea37789d656fe096040a3f25b0f6ef65ca169978cb31f67166
1678102576.0669694 B
d7d5cbc55ec7c06a783831084816c3b516b1aa62ee3abdabb4e894a7512d1211
1678102576.0773475 C
bf5aafb6ebaf6404254856cd5bf4f4057d827838ad9bd2ae9a51bf37b2db2a7d
1678102577.220293 C
9a396854223bf1cfd119a987d0d749e8185caefaf2198a6c7237923818565b36
1678102577.6076741 B
6ba816e19f0467c667381b64bf7a3c12ea946b7e7a94e1ac274ed7595e3d904d
1678102577.6665444 C
c17656ab82ffa71c899cdb07739fdd4790ee82953f1a5ca1f47f6116ca32c062
1678102577.7555637 A
e6127e6ed7cacc4031402a1037875af535a683879e571f523ed2b6839d285990
1678102577.7844687 C
a15a4a60878b32772c5eda7d4086d7b43ccc98ddd19c539ab0f9b19103951c69
1678102577.8385177 C
00297c87c39fd0c861c81f4fcbd7f60a4372e55e7c7f69ab22492f9980697d15
1678102577.863021 C
7aafca3aa8ad13e0d233453426ec0816062dda2f418f81bbc3fa8bf951b4faee
1678102577.8980057 C
26b46e2b2b11137049962f67848cd784647b53d54c3bbcae2e38c2eef1d6331a
1678102578.1561677 C
0294130847da5e04a88af0fddabb94dd7448839a2dc3f51b1b68409b2a0c7eee
1678102578.227238 A
e043b8a2f797b244e46c4812b4c776d46a2dc5eec1278c53f955f1288cbac48e
1678102578.3035996 B
65f9284164af22a8b0c4cb983b09b750445f8296db9d1f23a8f855fc635e9c8c
1678102578.6163337 B
60427daecc6b025fc26d695b4ef57698f46b07637d2b5f7565224dffc8827dee
1678102579.092992 B
5ae1a36c644228db1d94ab11b7a15e65cd11515495017098bacf448833e3392a
1678102579.295509 C
d1ec8fcd9efe3877680de6f27ffc178f80e6e2a8546f0cc50b5658acd1a46a5c
1678102579.4229567 B
15fcef327db36e9f33a64f9cc8192ef7c01b808f7707ca52e6941ffc9f7dbfb2
1678102579.4806273 B
5a902cf898ad2c81e5a78c5c6237b229d861c2b1055b2da4f53d4a73393ad7a3
1678102579.4792283 C
884eef4af1eba908ab7df9dacbb3d8c1deb15b746fa062f169f8fcee5cae480e
1678102579.6920233 B
bd372b41e472df252f08ab223e08f1c5337590505648240a5351c03eed025f06
1678102579.8371658 A
67680c8bc5e0e998dba656901e1d160fd08ec5ec0c4f56097cbe610d0f7a61a4
1678102579.8731198 B
671988a5fe4e306826ecfcea6b5ea0569ef257804ccff53819bc826f96dc4231
1678102580.1071773 B
864b670005477a502806f74f526b338eb0147e88fc31a55e6c314496fcf90acf
1678102580.135328 B
e6d30de260d0a93a1c5e68dce4e0cd290962e4281697f16d646d64a51d1e4c04
1678102580.2232938 C
2b40bad5dc0b6eafd95df24eaf497ec26ab694d75d2a0afc24676836b62bf8ab
1678102581.4403749 B
e1e468de01fba31972ef568e53151f78c6744481032a6562e9f0aafd189ced2c
1678102581.5347922 C
c847ea5f412d8989e0de9b2813812ba6d642637ed932c97ced285392904df150
1678102581.613604 A
6410bf797af3760e3b32fdff8ad262d8bda5d44f653b07b154e1a12c240b4d05
1678102581.6217875 C
d6562340bb374bb0c5027926cfeb7bfdb717fe5540718c2528d9758b6b78a314
1678102582.397492 B
2fe8e305d5d297d2a0c2304a1fb2fe62a3b04f0ced36be9b0d534162722c505a
1678102583.266334 A
6907a81c44cd5a5662160fc9afac6af48a8a9d6d8c051211424a27f012a451bd
1678102583.5576453 A
b993076dc1471198b532c02893ab357db9719a77bd8dcac2a886f5e78bcacd98
1678102583.5873284 A
1a2d9f0be10ecebc2420069ae86f7e1ffd80769e2f09e9fbbab2a9b23ad7b5a5
1678102583.8097854 C
625982ef7f7668a77858a1efb3cb1c5a2d37bafedebd26ca7b7d09bca311ad1d
1678102583.8309307 C
e68e624a4a2da2c26fb6e6f1dc47a379ce53eaecfa1639e68b0453eb06cc799f
1678102584.9358273 C
940c122a95b2a5e3d0180e5084edf6d6a5a79e87665fee9e79d58b1669c85026
1678102585.5931036 A
8146fad2c97401799e2b593eef6cdc1253a9173eabf4e0875f387974099a57dd
1678102585.7451897 C
3beb9e5be8614387ecc6fb7acdf888993cd831a4c416d1a8b7947ee2b155f588
1678102586.1786916 A
6b402415231610858548f675b3ea55622fbd317f95bd920977ace12e0cd8ca94
1678102586.191556 C
00e55a2f54ed58642fb4910266e3e1cf115ee64663fd9a3d50730f5e4331ab3c
1678102586.3469207 B
fa5b1f8ee78e9e049ab078c198c6cb1aab6a46c8a5139108022095fda74e4590
1678102586.4293723 A
524333dc88ff1ff20b0e5bb760729d0bc0f693b4d8543fada4d648034d404157
1678102587.0786402 C
a1cd0db84dbc5dcea7e74f9cfc43d7208601a28ec61c1ddef06a80fa68cd9740
1678102587.5644243 A
8a8e17dc39ab8dc6387c58d776f25331f90b2207d4aad2349d7c012ee0c3195a
1678102587.5936792 C
72cf4644e4fc5a40193521af0bb58a5dafc82e14ffbae8589f7ba3639b24dcf0
1678102587.7990668 C
5d24224370f40920d40e235b75aeeebd8802c6a1d9512378b14ccd74a1d4cc59
1678102587.9205174 C
6afb88e582a6f02d9567ad082b59bda00f4a76a4779b830bb74fd3ccd22b0acb
1678102588.3636725 C
0b8c3056a301f6bc80a64c6e6dc9d46c94d55411fd02d4477b9e6ee3ff2d7bcf
1678102588.36534 B
94babe119e42411890414de713534899ca1f503a5495e1d71820fb91475fafe5
1678102588.4379115 C
45ba99f96409e6a22c634441559512a7856a022076dcaddbabe81e6b4b98b141
1678102588.4859498 B
aea9b2dbfac57309a26fd8d8258e07c339b041443d9edf16b9b7eb47808f30d1
1678102588.5098004 C
ce10294e454d512f80fd285f13255e6a335bcba082632796ce39e3ef5aaedb77
1678102588.7052462 B
c949ecb552f2a9694ea8141be80af02dabcb1a28b5da38c0900c335c7695b9bd
1678102588.8141055 B
21f4458dc54653e0b1c5fb7bdcd5d7e1498fe16c779e9134dac86e7552466bc5
1678102588.8521326 A
8e79f56b7215bab45cdf6a557c227aaf3dbae9363bdcdda21e9293576ab2e2c0
1678102589.2158585 C
08e8eaeb2f233d65da6b983a85e4fd9017b4d7e074fc887698a0ed9a21051a74
1678102589.4330268 A
9211e70247825177e21221bf8b06f901ae98d3f860f58cb603e6c7831113b5e0
1678102589.549939 A
3a03b383c2471722b5d5cb44a08e06c2aa0032e723bd00eea09dea712e96ca7c
1678102589.8581598 C
670634aad2bcd5543a5e28c3acda97d002c3d4131ff6423e82b6a7259b93952d
1678102590.1364207 C
eeb11511da15ae8d7682afcb1d5101ab4cb4cb2fd6773675ab16c214756592e5
1678102590.5250642 C
4a51ca2bd4ab949e669b21fd379ef5cd51729f71299a0e7cd51d9d87368a71ac
1678102590.6036355 B
5ee39fd571442719ad7726e248df8c377795b14afdc5e7b2d0b52ef9f6833237
1678102590.9876056 B
c0365af4c4786e0e9b98dd0b63762d6d7cb621b313c23a77e330567a7d4b533b
1678102591.6318913 A
fc5952dcd580a44eb8e3bbb52af8bb5a555fe2510fbb8c714d8e893407a70d50
1678102591.852003 B
6237cd4fb1afbfcdd19d7e3ed8bf000b734fdb3890fec0bb2d403a7d826e8a45
1678102592.0068178 C
74354f3cd09ba90bfde797a03157ac929e5b715045363fdcf9a45efe41937618
1678102592.5082557 A
c4fdc7c99ba4ccc0e9a9b7c3b08926a8ae4cd36795ba09e6004f0803ed5b0efd
1678102592.7435787 B
8478d153f77327ff4f237e6a5e134527b63987b26cf8c72e9d6cdcd8572ca4d7
1678102592.967588 B
4e20fdebcdb359c9fec23ae2bc52bfc7dcd89055c03cff08f731118b0a9be293
1678102593.8507297 A
7b7148ca430c364435ef7deddaab0381605e08fc671ec2e45211f45732995e99
1678102594.03022 C
870c7250b4421d85403b1ec729ea6a2c3f57f2c4981262fe57aecb5a0aa211cf
1678102594.2099419 C
69dba34739ad2a458f0b3c66b4dd5ef1f5e4f384c1fb4b679b4fc0f9570f6921
1678102594.3037825 C
9dd1e4967176236f1f0b3c3ebb2eaaee2429369867b871fbf2b34fafc52bfc49
1678102594.4045398 B
81c6c6b6cdd1e9c67ae8481643df39c976005c3fa06610a77083cf96fce81005
1678102594.487156 A
f5174577c23d5d16bff0f9049300b1467db50501fc60cc17acbf55498e695f17
1678102594.7293015 C
402ed31d435c5404c8c10c2261abb48ee2ef7ea77ea5f2f51dcaea667dd1ad77
1678102594.8707044 B
2ae581493ad447f4420385fc6ff565bcd31892080e5d2746846d3317813c9236
1678102595.0376906 A
fc87005f8969f244f0bed2a5d1649e574d872bc83b76b25563097dfa569857e5
1678102595.219115 C
e41471b2cd12674de55d044da211ab45191cc508fc2c62506bafd61ce7083b00
1678102595.2406244 C
12005b93bb8369e104228358dfb93f03d82a9f4c4a5aec88ce04d9735dd303c1
1678102595.4800756 B
d7f4c788dde4d909bba24b152e8fb5b227490b8d859e221beeab037207ecbdce
1678102595.5372963 C
15921b705d4d314290a44148b332fd0ea0a360e577f9f7de86f11ea7c80bc04a
1678102595.9077842 C
bad38f5b7cd3cc45b8cb357ee5084d734b92b11ab464f3bc8ea5258053c74dd3
1678102596.0599816 C
122703a8c72ee36720c189c4a82ed56c7c927bbb95e8b918bf751518e231af3e
1678102596.212401 C
492732f3cccc9932fba472f58f9f53dac89a90efd5ce25da93bfb593c79cc079
1678102596.6145086 C
b988ab721580d7d3542ac6f6cc0d945c9ae0b73d25110b30344fad49d5639857
1678102597.1616154 C
3651c1fd4b9f851de33d746f39330787a32ade826141917a798f52185188f5a9
1678102597.2894657 C
0c3ed070157663d8aad6283b70642261550bda0678d71f9b46b34b0cf05497ce
1678102598.338943 C
69ac405c5864335bb4b8797147808054334265917d0155db11d5d0db63a6b397
1678102598.7795715 B
9afb52463d152f705c80969a01e1cc8d1add8f51696c3136a6735cb78b692503
1678102599.1146939 B
8ee39708d647bcdb5dd4f8b7992b7c0285d33df8cda81c46f28a34c5a7025d3c
1678102599.4604888 A
a823d095c8d61b4f1e2a04364c8f722d06ad72220448c29e57be26910d5943fc
1678102599.6505845 A
a16b19add670c456d7ac1edbb7d8137b32d90fa5d59876640c28606ab8513f01
1678102599.784229 C
eeaa94b44102cc0891b2803cbad58827d5581dc11642513643f4fe15a6a1b317
1678102600.660611 C
86e356ba651088ebffc3aad8e2d53600025652e884b54fe1c225e8dbf5824dbe
1678102600.6952822 A
a4fae17a27af462268dec912c68b5880336fd41d4ae287b98229f5d0d067dff2
1678102600.9298718 C
d2b8ffdaf3355c6d1d607ecfd98d2092125c85772ef5f79698da310ccbbe6f8e
1678102601.4781811 C
2e8cfcaa9cd42649edb9a55bc1b7bf53daee8537880fe91bda84d2baf277d988
1678102601.5083706 C
d4093ee0e809c6d307cf23dbe95717c26b981bd1feef8f7a53b140e36985e232
1678102601.517326 B
c01cf10778e882b5c0c3a50f0d5a38897678a82fc86f36acfc43cbd2cd0d424c
1678102601.588463 A
e732b37eb22bfa6efbcac3ce04067c8759558776cb3673439f727eb2afd370e3
1678102601.6117284 C
00c6b9d5bd570f5c079c016a24b7ab60c50535397c16559fcae9f0a584c3f571
1678102601.6724532 A
fafe101681a229e12ff6e4ca7ef8bf27397971a428791ef517322e712eb9978c
1678102601.7139978 C
11fdd1c2a9b6e38ba92966ab0722b3b4a2e805c8e2b8cd998a5f3338ec8b64a9
1678102601.735163 C
5dbb3b66cc0c589c2054b08d2e1fddb9c5e2ea0f302e08464e0e0a95db93091e
1678102601.9026036 B
70aea180c58bc3086d804f990c867444c21db0faacaa40e68dfb1cbb9287e536
1678102601.9332924 A
61829162f4f9e25db868fd4ebb4d319c87880c2df6362613c571b7538149ab29
1678102602.296269 A
b4dcfaa18ee8b5bd2c289e98438ff5639d2c058a86a47aecf8f0267a06a7608c
1678102602.4529219 B
7df702a2d347e5fe472c3dceeab1c0f39a89972e98f410583d7ac72585506e3e
1678102602.6336138 B
40e5b089f014b5d879df49279a789d076860a012aa3008b1392f1bc7f827ad1d
1678102602.747675 A
4cd8ca420437764a8f5a821cce8c42c4c6ca9a6e049d6283d0966fcdc12627c0
1678102602.7907436 A
7741b3e4544ab164742ea6ebe4c5995c5f805db8d3c8272d0ba34aaa2e2b6713
1678102602.91902 B
2c1a983dfce80ca52f66c24fd58fb9bea2aeba8ba228f97452f58ae51c35abb0
1678102604.3779159 B
21125abeda9874d04a29eb3a76da5794c738bf8d8a2ee0b6d566a92621cea739
1678102605.6151628 B
900a23abf46c73e80f7eb52772810656df3ff080ef5769deb52e4dced5ed5a19
1678102605.7169354 C
cf9b5826ea9da29eba80170b4713afcad835d9f7dd9534580005035135c09072
1678102605.8684096 B
c9fac8d439f002d281ee72db7cbaed55d3994e80e04a2fb235970b3ace65353f
1678102606.0954876 B
7f859c691d0a8d179941cfcc0d6d722ba0535da5bafb25792c95f5f89957a597
1678102606.5175452 A
6d1c2a9fee9aaf3a7e6dc3b13354261f6c176736a2eb03ebd314c37f829c30e1
1678102606.6646357 A
6967d6f0c681e166e881365da4113d8d03679096898d3ddf228c27a5b70d0a85
1678102606.7901964 B
f898b7d8cfb2a1c043101211bd21d020892e4d1135ee39d2c4444042435dca5a
1678102606.7949107 C
b476e04f9f08aaf925c368e25cde8cc5e776fbfb588cc382b6b81c4e4b6e6633
1678102606.9124558 B
20220a111ba75eabcd5539ff0730ae33c221fd68d8d3cfd8cc79a9e2669c4c25
1678102607.1814063 C
106c5488bd887a481510493ce129675aab6b9632a2aed71792ae69324dbcccdc
1678102607.1961994 B
7dd99820b196f5b90f6ffceec42275dc5eff21ae9575818a9c76ac116ea1ea8f
1678102607.403143 C
36ea8577659a8deb3265870796269fd12d41503ccb935c8e7550e5a9b714afa9
1678102607.5049195 C
01ca8495c98d9b5b3f7a90f3a359ac2fb5cc1078e7de7a557cbd50d00b829f64
1678102607.7057612 C
668669ca0a4dbb2ba4fb3016b2e28cbca1d24565987330741145c783a42edea4
1678102607.7329988 B
47aed15447e1215b2d79c2eb1eedaa46a92d28ca5074d83b45ad497e63a6a5af
1678102607.997158 C
c37365e2583d62334f69448d1fa0a74bc0f2e20235870febe8ac74db8d0260dd
1678102608.1400323 A
5127cdc58ce60d908041002e69c743e02a9d237e1aff74996d070528a0b53c36
1678102608.9100304 C
674902a08e528e2d6de48b45c9bc17a84244c64132080496d987e9e202155cc3
1678102609.1102746 C
95c406c9da4b97b376486cefff66a4668bb5ceeb9fa507a489c005a3d6bf897e
1678102609.536089 A
f4a11306969205fc01d4a2748e5fa79aeef9d12bbd97f56b615e306aa0bc854d
1678102609.6256495 C
f5ffa311231cdda3e77cb19a78f5efeb89ba1d9f98708ff6df7fae794f5cb3d3
1678102609.6484942 C
f3989df233cc9dae17ea953aa46cef92e8a9613908f87a52e36988d0a8f90e7a
1678102609.6508367 B
031dfa477bd77ebfc93d3c046e4ca499df85022fb3bc9a8de500905eca52aa93
1678102610.3856165 C
ff0cb393b7ec846eb6f16eca7ab22ea063513409f0bc2ef134ede066128dc98a
1678102610.5991793 C
495ba1a7706add6d57fce8e04445e0c1154a05c82e16025d092cd8e1f5b02e5c
1678102610.772901 C
38b491c8cba4a60fe13472de8da461e721536b1e4738bed3d9a9ef476352f62d
1678102610.9331958 C
385844765ac0435371f825110533f6ede7230923399df9033284ed71d0f8df79
1678102611.249679 C
f6d9dec367bbce47b3f34e91f1c3738ff13184b7e441cca3057db58e9eb6a299
1678102611.4779289 C
a55f805ca639583dd8ec103cb4dd2464622e64c02bb9b587b4cedf5473494a5e
1678102611.9158568 B
82e30e3592d61a7d973aa6c0d42714ddb2ce70593443bb0f9b8b90b941121f3f
1678102611.9881644 C
e241f771b80eae672dc19a03c32188f470294e41b89803eb8178ab7de71681c7
1678102612.548995 B
e0ec994cefb61c67ce32786a224a68da6ec96b22e98b921a356ca87b2d7b9616
1678102612.636014 C
6f8a18ec905e2f6c26debdafe899d810ca875814ac41600a3646726ccffc3e75
1678102612.6412609 B
d84b822f201ac0e4a6daedd52e73d9878d0231111dc585f81c81403e92c623c6
1678102612.7303863 C
806bf73175c0bc00681d62e6d40fd5e19cd0f83783e204a7d309461ff6d1a39e
1678102612.7913356 B
330a77f97245a04bd59492b127bc833e22e5367f3a68fe2c7557f8fd449f7720
1678102613.4236345 C
cd8c034cf5713ad2a481f2f2af0344fac00f5af274eb34f80b624b0abd36e7a4
1678102613.5161214 A
76fc4b8ff5e16ebed9c73b9497f9cf2c72e382d1726a0aa2b2499e4cacdf41d3
1678102613.722461 B
9b41bae62c6f21404c3699384a9f6a39129fd214dcd74f96bdc3b921c06bfaff
1678102614.0908663 B
1859917eefe7877eef446cb983783020be43359b4c530f1751117d53634d661e
1678102614.0921829 C
d8fdc17ef153907ab625ccca30211d81901473f1f4b51fdfc200ada7dab33e03
1678102614.2991407 B
ba053666df23f2fe3346b1f2d400969d20597405adba8288c36019a259030ec5
1678102614.4549952 A
561ed76ac796529b168530b2951614ef1f9b0a076b149b41009a49e0a0f49772
1678102614.660028 A
c724783eff2ae941ac89b2d94c7c7dec516c6a4e3254360bd5861b8654bf1c60
1678102614.6898017 A
736d9ed03a653e8d4e70f34f06c5471540b3e89d4f9473932461cbb1a78feeb5
1678102615.6279166 C
91b724d35d94d043a6a355d7b4138ba778ab4300852b8ec2e3f06ed59464d656
1678102617.0901365 C
94d36f6ea90eed9ecc67d5e69901ed9e740fa65a1b35721cc46d31709049c3c4
1678102617.1041422 B
10442255cb603221b30b8961fb15e29581f6f32c4e198b84c9a54cb56e034bcc
1678102617.613021 A
1edb5f23acbb24b713d2eb00710464da943c300b802337b8aaae6e37b9d84759
1678102618.0187943 C
7f9de8ab9b2e94a9acdaaf295eb1537a646ff4da58d48ced01b4dd7a3c76d6fd
1678102618.1007886 C
f2e94b502617eeeee16613b11381533a9f1611261d9c8878b42df44a0930e49c
1678102618.2134507 B
1c646a25d1c0108c360d87d51e5903ba541616dedb3177d5bd024c9cecee6ce8
1678102618.335707 C
1670089df820ae1c0eb8f334c049eef0cc504d90826f9317f60b57221995d6d6
1678102618.7725704 C
4780ab1c6dadf95ce07e7f2ff2693b94caa3debf549641c9f8cb01fabdaf2487
1678102618.8935962 B
5465d1a9834225f3f4ac1eb88e56fede109d4251135999a79cec6857bb6d9db0
1678102618.9641476 B
0592e3f9831059483b325a6a73be94252e581f301846c08299ecc877dfd8f9e9
1678102619.402221 C
c1ee5c58626654ba37fb46708addecbbb9b3c2276768ff6458bbac31a1eb60e8
1678102619.714126 A
da181b18e7c2f52c433d6dd4c09564f5e1e85047f24076ad54f779526318c3ff
1678102619.896209 A
e289920ced47f7598057c7fe2ad4c1b02d03d8e1701eb1f855259b0c9723ea63
1678102620.0767274 B
5c691ca83027d17d9f7415746ca17ed9e3100817643257a74243c9c12d5c7c09
1678102620.6005344 B
c35849d8a78190ade5b5a929c4bfc29a8d22e8edc2362b8cfc6d2693bf02194c
1678102620.7734444 C
5516dff77452cab0d070c14bce769d6cf1fdaf9b08931dce3538b45ba1506f2d
1678102621.0133834 C
6e252db3b89d2cddfd5f5e7847eb1e5ce4796ca37ce5fd931c78010d41992884
1678102621.0967035 C
7439802451207d5f4a05894c4abbe201c970c937b148325a52c3a83a032f45b6
1678102621.344543 C
99bd727fbc4837deb6328205538c905d07fce4665b5d6de7731d61ab813ebe20
1678102621.3928914 B
960be98ba417e018306ba715ecc013fbc8fba20432fb50b05faacbee011d5981
1678102622.0104258 B
f0b8c03eea6c7aab55b0c3597efb6a52bfad083b83c1b9c16cb117e904f7d22a
1678102622.0345707 C
5c3645e1153c1ab51be5ab3cbc4d113add5e41708c7ffc0fe34d6f63b73017b6
1678102622.382469 C
2c231e207c7b20f343a5dcf83c6ec27c6c3bec6aabb26516255c0125bae965a0
1678102622.9839442 A
8b95f723e51eaecd0649bdf578477b90c7fb74f6c4e6145e8de9e5e341f6d4ae
1678102623.4461565 C
f355f74915495d5dceb12003386997565c5aa756ea65f580fdfbe6cfa78d670b
1678102623.6066859 C
3d44c52893d2fb5ea45ce2432a5fe078d650579a969083df83fbfd35e685fe7a
1678102623.9826572 C
b0812c785eee5b28003429f6347396e5037ea93715872ade2029dd500eaf75fc
1678102624.0718136 C
ba9dbb76f9be81c801de0e15378c1e8459f3cb07ac15de2b6bd153cf4ff2869d
1678102624.691041 C
734b44971d2cbc0c368d30a5cedb1ec9fec5ed0f336bcba60edd8cb3b2c3a5a2
1678102624.7127402 - C disconected
1678102624.7645504 A
23ba775dbd9228a3e35eb3a109474180705365ab5e1eb14f72a36059335f9fd1
1678102625.1120176 A
010b426cca6f058bc8c9f9e64010b894dd14706718d06d2ff0e69a8250153829
1678102625.3331494 B
9d7ecb9855e5c2ccb41e54e97b6a41a5e99b2b82e37e43f2786ab2a93aeeb03e
1678102625.3333156 A
c25665242764c92943e27962f8b183acda7a15a1be9bf7a4d049e9b1ee464dee
1678102625.6650026 B
a22a428115e999f9a1ccac938f87d87f2880f946313131cf9d092834149bf991
1678102626.219774 B
852c7984e1b169dc64801a232c48239f215a9bfdd3b8baba79b330360d292c68
1678102626.3527474 B
25ae7d58d0b635d4f7693bbb0781888963f1768c098a800131bbe006e50161d6
1678102627.536084 A
9340edd96f6e6b8f31e65c67f902de91b9e7f5d701e88934bf3a5f30d12183b4
1678102627.6414528 B
edcf4ad78befd095a44fda1f52e1c8f10049a846883044df483e07968ae1016e
1678102628.176846 A
6e1f648a5c6e989393b15d3089309776aa8a48286ef960280e6acadc46a7a1a2
1678102630.5550668 A
f78f2d36a457212a35ed8effeac48ec66e45dce8593c45e980641671cf7480e4
1678102630.6495488 A
34f824daaa443facc42bc63ec1a8f051c2741cd7ce26cb892e1f4e79f550b7b8
1678102632.536611 B
9df9d954e74646045d88dc2aa12c188298cc9438fc1bcd74ed668c712e31f8c6
1678102633.0235915 A
1eac946b9677995cf6a80d2974003c87cd0bdf3e99893e058f1bdcfc98b86a51
1678102633.1951084 B
237a3896adae347b0d2f0041b79d7728e6b778d3c1e20b6997ef406f72eb1f7d
1678102633.3219619 A
a2698e493e3e341d7e6e71cf010d8e8a091a5f58c4a8ebdee4d1a3b3a23531de
1678102633.3950615 B
75e071bb5d2ff2c60e14d90253a2d4d0236faca722d50582f738c3f35ac54859
1678102634.449072 B
aea682400327a8f09adbeb61e612759785beeb6cd30592ee9d00b9da348b860d
1678102634.513753 B
a4009218e63b29fb32b15ca9c83048a07f8f995f2a14a5efb33ac665d3a36e3b
1678102634.5572078 A
3a5c62b24adb0dab99e8d1c644b31b98532c67432164f846740d499e3f9f4319
1678102634.60582 B
c36e39330728e08cf048203c282ccd77e2b47095eba62d34daadb18c2f1dac80
1678102634.6564593 B
294f59a5b167655db6fd15741b126d8d72f5af3570ef53093a1f1a1c04972bd4
1678102634.9238153 A
2a7d10da5d09234f32efbc6778975bbbaa39e0bc52b9f005c273eb90e1b8de8d
1678102636.1838033 B
9292b8c1dd5bf192585dabb7303691152534e73957b95f119a489ea8794960be
1678102636.451108 B
4822bcffaa6f3590a35f03c05de308a3675590f49a844a400f88c8565e7c1370
1678102638.6686418 B
5c58b56642b355795b1107013ae6bde0c77187f04a9a03aa4a876db590df03af
1678102638.8830287 B
d019ca49c0612e19e23f8903180dac279b9d94af8c1ceec7dbb1954c1b22d592
1678102640.771377 A
1d3df21ba10f05d906c684a5ab788501f2a74f72877b9235e475784d8c498dee
1678102640.7958388 B
76e77347ef603f45f909dc7cfd16562e0aff0911483ff2e2fefb9edbf0c99d47
1678102641.0238662 B
98ba88b9842451736386c730608fe5960bbc943d5c312ee207f9e36068c4ac3f
1678102641.6775103 A
bb0b9a77522dfc790e85fd68a681ec4b75d8b03962128e8bb9010536745ca2e9
1678102642.3677075 A
4f6bb9c74be04b618459583c8d48396b0aa07c296229a8beeb79778271eefc04
1678102643.1775975 A
9d20e805daad650cb513144fb8ea3a8f067c4d33b3ae962caf72fc1215d334ad
1678102643.5510287 B
455cf366252af1505ecad7cbbe562bfc5c79e0d1827a97e2d15db0cfcb9deaf3
1678102643.6021965 B
f3f6a9e7c5c00006baa9d55cb0c805de11a1c435b649e049de04bb001ee38cac
1678102643.7747993 A
94fa773600d14d230ef87f0adf29f56d7f383ff1d11970b27a10ba8c8c354e06
1678102643.973994 B
eb51982306ebde9734d260e992c8bf0039b32f8444dd0fbfe5d46027052496cf
1678102644.1999586 B
2f9114fc5fcbc197586c168667d64f59fec4419cfa52cc37be446db94a8f20c4
1678102644.2212384 B
81c1ad1c848175e46ffd01ac22f5a11ad47ffa9a9b0b4ad5181bf2e2f4e00eac
1678102644.3499756 A
2f173557543673891ee4f4d1480bf1bacf6de96e3a9fa2390f4f6a29f770fa44
1678102645.2422504 A
6fc30b8d31d3c8408f0e3d4d0010ee447c737b78575e7770141ff5a8ae6c60fd
1678102645.3664834 A
3af342724677b06ff71a083da4869bbeca3720b81df5c20787978eef1454bf09
1678102645.453498 A
d78940fbb6599720f211b6defd345132eeaf56a8874176064bc22d87aaaa585d
1678102646.4179862 A
56338eb04c797e69deef075194079b2be41d8fe8f2228b479f28e65a5f4096df
1678102648.43957 B
1b54d7f63cd24a00896fc7a4d9ceda67159804ba921d0db1bc2e6906f4bcdb7a
1678102648.8034844 B
005472066c82196874af8f2ef9dc7fbf509e6975b1147f4be1b642f039ae663e
1678102649.1273966 B
1541df2e08c1522488ac519b6fe8b3619e1a991de3c04aafefc9977e1e219755
1678102649.381863 B
240eb6d01dc940d7a4d14c95cdb04f5d8faf37156d361c34fee22137f309d928
1678102651.4762294 A
8b7197ee2d43b2ece0a804a1940b9d8d0e9048b6168e8474d65f59c56b97cd7a
1678102652.0280075 B
b35c45449e2ac6245d23dda87189c3a746e60ccee5e92e1a80a716e3dfbf458d
1678102652.193714 A
882f818b2edbf34fdf7dd513f59b0f46175a9ee4104f6e2910ad7820018b96bb
1678102652.5622797 B
8c9dd40bcb0b97941120e22542dcc2580b6b4ad74c28d69828ae7c461188ed7c
1678102652.5646772 A
565554a717dd472bf6b430cdaae3eab8262cdd36d42073370f95655ecbd897bb
1678102652.9570777 A
8ff0d44d0e21ef830c0816a6017503473bfa98e7ce107877454051695e388a8a
1678102653.1073737 A
6886e1cc97121635d43646b5bffbc6d96c13d53a670310e6bacd566254ac6f3d
1678102653.9912937 A
f6eb87ac0d36b3fe0712e046950318cb07c31f13e2900cef4e578de15550b79a
1678102654.280214 A
31c21c2d9d25af2301b938529433b952a2ae71dd481a2749baddbebf46d5a81e
1678102654.7663648 B
68ebdafc6537e5ea8cf72c039657f6ab8bcf078d23dce784701bd5897b499bdd
1678102654.831868 A
5bc734777c2df7306d3b7c2551abacedc02fcb70fa0867fb488da45566868a8f
1678102655.1936316 A
26f1492860dee7a9120a2692422b3591bf2dca1852f969c83981e8424731f2c4
1678102656.1131608 A
389af0b755752ab2bbb2bceeeb3bd70dd6e20210fce85f58b14ea26e6675920c
1678102657.6567378 B
4447636ef9870e833c00a5be97ec9b3c8f4d97ca86d040b8c801c3aad4a33b7d
1678102658.9686468 B
0163ef338b2ba6b3c4b7ce7f1976201e15f8047fc88d02572a5130b11543b4ac
1678102659.4320683 B
e8ca744a30a9bc37fcf85198c313ed22d694c1adf5855925e1073904220b289f
1678102661.2892447 B
088d7950a47af929e47883ce6953959bd0c1a10ff8353dc78c358e6fa9e0491d
1678102661.4413645 A
5b6321ae2fff8c02255daee96039a1e0d14f2ffdba9c8be04109d3b63e9941bf
1678102661.7397473 B
8a4ca6ff502fb5a88d15392f56075765b3f84c0db09c92ee689841d19e3c15df
1678102661.7788508 B
4366e6573dd226e17dc84053343a80e7dff22d7f3fcfc2dd33f4b8964efefa77
1678102662.5392597 A
a0a5a6b9368b24cee6cf4883f03741e6cea2b407abf8a268e85eb83df3120132
1678102663.6331804 - B disconected
1678102664.2115328 A
d441d849ff0579bb5a39e48975b49c7bd9e4cd2f7115c21f2dbae16c7fc574c8
1678102664.8158312 A
7794f45292c2e871cab0d9f2a8af924bec363738826dee7863d5a842b4db09b8
1678102664.9511778 A
97b047aece526e846258d873572476a7238b8184e02e9f5a05ad673711735c21
1678102667.2322507 A
1a0681631fd191da014d64f81b4d0a0f2f5fad1aea2cf7fbb648f081f33fb4d8
1678102668.119645 A
4c496e8528fa8576c85f145cda148605f54d08d3c0b12c298f0e8ea0347cea94
1678102670.1970544 A
706cefb6da7fd5ad5f1b9782957d0504dd1d08f878d417de0297615df33694de
1678102670.4269805 A
5da8ff49b4fea6cedc33ecc375d1387a4a7aa7e8d679ea3e400b1f5b58c4f0e8
1678102672.088105 A
69fbc011d206c8182b38798258c413846d097d69227070eaf9dd081d5de1f511
1678102673.5357387 A
3c9633ef5ce73cd95ec2b9ed66652e14f6cc49aaa934bb26c5cdd28165e97d3f
1678102676.8762293 A
e4484e08e84254e42d205a59c4261befe4a33351bc9cab25e0a1283b69d5b4fa
1678102676.996884 A
ec483cc6c162ee0859920ecbbf5575b42da7766518ec7d2371ee99acc91e3a14
1678102678.3808274 A
d607c92f0135e37628d9e3e0353b3be5669a06b3e234d508e355b4387a69fec4
1678102678.4122515 A
8221c8fdfa0597d16d70427f99cea0900b1f81fe148442bef87cc13aa35d634a
1678102678.4375086 A
27ebb5cc31af566f916347546d1875f6e63c2c58b50daf8e6ec2d5ea04be81e2
1678102678.7836943 A
84bd14e6fe90f21592eafdc492198b7337f30902be8a247f258cda64e1583437
1678102679.9663987 A
477eee3a06b1ea2d6fe872952ed9d590e03fca0ab49436c728658514dfaef41e
1678102680.791872 A
fcd81758e349d798446879d5ddccac06d88a96c4c99ade51536fb874f7969af6
1678102681.502756 A
3b107d72bb86df0508a02dcbebbb55b6dabd25798c5db4e231bec31ca4675975
1678102682.3965087 A
d4db796514b9c7feaf9deb2403db8e46c38a0a8f7089a5a67454eb21ffb271bf
1678102683.3968375 - A disconected
