1678102062.2451637 - C connected
1678102062.2474146 - A connected
1678102062.2478065 - B connected
1678102062.251601 C
e5d095257a87a9da736ffad86c039bb0f47468fdfbe889652fc82eca7b943ebc
1678102062.2550297 B
2b8ffcadc9e90517f6e93433ffc0d72e3b4daafe5c00fc6e27a43d458dd0b1ca
1678102062.254843 A
30eb2e8c4f03c98f2a9221c9faae8a82abfe06bf332dae61e3863380cecdfb91
1678102062.2687461 C
bab0822fdee76b900580145748cb38e958599ad0c59efe0cbc52c0860228d04a
1678102062.2712274 B
806b185a5c9046aef0e9e3d4ae1d8b62e17117b5d8a7e11b07d2d9ba603517bb
1678102062.3522286 A
b4646a542b618c2029bbd9cf399908caffa7cf2abb2c50f3de82927abd1f5f8d
1678102062.4766662 A
d33a6cd8ea79d22c95f53220cdc0d24d50a6a4614f7484be7cad68291514886a
1678102062.4980896 A
3abd01b1cff7cf9f37531e2ebb717710283230a501fc44932ee9eb64d1250c3a
1678102063.0821772 B
2688352291e0a74b43b8e47187f0dbe39c7e9993cffb74bd70f5fac492616575
1678102063.3362117 B
e4b645eaea62bb40ab6c0d64c3dbcbd847f95159172709d862510723d6d2e9d0
1678102063.3692718 C
568f56d6c4f0c33155976e7962b232f7885dd2c2a7e6036753c3688cdffe81f0
1678102063.672631 A
f5b3f330a862179a9552109440ba99b6f39ad3f0a0df213794a1f687d1f85a56
1678102063.9169834 B
8538fffac778ea126de468c6f1f6cbe450e493fbc5c8d908549f602323ac9b43
1678102064.1320739 A
a2afcb6ae2785de923986135132b271a48da77fdd92a6761b09e7cefb696a01a
1678102064.2036343 A
c4784437e4dbc79fee91f91d262abe0076969bad46be5f844f3ec67c722b710a
1678102064.2440925 B
5faf0030f11f4d6aad6b2f2eb4af0d8ba239d56014554cde66863def211c5446
1678102064.544374 C
5df7d7f9f13492d697675a57b7af3f85a6974572496bc8c993197a47135c0c53
1678102064.8015156 C
8c3d53a67409f85b40df36b3e3af916887711cbc7709677b8b192f48ca9fe501
1678102065.5352426 A
1363b08e84ca237fa0af4d10df640e71cf64973c7743a5f163971644ebfaeaf3
1678102065.85504 B
ec2a9cd6500e0d93d1c99e39e1072028d904bd20176789620ba20fc754f5eb6f
1678102065.9296887 A
5b9fa561ef8d8c16563c575daed90279c424a6b6d45182e253dc78199b5ab647
1678102066.4529905 B
662c872cacf5cf78b370af1f95c7a7c1c61ff7d6c6284e3c38a615d1a9594565
1678102066.6106067 C
e20a29ce8405aaacff951f02ecf365e3b63b949449228fcebc270c3476473f70
1678102067.249724 C
be72c814aa78d7a8d6eb6f2ad79948920ce27a69e0f715f3ab3d485a6d8af77c
1678102068.3825033 B
8e6e8f417ec2f12408b94e8964857857a89fe384564ebf1fc2ae5cd4e123216a
1678102068.6439989 C
953177d42e5f30af913e182357ae6da15c685a7a52ea8e3e3490c7cbf1d7221e
1678102068.8101537 A
45e27ed5857e9ce275bc62306f445bb6d55096bc3be8834bf56ba7f342ea7100
1678102068.8238537 B
e8e0b7ac8a4c0dae31df47cd992a7141fabf0f48808cd92db4ed4a8b35c97d62
1678102069.189387 C
72521f4dd2b68ecd072af544354179234f304299821e78bb8de6525b531b5af6
1678102069.5250196 A
d88d2497981e3a0010cd6671a42c89330e92ae084de4b79720a725f89e0e7de7
1678102069.987156 C
68ad3770b39cbb84e8b70c772846482f41a92bad41c1cd2e75cff4dd3d23c82b
1678102070.911608 C
9e97c7229c33622498fde6bb1bca9433b4453a249bacca7d0640c6510789deb8
1678102071.0170848 C
a7f28ee358474e9ede97e23d1e2e7d0101e0c64052e6ff0970f08c91fe9dd065
1678102071.809408 C
82c7bf3ac814d73216f47d8843263c9b6e33fd63f9036d183b30308f23721bed
1678102072.7408035 A
c504a89a6ad300b2ae60a8132d7634b245921cd35f17d1c87d51b91dbd00c7d9
1678102072.8872843 C
90b2111729d8c23e2ebbde7509f113db0886db5437e9319cbfe162ad74d64387
1678102072.8918626 A
cd80c21cffe9115fee1de5827abd1f58dbf633c17e7d6ed9e730f30eb7348fa3
1678102073.0114307 A
1fb88fd766e65b1e7b81a02105222ec15215deb6aabfa5890036dce27cb91925
1678102073.032038 A
76f7a731d8ed587df395fcbb91027c4706f6bdef3f0b498aa12db15af7c1cf1b
1678102073.286811 A
3f47fc4fee38afdb69ff4e7f31500237347cdbf86f546e29de78145351606046
1678102073.6011927 C
76d1840849dd4139ac57687c98fd5442f6c220ccafa60c4f66fd47c701221a9f
1678102073.7789755 C
92121fa150aac3fdf3d921b0d0dcd61ee53ec9cfa84308084bbb5479d215c05e
1678102073.7994204 C
ac317e4e47afe0e6b91aea3f48b59ba3db3e940ccd5f1ddec3f66bfc53692470
1678102073.9908845 B
c59b93677604c540191f8a70ad83c9d07f550ae1ca2220e609e90ee6ebc12946
1678102074.0618315 C
48c9a394b9ecf1ca23045c164448282ad2022f10795f7114d68f8fefc95b9fc1
1678102074.1389143 B
01e32b3186c1d763881868b066f4df3dc5a9b9146ee1b2bb3d054cb0caca8733
1678102074.1705139 C
202db75104bdac5d93555052c4c037a15db084b698297412db5b889941226877
1678102074.5947654 C
cb17a3b7abb2f70307b31bc332a22430bac974b9665722f13a03ea822dadf7fc
1678102074.6213393 B
3aaa009144b337c91bd12258fcf49623bed5ae96bd26d71fe64b3a56006e4aac
1678102074.651991 B
285a9728094945aff0883247c723857d99c538b22bb12b9763dda600ee51890f
1678102075.075378 B
8c6fc83e97aa5fd49d80bdb7f58244594d338a152008fa2a18211822a994c486
1678102075.0975447 B
01593179ddaef06a7141ba6c1f1a5553abbe860ad5b4fa16d053eac65e26ba67
1678102076.473234 C
a423e54718539c945ca82a23cb15f8cde98c36bed3665e6f5bcf3632b3cf7fcc
1678102076.8688035 C
a0ad798dfe147d7e88a86b6a7a8293e377f691b49263d1af3722dd0d8b473e13
1678102076.9734106 B
42c0295cfcf4fdefacb2a023c615daf1d46e9fe166319c37c63c6a030b9a9e3b
1678102077.0988498 A
16c3b617788cc5bac46db90785407540f742c7875604cb9c5ef7f0159df8ad0f
1678102077.4221368 A
5c04c8f218e677f198e5bf6f6d9dd5bd626c66df16ad51f0f6e9aaff9a5c8b09
1678102077.5628119 A
d4987a326c5ba660633c5590174c064ce656515b429097f82e4e9601717a3524
1678102078.1310804 A
50faf3a06bd1a7e6dc9a780973d0bb162030d5dc6eabd6b2cd5b58fb1723c20c
1678102078.2675798 C
b5fd21183fe91161650cfd7d80ef35ad14599084ca9b82f95fa58597c6c1c9cc
1678102078.8220425 A
1b5179b3dfcb1a1aa1a00a078bd127d63529e33e5a9d2119a859c231fb150228
1678102078.9705539 C
fbdd8540a91ae17154b4485ab8e5e867a265c6961bc7960b7511bb8c2172314d
1678102078.970775 A
1569a377aa354eea0af98aa4d24658250408102f8ef0297efe810d859a2d29ed
1678102079.082184 B
20f418359a7d1411d2d80ccdfd28d7a0cf83de129c0cb84d0dc84db936534c82
1678102079.607581 C
6f6ef880b9e15e4431af4d8b6b275e000f73a7870df28029325f0e6b92f8073e
1678102079.9946792 B
1aac27ae1c448741e1e11d0a4de4980097905368c73a879db147c3f6885e56cd
1678102080.0162234 C
e969639d9985cbc22d60dd947d7414fcec5d001376c24a132b2d44601046875d
1678102080.0702958 C
15fd7cd1f1b68c0bd2732c3dec378633cfbc60aa8d6ad48dbb1ac80190e07811
1678102080.720774 B
0230e9743a5b93f2c0c5bc4799d4a374e3126d6960fadccd01842de9300303f2
1678102080.782014 B
5c255aaafbce48492042e4ebc484bce26d092330f65deb5683250a258d62517f
1678102080.786501 C
18d49ad6b2f244f4a8c2b32d8c9925cc22ebf93dcb4185ab70a8198df2c8e462
1678102080.8341074 B
3df166d56c570b7a41fccec3553a73a4ef01d65d6f85a30ec0a593065e79cadb
1678102081.0753777 C
6898512891bd3d00a9d8438a6d13f4f4bbfa5a7eea9017a8b0e12363de48b71f
1678102081.2196424 A
d04e8e5b7a0de6efdefb126462b4e315c9b0f392ba212fa14777f5a2276b6c76
1678102081.2408566 A
b5781fc7b074c43e4143665adbdfb9631c0144779ce79d86989a3dab02cd41b7
1678102081.596337 C
928e5fb3387a27679325e6006280b97896e2cdb4b11838b496fe3e2983d81019
1678102081.804983 C
a8f9e2e5c9e7dca5798982db5821029fc080019db19defd0192a754c6ef24494
1678102081.8391542 A
10b7b061e86283a5559e838c65f430a6cbd46009fdf0ef6d1b74caff864fbf3c
1678102082.0627613 B
de87e2b1e4bda255d2668136cfb38808b9ccda9cbd004ab2153d3ed615e8e9d7
1678102082.084808 B
c6312043dfd0e9c9ce62c5a68937e2a5e244c0def2a2958bddbc91c117950e7b
1678102082.2603416 C
c076192704ee54f8aede9b1387da5aadc1f30a0a87d3b4d6d80a3f2c5cbeafde
1678102082.3526845 C
9f7c61c71a913394b51270caebde6cc5bc5cdfd744b7fd824a7639abe779fd05
1678102082.8858902 A
b0dc786f78c26755d1b2c00aac414c1b786b4353f63edc4a8651c48e95d02dee
1678102082.9593546 B
7b2bd4962a03d680b029d57243952fa629a77e1eacdc58471f8ac338a531bb62
1678102083.9297478 B
333016b8f875ab56294be23414e004b07270c8c934152302dd190ccddc1ca901
1678102084.2536087 C
255e23ebdbe44b7eb7c43da920534b4a86b3ffebbadc2fd4913613ed20398571
1678102084.4068067 A
7d144ad71e60dea462b37d2135b4d81dff070fe392cb25cba18626841da452b4
1678102084.6909194 B
079393b44059a96391bac24d2928b01e92e7837299c68f4b2bc5300adf96a2c8
1678102084.8155873 C
993ab2849ecfdef45b95222ef964b7adeae3bbbc5fa0e7860c07204a91ba59db
1678102084.8480434 C
dd63e1da9f67b452c1f777272b84def59bc086f1c19ad7652b69ae642790849e
1678102085.0474496 C
94763d66b437ce127882cbbe4741b5ae33d89d70ed35e98b8f4e640b0a7b7a4e
1678102085.2029698 C
24cfbc9f2bd7d4f724b94ae101673d42044dc78b1dff39011afa2aecb036053e
1678102085.4622579 A
25214d37cf16a443e1b91a8515785248aff4410df10439888e30debdd4aba4ba
1678102085.848349 A
7e6cb74033780ca2fa7d4cec6336b01a7b4cd42302574dde6a07cc176100442d
1678102085.9480782 C
fb184ab8c6b8f8cf9b8114d2f44f7477672dc6d18a3b4b494505f30c10930487
1678102086.32863 A
90a9be936d8c04670d1c56f16f82298df4eed1e9ade1a9ddd4edf59fc9e303bf
1678102086.4973676 A
8104d84ca68faaed20dc22364550733d1d3c49f2b51c2684118cdc856187947a
1678102086.559526 C
a888ee9c5e048b47999935a86ec2c6075229ae09724fa9c7f06e66c210b87bce
1678102086.6328564 C
275a9f81efad6a6aac33a577f06d6c154c7fddb505abb9f6148057ac278c8153
1678102086.8147166 C
5bc0deb8206b7076dde3397fddc397edf69b300660341f61ad917e54aa0408ba
1678102087.0535066 C
d9625fcf04e7d931083a68816dadc687a4038969690616bdc9e4e93c16c3b14f
1678102087.5627148 B
a629509801dbb73a237d73ccc2cf3dfb2a7a737333bf8eecec0427ccee81ddec
1678102087.670798 C
09ab749e138d8655574bab9cc8b84c0e5adf147b28ddf9d3cec181c019c13663
1678102087.7711155 C
0740324144750c86fe5bda78af3c542e49434e52bb98313b84a3650f8682104d
1678102087.9568503 C
dd3648b6abad08b3d879689c4e5ae8e40eddea7feba1bc43a2d68aa0c25ada4e
1678102087.979553 C
e7f9555582824408a072ecd3d661da77445a700a3ba76b9d810380b0d37ae814
1678102087.979937 B
517bbe0652e00bb9b88bff53813de11a65fdfd18cb0cd315c2add348e8841a6b
1678102088.000524 A
8a68dce01dc1540b29fb193ac0a1f9e7f68709275f804c95af0b56c92bbdf8e0
1678102088.1838953 A
504fe00dd33a77aec5a9b1b5b961ba9755412292175a907b657ff516bb0b3833
1678102088.234256 A
dd5c046e8294ecaf573317a45902ff43972fc001bcf5d4df44030f7101e857e5
1678102088.385945 C
5e9ddfd2090103559781fe2a484381187b327f91aba25844051cd0d1b9b989cd
1678102088.4502852 B
56e0d0bd6e331322edf4c3b060010dd6dd0ee36d36f8445dea31641ea2a4a874
1678102088.6844215 B
56e7cb17641ad7e0431ae9d3ff5c6d5c1ed8dd294873c955ff6f13d45d702c9f
1678102089.9334254 B
5e70b21bf9783259f3411e06105e2699e9ef081a5b6eb21ad5cbe6c4ccd62a37
1678102090.351218 C
00b70b43aeff03e64dc52cf5780fc63edcd505ff940605e63e6d1f8158d8eba7
1678102090.8348253 C
27bd4a0084c02563bb2ddc6e844535a70cd916d1b9a196b9d507cdf9148f0a90
1678102091.0277429 B
0411b780694d49a8cfafb4b884c9c2b948e03dcd4e73dbb638ebee32bb2fedbe
1678102091.5635738 C
af2f51d5fd526ed6057c10dca3260dec4fb30209f5152f23f464125e472768e9
1678102092.367952 A
94ae4fae8cd143abf185246d07a1aa4d8c30064b54a53ef8f951f3ab4de51496
1678102092.4234116 A
f9885f3305f14f4130455b8bef440f5f201d30e4f8a5591da4486a987d24aa07
1678102092.722637 C
e6d6a70527dce5aa459a5ed0dbf6ef9876e5579a51b01de1ab26d6d342a9923d
1678102093.620512 B
2bceb1fd7c909c67d63d80517ebe86be30befa619afe89fb86a98cd893cd7ead
1678102094.0486517 C
53d074e417827fc3b84a15c51f897615e8ad31b98a6035033d2082a83862631b
1678102094.4330661 B
8b11c0eeb9bb35d9e578e825dc2e7c2230da4105930187cb2af3e46d3a45f33e
1678102094.5290928 B
074f32f02d7ec7d3f41876fc57b8e1fe3898be2cf1c54fe44c6e0b7415232028
1678102094.9513001 B
edbf293a6bf26d15368b290075cf7cce92b0cbb5670f35fbdc8bfd947de0f61f
1678102094.9969335 B
4a5ed90c26cbaf8cfa68b808a2ffb67ec28740ced4499dee3a065e005e4935f5
1678102095.549013 A
b8ac8430b7c179be9cef8eb606c084e3842fe0d6ebfbfc4d204ff54f068dfda4
1678102095.9448228 C
b54d027c263147499d67f207e5c3fe3aeaa9e7eab817529a5f3ab0562584081c
1678102096.215143 B
9105509e5e758b72e7f989ff7fd40ce62c1d328dde7f25390848b26283a51dc1
1678102096.2876487 B
8c3706516bb22098cff22060dd8655f044dca13432abc4dbac234c0edf4ff7f8
1678102096.3832052 C
a5de095f9c90254c48df7b36190d06152486812978a3a5eccdb07057af67eeab
1678102096.9687166 C
a911e1793032359d684253dcf2a2a301e016a983ee9cefd9ecdea259315c61b5
1678102097.5165398 C
d0f227ff9fc178a1370577d09970352dfdb9db8e9eae4907bd948260b6b3e28b
1678102097.609495 B
d39235c19f3d91db8358ad5d689b12ef3fc7db916c5357dcbb6def249f8b49b5
1678102097.832033 C
309e1d1dbea1bdb7a7c63f99f04771b6ace234a0508eacdb272010deb67ea39c
1678102097.9223015 C
cc22c24188e11dde770ebcbc134fff867c8808fa859e07419a1febc27ce2036e
1678102097.9848785 C
ad0201ddccb5dad3a328f6856f82b68a67a4bc5f88cc37393854e763d82fd6ef
1678102098.514348 A
ee28f487af66af2bd3e8bdda7eed745926ba9d56c2ba4736d136641fa1883f70
1678102098.6962862 B
37f2e1232416f4a288ce10fa36b3cbd955016670a9d7565c69e95f48ca8d1285
1678102098.7364914 C
ffcee6ddac0adbbdd55541c085966da53f0d0154eca5addcfd4a143c3e369362
1678102099.07038 C
7d3cea1ea50b6162196377d9425f95e35bda9703bed9b6b53138655aea144c09
1678102099.4566076 C
fd5b4432194f24e1ee2d8db109199aaddf6fa92b1776046fc82d794d0cb64bed
1678102100.0594978 B
7155f2a0fac2e6850850a6e0d3c8af5532c2771f9079a4f3c15e383c74c1bd97
1678102100.1563795 C
f0fa3be32f8808d667c896b24d52cda59617cdbf49dcfea26aa31b21e65930c7
1678102100.2974236 B
4b9fa1fc7439980eaa2b460752a2719209f8bd36fdfab68ee042b8a4265625af
1678102100.7427952 A
b1be23e49050e3d431d8bdbcea7af68b988c5e5dc6130e7632236854b46f5eec
1678102100.920355 B
a1ee02ffaff863903da3301c275f6d73f1d9d6dac4486e3ac47eb3c9536c7566
1678102101.1773524 B
685452ff397ac01cc5140301a2a61c066f338aed4b71a7d1f2ba125a4bdf7d06
1678102101.3150976 B
43bfcf6bae60361d938eca30aadd7a413546443a9093b7745a42fc3a745dafbf
1678102101.475044 B
6afef12c702c54579169cd511a42a23d2c4615f7353980fa9a24b52d82baf582
1678102101.495599 C
02ede6d02129a382e132bf72debc01b5035d0f8d260373dad9c4e585d26ec3e6
1678102101.697882 C
2aac28442ab86700122f742da29b79f247297001406da781514d3086c4464235
1678102101.7480938 C
bc10e67b39cbd8bc71476ac862600a2788c667da3e19d112b6a54b69af74bf34
1678102101.8863206 B
89c29a56725757a3f73fbe4d31f387f7fe345159386c344b93863092872bef02
1678102102.1546335 C
b0eab1ab7fe0560d91a2d76078240837ee087f6d755604653b7db7d7d4663c73
1678102102.3109138 C
c43fb910cf96aed1b01dd15af464fb3f6e9ee01d8de2071fcf05f17e6d180d74
1678102103.1214883 C
d037a05fefafb22ae5301e72305fc46c0048c158d4968eb51fb819949e5364c0
1678102103.1430106 C
56c6469a4d57f4f56707471d958aaeb6242fce87eb32c472c5752ee12d02b62c
1678102103.1940875 A
7e620a6e770a1e6bea95c81b8c3ec89a22b55c660cf348f3de9d27e1936d3b86
1678102103.268391 C
b38192b1afed68fb1b82c60162685cf8c986209d0f1ef3a92c914f095d64475f
1678102103.353858 C
77fc857b721c4dc59e1ac9f5602397df1c4c33bf885465d8dce9cd22699b7c3e
1678102103.8655982 C
8f2a5e037de7cabca7e9ae49ca1eb03f6d8fa3329c7eae3c6e4298288790130c
1678102103.938922 C
06f306a4c0224a176bded5778a79fb462e13bb5a75601d4ea3c51ab25fcf2bb4
1678102103.973141 B
e569d6ce15b86720bd5d79c17eea0d4e73543a9b085c686b130951fcbe3d9aa5
1678102104.4934697 C
9b9b339cfc2b401c66afc4e5cdbc8c6a24492283c41104ad7aab799acd120429
1678102105.242111 B
8c1806fe0c3841cabab941acc99b655c6de46185f1388b4f7ce6cf5e93d0c983
1678102105.6055918 C
69c0b647e859e525b8fc1407ae09b579f7398f6a3b9c04cff8351c36f60cf1a6
1678102106.7338192 C
b45eb9e320b7e9b1477924dc0b626fdbbeb824d02816bbfd49c42bfbfb8c8023
1678102106.735444 A
3d538f662cc20e082ed5f89f6e85d3fe3b69f80a8f5026e7e136b99933604a34
1678102107.4365609 C
9689b9b19404df2dd9609d740db3c824fe9ad227f50514d20829c325913e2983
1678102107.6340213 C
dccaacbae28e4c64e12877635e404c201c70b2c759b1d223211f94d7a79459df
1678102107.7181458 B
c9c18ed584af76489b11764241aa54552d73e13e50d04625c4968cedb9f26849
1678102107.835029 A
b390cec9238ef0903b1f2eddf9197bf476d6148d61d3a08c03493539e5862129
1678102108.1899796 C
7ea077559ccf3e36fce63e372c4795ba3d27f494911c5345d56fb6a7845fa53d
1678102108.234617 C
e924a518f41e526b1acba34241eb3155c9931cda937305e1146104aff356da9a
1678102108.6437135 C
6a04a604a6dbc2bc4d1f992c02ead44021a7b72b733f06675846cb059fc3e43a
1678102108.7715821 C
11b4fcf5611aff01de5f40183de266c6b89c6723bf8c2e0ff56b1c2bc9781447
1678102109.0993135 B
71c88d34609689cf1098285dffbc4a60f343018c1e22ebf69820aac5cbd98f54
1678102109.099745 C
178ea8bbad4f67b1130729dc0ac56f3668b2332bcb9033880aa3f27584689661
1678102109.1554544 B
6ce7dd990ccf0ef5795d5658e4b97e8cd85b75a63ff2cd1e017eb0bd53ed3af8
1678102109.1673462 C
53fbebb8e8b593790944ca9d7b7a1e0c0d3dbf867e1362e1f148ed6237a0f3c4
1678102109.378147 C
791b8a2e77e113566b7f305c0ef4a85604f678e2b59455998ad7c6440b814972
1678102109.4901028 A
4d41fbec49595c3ae796187ab9ed7ccab4da1f3ef1098837a351a19f1b0bcdfd
1678102109.6222138 C
84ac66a4d4fcd0bde1c8bcfacc04494c982b1d1ddcd41c5a379b4ba958bc9dbd
1678102109.8153973 B
ed733a1f0865efe9704cb0397ad5ad980d7939683386ee034980d76498e25193
1678102110.0694733 C
794d1719f9188e17a52f8463f8a1d93841e4b37a18255f32d93a3274c841faa6
1678102110.1897016 C
161ee823104ecdd15dac2fa28d018bfc0c9de5aa5bcb21a19c4ae93bc32d7207
1678102110.5974717 B
17c1e6c2a614d162c3700680074fa2cdf14182e340610d9c29c96efa637e993a
1678102111.0287557 A
77bfd1085dc26ae4e70bfc9971c0b7c401e35b5857b85ad5772e3d0392724d12
1678102111.1309283 B
01599d4a2f7f6152cf2a097791762399ec2433979335ce8f14faa77693f2f0c9
1678102111.3447003 C
3ec08373f71491c095f7140271ab582f70da831c26b38f8b9148136d64fe0792
1678102111.6180286 A
4e7f19e975779ba9baf940ab3611f658d74ce462af1a72e77763e717a4a1319e
1678102111.8987627 C
d950d892a88861a167c3ec6dc4b95310634b7fe352266ea3d44372a72e3a0605
1678102112.0134466 B
1400f74eb487194b28711482a2457018cc6c19d3e81110fa71a5801f9f88267d
1678102112.023579 C
cbf4ed41394ed768ca42160a445db27057a7ff7f8980f9db37f04fe7b7147a93
1678102112.26724 B
9c0f8ab114a8ae8e7459e2e6bfdfca7bc757fa9d8bdcb3f29eb8983964834e7a
1678102112.367077 C
edf934199976bc604b2f71760c0ac9ac0ab0aa4381d96d1a61ed2d23873cd19d
1678102112.4176066 C
e562bcda015bd7266b750d8b1665ae5fe5865eb72102852eca32bdf290704538
1678102112.6343877 C
c4fe4a0d843fc08bbc6bc235bdb412d766e8b539920097e03ff5519cc8bc7371
1678102112.991949 C
5195320f65164a6da7fab7c7e4ef09e4908602497f753c2c0d520cc7596f2d93
1678102113.230602 B
1f6cab09e568f6569f869ec743d5ce5df54909fcbb993777fb1fdc7b98d1d331
1678102113.4026246 C
8a328e251bd34240c3e7f0c7687c8a9eccd6ed5b0fcab574dabb41d6fda9f08f
1678102113.909797 C
aed2aa77268ca288e11a7525ad9ecdbe0927e606a0f5acb44d9cb5a5209c5e9b
1678102114.7351182 C
466e46971f297892edd37fa4cb82989dea6ee3f0e4a0473139815a7f634fd023
1678102114.9788785 A
b9f2e203beb8f2f03732fc894da76fe76b3fb3ce517dd2263af8f9838f641f16
1678102115.3749306 B
a1425269c16fb112b40c221ff7cf4257c6d181b0661e6a5467d4e8c04ccf517b
1678102115.5823846 A
695c675f0830d54018c8e0d757be01e4398c39fe087a572f303fc04441c03ad2
1678102116.6928446 A
90c275e8c8b935e25e7b0d8f1340179d4252fa5a01d5f9ec085158201f83e2f9
1678102116.7465868 - C disconected
1678102117.378972 A
b74ee31a210bdd18edc9044aeaf4c812bf1e54ce40635b5c995d700f56330494
1678102117.438998 A
612bd37ac4a123b0ad11ee72455e27e529a934941c0c7652b3160de5ef73859b
1678102117.911838 B
59bc915d40666995ca1e9452d5765675b1124a45f413501d46771923d1d05253
1678102118.7351592 A
960a3a9956b371dc2d5f2342c0d183924fbea3b9f33aeb959492fadf2609fbd9
1678102119.022123 B
3ab921b965374cb292c7aee75f1228d83881391eec8e9ecaaeaec5d51958ef74
1678102119.6511133 A
d2dbf35af95d177cbbfa28bac6be9fc291b21508bbe9a30884a9b8f1e6cc847a
1678102121.1635783 A
be17ccb654a8c336f8a6edff54f6f95a5e4ee0b95d1b8d9556379f44ccd97cb2
1678102121.4722092 A
210084421a009e270456842133885d5f06bb82cc3241d34346c1c1e86bdec013
1678102121.8101091 B
32f8a8a94b77a9cc3c3e9842d6227d1733628bd1e371db43a73da6ae547c2ec5
1678102122.052463 B
0c6ce43a5e35a56b17068491c6c5e41b201a2b5724013faef7483a667a3fdc1f
1678102122.534591 B
327a7fbc520abd25850fbff2c6f745aae07ea1027119b5cd84bc4a16bec99f25
1678102123.1236176 B
94f3b9da1a01495e2f0658e5117d1c05c5dc61c540679c7f525a1bfe108d2232
1678102125.2108166 B
fed8f6eaf80fd9eb17db7558b5ae354557ccbb598803319ccd339aa81f799a6e
1678102125.2312129 B
05e13dd972046614b346277850d8e9e63db542ac3ab89d7e4134594b9c17cea2
1678102125.4849868 B
f61274c430d51a4ef4139d05cb272760c58f04769fffe93a0d1deb15708dfdef
1678102126.010461 A
02e051cdb67ec2ddaf9c9a2a0966b568e51562235b3e8cfc57862e144ee76256
1678102126.560035 B
5ea360d1369e3781c8be1bed5fc82e0fc38796da617eae73bb70197c21dcd232
1678102126.5770156 B
ba1746bd3cb1acec66a99f40d2d58af1500f0537f5650f44ff6986352e62ab01
1678102128.148189 B
7b6dcd8b0e890d14bf053577762de7a4f59481255b1f687bdc43834448f342d9
1678102128.5504162 B
233327cc4ff329c2981d2dd7d78ff3913be1ed64ce9f62fbe6dcd5a64c4dc856
1678102128.5536435 A
dc733a42aaf17ae39d27b0b79b167d21168cc033009f6fb9cb0835f57f06b8e6
1678102128.6044416 B
4c225e4a6ef1a071ca1e16aade19471ed3e481a0c80b90e4a07b931e77f27dc7
1678102129.3409364 B
574d179e820cc2613ebc7e1c5b3dd7aa8b4eba05b41540f846fbf1714a62a605
1678102129.7701645 B
d075c234de662eb2b7159cb5357ec231bda5a4f2a6d1902a93dcb9d8a02172e1
1678102130.7864091 B
7d1ef1d309179909763b040b2e0b2e8e258c894d079715c12fb52a8c08a78ba0
1678102130.802896 B
065f4c21ad820c8d6b2df9b08413bb698326183691834bec5de729229da59b2e
1678102130.8341966 A
28776bb3181ad36f758e629b88db04de0e51b075611d99c9326d084216b18bb9
1678102133.1240356 B
76c1168a11809867c6c310c04d1a506a6da9c1ffd2adcef3f678d7eba8324973
1678102133.6262937 A
1ecb1a443c44739c549d27f70a37df3e7e40a56600796a3f1cfe85e2eb7d398e
1678102134.467551 B
991f122db7fc79672a368139385acb6410aef693753fe3806c0dbc9d1284b977
1678102134.8485768 B
c63444b965c07d5c21e7a5d0dd97d46a66038704534cd381aee36d93f404c3fa
1678102135.0467474 A
76d5fb91b9819ab7f001199de21ab885c34ff3e36678182cc7b1950fa96f692a
1678102135.0682507 A
228fff1b0d2f89d1710ff4faa5388dbe33f0d8a98e74a09e853356c0331e2fdb
1678102135.5320623 A
bd40bd5dbe9f5e161f145e4b272e5795340a72d2d968150b8c59d1cdf2ad648f
1678102135.7578716 B
34d02867506d48a12eff6bfecb73d67f0fe6c1e7eae6c959b19b27b9042dd1d2
1678102135.8719242 B
db04e0800c64853c6691bfb40b5f1769ed34e988a3a2018cd1b1be93d86e8f4a
1678102136.4955795 B
a5cb6bbd471febb946b1320d99b0b61e315aac023e47be8456965c8ad358b0ff
1678102137.9695072 B
cdfaf2f273ad769a5ef4be4a70c5d35346f2c811bec1431f750f6bc7a4aa7c34
1678102138.029396 B
5caa05cece4917f4cd5983179fcf048cf36edeeafa25ce62424b8c1a37ce8c51
1678102138.4929101 B
a0799fc7e79b8c43bee75540818f048a2c6a08932e333a1d8946cd7a108815a1
1678102139.2446187 B
e70aa5da43bc739df955dddd0a8def39df4fcfddeb063577db2b76e245a3917d
1678102139.5926847 A
3818f8fac8348fd7f8fb80d5805089dd4dd6b8d5bf2f84e6a5e9bbc1c1bbb77a
1678102139.763571 B
4fce98625ad6f85a91ebf756d16c6da8ce8708a34f5c3f6d97a31f515216533f
1678102140.937586 B
d98bbe0ea86cff8c77103743f3911238c8e750afafd4d98b5f22a4bd6d833a2d
1678102141.4298337 A
6608c4da388d2dcf1c265d8271b008cb927ad329be2b11d3776aae7c86f2ca5d
1678102142.045288 A
56d4dc9e0a6d94252623e1507e49c69aa6b782a448500b18679b0af6abc4a49c
1678102142.514814 B
245b683e3bfd5053427c14f9005a6ff650af4db46db423ebaf65a9a31bb7dc5d
1678102142.8075943 B
17cc9ed6f7244e42f569b2c56082762788c8895c5044baaad89ccc16c1dbdccc
1678102142.8519182 A
ff2e348525d70660606282fe7b9ccd29a6150396fd2c6a8bd7db05d0df3787ef
1678102143.4405768 B
8941053d4c9218880b38ca12dd4576b5d3b3d34cca2d0d2c3ce2f5aeea9cbe8b
1678102143.645636 B
8563c2e3e750b0b25cf3df667f7c5324a81a13066d6890f8242319bbff42475b
1678102143.8761857 A
f69d2fd5cc74ea872fe750b45249d8a1e38436a999d34257b98ea598b0c863f0
1678102144.642337 A
f70273568696f09ee5cb0061a0dc10dc781f108d570c59e8f6b69015b17a58c8
1678102145.458724 B
80ed8b78142df2443e85d8c77f53e45d95ca7819d087d02b059a23e94c8f3204
1678102145.6421916 A
ecd0d77dbf0a88d93e8f395ac8ea5d0e86a7caa2ff671d291ff9715835681170
1678102146.1873322 A
ec9da97cd746bb0bc38c48b1ad29e8211887378e7a3e0d313b2cd63f5b3e5dbe
1678102146.4136596 B
f8f78a68ce308f85b91a823726dad2b45fbecebc2bfd05848dbc3de561db374c
1678102146.691915 A
c2677249883746fc9186d92e6bae552826117fa7b2a2cce0a93d5ae3f1473241
1678102147.160799 A
bd5755f392cc2dfa39d18027f52cb5784cb22e4b64a6db6643ceefc400b50cc6
1678102147.4222453 A
a271f4f607b59e5667eb25e8750733f404ac7f25eb353dab183845d78ca61116
1678102147.4549987 B
b6cb4ed129cd77b5b21cc5f5d93f9b98b2425851a06051ac0c08ab3cf152cfa7
1678102148.0823567 A
0f3bc91decde42c328864dc033e2c3f483f0742939e0fc89c719100c8738ff14
1678102149.6900055 B
576b50d67d2f4b38317f2ae3c05112485ac9f1c0bc3c945a0e6fefcc3d8651ca
1678102149.6866941 A
f14fa3741a92a41abfb9f215302fa411fadcc9e37c63db3c1c9892d11c39af0a
1678102149.7248993 B
cc239746112137c5cd57a905718b0fba648007da4ad4e29bb5dcb93e91af7ef5
1678102149.8652718 - B disconected
1678102150.5624008 A
b63494659a05ec6398e13926b313c6325ec27f80544f23a3c351a0b67c02ae83
1678102152.4684532 A
b91c809a28672ce0b792d7a8b2594c55d47019e38e36bd5ede9375050486b963
1678102152.9381108 A
50f8921b0508f44c4d419402ef13cfa2610726b94da7b2d7728e6b5d54d825c1
1678102155.6976216 A
eedf76a31b1c480ef1f989a9e333a3676b50a55df3a9d4ac314b2e386515e96e
1678102155.7187622 A
f63e3b88dde6d26f6fa7ec2c69b110e0b9ff2b570f10bd574c2e2d9aa9070254
1678102155.7399695 A
d30bc0ae9cd531808020ccb6f770f6c1f057d1c56597230ece29d6928d30942f
1678102158.3829656 A
93cca8e526d0cfd82fa25f996a27adefd8bd91d9d9fde15a19959640ba9b9a73
1678102158.438872 A
8e97845db19b61b48aaf1ca6db8d77e91cef62438682d41cb471fbda992cf206
1678102158.543255 A
ae7528d63b329f42a1e6c19ba0432340ee20435dd4e5231765b8598547b300c6
1678102159.9744465 A
432fa8690a27510abf62937bd9c9161595dff802f9318bee2b5801657b7dc2f4
1678102161.2393782 A
22fd03a4cc4e361a6bb5c27a337262475cf82135b93762863f175a1623e40984
1678102162.4893339 A
743061cbfaf2ccfd7849f22421bee1c61e43bd90d41b666051a671694aa90374
1678102163.410231 A
1f2508ce6988772d2636e4fa7389916975c1a7d02cae45269944d0cb53137490
1678102163.5367022 A
34e12c3732a6e2e89fc3ac18ce066f28710261f34d724a4aa5bd3f4c1e0fd95c
1678102163.7491825 A
cb185ec94fec8852447290d90dd18c31264c9edcdc308a3b00c249cc3dbd6ee5
1678102163.839782 A
76372b6dc1dc6131c3facb7f2b9592881361296be9520a6af1acfdae3ddaa47b
1678102163.9561954 A
963ee0eee320d16df6353aab685e3a164c7aeea1a1dfd93aad4e026ca3aab62a
1678102164.655006 A
d7931ae1a59b38f07732f0321698b5144f4e0857a1ed9dd6d9c119694d718099
1678102164.9118547 A
bea14edcf03ce07d9061946685fb1dd026afdd206b24a3bf61e5a3952c0d5392
1678102166.8357692 A
53a56ec54f5d3e12eb4568fe6225295c378eb86b88754b7a9d4999e50c748d44
1678102167.893591 A
f97aaf0a7d2d0de6384197c1849d7fc1a8906ffd42f6883655fc19ce293fd427
1678102170.105525 A
d004c71555dc129d82f81e83e215a67850d8bf8f28bc7560f236808c7dd78dc8
1678102171.0524166 A
25b25ac7816b6bea6a6218d4e7cf09063eb7e4c32535018fea65b0e88594d210
1678102171.638183 A
7da7eb309d873f24b2d36b134f1c70b8804a9afd576dce7c11d80dd360ffb82f
1678102172.9323766 A
eb7a1702363d263727ee8555680d0e8e7e9063ded012ddc2406f90f1f845bc4a
1678102172.9905434 A
6f9401e7dc4e8892051b3362aecd564b1401db131d420072ed966c308d7905ef
1678102174.4354913 - A disconected
