1678100879.179282 - A connected
1678100879.1800556 - B connected
1678100879.180177 - C connected
1678100879.1808503 A
4e65be09da1739a74f0c010f669392bdf5c0477e28525a140ba843efc934694a
1678100879.1814187 C
fde85956315ba29f2fec46acb7faebc1a0196838a980b25fed55bb392fef4a37
1678100879.181313 B
d892ff031feb041530a4298964dcddf593b87c5ddc1f3f9853200abc823fc755
1678100879.4408727 C
cdafaa3c2419677441d52814362fd3e91ae4dd45c838c3dfbc8406d025ac3373
1678100880.2348595 C
e6d1573937e6ef2a903fb68ee1cf58fb4d7831be89d4aa2ffa88371d68ddcf0c
1678100880.4120874 C
79014971bb5cc30547d498e7f971db24980beb04d195a0d716c4b471b7264495
1678100880.7997463 B
741abb93f77e1eafaf9b53ae25ca87934d028de66606b3b3c2dc98c9ea943b58
1678100881.358336 B
bedd79199e83dbfe1c15253436bbb1548affa4ca1af216492331dc89c2b02628
1678100881.5387454 C
4f4fdeec5247337ad9baf6d8de25618a879243b873be5c48a9a2c6c7ba7bd6d1
1678100881.9932249 A
0d891afc366504fc533ad02203c37894b0472f9fdc41625b5336755b75c5ef4e
1678100882.1985066 B
52fb7a8e7cb71de01eddcab71c00220c412669904e30a710641e4d376be5d87c
1678100882.319068 C
363c87450b69a8f1e2018767866bf4a9a2fd56ca6301127edee0267b868b2b53
1678100882.3914635 C
e01a634598c3d9959a9e2d9aaa01b03d4adcf98ca8f370f44245661a6873be4b
1678100882.4105868 B
00eba78536d4e06a8d4675560305d04474ae3adf3deec826c93d191e89156c6a
1678100882.681122 C
2d6e5b3c9210faac3b968720c239f9089a1fcfb7c324997e4da425a9c827f587
1678100883.2394729 C
897029aa86c0ba9a293780d872f1ab24863b7cbd6d0a47c1d643fe768ef51ea7
1678100883.2562585 C
1ad2bbdcdc898b25894b2148beb04e83afb834fb07238de44d4894a73de1768c
1678100883.4995391 B
5527a7a7bc32f1e72a050e090fd08d8b5df6b985cc92675063f3b431b161aa5b
1678100884.4474726 B
ea1e47cf2a476f67fbbfcb2cae19b721461dd63d79cb555354ad99210ab51c1e
1678100884.866038 C
a326e480add48638fa7a77dc30b2510a53733e8245cc652ae2be9f04b19b923a
1678100885.0148141 B
54f8f6f63bdc08acd15d87caee6441e5b7c0f5094857ff0a990de2aed7648f17
1678100885.0933933 C
259743ceb926116673f23180c722bdca2b3bdd855c5147bcc829d6b6c5415e49
1678100885.2268093 B
cf19b99ae149ae8b4de8529d6e3bb3652bef1ba3d08b25e9f32cad980a97880d
1678100885.363837 C
c61216109443d44f9eb92803c60e56d58fd053f4322b067f8b81aa71924534bd
1678100885.3802278 C
5e24ba34a797153ca7558cf03c2674eb3d987a0af538dbffd03a8b420ccc1cd5
1678100885.608961 C
f09b420aeb4739cc3cbf46af48a0cbbd28f8bffcf48edbea2766468dab220d04
1678100885.6618168 B
b2db7270f1ce867cb2cf1eaeb9744e6ab7d2acd8e82e84fd9488dca672663b1b
1678100886.5126376 B
621db02ac29e650cca3bf648c2c011453cf56d1b97434f437865b966f443525e
1678100887.0424182 A
4cdca6134e0c25c129e69bb82cf59c5c3f27b3bd171415540616b33b7eaf84b2
1678100888.0041375 C
679949872dd771bc9d652363a6bc86688b2d20e7e0e89478e3de7f3dbe7ed792
1678100888.046227 C
79b06e1c80e692364e922da1497496a9c8f32ca2702acb92ed0dd8d1528b23e6
1678100888.574454 C
a3c60d3e350ce1e4343b94404ac8c31299a010b5a0fd9876e13e6b0c066b9c44
1678100888.9398437 A
1939997a38079bc1e334dc08a4c04d8441d1d210e0959e56eaccbb7873ecacc7
1678100888.9794345 B
c6c4bb613a6b92331585da6871e1ed79b0dfecd6bf9de3a646cc4fe1e309b86c
1678100889.3021305 C
a0fa3cb49937a26f9a8119f766dd6a96783dbee6363f3cc38f38cef0179623f8
1678100889.50109 A
d8b04262359bf027a99dba141a341c1f6063cf02d48dfb54c30b704b279e2cf7
1678100889.8110929 C
a8a0c6d0e342788c657e9fe40cf8e09b17725c30dc429580c5dec0f255e2498b
1678100889.8112245 B
77aa7f131cd4c871d230593bc38f743dd6621f62ff4c1ac2926fe34aa80ea227
1678100891.599434 B
5669b826918ce7edeb2670e79844c54945dabedb96512389ffbfaf1cdade0736
1678100891.9369397 C
7179ab822024b84e6154b0737b6a9e27ba01db7bd1ec4d00df957de23edae633
1678100891.9933827 C
34538ef97a2b2ae1c3f2b82f22ba230f5c6da8987a761593ff862fda0fcfc805
1678100892.0149722 C
3212e44e75a05b4c221240f3356d78c7df5742fb6bfa8225497dea993414ca0d
1678100892.663373 A
2e1915d8fe195253a2627f4c9291e4e2f05d2ce88507ba904a16bffd66fb0ce0
1678100893.0165427 C
1583826dbf09cb1a918c53b55940398fe5f048cd6955ee468a7026516aef6b75
1678100893.6173034 B
3e18cac0559449d72195dd0bf28fed2f9212a181e60a802c0e2147220611579e
1678100893.8826518 A
17644dd140c19bc7518ddb17e9c8574b2905d521cf45dbf4e3448d9aaac6aff4
1678100894.1546729 C
6b14804160f28c4081f95d471fa5b634c7c0532d250a0c7bff0e95382768df89
1678100894.572678 C
77db228fff6f8e09eba328999d7ba35f069fa5f1ccb1f21cd250932bdaad2d4e
1678100894.7171943 C
bc276b3a551550f2adb27300a0171bf654a0e2d226d8a0adbe3f7f9fb6c7010b
1678100895.0534139 C
e6a9374751cd4c8e2527847eba8419c9da5e4d5852e8c1c9218b6d0d050c1bb0
1678100895.133865 C
e51040c940cb3404f39e6d9067addbd49ab80e3cf9bee0980500c0e01673b6e5
1678100895.1399539 B
1df023b79e7eb293c6ef57380c74aa4e70823667dbce645eb1888cd802ffd377
1678100895.375505 C
ab54e65d3d72a06116f0035b8afc01f2fe0c1235ccb408a5027907ad35c3c5a7
1678100895.8189254 C
c88a6807b70fb19f972292bd4c61df7dd94c994da5526104524f5b807c597a2a
1678100895.991762 C
f8d631eb1a39dea2eaa737754a1eb2893f50d7cce2abe5587f5e5141ffdcd06e
1678100895.9916763 A
488f07a2d24778bbbf93274b7be4772fcd8d99a9092eef6d8a39dcdfdf6f9978
1678100896.0332959 C
01d09a20d6626d1a5ed37d2ebb11b5e6e7a18fb7ca3ec547b4fb403405e87f0c
1678100896.5102477 A
5ca81dc563c97bcf8e44c815f4f7c52b8e021e2952863b828b208036dbc5f9a1
1678100897.1092038 B
5630db7565091cdfa1313a1195d0a750d6906b76825906749b4ff50b7d620997
1678100897.50781 B
54d14b2d4d24a9566b436c6895c5191efb68378e3b2ee39923a404570ef48bd7
1678100897.8368976 C
d901336ade6b5f664084f0fbe8aecaba6b91f62199b5c9d9744c5fdb6f2ff583
1678100898.127559 A
c06a00e277f5b9376183674646982bdf462ec43604361c42576490c9c737b414
1678100898.2650807 B
6c337a06e4faae284101c7eb831338afd1b03f299742b44a7553354cfc76a880
1678100898.9495919 C
0c15a383e5eb0dc1de3a3c9263949fb6bdc5509f09876e84df0391b564bd3ab1
1678100899.0536351 A
d4cac2f413e7833cbbbf5324e9f26d6c30c1b970ddbe71660ccb749c56f9bc38
1678100899.1755567 B
6b50e408b0aaacc6afdacb302570be08f0c94249a46616e68e6bf91ffbc200d9
1678100899.7368643 C
89edcbd2f50a5464d04e2c1391a0bf271e70d552144c0a69a1102840037e3ed3
1678100899.8045762 A
bf66d3bd89ae6f852bb23f32f12148a7c53276469dcd9baa3e391c806c8e4ffd
1678100899.9813588 B
287b6e0c06fbc5f93ddbd703e93d40c888340891c82fbb454b2211dae16a36f9
1678100900.0027974 B
fc0b0924006c71bd4cf5171abf8d4cd825023a937af6002e4e721ce8609471ed
1678100900.0315008 C
103dfbd542ccd203d0442e16ebaf57720c6cdee9fdd94fe505456df2496aa24b
1678100900.7300882 C
8ae051b1a29b60d5331cc5493c7fcd2620363bd0068b430e2355c628002e4dc8
1678100900.95483 C
7ce143177a0fe57684f0721fce5f65d9d4079dc306869f67fe925006ee58e04a
1678100901.0930216 C
ed82f7168fb0dea2a5e58f733ec4cd1c2d3b8c9fbf486ccd8527765524359af2
1678100901.1038337 C
efe1cc72badafa0372537c2076df47f12e3c55939e31bf0a742e05afb82c0394
1678100901.1635673 B
c6b9e1b45d3b9b7b75862ef3f40aca486b66e3f818e43ae1da534b7437d68e62
1678100901.3110814 B
1ba7cda72479615023f44fa5de3adb23a97aa4e2f9b862e18d2718a8509935ed
1678100901.4828498 C
7ea488ee83e89e5aa0343f2d3021f282519d46a85a4617be8177bc13b0fe752b
1678100901.94181 C
e924e5d39769035cf2966a40fe890fdcf5c8bdcc75eb9f5c797a7fcd60bb7a29
1678100902.891106 C
a8beffb671f6eee292b9dbd0018d8a4c3e2f64bd4b11487cd812921611f7578b
1678100903.0148072 B
431313170021e7dfaa7d889f480c3a0116fc21fd254940323d0ca7f2e516f183
1678100903.1803806 B
ec353bb1a42f0b9e6d7026262220d7d9c847657badddfd659f19149fdb6ea043
1678100903.3216164 C
2259c189766dac7e85f8e3fa2395f6ccbb82153e4941650b48f40b2d99cf81d3
1678100903.3375936 B
9e95686358414b63bc5fe3adb859901b3801a039347b7f26a0a8a8cb658b9171
1678100903.4284644 A
3d0b208e4dcba05bba5cb676c2b494305cc38ae9083eba3a2fa4cf626ba648d3
1678100903.4847934 C
5c75da26728172a38faac71298416547bdb7dbd68aea1c8f7be82209e3c78e5c
1678100904.0273752 C
8556f2791f39909442b0cbeb94a0bd9c2a7d16810b86a7b032f8acc0ae28ebdd
1678100904.052965 B
e6e088b2b9033de9607dd9cdf0d0c1598f0f8675b17b3f3b79f285a64761f8db
1678100905.196945 C
91e69b95018b09f1c898c5f4dee231040b0b67e4a4e1c9dfc52c05010cd7b82f
1678100905.4953592 C
b4a4b0d046e9114a0b87468427ca7cb28476c50fc1a1b6b5c69108d3f0338ff1
1678100905.5350215 C
8507f3a57575833316d9422ed8ac81f88b1ff34ba7c343c944ef0c4e16239e6f
1678100905.6304483 B
a1e9da96639c34dd02136589760e257836c71a6f0c4b26b5554cd0512d4698e9
1678100905.8960905 C
fa3427a915aebc71f655cef8c05ace150490dbf029278d682af8c21f8715f1e4
1678100906.1635618 B
c300c7c682f54f48f5f570b97028edd51649d6ea2a4d5d1a37cbdcf9337f26e3
1678100907.102271 B
74cb0f8972923c0400bb421476a0748f40af3eb73d550b7842b39f9731767b4f
1678100907.17691 C
2da2b4243ed0325306d23e8dab67244f0226fa45fa2769aea84f8e0daafd85a0
1678100907.2629921 C
b2b13f8f2a477c4bbdaba29c001dd8972ed7783aeb0bbe3fc47e6e8cac0aba54
1678100908.0994146 C
77b410db78d0d71e9967a4a61cfdbc2278c42b0c7f890d79c1211818834a26f4
1678100908.1020296 B
e4049e0aa0fc0de598d5cf2da707f2139bc00ddda261dfe534d552c86ea4d224
1678100908.7089918 C
deae76b75417d3c8f7642fddb942c35fb3147f1cabf42ad5454f51a025a0cbdb
1678100909.1127293 C
5bc33f95f09307a1185e6f766c33b254ae42fd2857533b1b0ee9cff6c3856add
1678100909.4269638 C
85566022b2c57ed02591bafdc781689baed530c9ed765190fb1ab8482d953fa9
1678100909.7141385 C
1e25e0ce414b02ba1d50bc6834f81254445f0f0663d72c9ccee351837ffa9a56
1678100911.1298375 C
ed32dadfe08f8931465be36aa0335b064260251dc2cddbabd8521514ccf3532e
1678100911.399112 C
a59e8f7d0eb95356bcf8d78021353b9985d28985db3af4039aafed85e11067f1
1678100913.4480295 C
fc67376f23cb797ca3f17aba355c59e51d2b2fb41dc59ad715adab82beca9667
1678100913.456345 C
184d831a90b76f85df6d96255c7713e8bccd0f4676df9654832ef6aaea6d79c9
1678100913.7115643 C
ba0a27bab9ec1cf26d8ad0190fcda4c0ece0903fa10901960484fa510abb1f48
1678100914.4322362 B
75dfdf648219f785fbd9334dc438e0d5d987da3b14846183f0fea08888469637
1678100914.5682445 C
e4e34a3d859ddcafb218e80b1604aab4d5cf7f459b83d764a2bf0b17c65e8577
1678100914.6699345 C
af5c52d32da039c459a2c03532d964d7f7cef68ce14597ffd17431623dfb6f6a
1678100914.9778526 C
78bf2ec317e68c6122251ef45416f15bfc70dca218a3477669e7e23950025974
1678100915.0502646 A
da886414b8e046e7a4e1d5e06ddd44e38a306f56adb9a81ea488ab3c45c81d02
1678100915.5284798 B
94e0c6d7e4550ca6e8d88c1b535587fa1953ddfa29a6ca6128fb0021764d2909
1678100915.7168097 C
d822c303510bae36db5a2051054ddd28664d23ee5d04f876720a01c7fbe06a8f
1678100915.9182966 C
a773fa4581d8909f2eb334e224d9ced0c9876c2da825b7977d25c43d655d5f04
1678100916.9331818 B
ec35591066d40a17e4e14425558ee4f69770c5428cd2fed040ede2b0cb4f58e6
1678100917.241267 A
1f4b7e362297b5f38d6d8b57c585169ea57072a840a9bcbffe9a571ad19b276d
1678100917.2886515 B
3f0d1c10b510e8d02b35a1f8fad3e8b9a8c660d39749c618f3641d1307d3d779
1678100917.3005137 C
ae7d385ff2e93411c1c3a290f404a68b8ead586bef2da997ea4ad55535ca7a59
1678100917.767465 C
6ae5f4e830dfcbef64f608d8ee7ed09c03bb0cd2c59f655ea8e464d90918d12b
1678100918.1290245 C
abd77b337fcf314bf00ce1f5f11bf8bb86a34763776040b20e2fdd058f61eacb
1678100918.2064016 C
1043c9ea2796b255c0da4f974eb9ce0f6ecbedf40322c30be0f594dd493344ec
1678100918.692346 C
91190532d31783bde9bd2f76202c97e5ae826555f808369a683c9b00bde92207
1678100919.287463 C
c1729d1e08e6b5bf41d8d75a5b4ab2158457d4a23a2ccc3dee24426692b37b0b
1678100919.5153852 A
bb3f988cad97ca35a1317dd523edf565d1517c08a6db46803083a7136777ad9d
1678100919.6744688 C
e4e93f9403ad64e1ef3ed1227580fa6c49103699eec67d91b6c89759911d777f
1678100920.268343 C
38bbe11af26191fa3ce7dfd6b331b9f4505d68d5fb2fd4ea0a873f33cfe0b3d4
1678100920.3053913 C
87d12fad07a2222d7fe582f8c9109acf32237372fa493c560530d03ec300cf60
1678100920.4054062 B
06ec9dcff6f6cc1d287cf83e8fae89a7e235eb281cc23496dabe679f5c3f6456
1678100920.651666 C
f09a95565f437d4f4fba18ae87f7d5b3cc20fc46d6e7d03c6471a9deeeffe3cd
1678100921.2103798 C
d77471f11417a90536fc42083baffc2aa6d19480ec662d7e766606652711eb16
1678100921.2476063 B
6ad8b6a3663e8c853e751d388f463e5e0d3ccc2dac41626879f7b3a0421ce202
1678100921.3269947 C
729241175a4ee17e32cdd3167f6eee569daf4d4340e6d078b39382b4f68fe1d4
1678100921.5343447 C
0cb93e566bfc86798956400c4c44c2b23beb6cd6793c94541fea4c43a32ba941
1678100921.7661347 B
3148d60fcad3fec6f01e8c5bb91e6591f1520ac539b10c06938a97727845fb46
1678100922.521829 C
a305019de7d046c930f633e8379207cc826e401c60ed61db43994bdb0bab5b5c
1678100922.6080568 C
5ec2a2fef91813c3a0fe351d1f678430f74178a46416e81d02a4615f7384307b
1678100923.3133452 C
f2c031445fb63783df51b28b0ebf4802bb68e74d523ff654dacef4516f5601ee
1678100923.8453453 C
e2efce66e1358414d5638584a31f5f61488942812e7ac42e599ca3ade5aa4724
1678100924.1424308 C
59a28c9145d3346efdc6a9d96aac34f3d98a44b393d26be51a00d1041c37d482
1678100924.319592 C
fa0aa7cf20955473f307ce653a7f53217910683ae5d06818bd38971bc714aaa0
1678100924.5800478 C
b669e6381abcee46712d3810ac9c0d15acb3760b346abd2a7adb2fb51db90c6a
1678100924.6080801 C
54060aed3538d722701f2994355a680eeddb2cff90235367a9f87b9800d74878
1678100924.7153099 C
8fbfcb525c71e18557cc939857019470df0b2e8d3d451dff6c9184df52fa925f
1678100924.8013806 C
49edda6b8bffaf30ba8cc0c675d4b28e71f18a7c199e6067d3491c79ff4dce38
1678100924.8491263 C
13a072f685109dfd6ed77aef7f530202f84db2eba9049f00204ff322661383db
1678100925.4167833 C
22ccfaa968a16ee3ede8a95d0dd10c480b6125c85924838a6985ceba5daf38aa
1678100925.4336643 B
d305723634c17be35db2e476cd5c6ccd311479aec3999998544c24bf70b38c4a
1678100925.473731 C
793409b6f5169663dfa98f1a0810ed8d76b79f3827f0cb2a88513fb482cbf232
1678100926.0080733 B
e870aa35bee9288d2a2f225909eb61fd4545cb85be4f6ee0102ce3cfb3552f5b
1678100926.379885 B
2265eb62c09b0c49a354719c3fc088f5cb627ee93b8d01c1afe789b3f868fe3b
1678100926.78811 C
b78abe7e18441be96486a51a9f49263c4037ce742d1069c9721fb1fd6881845c
1678100926.9491792 C
d3df751a27d84b7cb2524deef14a0da0386c98b7eaf5a4926cb22ff9db435856
1678100927.434275 B
975264f1edf26404eb5aced7a7b805662f11a54a5285e298d853627aeed25ed5
1678100927.7148976 B
1c4d32bfbea32a6c47864e8c57ded86dad6ce636f9c8444846f1308b53c856db
1678100928.089892 A
190be15ea3aa9d2263664b03107e7d685b9308546d04a13211697a204ac1b38f
1678100928.6226978 C
0112de0c62c1c0ef1c00ed7663ad4ad0df19db6ccd8e5de4725843434181b2b5
1678100928.647989 C
3eac86b48e9de4c9a4765ab956d78022623d4a4d3026d761ba84c3a572b3307c
1678100929.3558288 C
211c5268a8ec1e010181c93a18e9b4cc042549a3fd13d11e4d4d575235ec979a
1678100929.7297215 C
e52377210280c5e233d42eaa0a8705fe2ae102532dcb6252b91b20dcd39b6bb2
1678100929.8158252 A
52d2cd0e0a219bd84ce899f10e68785d75009026dcf44165bea225ee754e7531
1678100931.8625374 - C disconected
1678100932.6612158 B
138047e6d6a38b33799332fb1a80467b1e5e4c850b957892b4d04d7f939c4efe
1678100932.7520142 B
513805485fc12eab6271af19ea29d08253d768068d03dbface3dc3e097d849dc
1678100933.8060188 B
5be27b8b0b71680fd0baf2977bb99f360dfabdd2eec33bb436ff36d1f3daab04
1678100934.66359 B
6aea189c8077808928306d74bb4a8495368e665cb6f5dfcbbc1375a7361d2084
1678100935.5492027 B
65c94b6f93616f83c44fcbf312f00568258718060bc19feaa3d416c8ec9f3ff2
1678100935.704282 A
97d5f1b223443a2bffca8662827cb3af573af3a4f3e3d938b8bf5b30ea8a147e
1678100936.0765839 B
62aeab5814c32153e5c5f3ed711f5b9de46c418be9170835fb0a8d1eb072a695
1678100936.566266 B
d84e4dfe9b32423d949d18dd1e907127f8985b2aa203b1241e8b9a4ae229671e
1678100936.9692667 B
30a05debb84db8cdafe152380f9a1038901b965836c176974b5902d90df5e2ad
1678100937.3900526 B
713e772fbfe7ded16982cbbc4a851cb9ce3be6bfb987c6288055d4e0f9cc8372
1678100937.5653775 B
bc119bcef60841c840142f18b60c07907fdd455d4074eafbe0804dabb5eac8fb
1678100938.9607453 B
242983b0d5d54d8125897a06830063a5102026a83f03768644d43c3e659c0c2e
1678100939.0029078 B
141bbbdd776fb83ec50201aae2514488be4086067c7aec8792b9b6dcce19e073
1678100939.2812772 B
99a4d0e4dad760c6615f0ff5126d68c04f642573c4e215a6ab276b0e8337dde9
1678100940.0974712 B
d943e467a0bedf90e4141f207cfac7782c8effc546176b4e7b7a42abc8f56f36
1678100940.6477678 A
448686ec94b493611afa050c17b12171f77ac9fd9e7973b0b25db1e63efd9353
1678100941.5361292 B
e3581b1fc263c5fd50adc3a691e3a6a588f89c4dd5e8fcfc6307fd8a39ce02f9
1678100941.5434005 A
691fb32a708f59bcf348b207b17fdf825f90b258c93d80cf0e29825f6ec36e59
1678100942.5815063 B
6bd5aedc485c2b0d760d3e66caf0121e9f6357812a9efe8dcaccc89cc4a86eef
1678100943.2463033 B
12cab9a25c8d79ef407abede4bafcffbc4f7bed4f39f068f56a84e884213b977
1678100944.3484101 A
781ddc622fc55bd25084e633ccf17dfd528187c9c9851d1949ca3561a3df215a
1678100944.3818054 B
5f206a4ed956add1757977dfeafd43335a1a81a85cfb7c17b9bf8b9f7bd96ace
1678100945.532627 B
7b2c6d31d3cdb9ca152d1ff10c5c465f41b00bcf2dfd07bd1e4bd17cd799a844
1678100950.0062828 B
3b94e9a3f71f1ecbaed3e3ddcab0bff2cd59fb9325923d0c2fd7426933d8051c
1678100950.3370519 B
12c542353a7cece9fb006b7562abb0bd40e8d85b85fbfd6e7ac550db07e493e3
1678100952.4285128 B
98494bd3892719b9a0415002bc147c23738456238665027d0da701160dbd7c13
1678100954.1231585 B
9971279c7cc29d77c96c57b329cb905a811462323d31907f5b8a3d2c0a17134c
1678100954.1902537 B
d2cd0ecfdd29c873936b128e1eb4c7dc7cb8d2764bc0eb72dfb33bc5f278ab3c
1678100955.6134775 B
c73fb886545972e72714339a0a9d5533893103e7b8a041d901ee78b5dc2a0b7c
1678100956.496976 B
3483443dab62790083faed7ce3473b42e826d7e4d6994f6667ec11cb3d97afef
1678100956.920171 B
6241de75356ce9614e02c7429330f005235a52e9a92996e339ce3eb344df0cfb
1678100958.2488425 B
58b5d2d0f018af117b8d5fd07d6698e577b6f3b3cf9e554b283d8263010d7863
1678100959.5337322 B
f7a307b4728d8b1ff0490f3e9868fd7162f64f661790de2a40957d729f7f94e9
1678100959.5341964 A
c4108bc2983f5baa18dc2fc9b23ede97b8283c7e43f39556ae8b0822301aa366
1678100960.3942523 B
f6ceddc2f0854ccf681f7c5b4aabc2f1e828e48de4b61cbe44f80964c2b10fff
1678100961.5828552 B
11de1106c50c292e0251eb81dd675d65183ece63ad1986de5995dcb4f6ed8fc6
1678100962.5703976 B
c5c2d015d79d0e4218d880c3d4c9f9566a5441f45c1db1b42d9657abdba1ce1e
1678100964.8943646 B
28211a138ee05c0671afa7e1059aebee5adbeadcd6576e0641a8036212119390
1678100965.1211805 B
cde5ff07298ebf457c1e6e017d34d56aac7e798db6fd08e86d8673f3bb74aac4
1678100966.7312508 A
540005a7cac8da815da7953704437165cd18f94f312e4caa6bf36efbd21e0748
1678100967.1384106 B
11fe3f1ba24d7b2b127b3ea4439e65c1906e330b9f62d6a8754f472c8878b79b
1678100967.6058524 B
3c1099ee61f4c5bcc59a0d7ac9c10b7858f2974adb15ea2fdc9b7fdc8fede8a1
1678100969.1715918 A
e83683665d33f01d5912fe35e587c7fc5772ad7bc351992c235635e1acf79f39
1678100969.976508 B
448faf5ed05ee0ced3e96cdb53b97a534f5b427b0a999f308edab39052988133
1678100973.3804588 B
2022e7aeaff0fce4274e4ef191363f728c20690118d44c50643e1a82fd886475
1678100974.2985258 A
d5cb76a20297866b8bbbdbbd1092d19de8c9e86dd8784e7a65ef79ca5f06cf0f
1678100974.3116653 A
e6cf101c14abad5f1f9a8c3283e1bc4708338d463190a810f165ce1c2f0c91a6
1678100974.408951 B
a5dd7d7e75d504586d83a0345ea80769b0a1668cd593361dc20e1dfd865a0089
1678100975.830981 B
fc17efb5442a96bb851b3218a54542f5887752937413104782ad5aa9daab5258
1678100976.5484746 B
dffe2778ec573c61d8a4c3c30df84074f97ba9245eaabe67111d3556f8259aee
1678100977.1551242 B
d8da96b59c84e8e501afd95bd79497bbc4d70af2c65f3c38157b5d24d68b7fa4
1678100978.1448014 B
7e388f2472d82de6544a676d5a775fff9458694ab63f3a0362d2927e5e5d0de4
1678100978.3611906 B
dddfe650969c3d6664754f6bd599ac694f8fee7cf938c81a6d232661172f3a2a
1678100978.9524846 A
2b50f2e97af676276d3e3bc71d9f652947ca76f84e5add07ef0f02fd31c6c052
1678100981.7469795 B
3839cbe52f39439b5813c081d8f9e0d7c762d93c82cc5c21df73dbcae6bddbb9
1678100982.7949476 B
908fa9311835b1504e13cba3ab40c31e65dc9ff1af96867056926c924ca6d85a
1678100983.3087978 A
c0c002557564eb8b780adb8289b3f37d21069813aea64e237fc68d0d8e963c74
1678100984.5570686 B
d6170452018ef1fa79ae5d2dd3ab9b0d53ea0a3f0dd58ee90e671b3a63edf5f2
1678100984.8428307 A
7cb9fbf9148745a9a0305ebfe1b491f56158034031c525fb6959ad4844f11545
1678100985.940327 A
52de998c5a70c28e768cbddb9d3acd62d6a88b06a006963c740218f211ca623a
1678100986.2138178 B
14e66cca897d5e7c558da2387fc0f50a38c22028b7d6f497034459371d4e0fe8
1678100986.9143443 B
b428c470e87d0375cc9073b8918d5e4558b30fe4eb290c97646a3ec80a079a18
1678100990.789742 A
1d18f9eba953fe98b9bc4094de2caaf3a8570d8a7c1576043d66987c128ce77b
1678100991.807977 A
ea63d2ed01e239d719ed1e05e3b116654af0503bb3c950753d9bf64336cbf697
1678100992.1845717 B
bc66309a41518f0de4d0ca8c89755a670c44cc277abc1c9e6208b6753ed13a83
1678100992.3497221 A
90cb028c95236ef1d83a68c8b8b000e92529cf673cbb495abf57220f620c3af2
1678100993.1886926 B
375efa4d403bdec50dc7f6d0f2b4a44bd246f7ca8b7be7ea735446ccfaa452b2
1678100993.393823 B
d62aec650bdf715f0812045961ff50e6701d0d2ca3adaa8b1b824b7056f1d313
1678100993.4927616 B
f46bdaec89847453edabf1a40e4c13711bfc0d3eb9d70a2364b18f923d76e7c3
1678100993.5825367 A
55ff48c4e676ec59adf6f67688a6a21082da73b1913a230035bbf97c9f94aebd
1678100994.344511 B
8165c69a1883efed0f6061c8aa6096ee6af76eae83d8c44b53c17435015c8fe4
1678100994.550421 B
129af46645a2e6d615b4defe797cfa739605fccc26616edf70f7dbf5d4abb044
1678100994.8987658 B
21bc5136d905f0b7eba19ee4011b202826c6ffe5cac2dcd63dcbfad794a95600
1678100995.1978626 - B disconected
1678100995.351263 A
c6fd8ba0cdfe179a22a1be0b653a02e8645a9761dcc9717ee22bc61fa5f8ce10
1678100995.601716 A
cdda0283bc03b7a1481acf12a4718981b997234ed4d904bd63bca447fa2bb60b
1678100996.6305692 A
4ac1cc0783a1cf3ecedfc85e142a7b7f3949aa1c44a9552d048e609a563d01a2
1678100996.8237517 A
ae98147de03bdf802a05c0de4e016a76a55d3af70a17b9045e7c5075018681cf
1678100998.1180089 A
0de76bb7016293c959d363891f929cf069816548e1e578e33f4f9e8e2c88d3c7
1678101007.0746257 A
f7b42734d121a7ec649cb484b4a248386dfa3f9e115c1960a97fb2e36d5cafba
1678101011.1133137 A
4fbb1d253b0f9cd870fd2c6a5795b903b265886404a9ccbd21dbe9c39f3d636e
1678101013.673051 A
616c69a45555733f2d6eab42752e12a1ab9bceb47972a2a9ad9af9f6247ebc0e
1678101013.9247756 A
517e58153c9896f7a134db4ea79715b28e61c4a66512c6106cb978ef135657f6
1678101014.6820135 A
b7eda5e683897554d29991c04c1248a73ca8576bc50f6b69f65ec04826634c27
1678101020.950417 A
eb0a4ea7e37f1f7d12f6c0fc386b5de650d2d054d2b9ed6988fa923360fc0966
1678101023.9195445 A
9bb7bdfc9cab3c7448d82a8ad40f2c61e5b7189165280bacc4f9608f68127b33
1678101024.2383099 A
49c8f373c0ea25ae52eaf5b68f592b1c42b13dbbb331e3b124d535729e0d9b47
1678101025.3467422 A
57fd924aee0d871e00bd9571ed1a058ef8c955f9ef72702a588754bc0210559b
1678101028.172401 A
bf1c5bcb607b6f9b67ccdab5ab3ea7387fe862858df8a92e47ae370aa5db0670
1678101048.3787632 A
84df02067cf6856a1f5be3991009bf584367ae19f03f3434ef04fc01e639ca75
1678101055.048618 A
1f00f7c25e9eb113fdc747ca29e79bcf859d0e0a5cee23dd54d168f91dca45a6
1678101061.6708956 A
e959337a03e081dc37bbf21804aed041a41c11c13550cc61f797ab1e5d3b03d7
1678101062.3336952 A
935368a3f871ee698d7285d31a8ea78413782b0d05eac85770ce4af61fa5896a
1678101066.9380434 A
6e0b51442d527e5a68f606d0abbf207053ae48c174d030a2df585665d0d94a30
1678101070.0752428 A
dd90f44ae61bced0edbbbc99ad8ac55ffad8735707b79cd77edc4e054a060ad4
1678101070.7789085 A
795c332c40a828cc4a0915cd1a62adb54e013aff92cdd1017a0db371f0130d1c
1678101081.6333067 A
855fe4eef04a24f6a4cb4424390353430698dd1a6b3d14d6ec58edbeeff07990
1678101086.9799876 A
1572b39e3f421b4b317817740b64e075fc04cda68d4357d1d78f5764a54d32b6
1678101090.2476091 A
d4071c1498e6a0a4cd8bf580a49b302557d64d8a069fc49ec70781e1440f41db
1678101090.4783244 A
64d7b8f9edab3ba6c6ca7d355b92d277e7660009b73bf97f80ff80013426690c
1678101092.034094 A
a1803e55f7ad339b26bfb1b9729767b6afd138289b26f12f4a557f95c75680e1
1678101096.4189174 A
25a8777f0289228b1f4ee44fd922c8d7574e95fa810c81e61257ec206e96aa26
1678101096.8045673 A
2f45ada234d724d6ccffa1ee49e1f596e2ec13e58406df8a0efaaf7a99d90403
1678101097.5726764 A
285f8f0f012a61599b5d42a8a2b885f0060121411fc37b0c4639623d3a059117
1678101106.8821816 A
1ebf6c4fd7ff63d7366478186942e8beaecb9bdd484165a2864fb435832da57d
1678101116.431538 A
f665a5b8b1612cdafe9a521e46202ea6eea3b2b3a231f7773e999f21d2340fff
1678101119.171399 A
580c4aba11b3d420b36af4177befe734c9b0d9192ba815c2c09fb84400c58ddf
1678101129.6943092 A
8aed871010adfea64ef0f4aacbf6bba5c0ce3dc0ab650b6c61e3d3ee9ffe5047
1678101131.1772916 A
4291c709d5320e082ee9028bfe2b9b2919831ba55de63fd6261bd3845eca1949
1678101140.3031569 A
3edba9222ebc4981507e13641369e33c1150d3778243869d58a55371c5614942
1678101144.1729379 A
e42f905ec24c287ba7a91b58ba5d1f9c471f28bbb8551622e3735c7c6d3385b0
1678101148.1222618 A
9f1caf7c38add43a4b718e09c62fc2895642eba3ae9fe153d23767897ba70c6e
1678101159.4149299 A
b1c3a0aa31e2de5f80f91a770704c3151bf126f43c5e7ce13ed7e6b3353b5a14
1678101159.8608892 A
57684972de0c6476fac2dba54dc26c4ddeb1bc4a69a59154b7b4f1c0f70c2edf
1678101163.5721967 A
d409dfee429962d5556680baf82f879bba52de0988afbc442173619acfde13b5
1678101168.352443 A
d5a20e8d484a38ab2c5b4e6dd6fb67b9c6c28b35fb33e3c2eb2137af0ea112ef
1678101173.9112077 A
22d44b5e71ae0c0fffdba5fb7d66eba7b3391c858b7e889edd45cf21bf47a901
1678101175.1557212 A
8a6db5b8813d10d8c2923d799a93627888a0623cc9156dcf7da2ebe1fdf0e6b3
1678101176.738601 A
d5c625bd6e0ea69a7a2952cf592706faeb509574a344e0fe64061170456459f9
1678101182.4038174 A
d6cf3ddcb1fd1b162cb2b7c8ac89df011b492bc40a1d23e55164908d00dc130f
1678101182.5060337 A
a446c5559dbf7944c39c69689866348ac86b72c148fa598ef37d8c42f0fb72ec
1678101182.8970504 A
b5995ba8e6a36f7d9ec1f05003968942dd0b67913edfee13ee95f4b4db4ccbe2
1678101185.9246314 A
d1369d0c3cfe17fe9a0e4e637d8dc15b48b51ea098b9c4c8593e777e1859be82
1678101188.1832812 A
3d9201217da77ee8e280b375099ed54f873614274456cc6b419b6b574cd7c0a1
1678101188.3093095 A
467517cb2b1fa591e3c0ed82c8cf914d74aa45bdd2c3403b758378ad2a81e15c
1678101192.8436253 A
73969a2c3a4a70755e542f8716ad2f40044ba2400e0cee2f47d576a5a4ea70f6
1678101195.099738 A
5edf8afb6c11e9e4fe80eb4791e033de82299f8ef6a0ab9330b12568243aaa03
1678101198.045038 A
d8067bb0eb8df448268b6491200ac9b03656e35ab49652647d2e5b7d8ddea1be
1678101199.0896206 A
534b086aa94f43d55c605e978eaa955f31afc3eb5d8929493f0ad4e6fdf6500e
1678101199.2600658 A
0cb747915f0af982cf1d3c970ad900881c9e96bd4dca41b2a606dc7e9408d2b9
1678101200.4783273 A
0941643b682419ba2d7ad983a5887a17a72eed2dfe9777709f1d60e91f1d0807
1678101201.366615 A
d6358da475e84669602081e2699f1a8e587acc791fb1636acc7442be45b12fb6
1678101203.9495955 A
e22bc5644a73ab86e82c9b22d717abaff1c06cd338ea3276f06fb52e397c4485
1678101204.2417994 A
fd9a164153fa3785ee8b197578bf0167d0ebddd81670ef0a3de9defdc72d6709
1678101209.1649268 A
724674ba334bc44e39307fcf6f3d1f0d13c74f1e991a00e01fc026c440282162
1678101209.7273562 A
f3b557f28d26f567c38a5aab3098f14573e97e985dd0bfaa77fffbd2c3c0d009
1678101210.9986243 A
5de382e4cda7968e649fb47e933adfc450061984a62c8ff42c9c6327da7c32a6
1678101212.6097822 A
001d2744850fa43973491af2faab3fb22c685739141e35167bf8d09e5ec20d7c
1678101212.8246086 A
7c1c850a787661c4b61f33b787f5634edd73d3971cc847c1576c64faed653891
1678101213.4071832 - A disconected
