1678102359.6743011 - A connected
1678102359.6759627 - C connected
1678102359.6764162 - B connected
1678102359.6797311 A
4178fe746515dc876bf25e33de818eaa1fa21716b50a9490cdebf103e11aa47e
1678102359.6816063 B
e218f9cc316041fcc83b51766a44f3016f897150d9d7a30a2bee932d22d77e16
1678102359.681285 C
d8ea3fa7b9a329a41bc8432e3d39995d5e56420f609215dc0dc437213c92d2a5
1678102359.763704 B
f56f40cc8a2fbdf1d67ee6e9ef815ce623c7edd99336dcee5e3906c710072435
1678102359.8654704 A
67dca054751e88d22d61661e53fe23fb324c4a208dc2a3b5677b1a3bf4d0db79
1678102360.5922258 C
872e0b89f5a8ed63011ebab434847f7a8c6e8c3802addf3fcf2d081a29824131
1678102360.8140452 B
a56ffeea029ce2604e1ca32ed99cda8de33c625c43ddfebec24003e28bb9d8b4
1678102360.94161 A
e807fb4d5ee25c40a57957a90494b1992e4ac1a10319b9bb6eda007793ce0a01
1678102360.981077 C
a5e0cbf55bcc20c7e726725b473eed82fb801333e2502372c98a04b1f54f7df2
1678102361.046621 C
5dd8a48ba7dfdb837d9dfa93c802cf6418e85afb4f148b6188ec7bd069a3cf6c
1678102361.1220536 A
274d72ac6d11e9ca1517176b063d0121105b7c5260bc00c036d067bd9d669675
1678102361.2091644 C
06059d73f0aca2db477f015aa09f37f5851acfb80cd8c18197efd2978f738551
1678102361.3750765 C
846e5d33dd8b50e3f7b57c33f0e94cb218ab524b07f7662f2d52b08ffdef6d90
1678102361.4385748 B
5fd9153496255ea85ffce29839dae5f14f6a13120722516e674ce8b5e3d6c72d
1678102361.4916515 A
8024a07bdc4abb660e1b2a552bda443aed56f04fdcb3ebd182a09bcb1e7dc1a8
1678102361.856257 A
eb21f0e79a3020dd68ab2c295c0aa85d980d0f57d0b617c7d77f37c6d74ac526
1678102362.0841868 B
77a665783da0696a87fb9ea5a53bc88f5930acf380897a5df69ce6421f7d5306
1678102362.1353698 C
7fc3de5fd81890b0623e02a109b54ee50f685916df6ca32fa2fa3fdbc5d37229
1678102362.2140665 C
5ea64192c221cf9d65463a91089c97fb44dad1f80dd9b7cb5f25dd0984b51aeb
1678102362.4810658 C
71c3fbe1142891fab496e456fbdf5188734ceb39e434cf2474903c6e47f127c4
1678102362.782842 A
769bf01d07817cd6749707ea7a3cf44e10258e37433357b36d48a34cf0ae77d3
1678102363.3168528 B
a62b28d19c16d2cc36b5e129afe1a991eb74b8f88b4000aa9c0763fc0a5c2fdb
1678102363.47319 A
8a2fcf0136d8928f392effd438adafd6ff7d100d6a29949f00e8a1296f1b2df0
1678102363.7828236 B
259d6418fb3541dcc9e9e6e55748b543fb73d8a757f9950fbd1136b758e8695e
1678102363.8228924 B
16199d8dc4d5d59fa6197562603d70b5f1629f6eb88f604d52c46554e2e5398d
1678102364.1508923 C
85f8c0a1988c04050acfec6e710a73fab8178c7428017386b1a07fa35a26d78c
1678102364.2016244 C
d06fcb16acb7a7b7b373eeacbf00e0a8b573c616b4f49fc04ab33d61a91d22bf
1678102364.4848566 C
9ba8370073f734ea25f53f27c68d0d11aa561600411eb93446fc224ee26e84b8
1678102364.481727 B
457a7dd09c255347107fc0e98b770747cfe0248e74f7efcec7a53d0fb7e991ec
1678102364.8080297 C
77739713898338f9c076af04c72b7b29d04affad5bee882b89b2233820fe6b08
1678102365.1314776 C
acab2c154a56c358a0eac464c6d8ba035eecfed27cb2ff93d230695079babeb4
1678102365.2183151 A
389e1e26450016ff5e5b597be1ee9d6f8be53945d20b4647f9e8bebb213299ef
1678102365.5188553 A
9fefbdb6da36824960ddcb7f04b06547a94fe6de36a9409e3fd3a1ce035845ee
1678102365.7236826 A
a716ad0e7c267cd0be6d9ac5d250154d534e230181642da4193e00818c72f791
1678102365.8172529 C
bcd0676152cab648aa6b75fb3efd3172fdd0b37dc588328bc02a21868e16e39d
1678102365.910752 A
c9db00a185d67c2ddf568970993a8ddeaca0e7feb718d63e8e22023ce4ed8c41
1678102366.1248803 A
c8a0d1567d910429e8d58fe199e625cabaf20a7a548cc88c2eda5aee4bdcb8d7
1678102366.3704243 B
a00169cd0d3169983daaba2be50be3d152685c987a9358c298e359e0dfe5d0ea
1678102366.8779874 A
aaf5f763bb3ad752a5ad09420a59717ea5f5195124bcc80baf5b1c5065dddffc
1678102367.3547535 B
487f9564dec6eee000261be60a0bd9807275c99027f47f800763ee72b15a97db
1678102368.1272583 C
24c3c9150a6d03c0f92d804f5eeaa71c241fbe58b87cc3fb3babc189cd17ef6b
1678102369.2166955 C
5f232ff18e73f6bfcea8b1d3e8e0a51aa505794993d7f874bf924f5edf0acfb7
1678102369.8268347 C
0fd796f0cadf2ac93b9ecbd023ea0e502218b2e874737f228c583d3b933fb5ba
1678102370.194004 B
6ddb4a499a2e3d3527ba92625c1681f881d4bc1904ce92d5ef5cb048cda7069a
1678102370.6104622 C
3102feb96f12b62bd51c4cbb37efdf189d845f0c4325525589e045e68e599ca4
1678102370.9010682 C
431c2324703aa42f38de6b311d20f62cb4fcaca7ad26ac52d2a25e505f43216a
1678102370.9266527 C
cd6ba756f02b1eb5d6c84dbc14dab7ff7204275463a7b0d638f008566a1f7a93
1678102372.0438206 C
4368dab6bcf965ec2c78cad60352155fbb96af250aee8701eaba4f7a2a1c4e4e
1678102372.3080018 B
c309f6af2b5c5ae67f41ec540228bcb42da1232351a8a95e2476a5e6a20c542d
1678102372.350596 B
5848de663f46af3fb30d80add65bc84665b58b185e414342d7fff28347c285e6
1678102372.6783109 A
4fec2b4ad709def4e79db8fd548206aec5917efcffd87ad2f12cd4bf444d740b
1678102372.7031562 A
4c162b2fa62c6178522d997eb8f227474d3868bc7148464fde1f74085fa29b8e
1678102372.7582648 C
553ac59722c4dc3acca37d7f97afc969dc91694543cbd6d928354591f576260b
1678102372.8064878 A
37f0bb64a59b3c241588293948b28218cca3630d565385dce5eb7c4dad928761
1678102372.9996524 B
4db547189e3eec9d2e88df261d3177f04d7f8f689d3175b2a89c6ac62af68547
1678102374.0534542 C
987cdcc680b80340a37e60c424659dbdb1b19142f86aff95b3c75ce8293de0d5
1678102374.1918747 C
4d6e18f245374309a7d7f2be1db990c2ce07f8f7203e3d69b31779adbae864e7
1678102374.3728142 A
cd96adf2fad222c14346504fc7627b53adbb08686f2e982662db16e554db115f
1678102374.442916 C
c6fc20c4db8b24e7c53878c4346f113b043b965e1143818b6b9193160d13cfed
1678102374.78136 C
b43ecef92aff2e088c40e45db04fb179c1e0e03ca29aee37d6747f9aadfdcd8d
1678102374.8021479 B
49bccbe00a1c167b731b149dae9b692027674944ece26960df327719c7297c88
1678102375.0457897 C
8fda0546fa2e3d17b3bb01fb13d380ce612bed209c37285a6aa330df0071503a
1678102375.068309 A
0ae88e4e6d78874cec5a3e9b567f2a5aee827eaf8ff4abe15b31dee8ba633eed
1678102375.0659773 C
f0bcf6ef372a6bc35f4973ccbe62505167fb518068d40102b8f524b65adfc143
1678102375.17413 C
1bec1cd7625ae24dc23d1ae53f3f89a60fae833be585ce5edea9ffaf1c409cc4
1678102375.7266183 B
eef9b26672eec4801a66cc3cf6c260a859ef57cd03fefdfddad4502f217b8d75
1678102376.3582425 C
e820032a6f8c849589680de7a24b115f6f777321836ccd40e4d8eb468477765e
1678102376.4492936 C
76e06d4d941cacefbd27e927809d50e380ff6ac1c9d30da59489d8b5ead83a48
1678102377.0190263 C
eafad13138da8cbb170e9080000ac7820594f34e7773ff2aa2155c1d2da192d8
1678102377.0819478 B
752dd15e07daf779bfdbf1100145c5e2ddb812faf7f3708665db6f393bcaa145
1678102377.1857078 B
986505c51f81e8314a583e187f68226030586d1d11f7e5dee72ae97749d913cc
1678102377.2714546 C
c4a5f85a06dddd52e2396ddd3a0659f8e96f0b771ef0e910726da2454a119b1d
1678102377.7338574 A
d91c9454dbc1150001f683c0378d07e32dfe3a3bf958e6c121f7477ff5c767e8
1678102377.8615453 A
2461723eb3ac221e37400cf09f3f4f57ff19fc585dc19ae7cbcf2ae8927a7bb4
1678102377.8986793 B
0f3628270d48436ab2a34ee9cb5814f7d4039817fbfa107c54dfb895d0f76df3
1678102378.263587 B
a7e0e30ea6a37b303bfcde254b14f0301595c938fd0fa6b170fe6a27c3571259
1678102378.6308396 C
c3031e189371f42e0d73591c2003bdd1d701e9571229b5cfb030d067829e673a
1678102378.711262 B
540b75d9534496d9e33a9c680cb62d98235aef32a8ee7a584a63f8b883a23e99
1678102378.770252 C
41877445eae469c3034481adc65d2bcf56e01a5ce66bf4573e8c71538e135366
1678102379.4146268 B
60bf2bcf315f9f13b8077a912bf9558f292f28a9d7c8679cbc1f4043811a5a8c
1678102379.4948828 C
86e96c430030b93bfd435e5fe63fcea2e200123e9a318add47a33878965e1ed0
1678102379.6869333 C
421ea0317a721d91fb2e142f6a4b09489e84a7a265928faa690546df365d25ef
1678102379.8564367 A
7ce7061b79c9a342f6b8283d4e3441a786fd5a603a011c5467037c96193b9253
1678102379.891705 C
860b07d747e9ab0f38c97c935c151ccf05418b5a193805955d7fbdc6018e4640
1678102379.9958234 B
fd179376e5be0424c4fad5f806edbda07adc440c4f0e958db260ff85052e49de
1678102379.9936152 C
e3b109433199e7e58f8079d1d7b1e4acf968753b6b4c5e520bd35c3f15fdc397
1678102380.753828 C
536eb582b8c0d92a8ff6fa7461d0522a29b2dc13df57133cb8269b2583c9ffa8
1678102380.8301606 C
973e8a9a0f0ff68ee41878450bb5efdbe37087d1187fe53d8f468b1b04fd2cf7
1678102380.843991 A
3169d878d08f24a77d23da2943176a39f5939f1c07d482f850366ed17348e077
1678102380.8813882 C
d6033ba7fab31bd1753e9c0ff713e5de277e491ab2c088688a0d7bb7c9f4ab94
1678102380.8998501 C
a8ed09160299715f6f750eaf771588c19b1c4a6905b9ed3a3c01df4d2b0fa73c
1678102380.9742503 C
3d000d88e9c06a31570c8f8e85a807cd83df285038448ffb5a02852fc0f982b8
1678102381.6973302 C
c1b9e35f828c42faa54db63e6f12cb13b2afc0470893ae81a2f8e510a9200cac
1678102381.964719 C
0c22117f247af83853b529cec3a972c8dce732b8d5be5970217f22ed03165179
1678102381.990798 C
cbf1b2185893cfa4f56a2d16ec42b3e7717bfca3391bc5c828236881fbb3c96a
1678102382.0528347 B
cc4abc1bbfe58cd8e3b05305353fd7ebea40e017d3c35ea68af6bfb96e1b496c
1678102382.4382114 C
b3287fa31486bd8b875be00bc758905e18cfa6e7a3162adf6ea7ca103851d105
1678102382.8246415 C
1354b6f97151baa4aa74c4ae951bc11a226f942fe01eff4c8bc4821385b65384
1678102382.88059 C
97e78b720b76938b46efb2cf5dd49ab951f09088309d6de22128e1a04429fbcd
1678102382.9116824 B
9be3693765b1a9943c560a79b48913d08c8b3d10765b52a00cf8d3f2ad36a26e
1678102383.158806 C
da79781db7d6dfcc294b8ed3120cb45cbe4e2b05170ab1241507b368b0bfba6f
1678102383.3507583 A
db30f2e41f7f59caca5caa047c7ad7ddff285e7fb92565a907639cb5af9dab96
1678102383.5094175 A
29bf96ede3ed72b6755f3153991d69c0cb8f78ca729e9ecce4f388fb57ef7d6b
1678102383.6715312 B
df06eecc487f1d8aa85246ab4f279da9ffd9eb07ddb8b2c2d797abca2c1e7a72
1678102383.8071496 C
f43acab8ad63bf868536a772e6ab5113083b12a938edbf30d62d4161484c1bb3
1678102383.9931138 C
abce47b1fcc775b4f786532eaf4e1c1526496c48d07d8b1e3c08a0c1ab2f10a5
1678102384.1694965 A
06de18fffc12c424eef12cc39c815f8f731d0c7e1d898d94f63ca761ca6530e5
1678102384.2199035 B
6b0fe375a89b708f708014cfd04351b7c2cb3a5e9a3ca9f1ee27ca38c3b78466
1678102384.3247368 C
d253e6a075c6d9bccf1e8750986b9ac313d96d0354c77f6476145cdc78b669b1
1678102384.3676748 C
e55d77c7698e5681875ddd99afca5235f0fa4d3a93715073a2a35dae10be074e
1678102384.3876107 C
d1a7856d007d8162c1cd850deab1074b20d1124a23bed4bae8b38409a935af7f
1678102384.585073 B
121b417006a13161ad1e6e71afa86cdfabf427a8829dd7ab33f644e9621398e9
1678102385.1515138 C
4735a733a7456c0ce664b34453f1edf3bdfb67e21637b5dada1d5f559f1b3c83
1678102385.212801 C
5d29e7990373659812065448d6be31233a0ce96e5eab891bcb9adf83ff9c673a
1678102385.4631226 C
1e1ab8f526b87851c3160e7b3c354fb0542bf09a5b197f69119bac8344260eda
1678102385.4995558 C
7523deb468d3143c5e14f6c732e4114e644056a6003c5da64e3e64554e116930
1678102385.547999 C
39fe586c079ba3609e929da411bff071c32b0961712f04b8f4da4c3f5d3bc1f5
1678102385.6588228 C
b57a592f1e55ef7d8f96d628c5643585551c8424de89aad318e1efb8ae8e07c7
1678102385.804424 B
4a4a5bd5fed81998d12d68e420922e02bfddd7863b82ea1fd0ac3ef786bcb440
1678102386.1692216 C
25092fd945bd73a0ca3cafb2ff35da68d8cd80c6b4aae6822368d20175e18f7f
1678102386.3234973 B
f89a156aaa59b40f6543dc128d3c0d97ea9a3da4d58548b00e93914146460d67
1678102386.6887414 B
3624d3dead8ad3098830b145a8e49c393b9ce5139ed1a7e3e97b87a05e596070
1678102387.6479042 B
c6ad2f725407a8c32df2f659bdd1d9f085279c82a575b2732ccab3cdc333bdab
1678102387.7727273 B
ac11ccdce48203a31c5c834c817dbdb91c9320438c8d67b1fc7fcec3cac8e3c1
1678102387.9283526 B
384195bfb6b24e3c343208fda408c585915b77602fe4735c1f27faf18adc3693
1678102387.9995162 A
1e575e9e152a3ff3d2920a21aeb03797de1eb9ecb184fefc6860526b8dae6e7e
1678102388.00849 B
76e92ea3098c964af85a692bce660edb4249705c663662de292547affcdd93b5
1678102388.040803 C
69552a331679d1f2f6a94eaa1edaf32d47d5778813fad79afa10420e8ce063fd
1678102388.2364538 C
297729cc1c5acc5c6666f9085ac348fd0656d3ccff6561cc97d76f06e092f3f7
1678102388.336001 C
63522f40fc2730de4570c3a7ec9bc94324ab729d86056691ae7fcb0f756bc603
1678102388.763225 B
dc022c2ac911e1780300f00bd077276e7520bf512b71bb8b5c79376e978a790b
1678102389.0281081 C
4ee11596c238d24efaa0693b0a8f51ce5b1850122ed759db0eed422e7603e4fc
1678102389.116919 A
73c0380ee15da903dc8b07968a71c204b410f908d29232406789e45ca972497e
1678102389.1696546 A
a96b1e36d16fcd8950f69e6c3f995b230b1af6b165f51a5eb323f4d4e62df2c8
1678102389.278187 C
e39d01f5383c9f087e06a598615adfbe718d3c2e52f597ef918d3dad77d699a7
1678102389.4653523 C
2e2eec6d9abbb5452c21bfec909314cd6dd4201f61665df25e123bb6c6ed375a
1678102389.6817203 C
20853963615c47b6be6f9065d14f794611cf637a9b73d70ef5459887fb38e958
1678102389.7904162 B
7e6b30bb86d0edbcb86cd89bed4b1aa679247848d534cf4a1adde2169f8e81be
1678102389.8497024 B
4a686cdf958908ba5efdebf1b0a2aa775344ae39df1a3189fac5060205ad5aab
1678102389.8703809 B
e5081a959faa701e318f1729b1c34bdec1cf69b4d4bd5ef267a7fb1869dfd53c
1678102389.9135802 C
82ac98c4c48e89e64712be2298baada14bd153abc38f0a4c7a67b3ed36913c7f
1678102390.0366325 B
bbae02e415e454fd296f67d3f8113bff97a2c9c3490b597be15ea70d13fa1dd3
1678102390.8080816 C
0e2f5e275628869b7d3117eb1edb78214d2e6844483914961dbc825c4d6f506b
1678102391.5319781 A
c2070886cefee2c65bc7efa2e925b49ab5f5256a03de0e370f833b86ef7f31ce
1678102391.531637 B
1d660641ae96da9a93be90539906a99a22aad2d23865bbd26a182d9dc4454c53
1678102391.7619298 B
ca4ee50622af8c9fa61bf6f48be0fd9336072a7ae0ec2bffe57b72bc9267ebbe
1678102391.8288035 C
e917b1801ca5f7885abc54ed2dfc9dcde5338016e114eb4af64c54d6502cd505
1678102391.8453784 C
7126a55e1b6ab9065196a429f3b332372964a81432aee02b5d23ce5d08b91ef3
1678102391.9572446 C
da2bf7c203b89545bb43b27a5db0d4439a466b95cb1023b103acf93052d48606
1678102392.0066004 A
62e75ad8b0a1e827d08f887e7d45cd1201a7dc7e1decd6ebf4ba0f2ac555319d
1678102392.095025 B
03486eb31d15a97c3426bc5f82d3ef87f05bdfcaade238fa34090cca217fb7d6
1678102392.1240137 A
a467653009d2778e5cf2119c25129de896679cfc0bd4d84915bb68fce3e2588c
1678102392.140336 B
03213dc5ed4d9540344cc00d9fea32a6fabdb9dc4f367fa23e22cb142b2a7496
1678102392.482842 A
e793dc9dbc834deaa537845471cc63f953c0db92b17b4b9c6c95a800e0f88059
1678102392.5834801 C
26830325d35e807b95debb363fba26278ae39ee3b241756f1e81442e8afe68d3
1678102393.276085 C
847dc054979602f15babfda70667b3f29fb52381ad2ecf14ea42402bab9bb6e1
1678102393.4073625 C
025afde1e9dd6bebc3e6a29ef86ee60042fff59369c00fd313561ce18f435b6c
1678102393.5816083 B
238ac1e32dcf4a1a1870cb76d81dbcfdd35f0f5c5dda7b776ae827853ad7d867
1678102393.7820606 A
292b342d2caea8307efd09129b5bc9a815317edd38597c20744bc7d8d4085593
1678102394.054242 A
ac65f055f4c7a999ed126ff30fe55b896fde0c6c1fb3e158ed1fbff604193a28
1678102394.6800017 C
f0ccfb0bd56e051ed47de374dd20dde527debd53048b300ee8cb421d64fe85ba
1678102394.7310414 A
14aad42816924ea9e7e2668b2c49b717f5f9f184daa243870209d72c5c808e21
1678102394.9198575 C
bb3e122f7f664c148776cd0be3e9cd9892f5f50781b9e11cc57f93f0b7a36012
1678102395.5953038 C
d216b828a0efb896eba2da7a5a6429c6c8a8eeb890734661dcca546e841ab47e
1678102395.752059 C
0e0dab0105b6319e03c2e8e967533deb8387f4e44ab17fed8d75225b334b0541
1678102395.893861 C
863d056fa704db61ffcd3f4378768c95d14e7e738a01bb533cac675961a779fc
1678102396.0884929 A
1c2e135cb1bc0d5ba1542a14d8654bcc1c48b2508c961343914c6b2d61a4b0f5
1678102396.0994947 C
456708c1fc0ecc3cbbea6a40819f22ff8453dd1021684042aae929d78074b375
1678102396.1220765 B
99239fabe115cf51f7c4642565cdbd0549031d5b1ea28891fc9b7fdbce71e00e
1678102396.1260293 A
cdd4bdfe9a353a2571b0ac52784071263ae936fd93ec0cbdd26514f7292a1587
1678102396.1748946 A
fe395b72ec8a828ab71718340b37c633e4ec61f11aff04c58aca3715e7067b75
1678102397.6130176 C
8647520cb7786fef6b9eb980d784df8646b1e9280af70caf3f6dcd5c209de16a
1678102397.7339346 A
c82af4bec3d8adc1e78a62b0893470c29478399d0923971f66f1071726e25274
1678102398.6228383 C
dad0f2afd7cc27948bacb9536714a7bbe317d34eb0c2af2bfca66c25f0a6a555
1678102399.1190693 C
308760b94372d507cc28f8c752bea9723ab55f497850e7bf5ba5f1331add850a
1678102399.3448982 A
51e6d0d1c93cc0cb78d6a8815ce090ca18f63743c4e08d0bdd7f536efbdf13bd
1678102399.5259912 C
9d71b646cdfb235dee1c90e8885ef0d822c112b36c02de18f5d48bc83658d8aa
1678102399.6106558 A
c97d22265b0a1cf984edb571dd9c310f72f5d69652583568c519bc5208535425
1678102399.6310463 A
415c8f870cc30a0fe8ed845df201284894767ef58f297d77642abfd171a8ae6f
1678102399.6353152 C
6393c3953fc48c378854a7579656d8a88c40148a651a971fb39f82955a176280
1678102399.7588408 C
ecba8797d7b49e8c5bb9392cda3f945b0e2b2af83679508871c5c10e8ccbe2b8
1678102399.838091 C
fe3f480fb7acb61afa48d0f4497f567a5ebb3c85d2de1f7f260a44fafa125f3b
1678102400.351102 A
80217062dad9e90ab2b23be424afafb9147579628e1c072b030c845faf3fb562
1678102400.427316 C
b06ae14d283effe0d08035d5a396b3e9ff7eaedccbfbf16e5186c474689aefae
1678102400.433324 C
8a9716e1e8cadeedf4b702fa0cf3470e3add8e0ccfb7aa2e04c9d34ef578ab7e
1678102400.5222952 A
6b803e0d740ff74e38d63252063732ef6cff5234f14c7dc9a14125ac11cdcfee
1678102400.7044067 B
194b69ab3a11d46ce35d00be91fcfbdfa758c5127c38b5746b0f74478de78791
1678102401.252477 C
2f44b4e8d87a16ff155ce9d4794b18b8756b0efbab46ae28bf58f9e1c03a1fde
1678102401.861305 B
9182de49004e4ac35064eeea7301e9e74234a46e3526b6145701feb79e0c3e1d
1678102401.9888828 C
271dbbda34e23d387ad53a88ceb17ad6930f4466ec1a07df04fcd3a293847d53
1678102402.1214385 C
2c30381b9cfc28f091550481e4fcda5c5959129fd9fc65afb8dbdfc80dee19e9
1678102402.1364918 B
a65d1fbf591808ba09c4c2201b37f7f9acca777c12b6061fd1c5e7ffba0f3d41
1678102402.7865424 C
66b299cf24ab0d18002608e0fd18edd0ddf71104ae9088af240afb4efc5a03d5
1678102402.8082857 C
ec8649656150973569cefbb8a444b06eb8b0c5e4cd0d996380ea0d7c2a64577d
1678102403.001631 A
2f34d8e6adb2393625246d37240690615cdc8ed26e5f3442218f18d10b69c0c2
1678102403.17162 B
25746a92cda161cb739d6877a1517c6e4af77005b724a49b8cbaedd8a2b38628
1678102403.4613802 B
a997a4711b52e64604bdfe903b5a3bfcbccc5525286c95505e678baef88bccff
1678102403.9550364 A
3b6e58d17b18111cfd0127f6becc621a86dd047bdbe853c9554a4eeb73876c44
1678102403.9997864 A
d37101af56938704384fc9b5c10d5728ca1646180fe294d1063a9348b0e6b2d1
1678102404.3126175 C
498c34147e1f8a0ec70779300935fbc3016b210bc61f52b63e3a99764a7dc15f
1678102404.577155 - C disconected
1678102405.2982047 B
2f47fb2bc94dd55379856cd019a391650099fa152b3bbd80e84747f2853b3cbd
1678102406.235981 B
211190f3a4cfe7f2bf77806ad8606cb547c22558575ed1085a34c45b1f9c7b93
1678102406.2710524 B
bc642cd4990242af1e9392838f1cc24b022b1f72d3fe5a9b96dd4da1ca49961a
1678102407.689589 B
4d65294fc3f5c9c8118be5ed20e0b49d6f755ac47b0b5272f0a9798a23be3d2b
1678102407.867327 A
379476619ca14f7f11b508570a1a71ef4a7fd66ec62d4325d1cf08ab49941937
1678102407.960421 B
e48066237686bbadc07bd6148eeabc0257f339416b53a6c6cc125f79d474e097
1678102408.507929 A
f785dc318c6063964338894b46408b73d65542e79f9d0b6f7c4d4cd41c307265
1678102409.9028127 B
15f0b0a994be57df64cdf9d01962e26426dad2ec1fff415fb3bf5c87119f1151
1678102410.5077362 A
77a9975f4afd266dcdcce11d626aeafd275e7fff9406a1a7577334a75e12afce
1678102410.736559 A
954661ac4e7ffd6cbbd9d9de15824b3f086150861ab0e4a9634de678c53c134f
1678102411.0363963 B
7a6ec15ae8a38893bbbfdc8aeced90584e9184533d458fda8d36871828f6cd22
1678102411.565577 B
e33e79a70b0a2a32ce3c3732aa64665a05ed709f9c8caff4cd17fc43a388fa8f
1678102412.9533179 A
6224a77a9872430e366ad1c373911371c0470ffe3de415f14a6366b932bbafa8
1678102413.2714164 B
f2755a094d2ff1dd575390c49587856661ef7ad1b5d5af920cef3ba19266a699
1678102413.6557844 B
0657ece80498918d7e8e5226e0abb715d7a5e666157b8b4afa76795aca3068b2
1678102413.8038466 A
b2ac4f0a9debccaf1698d42664561b967b3393c24e177e3cf3ca643703084e03
1678102414.2553117 B
1cd165c9bded005ae839c2ceb5d0df3506edff427aea6cb86c67826766caaf60
1678102414.8788536 A
9a8795d2c420cba6ae712a2a7ec986e014d9dbe822e4e85d5a990b64b6d159ee
1678102415.0836182 A
f6e0a4ceff33c57452cf330c0882dddd3cc2db0150d38c452d7853208dcf18e9
1678102416.4785707 B
3d2ad4c200cd0db6339778a7c0ce141f39383ea4b10a1fd2773684784e73514a
1678102416.5660563 A
d6b2b93ab155045b612412c74537d767df0c46071a0eee15d76db649d985e22d
1678102416.8631215 B
69265e53819cd51f6ab835120d9dd2934f5c73c45d765a64c3633aad6c59a591
1678102417.0741577 A
f1bd5389f3f18b35dd4f71275ce652e90f2479570b12846a5bef091f207617f2
1678102417.517445 B
a49d91828149787039ff94e8f9e25a973e48057d8cf8ceef016c8aa09962c6ea
1678102417.6658533 B
70781df98e35636df217a6e7ece05ae235879b8f8f1a04da2850e1ab68fdf76e
1678102418.0359147 B
00907ae8746006b85f2eacbf757b6780bec8584a02e19cad5ac8759569bb7c09
1678102418.5597131 B
fd7f2f3060dbd999f93bac64cdd8dae6635d81d16f350a04424bc4c4ca80fae8
1678102419.053567 B
cbf304c1d0cc1fd8fb42d5fdf682c725449f2fc4635585f5f0e3a16f7d95518c
1678102419.7076645 A
2529a371d2f22690519720b23149b8128b2fb9e150e63397a9cefbf8db91964e
1678102419.8735044 A
7e2762f1606c8b0d55be10a0ee23ddda6b8260de008fd6e81aa0e1acbcf2090c
1678102420.3844576 A
3291368561ce595cba92d198b8dd7d2a1d0b7f049d7d298d586a8ba286d5acfc
1678102420.8270946 B
205d36392a386a8f2273bf4db990511e13531e0206f8bd7efd21be9f26a6ed07
1678102421.1144524 A
93353084e410d2d90e26d346cbdaa0cb0b30fc9fa55fdb34919e5e744b6ead3e
1678102421.2021868 B
51e5cc68337ef97e9e0e95865eaf3484677a6a27994178dfd407ef0b886d8f33
1678102421.4017205 A
2a6424600be983673fdc55d0867799313c7ae9070faa1801a98e5993d186e857
1678102422.0946093 A
1e08004f53ba238d3e1d5aa5ed51c8cdc7db3453ba173d65e604bab1514bbeb4
1678102422.4472919 B
8e697ea5671b3292c8b72b58d385c8f0e45e72978657ecabab67b03f257e7462
1678102422.6274574 A
78c56cb2834c53c3315b8365132d2992b13c6025b4c5c5506a78fa1022863caf
1678102423.323333 B
85682b49a77b3e0c6ae9f1084655ba57d5873168e86918f69f419a10d9e453aa
1678102424.143995 A
4e116d3fa5e55fcf66f88ad4d5933a4418c9f9570304b07666504e44f4ed3d34
1678102424.2909238 B
98a02220245b8c8dfe671ec6bceb4c027b7b91fba8a7360d28cf6034b79eab88
1678102425.0306137 A
b897e5c76cf587782191da29ad7944bbf95f3ebee0412507a4e135656a4b89a5
1678102425.3273475 A
e12f3c6b09bd4b7045cb9a8b9ad2e16628d2c76ef25272db1c052d15b521c85f
1678102425.6971445 A
06e9abfc50efc474c8add7385eda74d343d1df6ce6a10a0c07564efb113f2a1f
1678102427.1632724 A
7e2629e5f71f4986d5d8fbd967b707fc51b9f3102af45d83358ebeaffc4d8ab0
1678102427.569113 B
65f70bb6d11a5f7e8d8c4298818472a53f8e6721cc68e320fcd5322a5f841e6e
1678102427.762034 B
9640a58fae8fb715ee50aae0fd19785eef5c3136b0a8f80df44c946ba838115a
1678102428.0201108 A
8836b670fddf87e7cab01e1cf8d6b64aa21a874038c16c0e67f1cf1ada9471b6
1678102428.976846 A
d50b6b11a33068ddde45f025de51d25023a957853937f3eb63857896fad04229
1678102429.883557 B
57646b5485635ef89814aa16b14dc3bc750ed5efeb95aa5960588a1ded82c1ff
1678102433.1344137 A
154122700b5407c29dd09c05578986a1234ea2131471467135e68a5c6698d524
1678102433.420074 A
78a627723598c124b2a5f7c0b324b1ea46f7db86b3ad8c2e03e4678dfe304233
1678102433.733565 B
cbd0e1c1000497bee461a751b0fcd436ae1df62e8a684129a479d82ebb602e11
1678102434.4528573 A
b3d9d109967d624b3f84d66da75a4402e68c9c21daeae8f49d11b8b6a50cac73
1678102434.8972077 A
3a42cf308aef72d20cf4cc504387724d6799bb47e628dd4e2f016517d91ba3ad
1678102435.1219282 A
f104cb84b1d7367b081d06d4464fafdf99d6aaab067b138c3bb38a7439ca7ad6
1678102435.3857052 A
1c61ebd8e800674a376a0967b244a3038a3eeb9d0a5644b54dedb97aa9c69388
1678102435.8094435 B
def5f5f1e212a9b0abeab12ef46ebfc3bc6f104fafc7c6b311df5f3ba250cb59
1678102435.974943 A
2ee257f7dc84962a51e6ac31a0b83e12611684b73776ccc28d90b8f11ada401f
1678102436.5011003 A
3d8b963e54a1e321a6b4ae49d19984c208af14f3d3ddd8058829632e105232f3
1678102436.9582787 A
2cb81336fa0593b796fceb0fe3bb2c4ea1745512407e9861cf6cb2bf8d2f94a9
1678102438.5670958 B
bcbdfc8b9a90e6e8ec9ede1b2fe0b4fd37ecc379d3c7c542e52c743fb2dedd98
1678102439.297259 A
05e2a9324e89be89d251a81cac622b5071b20d74b81a633044d3898fd364f6e0
1678102439.434589 A
93f2e291d09910da2a3abd10859e054d55b76afd5f3635b6f5713142edaae895
1678102439.6768243 A
350788edfb4535ee607010e347904722976e84df1bb96137efdd49002ff11f38
1678102441.1501095 A
b382b20fa341bfb0591ab293a16d7bb8542f9e27bd5425aaa03bd909e6f3eb53
1678102442.1799948 B
3db61a4908bfa34758e6856a38922373f5d4017636d93fec185c263a7a8e0d22
1678102442.3335922 A
3f82a91e3ad3816e85a10fb195134f2a8a88686fb831c59b219af3dc78087dd2
1678102442.8489497 A
e9a431951e18feca0ac1d64c6e4bfbfe5a10733865bd265a4f6e2bda5433d092
1678102443.941369 B
e8b37ec71a45ec6894c9308a86c741d0dfddb7d3deb44f0ae1d5f93f8d051f16
1678102445.1440558 B
7753b1f30e57305d4966d22feebe62184a1d8b6ff404a048ca611e4758d4468a
1678102445.2918942 A
fcfa7f28a6fe17f8b4587d78a286289c92b081b9da78a26a8656ac8996d08baf
1678102445.704028 A
dd68bce2c9ed22dd1bb0e60d7f23d92ca3b79c524efb92399388c28f75fee91a
1678102446.0624087 A
442aa30ec7dda74ded94ed04050ffdba407a668dbfebfac50bbf5747da6aa5e2
1678102446.5791738 B
eade6da73a88dd8f46ad07d23380dd1add260cc46d196947cea8a6fcca698fd8
1678102447.6306615 B
feb7e310385d0c1a87d60cd644a1fd275005d6c9d4005553331d733a14e5ae37
1678102448.8681693 A
5de0e37b7a64aace5393d360cf6581a5265ef51923863d6edb1d44f9fb46efcd
1678102449.197986 B
26c2c432c34b6f66b46ced76542a35ccf16ea4a81fb4f854bfb6edccf938c167
1678102449.7307525 A
5c1e5f2c2a1bb0725d0e6439cb6394195f9aef0c96493f9799ea776022c6a11d
1678102449.8898463 A
e48354c0c6a9ff442e763f0eccfc917058672d0ed17756d6b7249aaa23f8810b
1678102450.1554253 A
99fc355d7b7b5f720dd04d6e61d5f78f3c84b2bef0f31cb67200760cb5138986
1678102450.1911497 B
1bf0c740e526203ea8360b512190ba72a519ec497e92a79ac8de2c20fd117497
1678102450.3514082 A
b19b79c94339c6736e7743fa47ed11d61b1ebc8ad24e512f862bc223d0786ab9
1678102450.3868678 A
a3f521b9bd6f53a9f6b417365655c31545fc30975478fb3bf06d9e0083fd5528
1678102453.3271117 B
3fdf7547aecece1c40a3af5891f1327cef08a3190efd71a38b076c1d43ced84b
1678102453.3501112 B
f030e5f52f9b09256de9909cbf6f75bd2e15dbf102cfc3c7ed6e42300df6ef95
1678102454.779232 A
68b359ff7369e7b062c4c612848b07c7d81dce2c8e309600b61d353150013ff0
1678102454.8597393 B
9f65b509732dd0020703401dc411584faf1055b141a08c3f4b03adbd7cc65792
1678102455.3191888 B
b92956b22a69898c697de45adafce26037ed1b1b8e606a15387c4ead930ca02a
1678102456.0430324 B
41b8890a6cafa5cb6f49268102742516678bfe9943ec39cef42f2d48d30bce97
1678102456.1935208 B
4f058c507a2e317e10d3e30e5dcb9d8f5c50b7a7eccdefdf0096a73015d2d0bc
1678102457.3560295 B
4b484102b351856841e6501c1d5db2670887b1b2c1b36b258194b76e5998a86a
1678102457.6199021 A
bed931c96e8fb52333352bc1baf90760a1746fc96fb4b2f1367a56dd3a607d39
1678102457.93162 B
79b3711c4ee5b6c23cee642eabaff87d3c71947537ea9da926a67a28ec8c828f
1678102458.285412 A
51be9ee7c8d2e0f285658ab82eb2dab01ed4378439e0a19178160481ead13f53
1678102458.7682884 B
d633c090dc12e0ae5a268739bf73b7c54c94c56ecc42007b8015c396b59939b7
1678102458.9304528 A
ba2afed1da7803d8c43906e4ed5b2d21cacdd75fe1dd5d29cd72221014c43d38
1678102460.1046643 B
d2847dbca7350b3b698775bedf2df4e7470c678da0ff5bc6847917bd3acd47dc
1678102460.195071 B
9515dc27883dea23899b20479522aa839cf1ad4bcf49c61f33bb09f4c33acf06
1678102460.3682048 - A disconected
1678102461.6802664 B
43f8b664fc3ccb2179c2711b766006907a5242092b3eb922fb0839e7a7295a86
1678102466.1099825 - B disconected
