1678101256.1562908 - B connected
1678101256.1570745 - C connected
1678101256.1571465 - A connected
1678101256.1578217 B
78a03096e0b70f193388883e97a7b85a318375778ce58ea927ca3fa530f56e8a
1678101256.1584432 C
c00048326e4075fa865a5d080b051dd597a25cac5082993714fa6cc2e776cbaa
1678101256.1585498 A
e944d0de397f162f29ebd1665167248eb8dc7a633e5424e75e3699e605677462
1678101256.6974883 A
bedcdfd41baf941b540ba7495e3e470676a44f6772d1d26c1b03c36b3c3c5aab
1678101256.7656064 B
cd8eead119df64d63c912e032076e263546e25c438be3b5ba1da0a08362b7bdd
1678101256.8015676 C
0f2863aa4fbe6c63b7c9c13ac1ac0fa7077dc4119f1ff3a523493bbe5190d553
1678101257.996333 A
48abe1f75383dc9529f6ae59caac3b4ab35e17cdd3626053d4aef9d867ba273a
1678101258.0043406 C
184d27b3bd8b665c7aeee9212b1be0233ff5cabc17381e004571af486a083179
1678101258.4973652 A
6d22a7f91002f0eb3b59a6ec1c4ddd11e563acfa1fcddc09ca0109a87aa22fb5
1678101260.1715345 C
791f1817143158c76bac4fa7f3732cf9edebbde4ea1e633e89276b5853ceba39
1678101260.2084353 C
59d50664090768ad998ad762d4b3c3fbaa7b21906d434c86f13de1c23b993951
1678101260.402759 C
369bf23b5434dad8df3db2f0769875de97e24fc7eb0bc31c2723b83ea362c647
1678101261.403648 C
e46bf287f39d63e40382463466b595c35a07382da6cdc8a51dd61bd20089612e
1678101261.4529104 C
b84e8b84ed7900d7a4bc7e000bef61e65c50c55c69ad614f2c0a6e41bcc295a2
1678101261.5353985 C
96d9435f7439363a69de0db4f0e59193e0cf01ebaefafe2deff16da64756d158
1678101261.6808019 C
31ea12f4d1921348596708b861e2a3d71a889a191b3fc08673418d4dd06eec5d
1678101261.9164867 B
ef946dedb69f88d3d85c7371fed1c125337435f8481d67de4c6c9ce8c0a86bab
1678101263.3983004 A
caff746dca814652364af89e55b98b20c16916880ee416064a2d57866ab670c5
1678101263.4859648 C
59925b8f444654075b1dd5e9dbb2f1d9dff9fdaaa7412bf228d6277fac678fbc
1678101263.5045314 C
abc35f4b67c5b1953ffa284d8ef2af3795f40c51cf47d63bb680e18e2ef9cc76
1678101263.9925675 B
ddef0f1919499c6d9c5353af61528a28e12b6188b9871223ddca79dff5189643
1678101264.0413563 C
1b397163cc42bf147fcc02b286e183dd312059c83447dda9cc46f7b75d6873af
1678101264.2651157 B
4b60351a223ff72d16d44c88d57cb5b9f7cf2965bc34f5c483cbb009eeb4dfbc
1678101264.722868 B
56ad038f4bd6adbe440972a16744211908d452606abefcf4dcbe5d9a27295db8
1678101264.803475 C
a715ad36fac376c381a7d7360f1cf7943bace8f800430c20411f332a3a73b01f
1678101264.9822679 B
0663f39974bfddf8177633ef00221dd85d03a8418f3a06052ceaba7df378c11b
1678101265.569415 C
f44098fa326c22671ef4e21ac3af39d5241d4b68cdc2c53b40d66cec4854364b
1678101265.746762 A
56c599362b8ccdd7faae76f5cf688fd085aa000f8fa6cdcae970a3ccfc907f07
1678101265.746705 C
ba9f7595f8fd800e3a7a86e16ae9db76f95c5c787cd8f6cf487f03a9dae95db9
1678101265.865847 C
140d6cf988626313c9939b0c9abeee1c1fc986645517a83e6f1871d7a5f05469
1678101266.7109046 C
9fc0a5b2e8a3959a7fd5ee528beac93ce31a76033e5084c42817836ae45573f2
1678101266.791767 C
6c175a2ce5af96c249c20283bdb2eff6d7fb97060313071c850eef1184992896
1678101266.9371846 B
9b2e17e08f71d6b806e5bc046ae1e623caccbaf644325fcf69f691bf3c1f38ba
1678101267.10351 B
dcf79f2b796211fe1f83a9ebce652e0fa18bd50d8df5deb12517f9ed9b604a88
1678101267.3184206 B
e667d0134be6ca0935581f3965e17b5719bef0e349c571c09fbe20d7de05fa7d
1678101267.7897515 C
51b808b4fe723baeb418381435b6b6264ae5a3cd8a145ef949b74c018c0a5564
1678101268.2132504 C
69910cdc8324cf672bb349dd7465f5d61646ab29aeb61d3e3051985dc5803312
1678101268.689455 B
2a7b76ae74ca081e16c4720871c699bcdf9ea5b626d6a07516fd986338e80844
1678101268.7417028 C
cf6c3a14bc9a451ded52c87656308c3346b384dfb535b9eca15ec3c6b5df33c9
1678101268.777558 C
babbab51edde0e885110adaa9dca345551e426d99125e99e7905e9ca8bf27489
1678101269.1443007 C
f378041d3b1fd879e6803b57d194f9f3f58509c6c918e0ea1c14535b502408fa
1678101269.2570648 C
437c4942c6501f6e8cc7b5ca1871b3694a8baaef10c360bdaad23ee87c111cfd
1678101269.3145928 B
8016e3351d11baaf88fa1cab27c3dd46aa4b9ea21adbe260c14369c27faa85a2
1678101269.539022 A
e1cf49f33b686a11704247a2ecc360a9e0289e2f5eb5a98eebfe711d453160fc
1678101269.654074 C
76260cbd50b5737fcdb6de33f4179d62a3908bda482e5ff2ecfb4de27493231a
1678101269.67071 C
eff1040a0385ebdfba4505eb817752105d01b2d57c362b9affbc17aecf9d14a4
1678101269.9007716 C
3f3d8092ce1c35c998fb1539c273f076b5cd8850cb8a391c49a451b75fc55082
1678101270.2018619 C
5c2031f0a15dee5357841e2802a337a878cf0303429a945bfa9b07ce8f393e97
1678101270.5673916 B
0679b72971aca19254882328ca2fa81de221b50124c41bd4c210fc207e94086b
1678101271.0319815 C
e3397e9e1c4ed1b8f9472a3e9e8f7bf03810f6d3aa2c8451c1e3f5d209d0c976
1678101271.8582435 B
08597b51e358c6021f83a64f65bf38e49b86cd32599a39d9cfac850ae025ebcb
1678101271.897632 C
b38e02a603261e14677238c684373a5f21019d8081828ab777b5025609d5a2d9
1678101271.9320645 C
007154614511b78a3b0c1b50cf50135479a22dfcb8c7cbe7c796a3671b755b89
1678101272.3786743 B
773b92c10e2ddede8790830b0e0c739339b73daa7fa04f01b21cc33ae28da370
1678101273.253241 B
ce1042e448fded10fe4c3b9b1367825244fd2a3b35303d08435b8bb1eeb94aa6
1678101273.6480727 C
360d50879e965fd9441526246a2006b89256b207d57a4a542d230290fd1b58c9
1678101273.9641602 C
091123d466798e04c77cffbaf239df80a925363641c97a9de73024f1e91589d1
1678101274.4527059 B
25d71a0c0e7284936aad86c3b237dc143b07d70c5ca33d81fec9cd83af4028eb
1678101274.4494867 C
efa638c130c8aa217410beb5e8f725f9b5532ca92d554768ca05201363cd2591
1678101274.607988 A
26c1d3b2a51c3717917774c8a467b8d2883f1d57f680f7abe5d5ff2c21d18c65
1678101274.7289975 C
c0c0a056ffb96af49d93b8abd6cfa1cca9cbf59bfee184d21756c930da868dfe
1678101274.8725657 A
90c60735c0a188c8bef37ae58aa22cb3d02a734d07e9b50ebd1de14a4a2fda5e
1678101274.8929996 A
8c68ac711f2fe5a802426ed1201aa688bb36e79b48fd061d6a8e7d1b9d2a4117
1678101275.8943906 B
f9140ee1ccaccffe399482a3597b2b7abcb962829c81c2c3499227d62de5052c
1678101276.3545825 B
d441b2ee592742f27a76f47ffc5b6c1d9e1a5a281c40e904c8b2c4d656c21501
1678101276.3782146 C
3cd50cbd05b0a16af8ce0da95b1321bffdff116a77071afeffd22d23c6347d43
1678101277.139557 C
b014a2a4057b1c7aef2ed21bb3b6a67ab8847fd470d551ca56274344adc74c3e
1678101278.1762798 C
e3bfc214c6bce00c1ba4e26ad99687e0d99542d0f16d6632157c97aac2e053c3
1678101278.6141808 B
7395805382e737fc1a0801d0bcd5d7f0fbd0df78d8bc8da32e080a3097f4efae
1678101278.8884516 B
99ad2ae2cd148c5e73ee18e84dd48bc2748d6f609b0c324c770b43a22d9c4cc2
1678101279.4409986 C
19bcecc29d7f47ad1939bc456ce73981eda708b0ed3c8bdef0684e1602523882
1678101279.4906178 C
0bcefea74865086f7950c5e9716da4a0a2232eb83f3b696f2238c5f27eb18d3a
1678101279.7056172 B
de4bc0c6f4b964677ea8245d3dbcccb177ddf83402d5ccc9a61b43faa77f0d73
1678101279.821977 C
e47a101312fe88705c667c5799fb5d63d8abbc0cbe6fe9d1a38cc0a52c063399
1678101280.0583837 C
51150080e224e46100e7d775ac9da786fb2f26e74c291054dadccaa6b2bc0e3d
1678101280.1491551 C
6563c7e0fa341301fa20f6c988339f8fb85121015bbed0712dc36207469ae9f8
1678101280.840334 A
fd18c307d92fcaf22ae11292381f2bef90dd0e3c95535aae4400fb81a7753e66
1678101282.9724972 C
b85538f14cf4ab5ec89b711535bf1280730a5df363d47464bd42130a1fedbfe5
1678101283.1159291 C
ce5b31efd0a33d731b8c1d77fde580fa2df7492996d2370c50666bf6c6e4d9a9
1678101283.7276995 C
e6228da5a0a341d98ded876897c920d7da92780aaf0e5fd2e1342a25fe5863df
1678101284.4102733 A
8f80619e19e3d8958e1286c671b5c7366e43107eb96748f2666938f60faf61df
1678101284.4892106 C
b44c068c9884fa05812ec6e06615299085830975f9d939afec420e725480ac4d
1678101284.8811467 A
6ddb5110af32e5e9e5ee7ea52bea72547175dfd3bcb30316e9dc122830b102ad
1678101284.9132752 C
258faec1a0484ddbbf2ec4228d2adf63f12de8b3ab95a0afcf0c05a80ede415c
1678101285.068999 B
b432bdc7a79d6e1319bdd2d757b42268851a37a726f0b2e114545dd87e79255a
1678101286.085582 C
9693aae5e4a86de78bbf161e6a77272e70a221be6bf0ab8455d80a8320cd1aca
1678101286.686104 C
f3d6105cac195ba4c8eb9f2b8934310cb724abf4bf0492b220905fe41d206365
1678101286.7565103 B
31823ea8c349c23073f435cc9ad73e083c1b938b9e444c31112f4a27026b1c62
1678101286.7587461 C
c6928510da91a323acd3fff0832e0afa6f92d4d34f9cf03ea90969fe0da04be0
1678101286.999539 A
c83d01bf2a1bc6e6e15b923526350bf348f698dc4752434dae2fbdd489798144
1678101287.364922 A
cd7e460bc4ea21f9f20a5712f1b897faf6c46524756c8f13a8c257cd02009894
1678101288.6680856 B
e6ac94d53708daba88fb8a16f2375f0440d0cce7e81eecd1da3f977fb3ea234d
1678101288.8206666 C
1b939adbc593f16e45ea9416ec51b0a49da92209ec68062bdd296358d21b3ede
1678101289.332514 C
795bdfbc67c7187edf62e27449eb5291b89276294d7b77415e7425e5d5afd487
1678101289.6849167 C
86946951dd111fea25c2a16d992e7de8335a41cbbd19ac3d72b5118332892134
1678101289.700059 B
fe9bb8b04a3fffbadb60264f9f345fe5a1ec8fce8fab79d8935083acdc0a3f50
1678101290.1196496 B
9734d1f51b0bd981e675c5c48a7095f589e74e20a54c1bedae61c40df6d47df8
1678101291.3137956 A
befe1752b4de32aeb95a0a5a397d07ed2d2c2c4e4bb2f2db8fcfb83b69392cc0
1678101291.3635237 C
043d640cf3f9d80a4ba5d5ea8fda82f27034279199fd8b20ac9f7b93c070f09c
1678101291.8921869 C
b569ce827533075ed1867ae813d880918d7dc882738d02851570175d05df827b
1678101292.2966912 B
28c2aa51b5e8ca8ee274537a176e671ebfee1a0522b8c319a0eff5ba67a1b85c
1678101292.304815 B
809fc3e7b6a81f1f5c98708a9ac4ad43ceae5bf8998c759b25d678dc4b23d7e1
1678101292.6480138 C
d79d91cfa107bd262eecd9444d691a1da949cdacf3d477f2f96b033d7d9d42fc
1678101292.8510063 C
7ce534282325cbe0a27d1293457ed40aa035a7d0e1cc5c93063066669952bf58
1678101292.8727334 C
25371345748c53e294908857825e2f274aebebec414049205a3c3acc88e36226
1678101292.9279883 C
9578f22255779f2082f0194a4503f0437c1d795706bb8a9f48cb0c0f776ab3c1
1678101294.0599117 B
4d3245c4399b60666cbaf61b29db2267c3097ed8e78a68248bfecd81f7ebd801
1678101294.2940366 B
d1c4c9c59aa7699b6625849276c2d0a28677c435fcd0c90ab1c0d4475422bf85
1678101294.4084582 C
8ec6130959c5dd86d33d45616c1cf4ceb869a4b044d3bb77014bda112a498dfb
1678101294.4168713 C
aebc6bd97533b9f05a1cb82f36ff1756f70a759dc9c691e27f6d0b8e6fa0f9d2
1678101294.4462678 C
75968421ce29877a7e5a998c8e23fec31b88486684e7061c827266d1af45ce9f
1678101294.5576735 C
85d1235ba04a562379d62270070f15d412bf4f05090e6712e6146d7a83d61686
1678101294.626993 B
dbfabdfe60b2d9a92d72c28ac9e7abf45c74ef9c04348ada91afcfd752bc8ecd
1678101294.689562 C
795e2cb5c93514f09222a3e455b2d3044e6618143cbb664c36cd0d45028d566a
1678101294.8759892 C
d2fd1c30e5d3d8c9e125aaadf4bc33e9ea318747a253c1e7c1f50e4d36bc834c
1678101294.9539258 A
3968971a695f9006e87ae764a6236ce7afcdd58a0c6d98da53cfbec11c0ef76c
1678101295.1170645 C
a740ac26e69b51386d0a6e23775255a6b54fec8dfde9c05683d7c1f26a0e01ee
1678101295.8627684 A
afb6d950f13938d7c3e31c91386cdbbe65c63123d0b299ba462bbf7c946293f4
1678101296.2033224 C
7dd05ee580fc5142a30221ef22d89f5e55512c24a49e10c9f8e257cf51795864
1678101296.3718147 C
e933b8c1fc342c15edf6902829d4ff5bf042d0b71458a35d0d88963ac5dcd846
1678101296.5225089 B
2bec04ec4f5e469426a0d2064fa0b8c6ee7d172c18b60793adb1e88f48b2406e
1678101296.6624775 C
59cb84fbe2d4c6e27ae89b4f3fc16f9198b2cf8ac0301bc17c2c49b0af19d9ed
1678101296.6828985 C
14528a58913f77ac7cf0f8c29a7c2f9941a864a1623b5bba97245f293c63781a
1678101296.9213443 A
9b9a1c80e2149d5f7b8fb191e6c46a8b47281f48638b9f8918c3842ddf62aa5b
1678101296.9684699 C
1e049e216b89757e350bee12538a93cbc57843ea72c61fcc82d97cd4ad76355b
1678101297.0164294 C
f700d3d0b19d7144cea23181114f4499198cbc2ebdeef19e25bae86c0dada669
1678101297.0494454 C
a3bf57ebfacb5eeab30a89775aea11e8be893f52d3d2baba03acbdbf71b675ac
1678101297.339675 B
0908c9c2dddb91aa955ac18f478fa520368d1b88584a5ba5a1cec697ca8dac38
1678101297.8193314 C
bb65b214fe06c5cb5799b98a3f28e967ab019eeb7b517d735b0e97984fb80dee
1678101297.8513267 C
65b730881f5ef4076fdd18cf328cbf7926bb4ef2a59166c7255783a9ca2892ff
1678101298.0540447 B
f4644defa47930ad1cf5294f42261655720f9e6f6e9f11eaab33c0cbe87ed9ae
1678101298.3531 C
1be0ad4c2494aba9a2842519a969012033ee7a3411010559db2eb3c353cf19b0
1678101298.3904338 C
c3214b88a1ec6cc385738e0e8a23002c8fff7b482bd90869c11a01d02f628475
1678101298.8083045 A
4496bdf6e1e6472067f4beef1f58795211415aba74c9036b4ad3de200aadd4f9
1678101299.039722 C
6fa98754f9e091db50b9551a9aa142e627ab57d4613cf59eae104267a7368e50
1678101299.3913617 C
f19e8db8db28786e29fb855d7af9ab27bd8d40c76ff96098e3a26266ceb7f3ed
1678101299.596437 B
6fd169d531056b38d22965f8e2987017421bab3c7d96bd5521a97d33b04c1e84
1678101300.9332635 C
9907fc5ad540b24c4843160d311de5ce1fe7d5a619cdeeb2f0d1c3c3569fb963
1678101301.25354 C
2a560ea6ad2b388ae52a052b0715cd3f8c77e5c6df80f8eeadbe331057f78e7d
1678101301.276202 C
5b65318fc2d78d3aa6c3d6b8cbd4137387c87ff012ce25a569ca95503b9c1599
1678101301.474382 B
3a8ee0dd6d06b457d510784cbd8e4a9f04eb45732e935fc906abce8203dc4d8a
1678101301.569497 A
7dbc2ba5453b79903e52f2b698479b49a24a8bb69367b23f1121781c37c42554
1678101302.1515749 C
1ba16e64ad6b98299d52d17fd2df5b6a2828e3fe0420e3405fbce5a36e1a9f4d
1678101302.5897534 B
f8134ea38bc8a7be2904a6ae86a63671ccf17503c9ddf5dca41d5ab7991b87ac
1678101302.8066285 C
9780cccbef141dac749a5620ce2a72e06e8f74683e0204881b4c14432c307ffe
1678101303.5065224 C
1f2771351b72f39e5bb5026d0d1a67e04ea8753ce2faf3b481b950f50d064e04
1678101303.8262591 A
7c4fddaf10872265fa80b69df2fda0d5b5b1ac6a75b2206237bc90447a9c8b5e
1678101303.8419745 C
2e591f0d97c9e0ae40326ca4c3607e331c067688ad92e18e82b84b5684f0672a
1678101303.8608112 C
467729a040e3509db890d11cb4c18c82f879c2ee9ec47eeb9eb76481d3c1e05c
1678101304.1706526 C
72bd22b346e210a2e1ffcd99ce912d8e21404d28efd36330a83906d8c2a91d08
1678101304.2258153 C
6ceb4dafed78e5420552f77f5954018ebb1d836bfae7e4c7ac832b5f95fac29f
1678101304.2525184 C
09d6dd6cd333c4492e52400b07c662413b37d8ac23ff483550b3ce2f12ef2184
1678101305.0212142 C
8c29cfb61653ed3329a3f0253e046e095c07aa2cbcce7d95926063d1083e7497
1678101305.4025865 C
3ee8f18571cab0390309b0eeeff17183c6f44e45fa293b813c00b67ef98c28b2
1678101305.595464 B
686b6b6d4c73eadc9ebaba365c08af582216438a03a2b79291f1fe9d61e65798
1678101306.058109 C
1685c01aebccd851c70e93ab49ac2800faf1a84f7a260ceb9706517d587442d3
1678101306.1695788 C
7a430bc4bf8e061676b4ba9c14e61585f4cd059072a259625413a4204e12db28
1678101306.4964132 B
0bc923f11e95deb7a425d9372a78126cb566a8c813fbc6b876f290f3a40a7d40
1678101306.851997 A
f59fb2a9a29470373883a04199681523e78c965126149e4de681d1fe0675b8a2
1678101307.1785219 C
e3bda17627e0c9b7cd9dd39e84d78d2f98718c41f4c6b4e1142e0c4d09775e8b
1678101307.2337234 C
c26cde8e9d4372079d61df53e5d9fedd30296981bf693e29d611a2001f9c891e
1678101307.740541 A
d2562c4526d3cfaa7508b11a0d24b2b21a4ced8063b9df84ed23e7c23969442e
1678101308.1547816 C
67231075f852d2c39f8c58da3c152210c87dcefdd1c3184f6488ca71e4dd33bd
1678101308.1899033 B
76f98fe2ccddecca4300d47328b6e3b128dc93e0f60fe3754d4f734283996b44
1678101308.2667902 C
eae6de0040e8a9a70cd76c7c8434ee63791641081e926e9bb35831053cdb33a3
1678101308.5031521 - C disconected
1678101308.7161114 B
eb2f3a85107c559aed51d18698442bc61bc6282723a8331f3589928790cda693
1678101309.6781209 A
09ede57bf34c8d581a4c2ed779f3c46431e4bc24c493174f41d1d57ad06aa144
1678101309.761834 A
fd2e95eff5694f67e8e965b7d0d1b6efde1ee8fd4d328ac658ae4b31ae678518
1678101309.8817582 B
136b88abb3f48d6078ae8e0a80d0b38a8ad0d7642f9e024e93edfd8627f7b49a
1678101309.9068794 A
72b2679859d3a14a221df2a483d6076306e9cd3d594749f7beef92d744fc5e6c
1678101311.1450062 B
4ed82aabe67f442c76209941dd18606025608053b51c9a730b715a67bebc2c58
1678101311.164596 B
1b862f5dad767e0e305e17a508d7ae4ee9724909b95622608b71c3587cdae8e5
1678101312.2421775 A
44cd1041c91daff1adbab20611c76c12b135395a9ba75ced41c9f2b54516dedc
1678101312.4333644 B
9524fb1b53de6c8c78ef547ab876771f42e025d0f90d7713b915d138788ea716
1678101312.5423868 B
32d7a651d555fa418e62d5412798e048d9f633b8b9c1556a5e7deef479411f8a
1678101313.1957643 B
307d33688a00e2fcfd5e3ac56632f10d4e9fdf7a84d2475d9923a8e9b8ab5156
1678101313.4457645 A
7c7f4ce577b864bd1a8dbd7595aa428881d8d3191e52f97103cd24fe1766e470
1678101314.3421822 A
9c91023c731a7199cbf7d861c6cde7e53a4cd8bf4ef0d76b31f9b36ab08c979f
1678101314.8158498 B
a2d740fa82151602ef12dba1524294396316d9047e9747ed04d6669a22d7c3fc
1678101314.8439968 A
1e937e16f74278982b527c366601c99c9a22beb75ada1b8e9e811e947a75cfac
1678101314.9184437 B
f975b7445a6cb952fb3dca93fba6ef2407c71f160870107bcdcc82247605b8e5
1678101316.0128937 B
c7bddb2874477ab76e26674d3223422b73444a5c3098e67664d178d3bbd35da7
1678101316.63909 B
2acb848dfe710aa5fd6c502a50aea2a04bda851c55fb1f9a1e0bb299a10549e1
1678101316.8779871 B
67749275192bc38c7fc83be32197b14fed4de72b51398ee95ec421a4cd38aa68
1678101316.907968 A
3729e083e68bdf8e51c884a714cac1f2ec94b419d827dc7da725fe22bf5df5c2
1678101316.9270465 A
1bee7549430abd862ee756891604b3b3925e43bf15f42bcdad0e14f85895e53c
1678101317.0379019 B
fd08c3d8e125b21f58515d3f27ff1ad0beaa58686bcb94bfbf0f48f36bbdc12b
1678101317.9260616 B
3f9464f3f88a76be4783bdef4c496741ce8ec7e6312e7270bc282137661561b5
1678101318.043692 A
aa071e132bc8a1fcefbd1c8d4125d9163b454201046bc840c93f837dd5ce9468
1678101318.7613175 B
c011217cc6ee0dd8083b4042491f897a7ad60c23f89fa496b3bce832063f1bbe
1678101319.1011374 B
910eeea0aa38242071292c756f01eefbdc3433eb4c8876750a9615f3507354ee
1678101319.4156904 B
5cdab417f317f4c08c59e7f0c34c8bdb023c5f890f1a1b680cd6b6d338f9296f
1678101319.4232621 A
1a980e23e063d15305f59fe65b40ea4401fe4cb47a5e18d7b41704788755efa1
1678101320.2983885 B
b641dbfd525e1f23abf450ea9755e95373c70f0d06a9814a3018a5c5b0460700
1678101321.2585769 B
e9a07682e527ad85fc25f63c79e56255d511b93564af907d08fa2ede97ec28b8
1678101321.6890163 A
ffccbb8c2c15481687ab06c14d6c00f83ddcfd178e89841a79b3d337a72e3966
1678101325.7856455 A
ac5e91db30a3bc78c36a2b3e3ad9e7ec1bc032c3edb8a56284cfb52e037ca3f3
1678101326.532494 A
7e316f629786fa39fc4129900006b4277e52b30934ffe0607f331bea5e067178
1678101326.9414365 B
0768dc8c0474319025648385f23e6e5c015bf8e01d8f2b65991ab38a4106d33b
1678101327.3629568 A
d32da3b05149aa3fbf532a47d6c519d587985ddf71d7a17cbcdc5608de59b972
1678101328.1661394 B
2d06a8ab4fb58a919d284846fce987a8306cc20ad6db5db9d3e09370f9c229d7
1678101328.4268346 A
3084ad3251106c10ff94050ae5b0c22541ba1e99a7d20c5ea52e4c457da748ab
1678101328.4516633 A
c00b054601d937d8705c4b4cf85988c3b5dcd66172cc8cee9e8fec3baca19718
1678101328.8370066 B
68f3657b8939a9b3929968933a3a00f23e7a591243e47d49b2c9dd3131293dce
1678101328.8327436 A
4858fc565a4544f832334adeae3cf263c2bd399b49d2bc256e81463ce3de2ea3
1678101329.0182843 B
64e2582a3bac8bb95d89f100654ea3dcda2837a146e5846cef5ff6a84beb818f
1678101331.0402913 A
56272a6700f7e7723586dfc6faaed1ffd1b66e635f3b4a275be91c149825b725
1678101331.4221852 B
a6d2a90532f581ebd9d25af6b25104d057b9487e134f4006e10a87c792f5377a
1678101332.3669944 B
5875f719ed63eca41bc29c7bd09373da6a10c92b4fee8a690f8b57ad0673d61c
1678101332.389148 B
ba088c1114cc65cccfef948b5884afc957d949d720f965646cb071a59b0b1f33
1678101332.8093538 B
b1102fac323c63ea711a3fa7cf3245b4cd6e9503298760acf32faf880dc1befe
1678101333.2722073 B
a4e949e922faf5faa43026c53cee06fcec44425899d7689cad816718e882eaca
1678101333.732744 A
ba3f7a2d146af885e840b24f3d76101ed7c2ecc86d498e1237ff4e99c74a9cab
1678101334.509582 A
c5cdb22752a3b5d27b4b63d1d69a4267928a14f4b5e587cae7d2cde01c08452f
1678101334.7367947 B
df5f4347f44f70a7bd98b1caa0bc18a354140f9a575d1e06331bb863943bf69e
1678101334.756491 B
76b41bec8e552020149f99a77bf0c292503724e6b11c9be9a16016c8d2354c1f
1678101335.0127692 B
34704f3585c815bfe04365948ee5bab310d6b8deb0eda0d6b37ac53a4b91c62e
1678101335.2791822 B
2cc5f2d1bba5c53027c37d03a8f3bf691167991212b21a635c2f338c1cc0f6b9
1678101336.1887624 B
aabef34fbb15d80fd3fb42245d7dbe73753b13cdc2c34592c78ea7340794b66d
1678101336.3178034 B
fe8f05bd8d22243c84040a3a7057ff9fc66d445286bf9652c568f58641c84610
1678101336.3222556 B
dca183526f5a07636a116bcfea6cc7324072c0cb975eeaa36961fb511259423a
1678101336.3717396 B
c06e0b0440cc7f2745fd0ea85240948eb3e3854ae565a7133b6242bfa194f163
1678101336.9032795 A
e3de17a6312b8be21d13d8fe0ee2606a6fb7eb9b7da45ea2e7eb201c381cdaae
1678101337.9057732 B
3859744d7f060b4bff148385b5bf9e9c6c83c930d98726abfd9d81fc14a24c04
1678101339.591998 B
758fb0cebe9bf8f3b26cbb3877b0752e6300f316ba6d01dc83ea8aa93316988f
1678101339.906409 A
a00b7fa7712a56530591c8864dfc88231324c704d8dbd659b6d17e1e5f34402a
1678101340.8182077 A
ca720fbee27077f350445145587172a9a059514724e45ffaac3bf511fbce907e
1678101342.813401 B
9b4ab9a3c5d7f8f756df02710d4a6d47e098772862db2adc6d73cecee433839e
1678101342.830658 B
6942e8ccfa7f615b8c2e1262283915c0c9f64c7369b87eaa41ad7c79d0457a22
1678101343.8142288 B
9378cf6f93e84e082960faa0c998a591f0343485d90e44a5a49a692f68418976
1678101344.3985617 B
985352301c6ccf958277eafec0a546e3844f9e5f0e6890596f41a8d20723120a
1678101345.690724 B
fe6d304036caad4c40fa09d61513c86fe43df581ce40536b79043aff3e1a7d53
1678101346.0627356 A
cc8dc2a8ea539ca8f463edd763266f93a3afb3b850d501f57e098c440217b091
1678101346.366396 B
d48064e55c537ee3583734d153b320e856b2251b7ad84f32a85df1a0c79b7763
1678101346.6690254 B
a9cb779721ae31f77a82e8a78e501d3c03d56b026f827d4fcebdcb6ff7837de2
1678101347.017597 A
788ecc9c6958b623e6b2f6fd0c43ff0a1538dbfae16a94c63226131e2f66f409
1678101347.8117912 B
8476d163337b232563b4c891637b9184f8004d5e501d3c592ec6bbeb913b1e32
1678101347.8422558 B
61da9fc5df4147a5a2b354c16fc0b3fbd868cf2d0c7a32e3c71e7eb2bcc7cfd7
1678101349.8003914 B
2f078d863bb37400da7b1e254de298e6088f5750412f54a42be6dc0c4b637d2a
1678101351.133319 B
fff130f56a6be26b0f0a88a6e6401ca1671073bcfd76d7213b09ab37beb8fa00
1678101352.104398 B
433972d4b348b630e9201f50dcc8b4c1b3705b86e06313d39a68305a6ebf47ab
1678101352.4642088 A
7490be27493e4364fee70e54fe06ad30353826705cc3b087e451b356261a06f2
1678101353.0450804 A
a93a57d63e6643f42f2fd40f12d368e5895a609fb14899effaa1793aa587a2a7
1678101354.8758337 B
80c134871b7b57f7fd6c39c7a9a9a55591a6f73e7effb97be1f6c9f3630ced1e
1678101355.1442208 B
735aad7ac95b65668ab9b7a94025aea15beeb51b2995831f65547a7ef950c774
1678101355.261508 A
cf9cc78377eb721e81eac0ab5ed0608689149f46332b11099e8e9c0651479ccc
1678101355.3278234 B
76a963fde34344744c489c0f4f9ce5cdac047d80a1be54f7caf526f034420b86
1678101355.5609252 B
0bc669527b5a61a2a908a4eeb50bebdd1112f2318185a5a399ec3bd26b988a7c
1678101356.039063 A
5f7baf94978812728246483b182f32b296ae12e7ea5db5bfabdcba9b9da93052
1678101356.109235 B
7ce28397efcbbf389e81eca046fda9ef339806b9f0a599388c43df676127a46b
1678101356.562879 B
e4d8bb3fcb1ba7a4a80f1abad381293518fabf994630a0e84af207042f1d351d
1678101358.3135135 B
19fc27be50b67cee4a950a5173c62ba28ba5a48ed8770c3530d526b5ae2b73f4
1678101358.434631 B
14403f7f4dc44d665115a4fd4138ca4f78b9dae97694deca5b49e6ef71f32157
1678101358.9009883 B
017852efcb55e5157c29533352772d61de00c14a006fa37b397f1076d67528ed
1678101359.3496206 - B disconected
1678101360.009013 A
98454394ba29667c7b935f7dbb680aaa94caf3c4a8a1c614086f5f50e6b184e7
1678101363.084298 A
71c345eebc6250eacbc421ff7a55ffffb970fa949e30bb69e8a033c3d15a5911
1678101368.522381 A
07d8384bf7d3153aef94198623f77cd534e5b4afe4c4f0f5cf843c98c62d5a9e
1678101370.7196357 A
6d3621c6a28d59a63918283dabf2d7fdef3143efca0445f551eba8b025afc6b3
1678101371.6984017 A
ad4fc6961b41671901a058a67b691f4920184afd7a59602ea5c45967eee5e8f8
1678101371.8442597 A
d4d57894e5afb9c9755500a12c0e3a10e63ab5b2417fd13abba79a68cfe94464
1678101374.1332178 A
5684b0a2d928a3569d81741655691480ca55e90908aec9421d100d4c2413bad1
1678101374.3997622 A
f3a364ca79d9fed5e603e4fa82482998fcd6bf01538e83aa05b59f6d9a7cf51d
1678101375.6249037 A
644ca5610f8d56683b4d6d9f15ac90b42cab3afc887651b9c7b45f4e001878e2
1678101381.93322 A
c46ea8fcca670b13073c62c18e23c76422e1eb749a06a84e7dd7a746e56965c4
1678101384.6781044 A
e957af572bdde3450facfe72e2862a6079f913adb370c0fb2970bb60c683ca5f
1678101385.6853783 A
d2a487aa06a106b7f8e3b578ac6ce3291b6d885e69ef7f4473646b4d4c3efdfb
1678101385.8523202 A
e9d0488b33fa67cf58b1ba030074bb6e2b90d059b4fd3f45c4b715fd1cf8a326
1678101387.8340235 A
23fda140b3a7968245bb4cb94d430131c7e128e459caae039e65fbb15b318360
1678101389.2332306 A
c5de49f9d84099b36cf576477d0af69aa0a55bcd5d0f89c1b297ec801d0932a1
1678101391.3394675 A
8b5c4b61924d0634ada25e230d87008f356274310456a6923bc694ad3cd049cd
1678101392.426608 A
944896e8779833fb708817844fad0419c81cb9df1a95daff5413c8967b6c24d4
1678101394.4135923 A
a88798dd6281069159e49b07e73198e6db31e5db8a64a25b9ed7c344c7ac7a0a
1678101396.661055 A
d20be3fea41f5540e79a7387947a31415e30212cee8182e43799f15b19b5909f
1678101397.1525826 A
60486e36c61c590c69a46bd36eb35264baa619a7141a9c5667e1629fc5ef9047
1678101398.6219578 A
2989862873b2c34f3d2c045245425379cd7a64930b7ede818f5152ba4e26031b
1678101398.6814134 A
51f41c2e6cb7a6cc3aeb46f49e69441924c23b079755a6f8143dda5469d324e1
1678101399.2026017 A
fa93264b07c4265e2420dbc15ffd497935cfee61062f8d0d0eecd8567fc4459c
1678101406.6043644 A
9ce4a7293d1761d80d4840d97153b66ad4488240761edfe94288c59571587cef
1678101408.7557428 A
6a5e1a33b7725bc833473447275ee3869f7e661ba6b5a7dc6d040b744fb6953a
1678101409.776542 A
4c057c742af62052ee4dcbab8711bf78a89b59aed07d33c76eac895150ab9aa8
1678101414.1017914 A
957a16daba02e83101cd8eb12bbe3e2a72007fd18fdcf542407915e9222dae25
1678101415.897542 A
f020c88aa7cdd4d83672a1b065f6cdd02d12f5ba61d69a258059dd8615d75261
1678101416.1497047 A
3d15db88b1b97a7429657889833dffcdeddb9db6e02e9d5e4da2b783da0ed688
1678101417.3729181 A
2aca86c4008311ccb08bdfeab5af77afe08aca71742ab4592c35d8991d451f82
1678101418.1430378 A
31628dcdcad93c8892a6c99b14bcd82057a5dad424f8b49e1e21f23c9cb37908
1678101419.3259375 A
f9681f1f87b29cf5a13058f7a50513e9120f410117e8de253d68de87a7ed1b08
1678101419.668132 A
5c9a0cce609125f1dced5c934d4fcc44117397d51ec1147a0a64606ece9838f9
1678101421.0414028 A
7e39fc5077a5b6a68a0fc099e86a4e84946391d2a89af032a2fd44cc8c98d088
1678101423.4219267 A
394b0bb42c0728d5c9c677adc4bd0701596be83a4fa87d6f7c9020dd5fea1f01
1678101423.631699 A
056a60150776fde5ad020e9ef39973877e57a955384eeaae16de69ada0bf335a
1678101424.9878664 A
3508646872492c1c6f6a28699cc839a1fba8c0185020e3b2b44d7c391a0d6630
1678101425.7964466 A
9dd31bc9d348c1b4fb0678ca731e63ae04e8109dbcb6393e3138b01726220ee9
1678101427.1218693 A
3428594846eda746f15c020898444a7244d33d0e3ebb865f4944dc0f03a26f0a
1678101429.733993 A
263bbb6ae4b1d345bb7db92796dae62ff28c3c0893700133bfcdc14f4bd8aa1e
1678101430.4367063 A
a29379dd8881e2508b2ceeb3398dad315f4d43644089e18ce50cf020b77312be
1678101433.3873208 A
24e77955cb17e9e6ddd8110017d52ba6408d095103971d4e482ec5d2f5513198
1678101435.4142082 A
f3c456a17f26c47b0579804f5ad2da9256fd07c01c398d1641a730d529e7992a
1678101435.4610488 A
81ee6c28aca501a9e364f69d3aac748a8d6eb2bafa879ed553c2bce5e1f74677
1678101436.4053502 A
02bbabc5809f3d41933a819f9e4148ae6342f44eeb1571c3d95262399f2dfef9
1678101440.0706499 A
e32a7f19820c097fa12bee519b2110973902d1e9388377e018ade2a41b9b150a
1678101444.7593687 - A disconected
