2 1,start_time,1681478715.5691924
3 1,start_time,1681478715.5691957
2 2,start_time,1681478715.5697815
1 1,start_time,1681478715.5844672
1 2,start_time,1681478715.5851026
1 3,start_time,1681478715.58557
2 1,node3_end_time,1681478715.6295178
2 1,node2_end_time,1681478715.6334217
2 1,node1_end_time,1681478715.6362174
3 1,node3_end_time,1681478715.6367447
3 1,node2_end_time,1681478715.638154
2 2,node3_end_time,1681478715.6396785
3 1,node1_end_time,1681478715.6397696
1 1,node3_end_time,1681478715.6401737
2 2,node2_end_time,1681478715.6401925
2 2,node1_end_time,1681478715.6402907
1 1,node2_end_time,1681478715.6407127
1 2,node3_end_time,1681478715.6409202
1 1,node1_end_time,1681478715.6411352
1 3,node3_end_time,1681478715.6414478
1 2,node2_end_time,1681478715.641532
1 2,node1_end_time,1681478715.6422558
1 3,node2_end_time,1681478715.6422627
1 3,node1_end_time,1681478715.6427486
2 3,start_time,1681478715.893298
2 3,node2_end_time,1681478715.8969443
2 3,node1_end_time,1681478715.8983083
2 3,node3_end_time,1681478715.8985536
2 4,start_time,1681478718.1146245
2 4,node2_end_time,1681478718.125569
2 4,node3_end_time,1681478718.1289606
2 4,node1_end_time,1681478718.129039
3 2,start_time,1681478719.0356288
3 2,node3_end_time,1681478719.0472772
3 2,node1_end_time,1681478719.0520933
3 2,node2_end_time,1681478719.0521283
2 5,start_time,1681478719.6085153
1 4,start_time,1681478719.6129243
2 5,node2_end_time,1681478719.620151
2 5,node3_end_time,1681478719.6237233
2 5,node1_end_time,1681478719.6294174
1 4,node1_end_time,1681478719.630915
1 4,node2_end_time,1681478719.6322935
1 4,node3_end_time,1681478719.63231
1 5,start_time,1681478721.17885
1 5,node1_end_time,1681478721.1892152
1 5,node2_end_time,1681478721.19168
1 5,node3_end_time,1681478721.1917133
1 6,start_time,1681478721.3021727
1 6,node1_end_time,1681478721.3109765
1 6,node3_end_time,1681478721.3127358
1 6,node2_end_time,1681478721.3127575
3 3,start_time,1681478722.599516
3 3,node3_end_time,1681478722.6118312
3 3,node2_end_time,1681478722.6149435
3 3,node1_end_time,1681478722.6149366
2 6,start_time,1681478723.06337
2 6,node2_end_time,1681478723.0740097
2 6,node3_end_time,1681478723.0773563
2 6,node1_end_time,1681478723.0774112
2 7,start_time,1681478725.7769175
2 7,node2_end_time,1681478725.788548
2 7,node1_end_time,1681478725.791967
2 7,node3_end_time,1681478725.7925825
3 4,start_time,1681478726.9684296
3 4,node3_end_time,1681478726.9718275
3 4,node2_end_time,1681478726.9724832
3 4,node1_end_time,1681478726.973382
3 5,start_time,1681478727.1610768
3 5,node3_end_time,1681478727.1721432
3 5,node2_end_time,1681478727.1757777
3 5,node1_end_time,1681478727.1758757
2 8,start_time,1681478727.3891382
2 8,node2_end_time,1681478727.3940308
2 8,node3_end_time,1681478727.3945477
2 8,node1_end_time,1681478727.3948247
2 9,start_time,1681478728.3627412
2 9,node2_end_time,1681478728.3749747
2 9,node3_end_time,1681478728.377477
2 9,node1_end_time,1681478728.3780656
1 7,start_time,1681478728.6121051
1 7,node1_end_time,1681478728.6224835
1 7,node2_end_time,1681478728.6250331
1 7,node3_end_time,1681478728.6250746
1 8,start_time,1681478729.6830587
1 8,node1_end_time,1681478729.6967072
1 8,node3_end_time,1681478729.6983898
1 8,node2_end_time,1681478729.6984408
1 9,start_time,1681478730.0950696
1 9,node1_end_time,1681478730.0991173
1 9,node2_end_time,1681478730.1002102
1 9,node3_end_time,1681478730.1002257
1 10,start_time,1681478730.4703813
1 10,node1_end_time,1681478730.4793208
1 10,node3_end_time,1681478730.4829347
1 10,node2_end_time,1681478730.4829605
3 6,start_time,1681478730.631663
3 6,node3_end_time,1681478730.6354823
3 6,node1_end_time,1681478730.636939
3 6,node2_end_time,1681478730.63697
3 7,start_time,1681478730.646901
3 7,node3_end_time,1681478730.650334
3 7,node2_end_time,1681478730.6521065
3 7,node1_end_time,1681478730.6521163
1 11,start_time,1681478730.9439278
1 11,node1_end_time,1681478730.9498513
1 11,node2_end_time,1681478730.9512398
1 11,node3_end_time,1681478730.9512808
2 10,start_time,1681478731.7607698
2 10,node2_end_time,1681478731.7731106
2 10,node3_end_time,1681478731.775529
2 10,node1_end_time,1681478731.775583
3 8,start_time,1681478732.164609
3 8,node3_end_time,1681478732.167819
3 8,node2_end_time,1681478732.1687696
3 8,node1_end_time,1681478732.1687737
2 11,start_time,1681478732.45514
2 11,node2_end_time,1681478732.465216
2 11,node1_end_time,1681478732.468479
2 11,node3_end_time,1681478732.4685094
1 12,start_time,1681478732.5208006
1 12,node1_end_time,1681478732.523668
1 12,node2_end_time,1681478732.5254357
1 12,node3_end_time,1681478732.5254498
3 9,start_time,1681478732.7597103
3 9,node3_end_time,1681478732.7705555
3 9,node2_end_time,1681478732.773821
3 9,node1_end_time,1681478732.7757683
2 12,start_time,1681478734.5880094
2 12,node2_end_time,1681478734.6016247
2 12,node1_end_time,1681478734.6046138
2 12,node3_end_time,1681478734.604939
1 13,start_time,1681478734.7117558
1 13,node1_end_time,1681478734.7228403
1 13,node2_end_time,1681478734.7266924
1 13,node3_end_time,1681478734.7267513
2 13,start_time,1681478735.4127457
2 13,node2_end_time,1681478735.4238274
2 13,node3_end_time,1681478735.4279149
2 13,node1_end_time,1681478735.4279823
1 14,start_time,1681478736.3192978
1 14,node1_end_time,1681478736.3291671
1 14,node3_end_time,1681478736.3317332
1 14,node2_end_time,1681478736.3317735
3 10,start_time,1681478737.791935
3 10,node3_end_time,1681478737.8008704
3 10,node2_end_time,1681478737.8039265
3 10,node1_end_time,1681478737.8039367
1 15,start_time,1681478737.9156938
1 15,node2_end_time,1681478737.9230993
1 15,node1_end_time,1681478737.9242132
1 15,node3_end_time,1681478737.9248028
2 14,start_time,1681478738.7685845
2 14,node2_end_time,1681478738.781667
2 14,node1_end_time,1681478738.7827978
2 14,node3_end_time,1681478738.782846
2 15,start_time,1681478738.952081
2 15,node1_end_time,1681478738.9699836
2 15,node3_end_time,1681478738.970522
2 15,node2_end_time,1681478738.970881
2 16,start_time,1681478739.0874767
2 16,node2_end_time,1681478739.0916638
2 16,node3_end_time,1681478739.0939338
2 16,node1_end_time,1681478739.0939586
3 11,start_time,1681478740.5092726
3 11,node3_end_time,1681478740.5208352
3 11,node1_end_time,1681478740.523261
3 11,node2_end_time,1681478740.5233088
1 16,start_time,1681478745.8044357
1 16,node1_end_time,1681478745.8171518
1 16,node2_end_time,1681478745.8188732
1 16,node3_end_time,1681478745.818927
1 17,start_time,1681478746.5315208
1 17,node1_end_time,1681478746.5374744
1 17,node3_end_time,1681478746.5392473
1 17,node2_end_time,1681478746.5392947
2 17,start_time,1681478747.1647453
2 17,node2_end_time,1681478747.1741629
2 17,node1_end_time,1681478747.176605
2 17,node3_end_time,1681478747.1766164
1 18,start_time,1681478748.957383
1 18,node1_end_time,1681478748.9691837
1 18,node3_end_time,1681478748.971513
1 18,node2_end_time,1681478748.9715466
3 12,start_time,1681478749.189802
3 12,node3_end_time,1681478749.202332
3 12,node1_end_time,1681478749.2049267
3 12,node2_end_time,1681478749.2050312
1 19,start_time,1681478750.9619515
1 19,node1_end_time,1681478750.9720259
1 19,node2_end_time,1681478750.9751542
1 19,node3_end_time,1681478750.9752069
1 20,start_time,1681478752.4311059
1 20,node1_end_time,1681478752.4411407
1 20,node2_end_time,1681478752.444402
1 20,node3_end_time,1681478752.4444578
2 18,start_time,1681478753.279406
2 18,node2_end_time,1681478753.2907429
2 18,node3_end_time,1681478753.293082
2 18,node1_end_time,1681478753.2930968
2 19,start_time,1681478753.3014588
2 19,node2_end_time,1681478753.3067083
2 19,node1_end_time,1681478753.3091552
2 19,node3_end_time,1681478753.3092914
3 13,start_time,1681478753.5779579
3 13,node3_end_time,1681478753.580645
3 13,node2_end_time,1681478753.5819414
3 13,node1_end_time,1681478753.5819721
2 20,start_time,1681478754.2062056
2 20,node2_end_time,1681478754.2200727
2 20,node1_end_time,1681478754.223865
2 20,node3_end_time,1681478754.2243626
2 21,start_time,1681478754.224673
2 21,node2_end_time,1681478754.2321746
2 21,node3_end_time,1681478754.2330058
2 21,node1_end_time,1681478754.2333221
2 22,start_time,1681478754.3801942
2 22,node2_end_time,1681478754.3859549
2 22,node3_end_time,1681478754.3881626
2 22,node1_end_time,1681478754.3885431
2 23,start_time,1681478754.4937236
2 23,node2_end_time,1681478754.4964893
2 23,node3_end_time,1681478754.4972444
2 23,node1_end_time,1681478754.497258
1 21,start_time,1681478755.6799855
1 21,node1_end_time,1681478755.6927881
1 21,node2_end_time,1681478755.694695
1 21,node3_end_time,1681478755.694731
3 14,start_time,1681478755.8707078
3 14,node3_end_time,1681478755.8808556
3 14,node1_end_time,1681478755.8833723
3 14,node2_end_time,1681478755.8834348
2 24,start_time,1681478756.2520838
2 24,node2_end_time,1681478756.2636878
2 24,node1_end_time,1681478756.2667887
2 24,node3_end_time,1681478756.2668517
1 22,start_time,1681478757.5958602
1 22,node1_end_time,1681478757.6032193
1 22,node2_end_time,1681478757.6056046
1 22,node3_end_time,1681478757.6056879
1 23,start_time,1681478757.6079233
1 23,node1_end_time,1681478757.6129847
1 23,node3_end_time,1681478757.6145203
1 23,node2_end_time,1681478757.6145627
1 24,start_time,1681478758.496756
1 24,node1_end_time,1681478758.5091763
1 24,node3_end_time,1681478758.5115962
1 24,node2_end_time,1681478758.5116813
1 25,start_time,1681478760.2054923
1 25,node1_end_time,1681478760.2161505
1 25,node2_end_time,1681478760.2215352
1 25,node3_end_time,1681478760.2215855
1 26,start_time,1681478761.121963
1 26,node1_end_time,1681478761.1347783
1 26,node3_end_time,1681478761.137796
1 26,node2_end_time,1681478761.1378355
3 15,start_time,1681478761.569786
3 15,node3_end_time,1681478761.5790431
3 15,node1_end_time,1681478761.581454
3 15,node2_end_time,1681478761.5814757
1 27,start_time,1681478761.643601
1 27,node1_end_time,1681478761.6513002
1 27,node2_end_time,1681478761.6534371
1 27,node3_end_time,1681478761.653454
3 16,start_time,1681478761.8757722
3 16,node3_end_time,1681478761.8787563
3 16,node2_end_time,1681478761.8796196
3 16,node1_end_time,1681478761.8798637
2 25,start_time,1681478762.3122098
2 25,node2_end_time,1681478762.3183677
2 25,node1_end_time,1681478762.3204195
2 25,node3_end_time,1681478762.3204653
3 17,start_time,1681478762.4773784
3 17,node3_end_time,1681478762.4805806
3 17,node2_end_time,1681478762.4820359
3 17,node1_end_time,1681478762.4820461
2 26,start_time,1681478764.5787914
2 26,node2_end_time,1681478764.5885036
2 26,node1_end_time,1681478764.5911672
2 26,node3_end_time,1681478764.5912197
3 18,start_time,1681478765.5851898
3 18,node3_end_time,1681478765.592896
3 18,node2_end_time,1681478765.5951254
3 18,node1_end_time,1681478765.595168
2 27,start_time,1681478765.8972142
2 27,node2_end_time,1681478765.9073346
2 27,node3_end_time,1681478765.9101794
2 27,node1_end_time,1681478765.9105344
1 28,start_time,1681478766.0850532
1 28,node1_end_time,1681478766.096482
1 28,node2_end_time,1681478766.097659
1 28,node3_end_time,1681478766.0977046
1 29,start_time,1681478766.8522835
1 29,node1_end_time,1681478766.8577142
1 29,node2_end_time,1681478766.8594646
1 29,node3_end_time,1681478766.859625
3 19,start_time,1681478767.9153097
3 19,node3_end_time,1681478767.9296443
3 19,node1_end_time,1681478767.931873
3 19,node2_end_time,1681478767.9318852
3 20,start_time,1681478767.9643397
3 20,node3_end_time,1681478767.971018
3 20,node2_end_time,1681478767.9736845
3 20,node1_end_time,1681478767.9737146
2 28,start_time,1681478768.482518
3 21,start_time,1681478768.4861414
2 28,node2_end_time,1681478768.4957643
2 28,node3_end_time,1681478768.5041811
2 28,node1_end_time,1681478768.5056438
3 21,node3_end_time,1681478768.5056853
3 21,node2_end_time,1681478768.5062196
3 21,node1_end_time,1681478768.5074441
2 29,start_time,1681478769.0193343
2 29,node2_end_time,1681478769.022793
2 29,node1_end_time,1681478769.024228
2 29,node3_end_time,1681478769.0242622
1 30,start_time,1681478769.166207
1 30,node1_end_time,1681478769.1754215
1 30,node3_end_time,1681478769.177893
1 30,node2_end_time,1681478769.1779447
2 30,start_time,1681478769.3887053
2 30,node2_end_time,1681478769.4006376
2 30,node1_end_time,1681478769.4022918
2 30,node3_end_time,1681478769.4034863
2 31,start_time,1681478770.3610198
2 31,node2_end_time,1681478770.372653
2 31,node1_end_time,1681478770.3749444
2 31,node3_end_time,1681478770.3749964
1 31,start_time,1681478770.9595551
1 31,node1_end_time,1681478770.972524
1 31,node2_end_time,1681478770.9745705
1 31,node3_end_time,1681478770.9745955
3 22,start_time,1681478771.0791128
3 22,node3_end_time,1681478771.0905755
3 22,node2_end_time,1681478771.0937102
3 22,node1_end_time,1681478771.0937572
3 23,start_time,1681478771.928604
3 23,node3_end_time,1681478771.9398558
3 23,node2_end_time,1681478771.9432325
3 23,node1_end_time,1681478771.943998
2 32,start_time,1681478772.9523056
2 32,node2_end_time,1681478772.9587152
2 32,node3_end_time,1681478772.9604187
2 32,node1_end_time,1681478772.960462
1 32,start_time,1681478773.1994214
1 32,node1_end_time,1681478773.2061274
1 32,node2_end_time,1681478773.208395
1 32,node3_end_time,1681478773.2084415
3 24,start_time,1681478773.2119768
3 24,node3_end_time,1681478773.2179778
3 24,node2_end_time,1681478773.2194188
3 24,node1_end_time,1681478773.2194774
2 33,start_time,1681478773.4530542
2 33,node2_end_time,1681478773.4662435
2 33,node3_end_time,1681478773.4683156
2 33,node1_end_time,1681478773.4683816
1 33,start_time,1681478773.6747723
1 33,node1_end_time,1681478773.6790273
1 33,node3_end_time,1681478773.6810703
1 33,node2_end_time,1681478773.6811125
3 25,start_time,1681478774.5756772
3 25,node3_end_time,1681478774.5881748
3 25,node2_end_time,1681478774.591641
3 25,node1_end_time,1681478774.5916662
3 26,start_time,1681478775.5936713
3 26,node3_end_time,1681478775.5990593
3 26,node1_end_time,1681478775.6005874
3 26,node2_end_time,1681478775.600648
2 34,start_time,1681478775.8861148
2 34,node2_end_time,1681478775.895936
2 34,node1_end_time,1681478775.8988237
2 34,node3_end_time,1681478775.8988726
2 35,start_time,1681478778.1464815
2 35,node2_end_time,1681478778.159086
2 35,node1_end_time,1681478778.1613917
2 35,node3_end_time,1681478778.1614604
3 27,start_time,1681478778.4677968
3 27,node3_end_time,1681478778.4802313
3 27,node2_end_time,1681478778.483048
3 27,node1_end_time,1681478778.4830844
1 34,start_time,1681478779.1059525
1 34,node1_end_time,1681478779.1156993
1 34,node3_end_time,1681478779.1187315
1 34,node2_end_time,1681478779.1187868
2 36,start_time,1681478779.1978745
2 36,node2_end_time,1681478779.20149
2 36,node1_end_time,1681478779.202675
2 36,node3_end_time,1681478779.2027025
3 28,start_time,1681478779.343602
3 28,node3_end_time,1681478779.346608
3 28,node1_end_time,1681478779.3473222
3 28,node2_end_time,1681478779.3475063
2 37,start_time,1681478781.1916056
2 37,node2_end_time,1681478781.20271
2 37,node1_end_time,1681478781.2053945
2 37,node3_end_time,1681478781.2054372
3 29,start_time,1681478783.0575066
3 29,node3_end_time,1681478783.0678523
3 29,node2_end_time,1681478783.0688
3 29,node1_end_time,1681478783.0688457
3 30,start_time,1681478783.7392082
3 30,node3_end_time,1681478783.7514966
3 30,node2_end_time,1681478783.754527
3 30,node1_end_time,1681478783.7545958
3 31,start_time,1681478783.85881
3 31,node3_end_time,1681478783.8702128
3 31,node1_end_time,1681478783.8727448
3 31,node2_end_time,1681478783.8728032
3 32,start_time,1681478784.0226853
3 32,node3_end_time,1681478784.0352561
3 32,node1_end_time,1681478784.037584
3 32,node2_end_time,1681478784.0376785
2 38,start_time,1681478784.9178078
2 38,node2_end_time,1681478784.9305274
2 38,node3_end_time,1681478784.9327958
2 38,node1_end_time,1681478784.9330585
3 33,start_time,1681478784.9731634
3 33,node3_end_time,1681478784.9772608
3 33,node1_end_time,1681478784.9786606
3 33,node2_end_time,1681478784.9786868
2 39,start_time,1681478786.8587422
2 39,node2_end_time,1681478786.871636
2 39,node3_end_time,1681478786.8725636
2 39,node1_end_time,1681478786.8732052
1 35,start_time,1681478788.928214
1 35,node1_end_time,1681478788.9334888
1 35,node2_end_time,1681478788.935821
1 35,node3_end_time,1681478788.935888
1 36,start_time,1681478789.623429
1 36,node1_end_time,1681478789.632502
1 36,node3_end_time,1681478789.6375377
1 36,node2_end_time,1681478789.638391
2 40,start_time,1681478789.8866153
2 40,node2_end_time,1681478789.894388
2 40,node1_end_time,1681478789.8951397
2 40,node3_end_time,1681478789.8951864
3 34,start_time,1681478790.05694
3 34,node3_end_time,1681478790.060628
3 34,node2_end_time,1681478790.0621486
3 34,node1_end_time,1681478790.0621789
1 37,start_time,1681478790.217445
1 37,node1_end_time,1681478790.228412
1 37,node3_end_time,1681478790.2304142
1 37,node2_end_time,1681478790.230456
2 41,start_time,1681478790.2940998
2 41,node2_end_time,1681478790.2997775
2 41,node3_end_time,1681478790.3015869
2 41,node1_end_time,1681478790.3016052
3 35,start_time,1681478790.3983173
3 35,node3_end_time,1681478790.409552
3 35,node1_end_time,1681478790.4146907
3 35,node2_end_time,1681478790.414745
3 36,start_time,1681478790.8127642
3 36,node3_end_time,1681478790.8226364
3 36,node1_end_time,1681478790.8244605
3 36,node2_end_time,1681478790.8260167
1 38,start_time,1681478792.1265225
1 38,node1_end_time,1681478792.1381195
1 38,node3_end_time,1681478792.141236
1 38,node2_end_time,1681478792.1412847
1 39,start_time,1681478792.2241707
1 39,node1_end_time,1681478792.230901
1 39,node2_end_time,1681478792.2330015
1 39,node3_end_time,1681478792.2341928
3 37,start_time,1681478792.408555
3 37,node3_end_time,1681478792.4198284
3 37,node1_end_time,1681478792.4219186
3 37,node2_end_time,1681478792.422236
3 38,start_time,1681478795.0606332
3 38,node3_end_time,1681478795.0726774
3 38,node2_end_time,1681478795.0738256
3 38,node1_end_time,1681478795.0738463
2 42,start_time,1681478795.0895598
2 42,node2_end_time,1681478795.0956275
2 42,node1_end_time,1681478795.0971124
2 42,node3_end_time,1681478795.0978327
2 43,start_time,1681478795.260086
2 43,node2_end_time,1681478795.2734597
2 43,node1_end_time,1681478795.2765415
2 43,node3_end_time,1681478795.2765877
1 40,start_time,1681478796.1297016
1 40,node1_end_time,1681478796.133679
1 40,node2_end_time,1681478796.1346874
1 40,node3_end_time,1681478796.1347158
1 41,start_time,1681478796.5934439
2 44,start_time,1681478796.6038952
1 41,node1_end_time,1681478796.6061685
1 41,node3_end_time,1681478796.6108835
1 41,node2_end_time,1681478796.6164136
2 44,node2_end_time,1681478796.6179461
2 44,node3_end_time,1681478796.6179745
2 44,node1_end_time,1681478796.6186
3 39,start_time,1681478798.1592185
3 39,node3_end_time,1681478798.1738322
3 39,node1_end_time,1681478798.1758714
3 39,node2_end_time,1681478798.1759439
3 40,start_time,1681478798.3534207
3 40,node3_end_time,1681478798.366714
3 40,node1_end_time,1681478798.3700147
3 40,node2_end_time,1681478798.3700745
3 41,start_time,1681478798.8947809
3 41,node3_end_time,1681478798.9085252
3 41,node2_end_time,1681478798.911011
3 41,node1_end_time,1681478798.911058
3 42,start_time,1681478799.2283814
3 42,node3_end_time,1681478799.2323492
3 42,node2_end_time,1681478799.2334929
3 42,node1_end_time,1681478799.233521
1 42,start_time,1681478799.922275
1 42,node1_end_time,1681478799.9260638
1 42,node2_end_time,1681478799.9263477
1 42,node3_end_time,1681478799.9263952
2 45,start_time,1681478800.9988325
2 45,node2_end_time,1681478801.0104492
2 45,node3_end_time,1681478801.012193
2 45,node1_end_time,1681478801.0131454
2 46,start_time,1681478801.8395784
2 46,node2_end_time,1681478801.8529637
2 46,node1_end_time,1681478801.8536997
2 46,node3_end_time,1681478801.8537507
3 43,start_time,1681478802.4841952
3 43,node3_end_time,1681478802.494855
3 43,node1_end_time,1681478802.4973412
3 43,node2_end_time,1681478802.4976377
1 43,start_time,1681478802.6190147
1 43,node1_end_time,1681478802.622115
1 43,node3_end_time,1681478802.624105
1 43,node2_end_time,1681478802.6244392
3 44,start_time,1681478804.8913114
3 44,node3_end_time,1681478804.902251
3 44,node2_end_time,1681478804.9052324
3 44,node1_end_time,1681478804.9052935
1 44,start_time,1681478806.7813768
1 44,node1_end_time,1681478806.7928474
1 44,node3_end_time,1681478806.795855
1 44,node2_end_time,1681478806.79605
2 47,start_time,1681478806.8278286
2 47,node2_end_time,1681478806.8341334
2 47,node1_end_time,1681478806.8361278
2 47,node3_end_time,1681478806.8361502
1 45,start_time,1681478807.4192502
1 45,node1_end_time,1681478807.430531
1 45,node3_end_time,1681478807.43497
1 45,node2_end_time,1681478807.4350297
3 45,start_time,1681478808.2932818
3 45,node3_end_time,1681478808.3054013
3 45,node1_end_time,1681478808.3099217
3 45,node2_end_time,1681478808.30997
3 46,start_time,1681478809.2442863
3 46,node3_end_time,1681478809.2582119
3 46,node1_end_time,1681478809.2599509
3 46,node2_end_time,1681478809.2599795
2 48,start_time,1681478811.4680176
2 48,node2_end_time,1681478811.4808195
2 48,node1_end_time,1681478811.484136
2 48,node3_end_time,1681478811.484436
2 49,start_time,1681478811.9664416
2 49,node2_end_time,1681478811.980192
2 49,node3_end_time,1681478811.98385
2 49,node1_end_time,1681478811.9839783
2 50,start_time,1681478812.8269377
2 50,node2_end_time,1681478812.8364742
2 50,node1_end_time,1681478812.8395963
2 50,node3_end_time,1681478812.8396468
1 46,start_time,1681478814.478259
1 46,node1_end_time,1681478814.4894817
1 46,node3_end_time,1681478814.4917982
1 46,node2_end_time,1681478814.4918528
3 47,start_time,1681478815.6193461
3 47,node3_end_time,1681478815.6220787
3 47,node2_end_time,1681478815.6230702
3 47,node1_end_time,1681478815.6231914
3 48,start_time,1681478816.0444653
3 48,node3_end_time,1681478816.054089
3 48,node2_end_time,1681478816.0568402
3 48,node1_end_time,1681478816.05714
3 49,start_time,1681478817.3423574
3 49,node3_end_time,1681478817.3447015
3 49,node2_end_time,1681478817.3456867
3 49,node1_end_time,1681478817.345704
1 47,start_time,1681478817.4954042
1 47,node1_end_time,1681478817.5018804
1 47,node2_end_time,1681478817.5043387
1 47,node3_end_time,1681478817.504412
